598 30 16 47 17 45 28 44 14 33 26 27 26 39 21 24 40 43 8 36 2 50 24 32 32 34 11 21 16 31 3 22 6 29 27 35 31 49 28 30 35 42 11 48 21 26 41 46 9 28 6 40 35 41 14 38 1 25 28 37 8 23
562 30 20 27 21 40 37 46 44 49 25 31 26 44 15 39 3 21 22 34 8 30 23 32 4 50 9 33 22 35 24 43 14 38 19 24 23 42 21 45 15 26 18 36 7 41 10 25 17 23 37 48 23 28 26 29 23 47 28 37 18 22
549 30 8 21 9 25 17 46 13 34 21 49 7 35 11 23 37 43 37 38 33 48 34 42 39 40 20 45 21 33 15 26 20 31 24 29 3 22 40 41 24 27 5 24 30 50 26 39 8 36 9 37 24 32 14 30 10 28 11 47 38 44
611 30 26 37 34 36 15 35 18 29 24 34 5 41 34 40 43 47 3 25 10 26 38 46 18 32 16 38 23 48 13 39 1 42 30 49 4 22 23 31 37 43 13 50 2 44 4 27 6 24 2 28 38 45 24 33 2 21 13 30 15 23
590 30 5 34 22 41 11 22 23 43 14 30 12 32 15 49 28 40 29 38 26 28 8 50 1 25 17 33 1 42 24 31 18 27 29 39 3 26 14 29 3 48 2 23 21 24 12 44 14 21 31 35 17 36 9 45 41 47 14 37 14 46
595 30 13 45 41 42 10 46 17 23 34 38 10 39 37 43 5 24 1 48 18 31 33 41 21 37 4 40 13 30 13 36 23 32 23 33 20 28 32 49 15 25 19 21 6 22 18 35 34 44 47 50 10 29 10 27 23 34 9 47 22 26
552 30 22 42 7 39 12 33 20 24 6 28 17 34 20 38 11 26 15 22 14 46 39 49 29 48 24 27 28 45 8 36 6 35 14 23 31 40 16 41 9 25 6 32 37 43 17 44 17 21 1 50 25 47 13 29 5 37 12 30 19 31
583 30 11 26 41 44 1 24 31 40 26 28 8 29 26 38 13 22 7 30 33 36 3 34 19 23 10 33 14 31 36 48 13 32 12 21 41 47 7 27 19 39 7 25 3 42 4 43 20 45 37 41 24 35 27 46 19 49 8 37 6 50
570 30 8 45 12 37 6 36 15 41 28 42 2 46 28 49 16 29 28 34 38 43 36 47 5 21 13 26 20 31 11 44 20 35 21 39 15 27 24 48 16 33 14 30 9 28 24 25 11 22 30 40 3 38 2 32 6 24 15 23 35 50
578 30 17 21 20 37 22 28 1 35 31 32 23 38 16 33 10 30 34 42 22 24 38 39 22 25 10 34 33 41 43 50 21 40 15 46 6 48 29 49 20 22 14 31 21 23 37 44 27 47 23 27 17 26 14 29 4 36 16 43 23 45
609 30 1 24 22 49 30 34 11 35 10 30 48 50 4 40 18 43 24 47 11 26 2 29 26 28 18 46 25 31 33 38 20 39 10 25 29 41 19 22 3 27 8 21 22 23 24 32 22 36 37 45 24 37 21 42 11 44 21 33 46 48
603 30 3 24 1 22 8 27 28 39 10 33 19 21 15 45 16 28 16 38 22 37 23 50 14 49 23 46 24 26 21 36 7 43 8 29 15 30 26 44 8 41 12 32 24 42 21 23 11 48 33 35 19 40 9 25 28 31 31 34 11 47
598 30 5 21 31 40 8 32 31 41 4 45 8 31 28 34 27 48 17 24 21 29 22 44 27 35 32 39 12 27 13 43 11 47 7 28 16 33 1 23 14 38 14 22 22 37 7 25 11 46 3 26 39 42 17 30 32 49 7 36 30 50
598 30 15 22 18 27 9 42 11 25 26 45 18 30 5 46 23 33 7 29 12 37 1 32 2 24 20 50 23 34 17 31 22 41 3 40 8 28 19 21 17 43 20 35 19 38 11 44 10 26 11 47 43 48 14 39 29 36 9 49 21 23
566 30 35 49 31 43 19 26 29 33 14 44 12 48 19 24 27 35 22 28 3 32 20 22 42 47 12 46 6 38 24 29 9 21 17 23 17 30 9 37 9 41 8 34 15 40 40 42 15 25 13 39 41 45 9 50 3 36 7 31 24 27
591 30 38 48 35 38 19 21 25 34 21 36 21 44 18 23 10 27 20 29 37 41 20 32 1 37 17 39 14 46 18 50 26 43 18 35 11 33 24 42 19 28 3 25 33 47 34 49 13 31 35 40 13 45 17 24 13 26 17 30 16 22
586 30 10 23 32 33 9 44 6 25 8 38 19 46 5 37 26 27 14 24 1 21 41 49 34 39 21 42 35 48 14 43 16 41 40 47 26 29 20 34 7 30 17 22 1 45 20 50 6 32 1 28 21 26 4 40 12 35 25 36 8 31
623 30 4 22 23 40 29 30 21 25 5 42 20 49 20 34 30 50 5 44 1 28 32 38 34 35 5 27 4 21 21 39 7 36 6 32 31 33 15 45 19 47 12 48 8 23 34 43 19 31 21 29 6 41 24 26 5 24 34 37 1 46
618 30 1 24 32 39 34 46 5 34 6 38 28 45 5 43 2 23 32 41 12 37 1 36 28 31 19 33 25 32 13 29 15 27 42 44 14 25 5 21 30 47 48 50 41 48 7 42 29 30 12 35 22 28 26 40 47 49 17 26 5 22
568 30 4 37 28 39 39 48 16 38 10 28 19 29 15 44 13 24 15 47 25 36 24 35 18 21 16 34 18 26 13 45 12 27 3 25 25 42 21 40 32 41 29 43 30 33 9 32 2 22 28 30 20 23 27 50 26 46 4 31 4 49
633 30 22 43 35 36 21 30 32 48 44 46 1 42 38 47 15 26 14 31 39 45 15 24 10 33 12 37 10 38 24 39 21 44 9 49 19 25 23 35 28 40 9 23 20 21 10 22 31 34 17 29 2 32 25 50 36 41 5 28 25 27
572 30 25 31 11 46 21 23 25 45 5 32 35 44 21 40 33 37 14 26 37 43 30 38 14 30 24 29 37 41 32 34 2 27 17 39 33 50 18 33 14 28 23 47 33 48 14 36 28 42 8 35 6 25 10 21 10 24 46 49 21 22
540 30 17 27 41 46 7 28 24 35 10 29 28 30 5 21 16 22 35 48 26 41 21 39 46 47 12 34 17 33 3 32 5 25 7 24 13 31 19 49 34 36 35 40 8 45 38 50 5 38 3 23 16 42 38 43 8 37 6 26 2 44
538 30 13 43 15 39 29 47 32 41 9 35 27 42 6 30 36 45 1 50 13 40 25 26 22 48 21 37 11 21 10 49 24 44 13 38 18 46 18 33 21 31 4 25 17 23 6 22 13 28 19 24 3 27 1 34 23 32 23 29 6 36
587 30 19 22 26 37 17 36 15 25 15 24 24 47 27 30 37 40 21 23 6 26 43 50 16 42 28 39 1 35 11 27 21 49 6 46 23 48 18 34 23 33 16 29 13 45 14 31 1 21 24 38 31 43 20 32 1 28 42 44 11 41
548 30 46 50 4 24 7 25 16 30 21 37 3 38 28 46 17 22 31 45 33 40 19 47 32 49 16 26 32 33 9 34 30 42 14 21 13 23 35 43 20 31 5 28 24 29 29 35 17 32 32 48 29 39 4 27 3 44 25 41 28 36
599 30 3 31 19 29 16 36 20 39 20 42 11 38 47 50 37 48 25 43 12 28 7 21 21 47 26 44 7 37 21 27 3 46 22 34 5 45 44 49 18 22 12 25 18 24 29 33 28 35 35 41 1 30 24 26 9 32 7 23 15 40
573 30 35 47 42 44 17 36 3 50 3 27 8 23 7 25 37 48 32 34 7 22 34 35 28 31 1 30 25 45 2 21 7 38 23 32 24 37 2 49 6 41 4 29 5 43 45 46 17 26 25 28 32 42 20 33 14 24 1 39 13 40
557 30 13 39 21 28 17 37 10 43 36 49 32 50 29 44 11 27 31 41 46 48 9 23 18 46 16 31 31 35 43 45 23 30 14 40 17 36 1 38 17 33 9 32 19 25 1 24 22 34 34 42 21 29 19 22 12 21 33 47 19 26
576 30 20 26 13 34 17 23 4 39 21 35 18 43 15 24 34 36 6 45 33 40 7 25 33 41 7 47 16 46 9 28 27 37 4 21 34 44 11 48 26 50 21 29 9 42 5 27 34 49 23 38 25 33 8 32 28 30 2 22 21 31
588 30 19 41 2 46 19 23 7 28 15 21 4 27 1 43 24 40 41 49 28 34 13 31 10 38 17 30 15 42 11 26 2 24 1 47 10 22 11 35 7 37 6 39 10 32 4 25 13 48 5 36 24 44 12 29 20 45 3 33 36 50
628 30 25 39 36 43 27 30 21 28 15 22 9 27 7 24 18 40 8 31 39 41 45 46 4 25 28 29 12 21 13 49 5 35 18 42 23 38 11 45 38 47 11 33 15 32 17 36 1 44 3 34 12 26 44 48 22 23 24 37 30 50
566 30 17 29 31 46 13 33 14 44 7 32 6 34 16 24 27 30 46 50 6 27 20 28 27 43 18 21 5 22 35 42 33 35 5 26 30 49 25 38 4 37 3 31 7 39 22 45 29 36 33 41 12 25 41 48 19 23 28 47 16 40
575 30 11 28 5 33 18 42 30 34 26 40 35 36 27 46 19 30 26 27 8 45 5 47 27 31 9 23 28 29 14 43 3 50 14 41 20 48 1 38 7 37 14 25 30 32 25 44 3 22 13 26 8 39 40 49 6 21 31 35 9 24
536 30 4 49 43 48 9 29 14 45 19 28 14 39 24 26 18 23 10 24 24 44 32 42 28 43 22 41 25 35 15 36 22 38 16 50 11 37 4 33 1 27 22 25 30 34 5 40 35 46 2 22 6 21 12 31 13 32 8 47 7 30
574 30 10 49 7 27 9 35 18 21 21 43 18 23 32 50 17 38 25 32 23 41 2 34 36 45 39 46 18 31 5 44 41 42 24 33 30 37 34 47 9 36 10 39 16 25 6 48 8 40 18 28 17 22 7 26 24 30 14 29 23 24
603 30 12 45 33 37 17 22 24 43 18 30 3 40 15 31 6 27 27 33 22 46 13 39 6 24 5 47 13 21 3 35 32 38 21 23 28 34 20 25 1 41 4 44 38 48 27 32 21 42 17 49 27 50 22 36 7 29 18 26 14 28
613 30 12 24 13 31 15 50 5 22 21 49 39 45 5 28 7 43 4 34 20 23 31 32 20 27 13 25 27 30 2 35 26 47 7 46 9 40 36 42 27 29 31 36 1 37 15 41 19 21 9 39 17 33 1 38 35 48 9 26 27 44
540 30 40 50 4 32 28 36 17 30 34 41 28 33 6 35 21 25 18 21 21 28 8 47 10 40 18 39 13 26 19 43 5 22 11 24 47 48 10 37 18 34 35 45 25 49 19 42 22 29 12 27 29 31 1 38 15 23 41 44 20 46
597 30 14 49 16 48 2 41 34 43 6 24 7 25 11 26 42 46 16 29 6 30 25 39 37 45 36 44 7 32 8 33 15 36 20 21 20 37 14 23 6 50 9 38 9 35 17 22 33 42 11 27 14 34 13 31 46 47 37 40 19 28
585 30 14 35 5 36 16 21 19 25 24 37 14 33 14 34 37 42 2 23 11 24 5 47 4 50 28 49 10 43 36 40 9 22 21 32 27 38 28 41 8 27 9 31 14 44 9 30 22 28 13 26 18 39 45 46 7 29 21 45 40 48
544 30 27 33 19 27 9 24 28 42 8 26 6 21 14 45 35 40 5 32 2 43 47 48 21 44 9 29 16 25 5 41 34 49 8 22 22 34 2 30 8 28 12 38 24 39 31 37 11 35 3 31 24 46 6 23 29 50 41 47 16 36
548 30 31 46 17 38 33 35 14 28 16 43 21 27 5 34 12 42 34 37 7 21 27 31 33 47 11 23 8 22 40 44 18 29 44 45 2 30 19 40 13 36 9 49 11 24 2 39 23 26 23 33 18 50 41 48 16 41 16 32 20 25
561 30 15 36 25 28 34 43 31 33 22 34 1 22 14 48 8 39 6 35 12 26 24 40 26 27 35 49 5 30 5 29 7 25 4 37 13 21 23 47 22 23 3 31 26 45 33 44 33 41 41 46 30 38 16 24 21 50 8 32 23 42
584 30 5 30 4 37 33 46 34 35 5 27 28 49 22 25 37 39 28 34 36 38 12 29 19 31 22 36 6 22 25 42 30 33 23 32 18 24 28 47 43 48 19 23 19 28 23 43 21 45 15 26 33 41 14 40 34 50 2 44 17 21
592 30 12 50 18 32 23 29 36 49 40 41 30 47 18 40 8 28 7 22 22 34 17 23 15 36 23 30 14 42 15 25 8 31 6 38 19 27 16 37 22 26 13 33 4 44 28 35 25 43 3 39 45 46 20 24 2 21 6 45 18 48
511 30 8 44 19 25 26 50 36 43 10 28 42 47 5 23 11 46 7 26 16 41 6 36 38 49 45 48 11 22 21 31 12 34 12 40 18 33 23 42 25 27 8 29 12 39 21 38 8 21 2 35 17 32 23 37 4 45 3 24 6 30
643 30 16 41 6 24 7 33 16 49 12 27 23 31 23 38 16 40 18 26 12 29 13 36 12 34 11 23 5 46 43 45 9 21 22 28 45 50 8 39 7 32 7 22 14 37 8 35 34 47 38 44 1 43 26 30 40 48 7 25 35 42
578 30 13 47 19 27 16 22 7 32 13 21 18 48 34 37 26 33 4 49 32 46 21 35 25 50 16 41 29 31 10 23 43 45 36 40 11 43 43 44 7 36 5 28 4 24 15 38 8 39 11 25 2 29 2 26 19 30 11 42 22 34
585 30 13 25 9 21 7 33 7 36 11 26 12 46 21 43 10 35 27 40 14 28 7 42 22 34 16 49 21 39 32 44 1 31 12 38 43 47 14 41 33 37 20 32 25 48 21 30 16 45 19 22 17 24 9 23 5 27 20 29 1 50
408 30 9 38 24 25 24 39 4 22 18 43 17 28 10 40 22 39 38 45 20 44 10 33 1 41 40 50 7 42 17 27 19 35 15 37 36 41 4 48 24 29 3 23 6 21 34 46 24 34 14 30 14 47 6 32 1 49 17 31 2 26
379 30 15 39 18 25 24 35 35 37 10 45 12 41 37 48 14 40 27 39 26 40 20 31 17 33 24 30 29 48 24 41 46 47 19 32 6 22 37 47 13 50 14 44 33 49 18 23 34 37 3 38 5 43 30 42 27 28 21 49 1 36
449 30 31 34 4 30 29 46 1 26 3 24 8 50 35 49 7 46 8 27 30 39 34 41 30 49 42 48 10 21 15 31 26 28 1 32 22 46 34 42 35 45 12 23 9 47 15 43 40 46 22 25 37 48 13 44 9 33 26 36 38 47
436 30 13 27 9 21 8 28 25 48 32 35 10 23 26 42 4 24 4 47 1 42 25 29 3 29 5 44 31 35 23 32 10 41 13 36 30 41 22 39 1 45 34 37 20 33 18 39 41 43 36 46 18 40 13 34 22 49 29 38 28 50
420 30 16 28 17 43 15 33 8 36 9 41 9 22 14 42 13 30 11 48 29 34 15 50 24 28 10 34 21 48 24 35 26 40 13 26 8 27 4 25 4 45 10 49 11 38 37 49 15 31 34 44 26 46 25 39 23 47 13 23 15 32
408 30 2 40 25 42 8 37 7 30 29 36 4 32 1 38 40 43 3 28 35 46 6 46 24 31 12 31 23 47 4 25 26 39 28 49 34 38 6 48 3 29 11 27 22 32 2 41 6 39 42 50 23 26 23 33 9 44 44 45 21 47
384 30 18 46 3 23 2 28 26 39 39 50 37 41 8 21 7 22 32 42 36 40 24 45 24 34 2 26 1 49 22 47 13 25 41 48 1 29 12 38 2 40 27 34 15 45 16 41 12 35 31 40 31 42 30 31 25 43 33 36 10 44
395 30 25 42 11 43 21 45 34 44 21 47 4 35 29 48 7 47 14 49 27 28 26 40 8 24 10 36 8 39 1 23 29 45 38 50 33 47 20 30 13 31 18 28 18 40 9 38 38 46 32 41 38 42 21 34 14 37 22 46 41 45
428 30 2 30 30 34 7 48 36 50 16 33 24 43 34 37 3 44 2 41 7 46 23 27 7 35 10 36 28 30 5 32 1 40 18 29 25 48 16 21 21 42 27 32 16 31 13 38 5 47 1 43 32 45 10 49 13 39 23 26 1 22
486 30 16 35 26 40 24 42 3 36 15 25 13 28 29 35 21 40 28 41 25 49 3 44 29 31 16 24 27 38 45 50 6 26 33 34 39 50 11 32 8 23 14 34 7 30 22 27 28 48 12 37 21 22 26 47 35 50 12 46 20 43
415 30 32 46 35 46 19 40 35 49 4 36 14 26 22 38 20 37 21 33 26 32 5 24 16 47 27 49 40 44 17 34 29 35 22 23 18 28 29 45 29 43 22 33 9 31 20 25 20 38 19 39 43 50 12 30 35 41 19 42 13 48
399 30 32 36 13 42 18 37 10 48 2 43 23 31 19 23 28 35 6 46 17 34 25 39 26 35 16 22 9 29 6 49 14 32 34 44 2 39 14 45 29 30 49 50 24 25 24 33 28 37 37 41 21 38 4 40 27 47 42 47 19 21
384 30 6 39 12 22 38 44 16 28 30 36 5 33 24 47 27 34 27 33 30 32 23 24 44 49 7 44 15 26 17 36 23 48 33 50 18 23 2 25 45 46 29 44 11 35 5 37 33 45 40 43 27 31 41 49 8 21 16 40 28 42
424 30 9 36 17 21 23 42 6 27 29 30 11 45 26 42 12 40 4 42 2 49 24 48 29 39 13 50 41 42 26 37 38 48 21 44 1 31 1 29 32 34 9 46 27 35 32 38 4 47 12 38 4 33 13 28 21 25 21 43 22 23
423 30 1 31 15 39 4 48 18 23 32 37 21 47 27 49 1 33 33 34 20 25 2 28 31 49 31 35 2 46 2 26 40 42 11 43 29 30 15 21 38 40 40 44 30 42 4 30 14 32 4 24 27 36 20 22 25 41 22 45 49 50
415 30 41 45 4 25 26 40 1 35 7 45 17 22 3 42 17 30 5 47 9 43 24 45 19 37 5 40 3 28 14 39 22 29 29 36 46 47 21 29 21 23 13 49 1 33 31 37 25 48 30 50 4 34 27 41 9 32 29 44 8 38
412 30 16 32 42 47 8 22 12 45 20 50 11 48 4 25 23 29 31 41 16 46 5 30 27 28 14 23 5 35 38 39 23 41 22 34 30 33 21 23 2 28 39 40 42 49 13 26 16 37 3 40 19 47 23 44 20 43 24 34 22 36
448 30 38 48 38 46 2 48 5 33 25 46 29 41 5 44 34 43 31 35 32 33 13 50 29 36 26 44 8 23 7 43 29 40 32 41 12 35 5 42 3 49 31 37 11 28 39 49 27 33 23 24 21 27 22 39 13 47 3 45 3 30
430 30 14 29 14 24 27 33 7 31 20 39 6 25 10 21 14 44 2 26 37 43 17 45 30 49 7 42 3 32 22 35 19 43 27 47 11 36 23 42 4 40 22 48 34 43 27 46 29 46 31 49 28 32 22 42 18 41 23 50 7 38
416 30 20 26 17 40 45 49 3 41 7 34 2 38 10 35 7 24 43 48 33 45 29 45 17 45 17 36 20 32 22 49 38 44 3 23 1 30 5 50 21 35 35 43 11 28 25 35 7 46 9 37 6 42 23 39 5 47 21 27 31 32
419 30 4 21 12 33 21 41 29 31 18 28 27 42 1 50 29 46 8 25 15 34 28 44 6 29 6 49 15 37 26 35 30 43 31 42 32 43 18 47 13 24 35 42 33 45 36 37 32 41 37 38 2 40 30 48 18 23 39 47 22 27
406 30 11 39 1 42 15 46 18 23 12 36 9 32 11 41 4 37 6 31 1 49 5 43 8 48 22 23 18 34 38 43 12 24 14 50 29 49 4 27 27 47 35 50 44 50 8 26 21 46 2 45 40 45 28 37 33 35 21 25 26 30
460 30 31 38 8 22 3 50 13 32 19 43 1 30 14 48 9 41 10 33 17 34 32 35 23 46 23 39 13 27 38 47 37 46 11 40 33 39 26 35 38 39 2 36 28 30 29 40 3 21 18 24 18 42 7 25 20 44 13 49 41 45
389 30 37 45 34 35 28 49 44 46 5 46 13 45 22 30 17 39 9 28 22 39 7 26 3 38 42 49 27 45 20 33 2 25 7 48 19 32 23 32 1 24 1 31 26 40 18 36 15 21 21 34 26 41 18 47 39 50 10 43 29 50
413 30 13 31 6 44 2 48 1 33 8 43 44 45 39 40 13 27 27 29 14 41 21 46 12 22 5 47 11 23 19 26 19 37 5 25 19 21 7 24 31 35 5 39 34 44 29 32 40 49 9 36 13 50 3 30 28 44 31 42 37 38
417 30 30 48 1 30 12 26 20 45 17 44 7 36 18 32 4 42 37 48 1 39 28 44 31 32 16 43 24 27 5 23 7 41 31 38 34 44 3 29 34 49 13 21 21 27 20 35 37 46 16 47 26 40 25 42 1 22 23 33 19 50
409 30 11 28 23 46 4 25 42 46 17 45 15 34 3 47 10 33 16 41 10 39 26 32 3 44 30 41 22 27 32 37 24 43 31 42 22 26 11 37 29 50 1 35 26 46 33 48 23 43 44 49 30 50 2 40 21 37 1 38 26 36
389 30 33 34 15 50 16 22 25 26 26 38 30 45 7 38 15 32 2 41 33 49 6 31 34 39 10 44 28 47 25 42 2 21 29 37 34 44 31 40 36 37 12 23 27 29 35 38 9 24 41 43 13 30 7 28 35 46 22 27 40 48
449 30 26 30 15 25 31 32 4 45 22 36 18 44 34 45 5 37 9 48 21 33 17 21 13 32 1 38 32 43 21 23 30 33 29 49 11 35 22 39 18 28 24 38 32 49 22 26 22 41 12 46 27 48 31 40 40 50 38 47 34 42
404 30 2 33 18 35 6 40 12 28 7 29 22 48 6 49 30 39 9 47 2 37 20 46 22 23 15 44 18 21 19 30 18 24 34 40 45 46 32 47 24 27 41 46 14 25 10 26 22 44 34 36 17 42 31 45 49 50 22 43 28 38
383 30 17 50 27 46 28 30 12 21 30 43 4 46 7 38 9 41 28 34 25 47 18 48 33 38 2 47 4 35 3 43 13 31 23 39 23 27 19 45 2 40 25 42 5 29 9 26 6 49 6 37 24 34 25 32 20 22 22 36 13 44
434 30 8 46 41 45 21 29 30 43 8 22 7 21 35 46 10 25 16 26 12 41 11 31 31 47 24 44 35 49 43 48 27 31 12 44 7 32 40 44 21 38 19 36 2 28 27 34 37 50 2 39 14 37 23 34 23 30 33 42 30 33
430 30 19 38 11 30 19 29 3 45 5 28 13 48 6 46 25 28 8 36 28 42 6 24 6 41 18 31 13 49 28 32 20 26 18 21 39 40 20 39 37 49 43 48 20 50 33 47 6 22 27 49 19 44 16 23 17 33 34 46 12 35
407 30 17 40 22 33 4 36 19 34 29 34 29 45 22 38 14 27 32 50 5 32 21 35 23 40 6 42 9 24 7 44 43 45 19 39 25 45 17 35 9 33 2 30 24 26 4 37 28 40 8 46 31 32 4 47 49 50 46 48 41 49
432 30 9 23 23 44 25 32 22 23 10 24 22 41 30 41 16 48 17 31 3 50 19 46 45 47 40 43 26 40 48 49 6 28 6 27 12 36 25 50 40 48 7 21 11 35 2 45 33 34 22 37 29 32 14 39 7 33 38 41 40 42
409 30 29 39 17 34 15 35 17 49 7 21 24 31 24 25 23 26 21 27 10 33 6 36 27 43 17 24 24 47 2 28 29 48 37 41 1 29 21 37 14 23 46 50 15 22 11 40 38 48 10 44 34 42 15 32 27 45 3 50 17 30
378 30 24 28 8 25 3 26 10 22 39 47 15 35 37 39 33 40 18 43 23 42 23 47 17 23 36 42 7 32 28 45 28 37 4 29 34 40 36 49 38 45 30 43 30 31 12 41 3 21 32 48 27 35 42 50 9 34 46 50 21 44
409 30 21 44 31 37 26 33 27 48 10 36 32 33 26 27 7 38 11 39 14 41 29 39 20 37 17 27 24 32 17 50 40 48 32 44 45 48 16 25 29 35 29 46 43 45 18 49 17 22 16 42 28 33 47 50 27 34 23 30 21 23
440 30 1 47 35 45 26 45 23 26 5 33 27 29 24 29 8 31 30 34 3 49 9 46 22 36 29 48 2 32 36 49 26 32 4 28 24 31 7 34 7 25 27 41 32 37 34 43 38 39 18 40 21 37 43 50 1 42 11 38 22 44
411 30 11 44 3 48 22 33 34 45 19 24 12 26 36 37 45 50 36 45 12 22 25 30 15 34 14 43 38 41 13 32 13 31 5 28 33 42 33 46 28 41 25 43 34 49 35 42 21 40 2 40 18 47 15 29 12 39 27 36 23 50
432 30 40 44 28 42 14 37 17 40 1 22 39 49 8 23 6 29 31 40 17 47 1 30 26 31 4 24 20 50 24 45 19 21 12 38 23 25 19 39 5 35 1 33 21 41 26 36 12 43 34 37 21 32 28 40 22 46 6 48 15 27
418 30 43 50 2 39 12 21 22 23 9 44 42 43 40 48 8 34 24 48 30 43 35 45 12 29 35 47 17 36 12 28 2 43 34 40 2 33 14 26 11 35 32 33 12 27 2 46 20 31 25 49 25 35 37 42 26 41 17 38 16 22
441 30 3 21 18 37 34 39 15 22 7 42 4 45 15 30 21 40 34 48 11 32 15 44 18 36 7 34 16 47 12 33 35 49 13 26 4 49 17 41 29 44 27 39 46 50 42 46 14 31 25 42 28 49 32 43 17 24 22 23 21 38
432 30 2 25 29 39 3 42 10 21 23 46 22 32 9 24 20 30 31 42 2 23 2 38 5 41 21 43 30 36 26 47 35 44 4 28 3 40 21 34 11 27 2 37 29 38 23 49 7 33 5 48 30 32 19 50 16 45 11 47 33 35
426 30 36 40 2 21 12 24 1 29 29 48 34 50 8 26 18 31 2 37 33 47 33 44 6 23 24 32 12 45 8 39 16 27 15 35 5 40 24 44 37 38 8 42 11 22 17 49 43 48 18 25 30 33 3 41 12 34 28 48 7 46
423 30 15 27 16 25 13 33 30 31 6 30 21 36 14 49 1 37 29 48 23 45 24 50 1 35 2 42 13 41 2 44 32 47 22 40 31 43 29 49 24 25 12 36 28 43 43 45 5 26 21 32 25 38 13 46 22 36 13 39 31 34
412 30 32 39 23 32 29 39 43 49 8 43 33 41 16 36 44 50 26 49 10 29 11 37 23 25 13 31 7 21 39 42 28 31 28 35 4 34 1 47 30 46 27 32 49 50 30 32 1 48 20 45 40 49 28 38 10 24 5 41 21 22
417 30 9 34 24 50 12 47 35 50 32 39 31 36 14 29 11 38 17 26 5 49 44 50 25 44 10 45 43 44 19 37 5 28 28 43 10 46 3 41 13 23 1 31 6 21 8 27 23 30 20 39 33 46 22 48 20 22 37 42 40 47
405 30 13 29 9 32 20 35 22 41 40 44 36 37 30 32 14 40 27 35 5 38 6 41 4 21 10 49 12 23 2 50 34 38 24 42 45 46 21 24 25 34 36 50 4 26 33 42 23 28 17 46 41 48 31 48 16 43 9 39 17 47
405 30 8 33 3 47 23 34 15 31 3 26 3 41 1 28 2 50 26 29 3 46 10 27 7 21 13 37 44 48 24 49 19 36 18 35 13 42 17 38 40 44 30 31 20 48 34 48 10 49 40 45 11 39 2 32 2 22 25 28 43 45
374 30 43 45 24 34 14 23 29 43 16 43 37 49 10 34 35 36 46 49 11 22 9 31 33 46 7 40 18 32 32 42 47 49 20 33 22 50 13 21 10 28 21 27 32 35 35 41 38 47 36 39 10 25 44 46 6 30 12 26 34 48
349 30 28 34 11 29 7 22 13 47 13 32 28 36 18 30 18 39 7 36 26 36 8 43 30 33 34 49 2 37 6 21 12 25 26 31 1 44 35 50 8 41 13 38 2 35 17 24 41 42 10 48 29 46 23 41 14 27 12 40 30 45
387 30 15 21 11 37 16 46 4 24 3 33 13 40 37 49 21 39 25 36 1 36 11 22 8 32 25 34 35 48 43 49 23 30 16 38 1 47 32 45 11 30 31 47 25 35 6 50 3 29 32 42 18 41 1 28 26 42 20 27 44 49
383 30 22 25 20 40 33 45 27 28 19 39 9 36 17 23 30 33 25 28 20 50 3 47 40 48 24 37 20 33 19 21 27 31 46 49 12 42 11 35 36 38 25 30 29 30 36 37 44 50 26 27 39 43 15 41 46 50 25 32 34 47
391 30 23 44 8 45 8 22 21 38 42 47 17 24 27 47 10 26 41 47 24 29 3 34 9 47 17 37 25 43 20 40 38 41 10 35 33 45 36 38 4 49 25 47 4 39 23 35 5 30 32 46 25 50 36 48 42 46 24 31 19 28
367 30 16 35 11 42 40 50 35 41 14 21 7 32 26 50 26 43 14 43 16 48 24 39 2 45 8 34 44 45 8 30 18 25 14 22 27 39 43 46 46 47 20 24 22 36 18 38 23 35 6 33 11 49 13 29 5 37 28 42 31 33
363 30 19 34 29 34 19 30 11 21 27 32 7 37 24 33 23 50 47 49 1 47 14 28 9 39 22 44 11 35 10 40 29 50 34 36 20 31 20 22 2 24 10 43 28 41 25 39 36 42 20 45 19 48 27 40 1 38 29 46 26 40
362 30 39 42 25 42 22 41 14 49 12 38 1 34 12 42 31 42 5 21 7 37 36 38 32 47 4 44 27 48 20 24 49 50 44 48 2 32 24 33 36 41 30 50 11 35 24 43 40 42 37 46 9 29 3 23 3 26 23 45 28 48
372 30 25 49 9 42 30 49 22 46 23 36 29 40 35 39 7 30 1 40 10 37 9 32 18 47 19 28 19 50 21 50 33 42 3 38 2 36 22 42 31 42 26 28 38 41 41 43 9 35 4 44 45 46 36 48 21 27 11 24 8 34
364 30 17 48 22 25 33 36 21 48 36 41 15 41 19 37 6 23 7 34 28 40 11 30 17 50 11 49 4 26 31 38 21 40 33 42 23 25 11 27 14 29 6 24 30 46 15 35 21 45 6 43 7 39 38 50 27 47 13 32 39 44
376 30 20 21 36 39 31 50 15 35 26 42 12 33 5 28 27 38 6 40 10 34 14 49 13 32 48 49 38 44 16 42 32 41 35 36 35 50 46 50 40 44 8 47 40 45 43 49 37 46 22 31 29 46 23 33 16 24 16 25 2 30
383 30 21 39 9 40 23 42 22 34 25 34 5 41 6 46 38 43 31 43 30 42 27 35 8 24 5 38 32 41 2 21 20 23 15 47 19 22 6 49 27 39 26 34 41 45 29 37 2 28 34 48 31 33 17 36 32 50 2 44 28 37
397 30 13 31 33 42 4 44 15 27 5 25 1 38 18 30 24 42 28 33 21 29 23 36 19 42 20 23 8 37 22 46 34 47 18 22 33 49 5 47 8 29 9 35 40 44 38 39 28 41 21 26 14 45 43 44 18 32 43 48 40 50
340 30 13 40 15 26 28 39 20 49 16 45 33 34 25 30 6 32 29 49 25 27 23 30 28 44 3 38 9 33 25 44 24 26 4 43 31 47 3 44 19 35 49 50 1 37 7 31 21 32 11 42 23 46 5 41 10 48 25 36 4 22
354 30 23 44 23 27 22 25 23 32 11 26 1 27 4 21 14 34 27 35 35 48 24 48 19 38 42 44 27 39 4 41 28 33 41 46 26 50 31 32 28 41 3 40 20 25 42 43 28 45 6 30 47 50 23 37 12 29 25 49 1 36
356 30 45 48 14 49 25 40 20 45 31 38 31 41 14 41 21 44 7 37 28 50 29 41 27 39 33 35 22 46 12 40 15 26 21 50 25 34 17 33 22 34 31 50 1 47 15 36 20 27 3 43 29 32 4 30 42 50 24 43 3 23
362 30 29 40 21 24 16 41 15 21 4 45 6 40 7 22 35 39 1 37 16 50 17 46 7 43 14 30 1 34 12 47 29 36 25 32 30 32 14 23 24 44 26 28 9 28 29 42 11 35 1 33 41 49 21 48 12 27 38 39 29 31
379 30 9 48 9 34 4 42 15 31 22 35 36 38 24 26 2 36 31 37 13 44 40 47 9 35 32 35 32 41 9 24 29 37 25 48 28 33 12 47 5 45 10 27 14 50 23 41 23 49 1 28 40 46 3 30 28 39 26 43 11 21
383 30 26 32 7 42 25 49 14 34 11 30 10 50 27 34 11 28 26 44 13 22 1 23 24 28 40 45 41 49 7 37 6 38 15 26 5 31 31 35 11 39 12 25 12 45 9 48 29 39 13 33 30 43 8 47 15 46 3 21 5 36
368 30 4 50 35 40 10 26 37 49 33 39 21 45 10 41 26 35 15 22 13 46 11 47 29 42 49 50 25 30 27 33 7 33 7 21 34 35 11 29 21 48 13 25 32 44 6 44 20 36 2 31 12 43 13 28 24 36 20 38 23 28
370 30 1 32 23 30 21 36 24 37 39 41 42 46 19 22 8 24 17 36 14 25 41 42 4 26 22 45 40 44 29 49 20 28 28 43 41 48 16 29 19 40 25 27 34 45 6 42 23 27 15 38 19 50 26 35 20 33 47 50 31 45
322 30 25 32 4 42 21 25 1 30 44 45 32 45 33 40 27 38 1 46 20 21 19 33 31 43 36 40 14 48 13 37 25 38 10 35 7 29 5 22 8 34 8 43 16 28 21 41 26 30 25 39 18 47 23 35 41 50 24 34 36 49
371 30 21 27 25 47 19 36 41 44 1 32 30 48 42 45 30 44 11 27 1 45 24 45 21 28 10 26 24 34 26 47 12 37 3 22 1 43 3 31 25 44 22 38 18 35 7 29 32 49 25 50 27 33 23 26 46 49 21 39 40 49
349 30 27 39 11 21 4 49 20 47 6 35 18 23 36 38 2 22 27 32 10 42 21 28 36 48 24 49 11 41 11 34 14 50 7 37 24 25 24 26 12 43 32 41 35 36 30 39 2 31 40 50 10 29 16 33 15 46 13 44 31 45
361 30 1 42 5 33 2 24 3 27 36 39 30 43 2 34 8 47 10 41 22 25 4 40 15 45 14 39 37 48 5 30 17 26 24 49 27 35 21 23 21 30 46 47 10 28 31 45 22 43 17 50 2 32 29 46 17 37 32 38 30 44
337 30 25 50 21 42 45 47 18 32 10 45 16 27 5 39 14 43 10 34 30 42 38 50 10 50 36 50 43 46 17 42 12 31 40 44 22 38 22 49 3 44 4 24 15 33 29 35 41 44 13 23 26 37 26 35 24 48 5 29 1 28
375 30 27 31 24 49 29 43 13 22 6 49 8 35 31 43 1 44 21 28 11 29 6 47 40 43 7 50 28 41 32 40 34 39 13 21 9 34 37 46 1 42 2 23 41 45 6 25 32 38 15 33 36 42 30 42 10 26 29 46 12 48
382 30 42 46 29 33 11 44 7 26 28 36 20 33 21 28 23 41 19 46 33 48 1 35 25 50 9 21 15 37 7 25 31 45 26 30 22 47 30 40 41 45 38 44 27 34 22 31 40 43 6 47 22 32 21 27 32 39 34 49 2 24
371 30 18 24 7 36 8 37 1 31 12 28 14 22 45 50 10 46 21 35 32 44 23 41 22 33 23 44 17 34 14 40 31 32 13 21 28 43 6 29 15 27 26 27 42 46 25 34 30 31 19 47 4 45 5 39 29 48 18 38 26 49
389 30 30 43 7 26 11 43 33 36 35 39 34 36 46 47 10 48 39 46 26 39 1 42 17 25 5 38 24 48 37 38 29 36 6 28 30 45 7 27 38 44 36 37 45 49 16 22 21 33 26 40 33 41 30 50 29 31 16 32 7 23
361 30 3 23 40 41 29 31 34 44 33 48 23 39 23 28 7 30 3 43 3 32 17 48 17 25 10 35 15 40 31 44 23 38 7 26 7 44 27 38 7 22 31 49 30 45 3 42 32 37 4 47 19 21 28 36 24 47 13 50 32 46
336 30 25 46 44 46 27 45 32 48 1 27 15 32 44 49 37 42 16 31 45 47 6 30 8 23 33 41 26 48 25 38 32 37 20 34 10 38 21 23 28 32 20 29 7 24 28 43 21 50 14 22 26 40 11 35 5 39 5 33 25 36
364 30 25 33 6 42 12 32 41 50 30 49 43 46 16 40 29 48 32 33 46 50 33 35 17 45 26 40 31 35 8 30 29 30 8 41 7 39 23 27 12 44 13 23 36 40 8 21 15 38 5 37 21 24 22 38 37 47 14 34 28 42
322 30 19 43 4 37 11 27 18 50 34 39 32 45 14 38 5 39 20 48 16 28 32 39 32 35 30 49 21 31 21 46 32 41 22 48 31 44 8 24 14 29 8 40 12 36 10 47 21 29 10 25 17 42 23 49 23 24 4 33 26 39
353 30 11 24 6 40 8 41 5 49 21 49 32 49 42 46 2 29 39 48 19 47 21 37 16 50 11 33 8 31 27 29 28 38 4 34 9 30 10 39 2 44 33 46 26 37 24 36 22 32 26 45 35 36 43 48 20 23 17 38 11 25
362 30 7 28 29 50 36 40 26 44 14 46 10 31 7 50 24 45 35 42 17 26 12 37 21 38 33 45 9 39 14 21 21 27 11 34 34 47 9 25 4 24 31 36 19 42 13 41 31 43 6 32 27 48 10 30 23 26 35 49 8 22
383 30 25 36 14 23 43 47 22 30 11 47 10 37 1 48 30 46 10 24 1 42 6 21 10 22 16 44 8 26 9 28 32 46 22 50 6 40 12 25 4 33 35 38 21 35 3 39 19 29 6 31 32 49 5 45 38 41 27 43 27 34
339 30 16 24 22 48 26 41 31 33 31 32 21 24 36 45 43 48 27 32 10 45 5 44 45 46 19 30 29 39 7 39 7 37 23 41 38 39 12 28 21 34 30 48 31 34 13 50 2 47 12 49 15 35 15 25 11 23 40 44 5 42
364 30 11 36 14 46 27 32 28 47 16 27 32 37 35 50 41 45 35 40 19 34 22 26 15 29 6 30 14 39 8 26 3 50 5 28 49 50 26 41 4 25 6 33 35 38 24 28 7 44 39 48 6 31 9 23 7 21 31 42 43 48
367 30 31 38 20 28 36 48 37 46 25 39 25 40 26 34 7 35 2 47 30 31 1 43 33 46 8 24 8 42 5 26 16 49 16 22 6 45 5 33 25 43 12 29 22 30 8 48 32 45 12 41 5 44 18 23 27 35 14 50 21 24
379 30 23 43 17 30 26 47 20 50 14 27 10 35 23 39 4 40 22 44 14 38 22 28 2 31 28 37 39 44 38 39 26 44 41 48 4 46 17 45 39 42 36 44 21 36 31 49 30 48 34 38 16 29 24 35 9 32 33 41 25 46
325 30 17 25 9 32 2 23 17 24 1 36 36 47 24 44 21 26 9 33 28 44 4 34 10 41 3 30 23 48 3 45 15 50 21 30 40 45 36 39 37 41 38 48 27 30 17 43 3 35 29 34 40 42 49 50 31 48 22 27 19 46
367 30 14 36 19 23 16 40 2 22 29 37 7 30 23 37 21 43 1 47 10 25 11 43 32 43 42 47 7 26 32 49 11 33 29 34 39 44 8 35 19 46 30 39 12 45 21 31 32 38 5 28 37 50 26 48 6 41 27 47 20 24
377 30 14 47 3 46 14 27 5 29 24 33 20 33 41 42 31 50 7 21 27 48 25 37 8 23 13 30 25 28 4 44 6 37 8 43 24 34 2 40 35 36 33 42 5 50 38 44 23 36 25 26 21 45 5 32 4 22 16 49 9 39
376 30 49 50 16 48 16 50 37 38 43 50 13 41 20 22 29 36 23 46 16 42 7 23 16 37 27 45 15 21 22 29 5 44 35 50 25 47 28 47 13 25 40 46 20 30 5 24 17 39 13 32 26 49 13 34 33 49 31 38 34 45
391 30 23 26 6 36 28 40 4 40 41 46 15 35 34 39 25 40 8 26 21 41 13 49 45 49 32 41 12 38 27 41 7 27 24 31 30 49 23 39 28 29 7 22 2 47 31 46 29 42 7 33 25 37 10 48 38 44 4 43 21 50
370 30 32 35 15 42 9 23 11 47 24 31 16 30 9 34 29 45 25 36 14 41 40 49 16 40 5 50 9 35 22 48 21 32 25 49 5 31 22 27 29 47 26 47 13 46 11 22 33 44 4 38 8 44 37 40 6 43 12 39 24 28
337 30 22 29 4 29 39 43 40 48 2 34 32 50 38 39 27 34 31 46 1 33 3 39 25 26 23 27 38 46 11 21 41 46 7 40 15 50 25 48 35 43 6 47 19 36 42 50 13 44 36 45 8 49 22 37 24 39 2 28 30 39
378 30 2 26 6 30 14 21 10 28 39 48 29 46 43 50 34 39 44 49 3 40 12 42 3 41 37 43 40 44 12 37 32 41 33 47 25 32 12 31 3 33 28 34 23 26 16 24 15 22 38 49 35 40 31 46 6 36 45 48 27 28
352 30 24 39 5 40 14 26 19 48 15 28 32 48 8 38 2 42 8 21 41 48 10 39 23 24 29 33 36 45 7 46 35 45 22 31 15 33 7 35 27 43 34 47 17 31 22 43 25 33 4 50 31 49 8 30 3 47 17 37 44 48
320 30 10 24 32 36 9 44 15 21 2 22 26 49 17 27 31 48 4 43 15 39 21 45 36 47 13 36 41 43 11 28 26 36 12 48 21 23 21 50 37 47 5 35 17 34 28 40 39 46 25 26 4 42 11 33 27 29 6 30 15 38
350 30 2 26 1 25 6 47 20 30 15 46 3 31 2 41 21 37 5 32 9 27 10 24 11 28 36 40 37 47 41 50 29 39 33 34 34 39 15 22 19 35 19 39 16 44 10 43 45 47 10 42 8 38 40 41 3 23 45 49 19 48
340 30 15 35 1 36 35 48 28 32 22 42 1 50 3 31 28 49 23 45 32 39 37 39 24 29 22 30 19 24 38 47 9 40 10 38 17 26 34 47 5 22 12 41 15 23 19 39 18 27 15 33 11 46 39 43 21 35 44 46 3 25
335 30 15 33 17 35 22 29 20 22 16 34 25 38 21 27 36 40 24 34 1 28 33 36 5 46 6 25 20 47 31 47 10 37 31 48 38 39 17 49 9 27 24 41 9 42 43 50 35 45 17 44 24 30 26 36 30 50 23 49 32 47
321 30 3 33 32 47 6 25 5 47 18 48 40 44 32 34 14 39 26 46 25 27 32 50 33 42 24 44 37 47 22 39 16 36 9 21 28 34 1 23 45 48 13 35 30 44 23 41 29 30 27 29 26 29 42 43 10 31 11 49 30 38
320 30 41 50 24 35 10 32 31 39 34 40 25 37 21 35 24 26 29 35 26 43 33 39 10 31 21 36 18 38 23 48 16 24 12 42 14 41 1 47 37 50 30 47 20 46 1 34 22 39 44 45 27 46 28 36 42 44 11 49 12 48
340 30 23 36 31 44 47 50 9 28 14 30 16 48 10 43 35 37 19 26 20 24 10 50 33 40 36 44 14 45 31 32 29 40 31 40 20 23 8 39 3 46 9 27 38 43 21 41 15 37 12 49 21 34 20 42 11 21 22 27 25 28
326 30 16 31 16 46 9 21 1 25 5 44 18 38 1 39 40 48 19 30 24 34 12 48 36 45 37 41 10 36 27 41 14 23 13 50 5 43 32 50 18 22 25 42 4 33 23 34 20 28 27 49 26 38 5 35 23 47 36 49 10 29
322 30 5 31 24 32 12 24 39 44 28 39 27 43 5 36 16 48 15 25 23 43 1 47 25 46 18 30 13 33 31 42 35 49 5 26 14 35 16 23 16 37 30 44 34 44 21 37 32 50 44 45 21 40 3 41 38 42 21 22 12 29
336 30 43 47 9 35 13 41 10 29 12 30 27 32 18 25 1 21 11 33 24 44 19 40 6 22 8 36 8 46 22 39 13 28 27 48 4 45 10 47 10 37 14 50 24 47 1 48 3 31 24 42 25 38 8 23 24 26 45 49 21 34
337 30 40 49 7 21 10 41 24 40 22 38 41 44 31 35 24 39 4 33 19 40 7 43 44 50 4 34 31 50 11 36 16 47 37 50 31 32 16 45 9 28 22 43 39 48 16 26 14 30 42 43 8 23 25 46 29 33 27 29 25 35
318 30 38 41 7 31 23 36 18 43 7 45 20 37 11 34 23 26 4 23 23 39 29 44 25 30 8 27 44 46 16 38 21 35 2 25 37 47 16 49 28 38 33 50 13 44 3 22 17 21 12 50 46 48 21 42 40 46 7 32 1 24
328 30 26 29 31 32 18 33 41 44 14 38 4 21 24 44 17 45 11 28 33 47 14 43 2 27 36 45 25 30 7 48 31 48 25 40 12 34 37 46 19 25 14 29 13 42 24 43 26 46 17 49 11 23 7 50 20 35 22 42 11 39
350 30 13 37 1 27 20 42 3 49 9 21 23 28 39 40 7 24 8 36 7 47 23 41 26 42 31 32 2 39 2 34 22 34 22 48 7 44 21 25 45 47 19 30 23 46 1 33 24 32 12 46 23 35 38 50 42 43 10 38 1 29
340 30 49 50 29 48 16 34 36 46 18 45 11 36 15 44 7 38 7 31 17 23 11 43 11 39 15 29 6 33 22 49 5 30 17 28 22 44 26 35 33 42 25 43 7 26 18 32 18 40 27 29 24 40 21 39 31 37 41 49 34 47
332 30 2 21 10 48 42 44 29 45 31 33 26 31 26 42 35 47 12 50 30 32 14 24 23 44 17 45 14 36 4 30 10 42 22 26 35 39 5 25 9 37 28 47 14 35 20 34 8 41 21 40 10 27 5 38 39 46 43 47 31 49
327 30 22 26 34 35 7 44 26 38 32 35 14 22 22 49 23 36 26 36 38 39 15 33 12 31 25 37 13 43 15 48 3 47 13 27 13 35 13 50 12 42 24 36 11 37 28 40 40 47 14 30 10 45 29 39 8 46 1 21 3 41
289 30 32 45 7 27 21 44 33 42 12 48 11 42 10 30 9 22 28 40 31 39 7 36 21 47 17 38 1 35 31 33 16 21 30 43 6 49 34 35 5 26 23 49 28 42 36 45 29 39 31 37 13 50 8 41 25 45 31 46 24 32
338 30 4 37 42 50 32 39 5 35 38 46 1 32 3 33 8 48 8 21 27 49 22 50 30 42 41 49 8 42 18 38 19 44 11 34 5 31 24 25 4 25 26 48 27 47 39 47 35 40 14 23 35 45 28 50 25 29 21 43 36 41
311 30 20 49 6 24 6 47 8 29 33 44 6 25 37 47 30 50 21 30 22 35 34 40 11 39 13 23 11 21 14 22 20 45 31 42 40 47 26 38 43 48 22 41 16 27 16 26 21 28 29 33 34 48 11 32 32 36 6 42 3 46
316 30 12 49 7 46 16 34 4 31 42 50 19 22 18 32 8 30 22 50 10 45 5 29 2 23 36 41 19 47 33 43 3 24 37 42 41 46 18 33 35 40 33 44 18 21 19 28 26 31 19 27 19 40 23 39 8 25 11 48 28 38
335 30 28 44 15 29 13 36 8 33 31 41 14 23 15 39 23 32 36 42 35 49 34 47 26 35 7 31 40 44 9 48 6 22 7 46 27 50 47 49 41 43 44 48 12 47 3 21 30 31 9 37 25 41 12 27 45 50 11 38 24 30
331 30 20 22 19 29 9 28 19 38 17 33 36 47 22 30 27 28 6 35 39 48 14 26 44 47 6 34 30 36 10 41 24 35 39 41 25 35 11 40 18 37 34 50 18 45 21 40 25 43 5 42 33 49 24 32 22 23 31 49 23 46
360 30 3 36 17 26 31 49 4 40 17 37 28 31 1 31 20 29 6 46 25 40 20 48 4 50 29 38 35 48 23 38 19 44 21 36 33 50 18 45 4 47 31 34 26 41 39 44 7 30 23 27 23 24 4 22 20 42 17 43 32 41
333 30 21 47 11 42 22 39 37 43 9 41 24 31 20 45 36 48 6 43 6 28 6 44 24 28 7 21 9 29 19 22 36 41 27 34 46 49 27 47 27 30 9 35 33 46 1 26 29 32 23 47 26 40 17 38 10 33 17 25 4 50
340 30 26 40 43 44 6 29 40 50 23 40 27 41 9 27 27 37 3 40 30 37 29 38 21 26 24 28 12 31 3 28 29 36 25 41 40 43 39 41 7 32 10 35 7 33 41 42 14 48 31 34 30 45 28 46 24 47 37 49 14 22
298 30 28 40 32 49 14 26 9 21 17 30 8 50 19 43 19 48 20 25 29 32 34 38 17 22 42 48 16 27 13 33 14 37 30 38 1 47 39 44 24 41 19 23 34 39 24 49 30 35 16 29 28 46 15 45 31 34 5 28 11 36
335 30 12 49 25 29 7 46 17 29 10 41 14 44 17 23 23 32 14 35 2 37 26 41 32 45 45 48 33 35 29 39 30 33 29 40 36 43 32 36 29 47 2 34 4 22 1 24 37 50 28 30 17 21 4 27 25 42 31 38 31 34
332 30 16 31 5 49 38 41 26 46 20 50 8 34 6 41 3 45 9 35 6 44 17 39 15 48 12 47 2 24 27 42 46 48 21 24 18 30 35 40 17 37 34 43 3 33 3 25 29 49 18 42 5 36 28 34 23 25 22 29 10 32
316 30 19 29 21 41 28 37 29 33 32 46 10 35 37 38 17 49 35 40 23 25 19 42 10 30 22 36 22 23 4 27 39 40 6 38 39 44 34 45 6 32 4 21 11 22 24 48 7 24 42 50 6 47 31 38 12 26 23 34 7 43
342 30 23 26 4 35 11 48 17 22 19 27 11 32 17 37 11 24 30 39 36 45 39 49 34 46 9 46 8 40 23 29 19 47 21 46 38 44 32 36 9 31 22 23 35 49 1 44 14 25 13 50 25 41 5 42 29 43 12 33 28 48
328 30 30 32 16 35 27 38 11 24 4 23 6 41 16 48 9 38 2 37 36 43 31 40 19 45 9 28 36 42 29 49 36 39 16 40 12 25 28 44 4 21 27 42 21 46 32 35 9 49 9 47 1 33 26 39 49 50 22 28 34 37
334 30 4 43 15 27 15 32 12 25 9 28 27 45 24 32 19 44 18 38 1 31 19 34 35 46 1 29 33 41 23 31 21 47 15 21 34 42 34 41 25 40 36 37 39 47 27 50 22 45 21 48 26 50 5 37 14 49 10 35 30 35
328 30 22 25 25 50 26 48 39 49 10 48 5 29 28 34 28 35 24 27 7 45 18 43 10 31 44 49 4 23 5 38 21 50 17 30 17 33 13 41 4 37 23 24 12 34 22 33 8 42 18 46 12 36 44 48 7 40 40 47 32 49
362 30 30 38 29 33 23 28 11 24 6 28 14 26 8 37 14 44 19 22 16 36 19 38 1 43 19 33 27 34 4 32 20 41 37 49 29 31 1 48 22 27 19 50 14 21 15 40 9 35 11 25 36 46 26 42 47 50 45 48 24 39
346 30 3 46 15 36 38 47 42 50 27 29 8 50 25 44 13 32 14 47 22 48 4 21 4 44 11 43 11 41 30 50 34 42 12 35 39 46 25 40 26 40 8 28 22 27 7 49 9 33 15 29 23 29 21 31 36 37 6 45 12 24
308 30 31 46 14 37 44 47 31 45 18 29 31 35 17 39 14 43 31 41 18 36 14 31 16 49 18 44 17 26 18 33 7 42 23 25 30 41 7 27 38 47 35 40 10 50 18 23 21 24 21 34 21 28 21 25 2 48 20 32 22 38
347 30 17 50 21 49 14 27 13 25 9 22 16 33 20 31 30 32 14 28 28 41 37 43 38 43 19 26 7 37 18 45 44 47 24 32 36 39 12 47 11 21 22 32 7 34 18 39 19 40 13 48 29 37 42 50 4 46 9 35 12 23
346 30 6 24 30 31 34 39 28 42 21 29 8 40 12 21 41 43 25 45 38 43 19 28 24 47 22 45 13 44 36 42 25 30 16 27 28 39 20 45 11 46 31 48 35 44 48 49 9 43 18 50 37 41 17 32 33 38 26 40 23 45
355 30 14 37 24 27 16 35 21 42 8 40 18 26 26 27 6 50 15 44 1 43 21 37 30 46 13 46 32 40 26 33 23 40 37 41 2 34 18 29 36 43 22 33 10 47 9 28 38 41 25 47 25 49 45 46 31 47 23 48 17 39
354 30 24 46 3 37 16 22 33 37 6 25 27 43 30 34 20 45 43 45 25 32 31 41 21 49 10 47 19 38 23 36 28 33 21 23 20 23 23 48 2 40 10 31 29 41 11 39 21 46 7 34 30 35 8 50 23 42 25 26 11 44
352 30 29 33 12 38 11 30 24 29 3 40 5 32 42 50 3 33 29 48 26 31 11 23 24 31 18 34 10 43 1 36 43 46 22 32 10 37 43 44 4 25 39 40 37 47 35 47 15 21 4 45 46 49 16 50 18 28 16 27 1 41
347 30 16 27 13 39 29 33 21 25 11 28 1 50 18 36 35 46 35 44 16 30 30 47 1 49 9 40 2 26 19 21 24 41 28 37 41 46 32 38 22 37 27 38 37 43 19 33 24 27 29 31 29 34 17 45 23 36 19 42 3 48
321 30 16 35 10 39 25 27 3 32 17 29 11 27 42 50 39 43 25 44 20 45 21 31 31 45 6 41 6 28 10 33 22 24 20 47 37 47 23 31 7 46 40 42 8 22 20 38 5 34 25 42 29 49 7 48 36 41 30 33 21 26
323 30 19 38 37 49 31 35 32 41 14 47 19 42 24 38 28 31 26 37 24 25 22 27 26 36 21 42 2 41 29 34 39 47 7 46 11 48 43 45 38 49 23 47 41 50 32 45 11 44 19 31 13 34 33 49 8 30 34 40 27 29
348 30 4 21 41 44 3 36 31 43 24 29 21 45 9 26 26 49 12 31 14 25 30 45 17 39 24 34 22 50 23 29 26 48 23 30 24 50 3 41 6 38 21 37 3 42 12 28 27 45 39 40 34 47 8 33 25 32 43 46 4 35
325 30 30 39 24 29 40 45 43 48 2 26 30 43 16 29 28 32 26 32 11 37 33 34 11 43 21 36 21 35 18 42 46 48 24 40 25 39 30 44 8 50 36 48 7 27 18 22 14 23 13 49 9 47 7 34 14 41 23 38 26 31
333 30 47 49 12 42 25 34 12 48 3 30 4 28 9 49 2 29 10 26 18 36 22 47 10 34 14 43 15 41 1 44 24 38 16 23 33 35 1 32 18 24 36 39 20 35 46 47 21 38 3 37 24 27 45 47 10 40 41 50 9 31
351 30 26 44 6 28 35 44 21 34 26 31 31 36 10 44 18 50 34 48 38 42 23 49 23 25 4 41 23 30 23 50 29 34 22 39 16 27 5 47 16 42 36 39 4 37 5 43 33 42 2 45 31 32 26 46 21 30 24 40 8 24
337 30 13 41 31 34 25 35 15 22 5 23 36 38 22 33 7 31 11 49 4 29 2 40 10 46 30 48 35 36 26 28 13 25 6 48 27 46 27 45 5 43 21 28 26 38 23 39 39 47 13 32 10 24 42 46 14 50 7 44 32 37
305 30 16 39 21 26 1 33 11 21 28 37 20 43 35 46 6 30 41 45 22 28 38 41 9 32 8 27 21 37 34 35 17 42 23 37 16 41 4 40 29 37 24 37 28 36 16 35 26 44 19 48 18 25 9 50 9 47 5 31 17 49
295 30 12 31 23 34 14 23 41 49 30 42 20 42 22 40 2 48 19 28 19 40 30 32 21 30 16 33 18 39 15 43 1 45 23 24 31 46 15 49 6 47 8 36 18 38 20 29 25 44 35 38 26 50 31 37 42 44 39 50 17 27
306 30 15 30 13 23 22 26 2 48 10 21 38 50 36 43 20 33 19 29 34 41 12 37 18 44 38 41 20 25 17 28 31 40 7 26 20 49 24 29 20 42 19 39 39 47 22 46 14 38 2 32 15 45 29 36 18 35 27 34 40 49
319 30 29 44 19 49 15 50 11 29 21 38 8 48 1 21 10 22 12 33 34 46 36 46 24 36 8 43 8 47 37 48 26 34 17 27 20 35 31 35 4 36 8 23 16 45 19 32 10 39 9 28 25 47 6 42 37 41 19 30 40 50
325 30 22 23 14 23 14 30 25 32 14 31 8 34 9 46 37 50 45 47 13 39 15 35 14 33 22 47 25 28 38 40 7 48 17 44 25 47 10 50 34 41 2 36 6 21 5 42 5 29 21 27 23 43 26 31 47 49 22 40 20 24
302 30 22 37 21 44 29 45 6 47 11 28 12 33 22 39 26 47 23 24 9 42 9 39 3 48 15 49 25 34 8 21 24 41 3 38 15 35 1 45 4 23 27 41 34 36 22 25 12 46 8 40 17 30 1 32 43 50 3 50 30 31
315 30 4 41 8 44 5 42 18 29 4 48 27 36 20 49 37 50 19 23 11 40 21 47 29 35 28 29 19 24 5 36 15 34 12 39 22 24 8 43 21 45 24 32 3 31 25 32 3 38 27 47 19 33 16 46 17 26 30 49 12 50
314 30 43 47 4 28 24 47 15 23 13 37 40 49 34 50 5 32 21 43 23 45 25 50 16 31 32 35 4 38 4 27 28 36 29 36 6 50 14 33 9 30 27 41 14 21 8 42 10 49 21 44 14 48 21 22 7 46 39 42 26 33
313 30 8 45 33 49 28 47 39 44 28 30 28 50 9 40 32 34 25 26 11 42 15 23 18 33 20 24 21 47 24 41 20 39 21 37 23 36 8 34 2 48 13 46 26 40 22 34 3 35 6 47 27 43 28 38 23 43 9 29 6 31
317 30 29 37 34 45 16 22 40 50 11 35 21 50 5 30 8 50 26 33 41 49 10 43 19 45 33 44 34 41 6 37 21 26 26 32 10 39 20 47 27 44 5 23 31 46 14 48 17 38 9 28 11 36 13 42 28 46 24 46 25 29
300 30 8 25 19 48 24 44 5 34 27 43 6 29 17 22 10 33 35 41 21 35 16 23 1 26 42 47 1 30 27 36 22 43 17 44 31 46 3 21 4 45 16 38 27 32 12 40 39 45 9 49 12 42 17 37 14 28 20 50 34 46
294 30 27 29 19 47 39 40 9 39 23 36 29 40 18 25 16 30 4 41 6 31 14 28 21 42 26 35 22 23 5 26 21 45 21 36 31 48 28 44 30 45 12 34 41 50 3 38 24 45 9 49 4 37 11 43 3 33 26 32 24 46
328 30 37 42 12 46 18 39 9 27 19 30 13 43 30 38 10 33 32 49 10 24 40 47 40 44 3 22 24 26 11 40 41 42 22 45 36 43 34 41 14 35 8 50 32 43 34 39 20 48 21 31 23 32 21 23 25 50 29 50 28 43
305 30 10 27 27 38 24 30 14 49 18 35 20 40 15 32 42 43 16 24 20 44 40 50 4 41 22 29 29 37 26 47 13 43 14 22 34 37 33 41 14 46 18 28 34 48 25 38 17 26 4 31 42 45 39 40 8 23 1 21 36 37
340 30 4 30 7 27 14 28 15 22 7 42 13 37 14 35 17 25 19 31 24 41 11 45 31 32 6 44 40 41 41 44 10 49 12 46 11 50 19 36 22 34 26 46 23 27 15 29 21 35 4 39 18 33 34 43 9 47 29 48 33 38
310 30 17 47 4 36 1 35 6 30 25 44 43 46 7 25 3 40 29 42 28 33 8 49 17 37 21 26 27 43 24 41 36 48 2 29 24 33 37 38 17 24 22 26 39 43 44 46 32 38 21 45 15 34 44 50 21 29 31 32 11 23
337 30 22 27 31 47 22 32 32 37 14 34 32 34 11 31 1 43 26 28 12 35 37 44 16 41 32 48 42 47 38 40 17 23 17 45 8 28 33 38 5 46 9 40 11 49 6 21 36 50 36 46 24 31 25 26 30 38 5 39 29 31
295 30 35 50 19 28 21 32 40 46 12 38 26 38 18 50 33 45 14 46 35 37 27 31 30 48 38 49 28 48 41 49 28 29 1 23 20 25 9 32 32 36 2 39 27 40 17 33 41 43 22 23 28 44 18 47 9 34 24 33 37 42
333 30 41 48 38 43 25 47 13 43 10 29 21 39 27 48 2 24 13 48 5 23 30 32 3 46 6 42 26 38 18 49 22 35 9 35 17 44 3 47 40 49 24 33 28 48 5 37 5 34 4 45 47 50 31 36 21 49 32 48 34 36
298 30 9 26 25 31 25 37 5 50 42 50 10 41 15 34 20 46 16 29 16 43 35 44 27 30 26 49 4 38 17 39 8 30 29 35 7 31 33 39 23 45 20 45 24 31 4 36 19 32 21 24 1 40 1 47 23 48 22 43 28 35
317 30 10 31 19 22 13 41 17 27 25 45 2 36 2 47 5 43 2 21 6 24 18 49 22 37 48 49 20 23 30 46 37 38 25 43 23 39 6 28 29 36 39 44 36 46 32 46 10 33 14 40 26 33 36 50 13 34 14 42 34 35
306 30 18 38 35 36 2 47 9 45 1 46 15 44 7 23 18 39 47 49 3 34 3 40 24 47 24 32 36 38 10 27 42 44 23 25 7 41 24 43 19 30 45 50 29 48 33 35 17 22 7 31 27 48 37 47 4 26 18 28 21 49
314 30 23 25 8 43 38 50 33 36 2 23 26 39 21 42 3 46 6 50 8 22 34 50 2 29 14 39 33 46 21 49 39 49 28 48 41 44 11 27 22 32 37 44 39 47 6 30 10 28 6 41 17 35 40 42 31 49 40 45 17 24
312 30 37 48 5 33 5 46 13 30 29 45 27 28 21 45 33 36 29 31 19 22 31 50 28 47 11 48 28 29 23 26 21 36 42 49 6 23 17 40 24 40 7 35 7 42 19 41 38 46 34 35 25 32 6 39 39 43 6 32 40 44
328 30 47 49 14 27 3 43 33 37 22 23 5 30 38 47 27 40 27 38 32 38 16 37 41 43 18 34 18 24 14 39 33 36 39 44 14 22 9 48 28 44 28 50 7 26 25 44 28 31 12 21 37 42 20 46 29 31 5 35 41 45
306 30 17 30 39 50 45 46 25 29 10 29 18 27 3 44 38 42 13 37 13 48 31 42 10 23 16 33 3 45 9 32 35 42 33 36 34 44 10 40 14 35 25 41 11 21 8 24 11 26 26 43 7 49 22 27 16 39 28 48 35 47
326 30 4 50 18 45 28 31 24 48 29 50 7 37 44 47 3 39 1 34 4 30 11 32 7 24 35 37 38 45 30 31 14 40 30 44 20 46 13 25 9 22 21 36 3 41 32 33 11 42 49 50 27 47 23 41 26 47 11 43 21 43
320 30 2 38 26 35 22 38 1 35 27 40 39 49 25 30 13 31 23 34 16 39 14 23 13 46 44 48 2 48 27 36 23 32 17 30 23 41 27 35 28 45 33 36 4 37 28 35 31 47 11 42 39 50 25 43 24 44 12 21 15 29
311 30 38 47 17 49 11 48 19 46 20 50 13 23 14 26 41 49 18 24 12 43 35 36 34 35 29 38 42 44 22 47 10 40 28 44 29 32 18 38 23 33 25 43 8 30 34 48 17 21 28 46 31 48 37 48 27 28 18 39 17 45
325 30 12 35 9 30 26 47 22 40 12 25 11 46 17 44 40 48 43 49 29 32 2 29 1 40 24 35 4 43 29 34 34 41 35 37 21 47 14 23 5 50 3 45 36 39 31 45 6 47 38 43 25 42 27 32 26 36 26 33 20 28
325 30 21 44 5 23 16 24 3 27 8 44 18 34 21 38 36 40 7 39 8 26 20 28 7 37 3 43 1 32 9 40 29 47 2 45 6 25 11 29 35 48 26 35 8 49 4 50 42 45 14 30 12 31 11 22 33 46 33 48 38 41
312 30 38 49 27 31 7 21 15 46 39 44 5 45 26 42 29 39 4 43 11 42 10 36 23 41 18 41 9 22 25 49 2 33 16 31 22 38 34 44 35 43 5 37 18 34 27 28 24 47 18 32 15 30 26 40 39 50 2 47 35 48
313 30 8 44 35 43 6 39 14 36 36 41 15 37 37 38 21 46 31 36 10 28 11 48 41 43 19 33 19 26 22 49 27 44 32 40 19 34 23 48 31 42 28 29 30 40 22 34 23 32 43 45 42 47 21 28 6 25 1 24 17 50
329 30 18 42 32 33 43 45 37 46 12 36 31 37 21 22 7 39 21 41 10 25 19 41 6 29 13 50 28 42 30 46 31 43 10 48 22 32 26 41 4 49 4 44 21 46 27 35 23 50 2 38 6 24 29 47 32 40 27 47 34 35
328 30 19 50 38 44 3 25 2 32 15 22 16 38 5 48 25 28 3 36 16 45 2 49 28 42 29 41 32 34 20 35 31 36 27 37 8 29 2 27 43 47 16 24 13 39 25 46 10 43 24 26 17 23 27 30 19 40 12 21 27 33
312 30 14 27 11 43 2 50 9 23 30 46 5 24 4 47 4 45 7 31 26 32 29 41 25 29 10 25 10 37 6 46 24 44 27 32 28 42 32 42 35 39 31 38 32 35 1 34 33 35 8 40 21 42 3 48 6 49 26 36 22 24
312 30 29 50 15 40 28 50 38 44 41 44 19 23 20 33 2 36 6 50 18 41 38 39 40 47 11 48 23 34 16 35 24 34 21 41 6 49 27 43 26 27 39 42 27 39 22 49 46 49 17 37 8 32 5 45 22 30 25 49 19 31
318 30 5 49 31 46 39 41 23 28 19 23 28 44 9 42 13 31 8 39 8 45 5 40 21 32 9 34 4 26 14 33 12 47 29 38 13 22 13 25 5 30 6 48 20 21 3 38 12 35 14 27 32 50 15 37 43 48 8 24 32 36
334 30 28 35 2 35 8 22 28 39 7 48 17 32 16 50 3 25 29 37 29 47 12 36 24 40 19 27 20 23 10 49 1 40 29 41 47 48 31 37 2 30 6 38 2 33 31 46 45 50 26 43 3 43 30 34 10 44 10 21 26 42
299 30 9 45 17 26 4 32 18 38 5 34 1 25 20 22 35 50 23 39 26 36 44 48 25 41 41 47 19 29 33 44 12 42 5 23 16 31 2 28 12 30 2 46 7 40 21 27 7 35 44 49 21 30 31 48 17 24 24 37 42 43
298 30 7 43 7 21 24 37 14 27 24 47 45 46 16 33 16 49 32 41 11 38 21 46 21 22 9 30 34 44 18 39 14 36 23 41 26 37 10 47 20 44 6 35 28 44 37 41 40 50 25 44 4 42 23 50 29 30 31 44 47 48
332 30 23 25 5 43 5 21 44 48 36 47 31 50 25 47 10 41 10 31 8 42 39 44 35 43 18 37 35 36 14 38 15 48 24 42 26 42 26 29 33 41 40 48 28 45 3 27 30 42 21 46 33 49 8 22 32 44 11 34 28 38
336 30 31 44 7 41 12 30 3 42 3 27 35 44 34 39 13 38 26 29 16 43 20 49 2 25 9 44 9 33 9 22 29 34 28 48 31 45 25 26 6 47 49 50 12 36 3 40 6 24 21 38 9 48 14 23 12 32 39 46 37 43
322 30 18 49 30 34 29 45 40 48 8 41 29 38 16 48 14 29 21 41 21 34 20 36 7 26 6 27 38 44 15 31 11 37 9 46 1 23 15 35 33 41 7 24 25 45 6 39 27 43 32 44 16 47 22 38 34 42 13 50 24 28
345 30 22 48 1 49 20 34 14 30 36 40 37 40 7 39 16 28 23 28 5 44 21 40 2 46 2 21 16 42 8 35 26 44 29 30 5 31 8 25 15 41 15 24 33 46 40 43 27 49 18 45 5 47 4 50 22 25 4 32 38 47
357 30 2 37 18 25 22 25 4 36 9 42 37 43 2 49 16 29 11 46 2 30 19 44 2 28 34 49 32 50 8 39 14 21 27 29 16 26 9 45 28 31 24 25 33 46 35 42 10 41 4 40 15 32 19 38 23 48 7 48 13 47
300 30 22 49 10 34 26 48 45 48 37 39 16 46 13 22 32 45 2 21 18 27 27 28 17 29 15 48 40 48 12 47 4 42 23 47 15 24 38 50 9 50 1 41 9 30 23 35 19 25 33 48 2 43 39 47 23 44 32 36 21 31
317 30 17 26 11 41 5 43 23 36 10 48 25 50 29 46 12 40 18 39 30 49 4 32 16 37 24 37 6 31 39 42 24 25 42 45 28 37 29 38 30 50 34 45 1 38 38 47 26 44 27 30 10 21 23 39 22 36 20 33 28 35
319 30 35 43 22 37 7 26 2 46 21 36 17 45 13 28 5 47 29 39 23 44 13 50 20 33 24 33 38 48 22 29 2 38 15 34 30 35 19 29 8 41 1 35 40 48 6 32 16 23 21 35 4 27 25 44 15 42 10 49 31 43
306 30 7 31 41 42 27 42 16 49 12 27 24 32 12 35 27 46 7 38 46 48 28 48 24 26 23 36 1 45 7 22 21 36 33 48 23 27 37 45 24 47 7 30 17 24 17 25 35 44 37 39 26 43 34 43 4 29 40 50 7 40
289 30 3 33 24 36 22 37 42 50 35 36 11 30 16 49 25 48 15 50 23 31 38 39 8 22 7 43 46 49 45 46 18 27 17 47 13 48 24 26 12 24 35 39 16 32 16 21 31 41 31 46 22 40 34 36 39 44 7 28 11 29
299 30 4 49 2 41 9 37 27 30 41 45 1 44 29 35 29 37 31 36 5 34 23 25 11 23 6 42 21 49 1 28 37 43 29 47 15 30 36 43 4 38 11 39 24 37 22 48 9 32 8 40 7 33 2 48 15 26 42 46 35 50
301 30 5 32 40 50 28 34 42 46 26 30 23 34 5 33 43 46 31 33 6 42 11 39 28 45 13 50 2 27 4 28 3 48 3 36 40 49 10 35 26 37 21 34 47 48 12 22 5 24 22 37 29 30 15 25 29 38 28 41 37 44
335 30 19 21 6 35 18 24 13 47 14 32 12 46 7 49 37 40 9 50 12 43 25 29 18 29 2 42 21 37 7 31 33 49 37 39 33 34 36 45 1 23 28 50 28 44 26 28 5 30 22 34 18 38 2 41 20 36 28 48 7 27
308 30 45 50 21 42 1 39 4 27 12 35 30 33 8 40 31 39 37 40 15 24 14 34 9 48 21 41 11 28 23 31 21 26 45 47 14 29 2 43 2 46 20 36 23 41 28 38 32 41 6 49 28 47 25 49 33 45 22 27 21 44
327 30 7 45 2 33 30 33 2 27 25 34 7 42 26 33 8 34 9 24 33 48 8 23 28 29 12 35 15 22 28 33 17 47 14 36 45 49 8 40 13 46 15 43 28 50 21 30 44 50 7 41 2 32 21 37 16 38 8 39 31 36
282 30 18 41 16 23 11 35 12 39 5 49 3 28 14 21 41 48 19 30 10 33 47 48 24 33 30 50 31 36 30 32 13 36 8 34 15 25 38 40 34 44 15 29 28 46 17 43 27 38 22 46 39 42 36 40 2 26 35 37 2 45
287 30 1 42 28 36 22 46 29 31 31 44 26 44 3 35 1 32 27 28 26 28 31 46 20 33 25 46 2 44 7 37 3 50 23 30 8 45 8 41 8 39 1 38 21 24 6 23 47 49 42 43 9 47 24 46 5 40 44 48 17 34
306 30 27 42 26 41 38 41 32 39 14 22 15 21 35 48 16 48 11 36 5 40 25 37 23 33 15 32 29 30 23 42 3 24 14 42 30 39 31 45 47 49 2 43 23 50 9 46 4 25 13 45 8 28 5 38 40 49 19 34 23 44
290 30 21 31 3 45 38 48 29 47 19 40 7 35 22 42 12 31 23 45 8 43 29 36 35 39 28 35 23 44 13 42 17 48 10 32 23 27 16 24 8 47 49 50 26 47 10 25 16 33 45 46 27 41 11 37 20 50 30 45 11 34
306 30 22 37 7 28 6 31 6 40 13 35 19 21 13 43 38 41 48 50 10 30 29 49 16 26 41 47 3 44 22 30 6 42 16 36 9 41 8 50 34 49 39 49 3 32 33 36 25 38 12 29 23 39 35 45 18 24 29 46 14 27
333 30 22 30 7 37 19 31 43 44 25 31 32 33 41 43 35 44 38 49 16 45 25 39 5 28 12 33 15 50 2 34 31 43 16 38 34 40 34 42 15 29 22 39 26 46 26 49 9 36 23 35 2 24 25 48 17 47 25 27 21 44
285 30 18 46 29 46 4 28 35 49 46 48 31 32 30 40 22 25 38 41 30 47 30 41 11 37 15 41 36 41 9 27 4 44 34 36 16 49 32 47 13 43 13 24 33 40 22 40 27 39 7 42 8 50 21 29 8 23 21 45 7 26
299 30 23 26 18 35 28 50 34 50 33 36 24 30 19 41 22 41 31 45 7 23 1 28 24 34 19 29 13 37 47 48 6 21 8 46 17 49 37 39 28 32 26 38 16 43 31 41 30 42 19 27 33 46 26 48 28 40 41 44 18 25
304 30 2 34 3 37 21 44 8 29 24 28 27 37 17 36 39 47 28 31 28 38 19 40 4 44 21 22 19 25 21 47 23 43 25 42 17 31 4 48 41 43 4 33 39 45 1 49 6 30 34 43 16 35 26 50 6 26 29 46 17 32
307 30 14 37 17 39 1 40 2 48 26 43 4 38 18 31 22 45 33 36 12 28 27 48 19 42 19 21 4 33 21 49 18 41 36 43 21 22 17 44 26 34 6 47 25 36 30 42 34 46 11 29 33 35 3 24 1 50 23 38 8 32
276 30 21 26 13 36 28 49 4 34 11 46 8 39 12 23 12 42 6 40 41 44 28 29 20 32 15 41 15 49 16 22 7 43 30 45 24 32 21 24 45 48 42 47 19 38 18 45 18 37 33 43 18 27 9 25 35 43 5 31 31 50
306 30 22 45 42 43 29 31 12 43 24 43 37 43 31 48 3 46 19 48 22 33 36 39 1 30 8 23 18 44 2 39 5 26 41 50 5 27 32 37 24 40 23 41 16 47 17 34 25 33 17 35 10 22 5 38 28 29 29 49 7 21
289 30 2 26 20 39 17 50 23 44 31 34 31 37 28 39 20 35 27 32 6 31 9 22 18 23 10 47 25 32 13 29 27 35 20 48 1 40 28 41 31 46 15 43 36 39 38 46 10 24 31 42 21 45 6 49 15 21 14 33 23 30
301 30 15 22 2 50 27 31 10 44 1 35 41 45 6 40 9 28 5 24 8 43 13 33 23 35 29 38 42 46 38 43 34 48 32 42 8 48 8 45 30 46 25 35 1 26 27 37 26 32 36 43 25 31 13 21 12 47 10 49 12 39
299 30 26 27 15 41 29 44 28 41 4 46 26 48 24 27 12 49 36 42 10 29 16 22 15 23 9 40 9 42 39 41 39 43 2 33 26 32 44 50 23 47 22 24 1 30 17 45 23 31 31 35 22 37 21 29 34 48 14 38 25 43
320 30 13 33 11 46 30 48 42 43 10 29 33 36 34 42 31 41 20 22 25 38 17 45 19 30 11 24 27 45 22 26 12 42 23 29 15 50 40 48 31 39 21 35 35 41 19 47 24 25 37 45 6 32 16 44 9 39 47 49 3 28
340 30 9 44 5 50 37 41 4 43 20 24 31 42 20 48 1 25 7 22 4 33 31 50 7 45 15 30 24 38 26 32 3 40 7 37 31 49 29 44 36 45 4 39 15 26 6 34 3 28 21 37 35 50 23 46 8 46 27 47 31 47
293 30 9 33 1 29 23 42 4 36 19 49 21 25 11 34 19 28 28 35 29 41 36 47 6 31 19 23 13 40 43 46 31 39 31 46 20 45 38 39 32 48 24 36 13 30 36 48 21 35 39 50 44 47 22 23 26 40 3 27 25 37
297 30 21 24 24 50 41 50 14 24 24 45 13 28 29 30 16 27 16 32 15 36 20 35 26 29 12 26 46 47 11 39 36 46 7 48 6 44 10 22 3 25 26 33 23 50 24 43 35 38 15 31 30 42 8 49 4 40 23 34 18 37
288 30 10 23 2 49 16 40 38 40 35 41 13 22 29 50 29 40 28 43 3 43 8 21 29 41 14 33 1 45 42 45 28 30 26 32 25 44 15 24 36 39 18 34 13 36 46 49 20 32 31 48 31 42 31 37 16 27 25 41 43 47
306 30 9 27 10 31 8 48 8 47 25 46 26 32 23 26 34 36 1 21 34 48 30 38 22 40 16 43 28 50 28 35 4 40 34 46 23 46 4 44 27 29 39 46 26 49 16 45 14 50 22 37 41 45 22 33 24 26 23 38 42 50
303 30 19 39 29 48 10 46 2 49 5 28 1 29 5 41 20 40 45 46 32 44 8 22 39 43 3 32 12 38 26 47 36 49 23 27 23 44 24 26 24 30 16 21 35 43 20 42 12 30 25 28 46 50 9 37 12 34 3 31 25 33
310 30 5 34 19 48 23 38 9 36 32 33 15 43 2 49 40 41 16 24 29 40 23 24 16 32 42 50 15 50 28 30 34 45 22 33 21 30 10 39 19 26 10 47 31 38 24 40 25 37 10 27 5 28 13 46 37 38 17 35 44 47
322 30 2 31 31 39 23 25 16 37 14 43 23 45 10 50 15 48 21 37 13 40 40 42 24 32 12 41 26 37 5 27 25 31 13 49 8 35 22 36 6 46 6 24 1 30 17 33 28 31 27 36 5 29 41 47 38 48 23 34 6 44
308 30 16 27 18 37 24 41 15 26 28 50 6 35 23 46 6 45 21 41 23 26 7 44 35 40 40 43 34 36 4 39 31 37 21 50 35 41 16 42 9 49 6 34 28 38 10 22 24 47 3 30 32 38 25 45 7 33 29 33 25 48
283 30 7 47 14 23 35 40 24 30 7 32 30 31 45 49 17 50 17 31 2 49 26 43 4 36 33 39 14 22 6 28 8 46 33 42 21 22 30 41 34 45 22 37 33 48 17 35 20 38 14 42 23 43 29 37 3 25 35 44 17 27
295 30 9 39 6 44 31 40 15 27 9 26 32 44 26 48 26 35 20 25 21 31 34 50 1 22 28 39 36 44 25 47 20 46 11 21 33 43 21 50 1 42 11 38 10 37 29 31 34 41 38 43 24 42 32 49 10 45 2 30 12 23
285 30 7 46 34 46 19 38 22 38 18 35 8 50 9 37 28 33 33 35 24 29 23 48 45 48 43 46 34 42 22 23 6 36 30 46 7 25 9 44 24 37 18 40 43 47 22 41 19 21 22 32 39 42 2 27 31 33 25 26 9 49
296 30 4 40 29 37 7 33 6 43 5 27 44 50 11 21 22 49 14 45 32 37 10 23 22 37 29 30 19 36 46 49 41 43 42 48 34 38 10 22 9 48 12 50 26 38 12 34 17 35 24 38 28 47 5 39 25 45 13 31 28 37
324 30 4 30 29 36 10 27 20 31 28 50 34 36 10 40 6 25 21 39 30 39 28 45 20 24 6 32 21 35 28 35 17 23 9 44 29 47 2 33 17 48 10 49 14 46 22 25 3 36 35 42 25 38 26 46 34 43 41 47 13 37
286 30 21 46 11 48 39 42 11 49 20 40 18 45 26 33 15 27 23 38 3 25 16 29 21 39 6 37 12 43 1 41 9 50 20 24 7 23 21 50 32 41 23 30 25 35 39 44 4 36 17 34 33 34 14 31 22 49 1 47 28 49
315 30 7 36 3 45 27 46 37 39 6 38 20 30 24 33 9 34 25 40 1 50 28 30 4 39 31 33 21 29 1 33 21 27 23 30 12 26 13 49 17 43 25 28 6 22 27 42 29 40 17 48 28 41 30 47 3 44 6 35 27 32
281 30 8 26 1 31 11 30 2 29 40 49 24 31 2 32 11 23 7 50 41 44 9 44 6 37 22 38 1 48 35 46 43 49 19 45 21 23 8 27 25 28 12 25 31 36 34 37 39 45 2 47 1 35 2 40 19 22 24 42 26 33
297 30 28 35 40 41 2 30 13 49 5 32 21 48 6 27 21 25 23 48 12 41 28 42 29 48 25 31 17 37 16 50 28 47 15 22 4 21 8 42 26 33 14 44 7 39 21 26 11 46 34 42 20 24 1 45 10 38 20 36 9 43
330 30 17 32 19 40 21 30 43 45 25 48 25 45 17 45 14 47 11 34 1 23 13 39 9 27 21 25 21 44 25 31 25 38 3 50 13 28 36 43 13 26 35 43 31 46 15 37 22 45 29 33 34 42 33 36 30 49 20 24 3 41
307 30 23 36 31 40 26 43 26 30 19 28 15 38 14 25 29 38 20 23 9 46 16 33 20 41 6 26 11 22 11 42 18 35 16 40 23 48 14 50 24 25 2 32 5 49 30 47 32 44 17 27 28 45 15 37 26 39 16 21 3 34
311 30 8 48 7 42 22 50 23 24 14 43 37 50 21 32 35 42 38 50 12 23 5 47 11 30 17 29 24 33 32 43 8 41 26 47 37 46 4 37 31 49 41 45 16 28 10 36 7 49 3 39 34 44 31 34 27 34 13 40 21 25
296 30 16 37 11 38 26 30 36 47 34 39 2 46 9 29 6 43 6 50 19 49 10 24 27 38 7 45 20 30 42 49 37 40 35 36 22 41 8 39 3 35 28 47 21 38 44 49 32 40 33 46 32 48 4 31 41 47 25 37 18 23
284 30 13 40 9 49 5 22 7 24 23 33 13 41 39 49 20 31 8 25 1 48 1 26 5 29 18 32 35 37 19 38 12 37 23 37 4 43 6 27 4 44 3 42 21 22 25 36 39 45 24 46 49 50 20 30 5 34 17 47 15 28
282 30 2 24 12 21 25 27 8 28 15 22 46 47 29 39 20 23 34 36 12 42 29 33 26 39 32 45 10 40 4 25 14 34 1 41 22 31 29 50 25 43 1 32 34 47 35 45 2 29 29 30 20 38 34 49 35 37 38 44 7 48
301 30 9 45 21 43 4 21 21 47 10 31 16 22 36 46 32 37 16 34 47 50 8 41 26 43 14 33 34 42 31 49 31 40 28 39 23 45 23 27 16 29 21 32 19 24 12 25 34 36 11 35 27 28 20 30 28 38 19 44 44 48
305 30 31 50 31 34 26 28 27 31 1 49 18 25 29 46 26 34 4 50 17 29 6 32 12 24 7 30 5 22 20 48 6 21 17 36 1 40 1 43 10 38 29 33 41 46 7 35 41 44 27 42 7 45 38 39 23 48 45 47 6 37
296 30 11 27 9 47 8 26 1 35 4 34 29 46 13 28 5 44 23 26 4 38 26 33 7 46 20 42 21 41 1 32 5 43 19 21 14 39 22 23 20 25 35 50 48 49 11 31 12 30 24 36 21 36 27 40 45 48 29 37 21 49
321 30 32 46 6 26 20 50 37 50 29 45 40 49 10 23 30 46 13 32 34 50 2 22 20 47 20 44 24 25 8 42 5 27 37 45 24 48 8 24 46 49 30 41 28 39 13 36 6 35 6 39 21 30 31 39 4 33 9 38 43 44
284 30 34 46 31 39 23 24 3 24 14 28 14 38 15 40 15 46 7 33 21 50 15 45 27 29 41 45 39 41 37 41 7 26 18 47 1 43 30 34 7 22 21 28 32 47 6 27 10 36 37 48 29 49 35 41 19 42 3 25 1 44
281 30 41 44 1 46 2 42 6 25 18 30 33 37 29 31 24 33 2 32 4 24 27 45 25 50 10 44 36 47 36 50 11 23 8 48 38 48 23 35 26 35 17 40 6 27 22 48 23 28 12 29 29 43 35 49 11 39 12 21 34 44
264 30 20 26 9 42 1 39 37 38 7 49 32 33 28 29 22 23 4 44 15 30 45 50 14 37 15 35 4 40 16 46 35 41 1 23 29 41 9 34 22 43 21 35 23 25 17 31 17 33 39 45 47 49 4 24 41 48 3 36 27 44
296 30 27 40 22 47 41 49 39 50 22 34 9 41 4 28 8 36 33 39 13 38 28 45 19 26 4 47 11 35 41 44 23 50 12 39 27 34 9 42 30 31 9 25 16 21 37 47 12 30 42 48 32 49 9 46 29 34 28 43 20 24
274 30 22 43 21 38 24 40 22 49 26 36 34 39 21 41 4 21 3 28 9 25 29 37 2 46 4 50 17 49 8 45 13 36 11 24 3 29 8 30 42 46 16 47 23 26 4 44 18 33 27 33 22 31 22 34 29 48 19 32 35 37
284 30 8 46 29 38 40 43 20 40 1 26 8 39 43 48 23 32 23 30 23 48 1 31 24 39 22 40 18 21 7 37 14 44 25 43 41 47 9 36 30 47 3 34 33 37 42 49 19 35 27 46 29 33 21 42 19 50 34 45 28 45
271 30 23 38 15 27 38 50 13 26 15 43 40 45 18 33 5 34 25 40 7 29 32 37 20 32 41 45 33 38 39 46 22 50 36 38 24 33 35 42 27 40 31 44 8 49 29 35 37 39 30 45 31 40 21 24 22 48 5 28 37 47
278 30 13 48 23 36 11 37 24 47 34 49 33 45 3 30 14 38 37 41 26 47 7 42 6 46 5 47 12 22 9 50 8 29 25 46 39 43 9 40 19 21 36 39 11 31 10 27 6 44 6 34 5 36 2 28 19 35 3 32 24 45
280 30 3 34 30 33 1 37 21 30 29 31 1 45 11 50 1 32 15 22 12 42 43 49 23 36 27 43 10 49 22 36 18 25 13 26 2 38 21 42 11 41 30 47 10 39 14 29 14 44 18 28 27 40 24 42 44 48 24 35 13 46
271 30 24 26 4 37 7 47 1 25 18 30 10 21 41 42 22 34 9 32 7 22 3 46 26 27 12 29 35 45 18 42 10 35 32 40 40 44 8 24 43 49 31 40 36 45 38 44 22 28 32 33 7 48 25 49 4 50 14 39 17 23
262 30 23 31 12 21 26 40 8 24 9 25 6 34 40 49 15 26 42 44 27 42 25 45 19 46 21 29 2 43 10 23 13 28 21 37 29 39 41 45 14 47 15 35 7 32 2 33 27 37 23 38 3 50 16 22 32 48 29 30 25 36
272 30 19 47 25 47 26 32 13 33 29 42 18 35 25 49 18 45 28 29 4 40 4 36 32 44 15 30 26 31 42 45 31 49 10 27 23 33 2 50 8 41 41 48 22 24 18 37 14 34 36 39 38 50 22 40 21 50 17 46 26 43
291 30 32 43 35 42 23 35 3 29 28 49 3 38 2 43 24 43 10 46 18 34 27 47 6 37 19 36 14 44 17 23 31 44 6 49 6 41 21 28 26 40 24 33 32 50 13 47 13 48 19 45 9 30 26 28 34 39 11 22 6 25
288 30 19 41 2 42 30 37 24 35 35 39 16 48 8 24 18 23 18 29 26 30 25 44 17 38 39 44 9 27 5 36 5 31 5 22 25 33 15 49 19 32 12 47 22 46 32 37 34 39 45 49 21 33 41 43 42 50 40 43 23 28
288 30 1 42 11 46 19 49 30 40 21 50 2 38 5 47 38 48 15 25 20 27 9 31 23 26 22 27 37 50 9 40 28 44 37 46 19 45 20 24 12 32 38 39 41 48 36 43 2 28 15 33 16 43 22 29 23 25 32 35 34 45
283 30 5 33 7 42 12 38 15 24 22 44 21 25 16 46 19 28 8 36 3 50 32 48 17 32 19 49 6 34 25 33 11 27 30 47 12 40 40 47 23 35 9 26 23 32 9 41 7 29 23 44 37 45 43 49 24 45 26 39 31 48
279 30 41 48 20 23 27 28 29 33 5 49 22 25 29 37 35 47 13 50 36 37 19 34 30 33 6 48 21 44 34 39 13 44 18 47 30 41 26 50 26 46 26 45 19 32 5 27 8 40 15 43 24 45 7 25 31 43 14 38 35 42
292 30 45 47 4 50 8 46 42 43 13 26 26 36 27 50 10 21 28 41 10 22 9 33 27 39 42 47 20 31 25 42 1 44 28 43 25 48 34 46 45 49 37 42 35 48 19 25 13 24 12 32 3 30 1 38 29 46 15 23 14 40
300 30 13 45 12 36 1 32 18 42 36 44 40 44 22 50 1 26 4 25 31 36 31 48 16 50 11 41 30 31 29 32 26 38 12 46 34 37 40 49 41 43 37 48 10 39 27 45 18 23 21 27 24 47 27 47 7 33 28 41 2 35
297 30 4 21 13 42 43 44 24 47 33 42 9 26 23 28 1 43 28 46 3 40 18 28 20 34 21 29 45 50 11 22 14 35 16 27 34 37 45 48 25 37 6 31 23 39 29 45 24 45 10 32 10 49 18 30 35 41 33 38 15 36
263 30 42 48 43 46 32 46 28 34 7 27 26 48 1 48 21 41 22 36 11 36 5 23 21 50 23 46 24 34 21 35 27 28 4 21 30 33 39 46 16 49 7 29 24 33 6 38 6 37 41 45 21 40 20 44 18 47 7 25 26 31
263 30 19 21 4 48 23 30 19 42 16 37 16 30 12 34 13 44 29 43 24 46 33 35 22 31 37 38 3 27 39 45 3 46 39 43 8 40 21 26 11 33 15 29 6 50 18 47 33 49 16 31 20 32 3 28 29 36 26 41 18 25
316 30 15 39 10 21 2 38 24 33 29 40 5 34 25 49 24 45 39 47 14 48 31 38 4 35 20 43 28 40 34 44 7 40 19 42 23 34 24 29 26 44 6 41 16 50 37 40 32 35 22 49 11 27 27 46 1 25 30 44 36 39
265 30 29 48 24 39 24 33 31 41 14 29 19 49 2 31 33 50 35 50 8 38 10 33 4 42 22 24 8 46 37 47 31 44 4 36 10 34 26 37 13 21 4 25 25 30 8 47 28 33 27 31 32 35 4 45 32 43 34 40 23 43
283 30 23 46 32 38 33 49 17 30 4 28 22 30 25 40 28 43 29 33 6 27 11 49 15 47 18 31 8 36 20 42 45 49 24 39 27 37 35 49 3 41 19 48 19 38 9 39 13 21 45 46 28 44 5 34 18 40 17 26 47 50
293 30 5 40 2 26 3 30 13 42 10 34 30 44 9 39 2 29 5 27 48 50 20 38 2 28 13 35 22 33 6 46 22 43 38 43 9 45 24 33 15 48 3 41 39 49 36 47 8 47 19 31 25 49 23 40 8 21 10 32 7 37
291 30 24 47 34 45 28 34 31 40 40 45 28 46 41 49 22 33 11 33 15 45 8 48 21 48 25 44 18 39 21 26 4 37 15 41 13 47 15 38 35 43 22 27 28 36 31 42 30 40 14 35 4 25 7 50 9 29 32 38 23 38
282 30 40 49 15 47 2 23 6 28 8 32 33 36 9 29 32 33 23 46 29 44 9 30 26 27 24 30 9 27 14 48 37 45 20 21 38 43 1 43 25 37 22 30 25 28 31 38 30 34 22 40 37 42 31 35 2 39 18 41 24 50
288 30 9 22 35 40 2 48 36 38 26 43 8 23 9 26 13 24 36 41 12 28 32 37 13 44 23 31 2 42 45 49 45 46 40 46 32 49 4 34 21 48 15 45 9 47 31 33 29 43 27 41 26 30 25 39 10 41 38 39 3 50
259 30 3 29 12 46 27 41 42 47 19 30 20 21 25 40 4 40 20 36 35 49 16 24 34 44 13 38 30 35 31 44 31 42 43 50 2 44 10 43 6 26 39 44 4 41 20 48 17 33 23 34 12 22 4 37 32 45 4 32 28 30
285 30 2 30 34 50 16 33 1 49 20 50 19 25 15 22 39 43 4 28 9 42 20 23 23 35 24 29 8 38 9 39 26 28 23 41 31 41 35 37 11 21 1 48 43 44 35 40 23 46 24 49 47 48 26 36 44 45 19 32 27 44
299 30 6 45 19 40 9 41 27 45 17 44 20 21 14 25 21 43 6 37 10 36 25 39 28 34 19 26 7 22 18 46 17 49 7 50 20 33 21 29 27 34 3 32 24 27 29 35 37 47 42 44 23 42 37 48 12 30 19 38 31 35
282 30 18 39 34 48 15 33 3 31 17 37 23 32 20 34 8 42 20 27 24 36 30 44 13 30 6 38 3 32 19 24 19 26 20 28 21 45 19 47 29 41 29 39 16 35 22 43 22 48 25 46 5 40 5 21 23 46 27 50 7 49
315 30 3 35 15 39 17 28 21 44 8 27 17 25 12 44 11 24 29 36 6 43 9 23 27 40 31 40 24 42 28 50 13 38 15 22 33 41 26 47 6 46 28 29 42 47 11 49 16 33 2 34 17 45 25 48 20 30 9 32 26 37
278 30 24 43 40 42 14 35 17 36 25 40 29 31 6 41 19 34 2 29 8 48 1 32 34 49 16 37 25 39 25 32 11 47 1 26 38 43 28 37 13 24 28 50 21 41 23 31 42 46 27 36 11 22 3 33 39 45 16 44 30 50
289 30 7 36 24 48 15 30 23 34 30 33 21 23 4 26 27 49 35 37 37 39 26 48 7 47 23 31 22 29 3 37 16 32 48 50 4 34 7 45 7 49 20 42 14 29 28 45 13 25 40 43 2 46 41 49 37 38 44 46 22 43
279 30 3 29 38 50 5 24 21 23 24 45 10 37 23 24 4 35 11 40 41 47 7 43 28 45 18 39 28 41 24 48 33 34 12 25 11 50 22 25 4 46 18 27 3 26 15 44 6 31 33 36 8 34 45 49 25 32 17 42 23 30
294 30 33 50 20 32 9 24 16 23 21 34 29 39 39 45 35 47 22 40 19 37 1 47 20 36 11 38 17 31 7 25 19 46 5 39 18 49 18 28 22 39 6 30 14 34 42 47 1 48 41 45 25 43 20 33 26 45 26 44 24 27
289 30 15 45 33 44 23 40 23 37 6 42 3 35 15 24 12 23 11 31 38 50 27 36 23 30 4 22 22 49 13 34 23 26 21 22 25 50 36 40 33 45 8 50 29 34 36 48 35 39 8 46 43 48 21 28 19 47 7 41 32 36
276 30 17 40 9 38 19 36 1 37 9 27 22 49 3 34 9 32 29 44 12 39 42 44 26 45 2 26 20 47 39 42 13 25 18 28 33 36 23 24 24 29 37 48 21 36 16 43 24 49 21 30 10 41 33 46 8 35 25 50 31 47
286 30 12 30 22 24 20 50 23 24 15 27 34 35 9 24 2 39 14 40 29 33 25 36 4 26 8 37 6 31 31 46 21 40 19 44 11 35 45 49 8 29 36 50 7 45 16 43 16 32 17 41 14 47 28 45 39 48 38 50 29 42
291 30 39 49 8 46 4 40 30 48 17 42 13 41 13 21 29 42 32 43 19 33 29 47 12 28 10 49 5 34 40 45 24 35 17 38 21 35 9 48 10 23 12 36 19 25 3 27 15 43 36 44 16 50 24 37 6 22 31 34 26 41
283 30 12 43 34 44 23 39 7 25 37 38 20 30 14 26 13 35 21 34 15 46 9 22 12 24 25 42 4 34 4 31 23 40 3 49 18 28 38 40 16 29 42 45 11 23 35 47 27 48 10 41 26 33 42 50 30 36 27 31 10 32
288 30 7 35 18 39 35 42 15 34 41 45 10 31 42 48 22 44 28 44 19 45 16 22 25 45 36 44 8 37 20 27 47 48 38 39 26 38 23 26 33 48 16 43 12 50 2 30 29 50 15 40 38 49 46 48 19 21 32 35 24 49
284 30 16 49 13 24 18 32 3 29 17 21 7 38 33 44 3 45 6 36 25 45 4 30 12 41 26 28 4 34 5 42 9 28 23 35 36 46 25 39 9 23 23 33 5 47 3 50 30 43 25 37 4 40 14 27 22 23 9 31 9 48
292 30 6 31 10 39 6 36 15 47 2 27 7 38 29 30 31 40 17 26 24 39 24 29 14 48 16 42 14 34 33 35 32 49 46 47 28 44 9 25 2 23 28 42 27 50 12 49 45 46 33 42 37 38 21 47 20 41 26 43 22 41
305 30 10 21 49 50 25 36 14 38 2 31 18 27 29 35 27 47 17 48 20 23 6 34 16 25 4 32 2 24 21 29 7 42 36 45 15 37 28 31 9 22 26 35 21 43 3 33 30 43 1 40 12 46 11 41 6 49 42 44 16 39
314 30 10 40 1 26 23 41 37 45 32 40 24 28 8 39 2 44 47 50 22 24 17 42 24 32 29 47 23 37 5 31 2 43 22 47 28 49 17 34 11 25 18 41 29 36 46 47 21 48 2 27 3 38 19 30 17 48 12 35 31 33
297 30 27 33 30 40 12 45 20 50 19 40 18 27 42 45 5 21 26 38 39 43 19 32 20 49 31 42 33 48 35 48 4 34 26 36 1 22 8 41 20 26 7 39 2 44 12 25 21 24 19 29 13 23 41 47 36 46 26 28 18 37
292 30 25 39 13 36 5 28 19 48 1 27 8 38 26 28 3 49 22 41 22 29 19 32 46 49 4 42 2 50 9 31 10 47 14 21 36 45 10 25 5 22 29 43 34 45 2 33 2 24 43 44 5 40 11 23 15 30 3 35 16 37
286 30 8 47 38 45 28 31 14 33 8 30 44 46 11 37 5 45 16 29 17 24 20 43 1 21 22 44 6 42 4 25 32 36 8 46 21 41 3 50 28 38 27 49 27 42 29 36 29 48 7 34 26 32 23 34 1 40 26 39 3 35
290 30 9 27 22 33 26 35 22 30 43 48 20 34 41 46 2 38 13 47 23 26 31 46 22 24 29 47 20 48 6 25 38 44 7 39 11 30 27 32 21 37 26 43 28 37 24 50 30 41 6 42 5 49 40 50 34 36 13 28 45 47
283 30 6 40 18 31 33 44 6 48 9 43 3 45 30 49 23 44 5 36 49 50 20 41 22 39 14 29 9 44 12 24 28 32 5 26 29 30 47 50 34 36 8 42 31 35 3 37 32 42 1 25 21 48 22 27 22 24 1 46 10 38
270 30 14 26 20 48 12 35 9 37 32 38 26 46 28 41 36 46 30 34 20 45 10 42 1 23 11 29 22 46 30 50 4 44 38 41 43 45 5 50 15 41 25 37 21 36 6 24 21 40 6 39 3 49 33 44 24 27 10 47 26 31
280 30 1 33 32 46 11 37 29 31 18 26 16 29 24 37 18 21 26 47 36 40 26 42 3 25 34 47 19 40 12 28 35 37 30 40 41 44 15 44 23 29 43 49 18 22 9 39 25 27 25 48 41 46 44 45 40 50 39 49 29 38
262 30 16 45 12 21 16 25 9 32 23 37 23 44 1 31 11 44 33 36 4 29 34 42 3 26 25 33 2 24 20 27 25 35 35 41 1 22 41 42 20 39 37 46 28 35 29 43 4 47 3 30 38 41 28 40 19 48 35 49 25 50
289 30 43 46 21 37 20 47 27 30 23 30 14 22 7 30 10 35 22 33 8 48 43 49 39 45 5 31 20 36 39 43 30 46 22 38 25 45 19 29 11 42 3 41 11 37 8 34 28 43 23 32 19 50 26 46 14 24 14 44 4 40
262 30 42 45 20 26 26 40 16 28 11 32 7 34 29 49 29 37 3 39 17 35 23 47 28 50 32 45 9 21 11 38 30 34 21 23 3 49 18 25 17 43 24 40 13 46 12 44 41 42 41 48 31 45 33 46 27 43 5 36 22 38
295 30 5 24 17 50 17 38 36 45 4 39 16 45 3 35 11 27 23 36 26 27 36 41 22 28 20 47 4 49 26 29 31 46 26 34 3 32 3 33 30 34 38 40 42 50 21 44 31 49 12 44 48 49 28 40 11 25 26 43 37 50
267 30 10 46 8 34 5 30 30 31 31 40 3 21 9 42 3 26 39 48 2 44 7 47 37 49 15 35 39 50 24 43 33 44 27 49 2 45 18 22 31 37 43 46 40 48 16 29 32 44 25 31 38 44 16 41 36 42 20 28 23 41
278 30 39 48 13 21 19 38 16 49 28 29 7 33 13 39 24 39 24 42 6 46 22 26 43 46 19 36 30 37 21 32 7 41 2 37 4 29 5 40 4 25 3 44 27 35 34 40 26 37 33 45 44 47 28 31 20 27 44 50 11 23
279 30 20 28 27 34 4 29 7 43 10 42 48 49 1 21 5 30 24 25 24 49 25 45 18 25 15 27 45 47 35 50 28 38 35 39 3 50 33 37 23 35 2 41 13 36 29 33 31 45 30 46 4 40 3 32 26 50 44 48 22 32
282 30 17 33 15 29 40 45 12 44 17 43 1 39 28 36 12 37 4 25 30 35 12 30 16 50 32 45 2 41 34 41 15 47 24 39 24 40 8 42 4 27 6 46 4 36 39 49 16 26 38 49 10 48 20 23 21 46 17 22 31 32
298 30 29 43 6 31 16 44 20 43 10 30 29 42 2 27 19 34 4 26 12 38 25 29 15 47 3 49 18 40 3 23 26 39 27 41 32 42 22 24 44 50 11 21 10 28 24 37 24 38 8 36 29 46 33 46 35 44 17 45 14 48
263 30 33 36 32 42 12 45 3 37 3 35 5 26 38 48 12 40 19 47 10 32 24 29 13 33 27 36 37 39 7 49 9 48 21 39 31 46 30 32 9 31 34 40 15 29 23 24 25 33 9 28 43 46 9 50 22 23 44 50 32 41
269 30 2 42 21 36 11 31 6 24 4 37 19 38 23 24 42 44 21 34 41 47 27 44 1 40 19 21 25 49 13 47 6 25 17 26 2 28 27 43 19 30 39 47 7 45 22 48 12 33 22 25 32 47 27 29 11 35 36 50 38 46
268 30 25 31 11 33 27 41 33 36 8 38 36 49 26 27 19 23 8 50 25 50 36 37 5 26 31 46 10 24 30 35 17 40 34 44 2 44 27 42 10 47 29 30 32 48 11 43 38 45 18 35 21 29 27 28 4 22 27 39 29 32
271 30 35 41 16 41 32 43 23 46 26 36 20 37 38 49 28 34 19 42 29 46 40 43 33 42 35 39 24 33 23 45 19 38 42 47 7 40 10 28 4 30 1 48 24 45 27 29 22 49 11 31 25 41 21 29 28 44 15 50 26 43
266 30 12 45 7 47 2 24 27 32 18 40 4 42 29 43 28 40 18 26 5 36 23 46 23 25 17 39 37 38 20 46 35 49 21 48 41 42 27 35 16 27 27 33 21 29 15 31 11 50 23 48 37 41 23 30 31 44 8 22 34 50
261 30 15 25 12 26 17 30 9 49 37 48 14 34 5 21 40 47 34 42 7 38 35 45 17 45 12 48 23 36 29 31 18 31 28 35 33 39 24 28 23 40 24 43 27 31 13 41 2 44 2 40 6 46 16 32 22 38 20 33 17 50
282 30 21 35 24 44 34 43 33 34 14 45 22 41 16 42 24 25 20 29 13 21 11 37 2 32 22 29 39 41 33 39 16 26 6 25 40 50 11 31 20 28 45 50 16 46 9 27 38 44 6 47 36 39 13 30 1 49 23 42 36 48
286 30 14 36 31 41 2 40 26 32 36 49 15 33 35 36 21 25 44 45 6 42 41 44 11 25 40 41 43 48 21 28 39 40 11 48 15 27 41 46 2 38 30 41 26 47 2 22 41 50 21 34 23 24 23 48 31 47 35 37 15 29
286 30 15 30 7 22 35 44 39 45 24 27 18 21 13 23 11 40 5 34 4 31 21 35 46 48 2 36 21 41 35 42 5 46 42 50 19 49 30 32 30 39 22 28 19 37 14 29 29 38 33 41 31 47 25 31 26 45 27 29 12 43
267 30 4 23 25 41 11 39 19 22 5 21 43 46 11 33 33 37 25 45 21 43 30 41 15 24 34 39 26 47 18 47 10 32 25 36 21 41 44 50 15 40 12 31 35 44 5 42 7 27 38 48 14 50 35 38 4 29 28 44 29 49
295 30 19 22 9 35 20 34 19 47 41 46 12 24 29 49 21 44 21 25 31 43 12 28 22 37 34 48 21 23 27 37 19 21 37 45 26 48 4 30 10 39 30 41 3 31 32 47 7 40 19 38 7 29 28 42 2 50 24 36 26 33
283 30 19 22 4 33 45 49 12 43 19 42 39 40 28 31 20 50 14 40 19 41 26 33 25 29 20 32 15 23 19 38 2 31 29 34 11 44 6 47 11 29 45 48 30 33 14 27 11 37 36 50 23 48 7 35 7 46 12 21 24 37
271 30 22 37 13 29 25 39 20 32 34 39 9 36 17 22 24 35 12 44 1 45 21 27 18 34 28 39 20 21 8 26 42 49 19 30 30 47 35 36 20 40 17 49 32 46 4 48 38 48 30 50 8 43 23 24 31 43 33 41 2 33
297 30 25 34 20 49 22 45 28 50 14 27 13 48 6 36 12 24 43 50 15 42 21 42 33 42 12 23 36 45 21 25 1 46 1 40 37 49 35 46 40 47 13 32 27 39 17 28 2 38 26 48 19 41 44 50 31 35 7 30 7 29
291 30 16 41 20 35 36 41 5 50 44 47 14 27 22 23 18 38 21 49 11 45 22 37 23 30 30 39 19 22 33 45 2 42 12 21 21 24 20 29 27 46 22 26 7 43 23 34 6 31 23 40 5 25 12 48 28 35 24 44 32 43
276 30 3 49 3 31 30 42 2 38 4 45 20 41 28 43 35 41 43 48 30 47 23 47 23 41 8 27 10 25 22 37 16 37 1 40 15 24 37 46 31 32 31 44 13 48 7 36 5 39 26 48 3 33 19 50 17 29 27 34 13 21
262 30 1 39 1 34 19 37 10 33 36 49 23 49 22 41 37 46 18 49 38 49 3 31 33 48 7 21 34 43 28 48 29 30 7 22 17 35 16 30 6 44 45 49 17 24 2 47 37 40 19 50 27 48 26 40 32 48 4 42 25 47
262 30 20 45 12 23 12 43 14 39 27 29 29 47 17 38 11 34 20 46 19 37 2 35 26 44 18 27 18 28 14 44 30 35 27 49 35 40 22 37 8 41 18 36 45 48 25 47 17 24 21 43 31 45 4 33 26 50 24 42 32 44
287 30 20 43 29 45 17 28 19 50 22 24 7 34 24 39 21 39 1 42 2 45 35 46 12 37 7 35 11 27 15 26 11 31 16 36 10 40 13 30 31 32 1 44 12 21 30 49 6 41 35 48 33 40 21 23 7 38 27 47 4 25
295 30 19 43 40 43 23 38 15 48 36 50 37 43 5 34 31 43 33 39 37 46 35 38 18 28 5 44 5 23 5 29 20 24 28 33 42 44 17 25 32 48 10 26 13 49 25 45 18 21 4 50 22 47 30 34 7 41 27 40 37 47
289 30 34 41 23 33 4 23 3 50 25 41 21 27 7 22 8 34 6 45 37 38 2 49 36 49 27 46 34 47 28 48 19 44 33 38 3 30 22 29 22 46 26 48 20 43 31 39 32 39 4 26 40 43 24 36 31 50 25 35 42 46
269 30 11 36 23 26 20 32 47 48 38 47 45 48 24 28 22 31 3 22 24 26 1 29 47 49 27 38 6 40 27 31 16 28 35 41 13 39 21 28 23 44 1 25 34 39 33 50 18 30 5 43 19 46 7 33 24 35 6 42 12 37
290 30 4 49 28 30 16 39 18 42 28 29 2 31 24 43 20 41 20 25 33 46 39 46 41 48 26 36 26 48 4 47 8 28 23 30 4 43 23 34 37 40 17 22 22 35 40 41 21 39 1 32 19 50 2 44 1 45 37 38 6 27
268 30 15 43 18 25 1 38 31 33 42 47 8 36 28 36 3 26 16 24 28 47 19 23 6 39 19 37 31 39 27 32 4 22 19 34 17 44 5 27 35 39 38 50 16 30 19 40 38 49 16 48 14 45 18 29 20 41 11 46 21 41
299 30 29 37 15 49 5 28 2 26 18 24 11 41 39 47 30 49 13 22 9 40 30 44 2 47 32 33 4 43 20 33 20 36 31 41 13 23 15 50 1 46 38 44 21 35 1 34 21 32 37 45 23 42 9 27 14 48 36 37 25 36
295 30 6 32 14 22 9 45 13 24 17 38 42 45 17 40 34 49 12 34 22 50 33 38 8 29 13 48 19 35 20 39 13 28 12 46 7 21 26 27 47 49 9 41 36 42 22 37 10 44 15 31 27 38 10 25 39 43 23 28 19 30
302 30 23 31 8 25 16 47 3 21 19 46 14 42 27 41 30 49 14 48 40 49 6 30 24 38 19 22 25 27 11 44 26 42 9 45 12 24 39 42 36 49 28 45 6 31 43 48 34 45 33 43 32 43 11 37 2 50 16 35 29 50
267 30 15 26 16 27 3 44 36 40 12 35 28 37 15 50 8 37 7 46 7 29 20 23 6 40 16 24 31 37 22 40 4 30 45 49 27 43 9 39 19 34 21 46 4 41 43 48 11 32 42 50 37 47 33 48 21 49 25 34 23 38
288 30 23 49 7 48 21 46 22 42 19 22 25 50 19 39 31 49 6 40 34 47 34 48 36 38 11 26 37 48 26 28 37 41 11 24 23 30 21 40 8 35 23 50 20 27 8 38 29 47 4 44 12 45 30 35 33 45 32 47 4 43
265 30 19 39 15 36 17 40 17 48 33 37 16 34 37 41 19 24 39 50 17 26 35 40 2 46 2 22 28 43 43 47 29 42 15 25 13 27 16 33 4 30 5 31 26 32 9 44 18 49 25 43 3 38 24 42 36 45 14 21 14 23
289 30 8 31 22 41 14 23 25 50 15 44 29 39 17 40 28 37 17 26 16 34 5 30 35 47 1 28 1 43 29 50 17 42 6 38 22 29 32 48 10 27 12 25 12 36 12 45 20 47 24 36 21 23 15 46 24 48 15 49 2 33
280 30 3 35 30 38 9 28 30 32 19 32 1 50 18 41 18 44 11 48 8 40 19 46 20 43 23 48 30 47 24 34 21 31 23 34 24 26 20 22 19 31 32 33 36 39 42 45 40 45 2 36 27 32 17 49 37 42 25 36 29 44
283 30 34 48 30 42 17 48 29 39 13 21 2 25 29 37 10 41 34 42 23 44 29 50 22 30 2 50 3 38 20 28 36 46 12 23 47 48 27 39 3 36 17 24 38 43 32 50 23 49 15 26 33 35 38 45 3 40 3 31 33 36
309 30 25 43 31 40 15 39 18 42 19 33 9 46 25 33 24 48 19 24 16 40 47 50 23 39 19 22 2 36 8 41 14 50 38 46 45 48 26 34 27 47 26 29 24 32 23 28 22 29 21 30 41 49 6 30 35 42 37 49 36 44
275 30 13 45 15 35 12 44 25 36 17 32 31 41 10 37 9 25 40 50 41 46 10 29 28 36 24 32 9 39 26 45 21 42 38 49 25 41 1 38 23 25 13 22 30 35 19 48 43 46 12 42 6 33 4 47 9 50 29 34 27 42
280 30 17 43 11 24 23 38 36 42 11 44 13 45 42 50 33 41 14 36 40 41 2 25 15 27 31 45 15 38 33 47 21 47 3 47 7 26 9 30 37 38 26 35 5 28 26 49 32 39 26 48 30 46 29 35 39 49 22 43 7 34
279 30 12 34 38 47 16 27 9 48 20 21 15 36 11 28 28 44 37 38 25 50 10 40 7 24 5 46 31 41 48 49 47 48 3 33 8 23 9 22 16 50 31 32 26 35 15 42 25 29 22 41 19 26 23 43 7 39 7 45 25 30
291 30 23 44 7 39 43 44 40 43 11 37 26 31 16 50 9 33 5 49 7 32 34 50 21 22 46 50 11 48 27 29 3 28 10 24 4 25 6 45 17 29 7 21 28 36 28 30 7 44 1 42 26 46 12 35 8 41 21 38 32 47
275 30 19 40 9 34 2 31 3 37 24 48 17 33 14 39 17 49 19 25 18 50 24 43 25 30 18 23 17 48 11 47 11 27 2 28 3 21 23 44 20 38 26 28 25 41 45 49 23 29 39 42 36 37 19 46 22 23 12 32 14 35
286 30 37 50 27 46 21 36 12 30 17 26 9 23 33 50 3 27 11 40 46 47 26 45 4 44 3 28 14 37 15 42 8 48 39 43 30 39 9 24 21 40 20 38 34 36 18 29 23 49 22 33 41 43 7 32 13 31 9 25 29 35
297 30 29 48 38 41 25 50 36 41 30 41 8 31 13 40 40 43 14 32 8 38 17 47 16 23 22 44 31 48 18 26 5 24 17 22 4 39 23 45 12 37 24 42 27 47 4 50 35 45 10 46 25 34 41 49 28 42 32 33 21 36
264 30 2 30 23 27 1 34 29 39 32 48 10 24 27 49 14 40 10 44 10 48 3 26 7 23 8 33 11 36 6 47 5 35 39 44 22 49 34 50 28 35 19 37 42 45 21 35 8 42 20 38 41 50 9 25 16 46 3 43 31 39
265 30 30 49 8 29 4 36 2 49 36 47 6 42 16 50 34 37 43 46 16 32 18 33 40 48 6 26 25 29 35 41 22 36 11 37 23 40 38 39 35 38 31 34 26 41 23 30 45 46 5 43 21 36 22 27 44 47 24 40 28 37
271 30 7 39 5 21 10 49 37 39 17 44 3 23 22 36 23 38 23 50 8 45 5 26 7 25 33 37 4 31 13 46 18 41 29 44 27 30 3 34 28 39 5 24 2 47 32 37 19 48 22 39 27 29 23 35 15 43 13 40 14 42
248 30 28 50 22 33 42 47 34 45 40 44 7 24 29 44 18 22 25 38 36 46 25 49 11 41 10 36 25 26 24 35 4 25 16 44 2 34 6 23 31 40 37 42 17 28 10 39 26 48 17 32 18 47 5 27 20 43 30 35 21 44
238 30 2 50 20 42 36 41 5 31 27 34 17 38 6 26 14 28 18 49 18 35 12 30 4 34 16 29 9 39 23 25 3 25 39 45 8 33 1 32 21 40 24 48 7 40 6 48 37 45 37 43 22 50 23 36 37 46 23 47 2 44
285 30 35 41 30 43 41 46 18 26 16 37 2 34 14 32 8 48 3 50 22 31 4 45 4 46 11 24 26 47 28 31 29 50 33 37 8 42 6 44 5 49 15 39 27 36 29 40 30 40 13 31 21 43 23 37 23 36 25 45 38 40
268 30 11 44 25 45 12 46 34 38 35 44 26 43 23 29 11 26 20 36 40 45 16 24 36 45 29 35 31 49 2 27 7 48 22 23 24 34 47 49 34 50 29 32 9 30 36 49 26 39 37 43 21 49 32 33 35 42 14 28 41 42
268 30 6 44 25 34 23 27 2 50 30 36 9 42 25 31 42 45 44 47 34 49 18 25 38 44 15 28 15 21 2 32 40 49 34 46 24 27 1 41 17 23 10 39 33 37 30 31 25 48 37 38 35 49 12 43 26 43 12 22 18 29
278 30 13 43 35 47 21 48 15 38 10 21 17 40 7 31 39 48 37 49 2 35 20 32 37 45 30 44 29 36 2 44 21 49 27 44 32 46 26 38 14 42 14 28 30 50 11 24 17 36 4 34 30 33 2 25 7 41 14 23 22 24
259 30 31 45 24 41 15 21 7 30 32 45 14 34 5 48 22 32 14 24 17 25 14 28 10 38 37 40 7 50 3 22 37 45 2 23 14 42 13 29 7 33 40 47 11 43 29 44 7 46 24 39 25 26 13 27 33 35 35 36 44 49
258 30 37 38 8 48 13 25 44 47 17 37 34 43 7 40 33 47 5 31 15 39 4 28 8 33 25 41 17 21 9 24 9 42 21 50 19 36 27 38 21 23 13 22 25 35 23 30 30 43 28 46 26 45 26 44 20 29 32 50 21 49
266 30 12 46 19 23 12 22 19 31 2 30 28 43 9 32 5 34 6 25 37 49 19 33 9 26 9 40 24 27 6 41 15 29 23 27 41 44 25 42 25 50 37 46 37 43 36 41 35 36 29 38 21 32 15 39 20 45 19 47 42 48
271 30 28 29 4 31 32 49 31 46 14 50 23 49 8 45 6 41 9 33 28 39 33 43 3 49 20 44 24 48 34 39 10 24 10 22 21 39 33 38 1 39 14 26 27 48 9 36 28 40 12 47 37 39 17 35 25 38 24 30 17 42
287 30 20 28 17 26 2 29 18 48 31 46 23 33 11 49 3 24 2 23 14 37 3 50 8 44 10 38 11 46 23 34 12 32 24 45 43 48 3 47 8 42 32 40 5 30 10 36 8 21 35 47 25 28 41 50 39 46 3 27 22 34
261 30 32 34 26 30 17 23 39 45 24 44 19 44 4 37 7 22 40 42 15 40 10 41 10 33 8 34 19 46 29 32 2 26 17 48 33 43 12 39 9 49 6 21 15 31 22 35 10 47 27 50 38 48 16 25 4 27 28 35 14 36
257 30 30 38 9 39 25 49 6 46 23 24 3 45 10 48 20 30 13 25 4 47 29 42 28 39 17 27 23 40 10 40 3 50 28 41 21 25 37 40 7 31 36 40 27 43 11 26 29 50 27 35 32 47 33 47 32 34 5 44 22 41
275 30 1 47 39 44 5 44 5 41 22 38 30 39 8 40 8 37 35 38 3 21 14 24 22 39 19 36 23 50 16 49 19 43 29 41 7 28 6 26 6 27 14 48 3 42 34 46 10 34 22 25 9 45 23 32 27 50 33 35 13 31
264 30 18 34 5 28 2 38 15 49 20 50 5 30 7 35 15 39 10 47 34 36 16 44 9 26 8 48 19 40 32 45 10 21 38 43 23 47 4 46 29 44 7 25 10 41 16 42 11 24 37 45 1 32 33 39 14 22 31 47 27 35
271 30 16 32 33 42 2 25 10 40 30 39 37 46 33 41 34 49 2 43 1 45 26 38 34 50 9 35 8 26 15 31 2 46 42 47 40 44 44 47 27 28 21 41 28 43 29 36 29 35 14 50 22 40 2 48 24 43 35 39 23 35
247 30 20 43 6 50 6 26 10 47 1 45 26 28 24 28 34 35 43 48 4 49 23 50 33 35 25 45 21 27 4 37 39 40 8 39 25 46 22 32 11 42 35 41 13 21 44 49 9 35 23 32 36 47 31 40 19 30 8 38 24 29
261 30 12 46 14 42 7 35 3 48 10 23 12 43 29 38 15 28 34 43 25 35 18 29 21 46 30 32 13 41 32 38 42 44 27 42 27 33 26 39 17 49 31 45 36 43 14 24 10 39 16 22 21 47 31 42 40 46 37 39 18 50
243 30 8 45 22 32 14 24 36 39 7 41 15 50 42 46 7 36 33 42 20 49 26 29 21 47 20 44 3 47 31 50 6 33 1 30 25 38 1 26 19 35 6 23 27 42 20 38 10 40 11 43 26 37 6 32 13 48 11 34 23 28
273 30 5 27 18 38 30 38 26 29 29 39 25 47 2 23 4 48 22 27 42 49 33 49 10 24 21 35 20 41 7 42 20 45 8 47 5 43 1 37 23 26 25 40 17 28 12 46 9 36 27 44 35 42 25 32 29 34 19 31 15 50
265 30 14 26 18 34 26 42 8 29 32 41 25 40 11 21 29 37 4 44 17 30 5 43 4 33 26 40 27 28 11 41 39 47 20 47 14 46 6 27 17 36 19 48 18 38 24 37 5 50 32 45 49 50 5 22 3 35 13 31 23 42
281 30 13 42 1 38 15 43 12 37 20 32 14 30 43 47 11 21 36 42 35 48 19 35 28 38 22 39 22 31 41 49 17 40 21 31 15 45 29 42 29 49 24 31 26 34 34 41 8 33 23 28 11 44 44 50 27 28 3 46 21 25
239 30 16 48 31 46 40 43 20 42 5 37 21 40 31 32 20 40 7 30 14 28 16 47 34 43 9 38 10 29 20 33 22 49 33 44 15 26 10 46 14 36 6 22 1 39 27 43 14 41 23 32 46 50 21 45 25 50 16 35 24 36
282 30 6 26 16 38 31 45 35 42 23 30 41 46 21 40 18 32 34 48 21 45 33 50 21 28 30 40 19 43 6 50 23 43 37 38 38 42 24 25 11 22 29 46 46 49 5 41 34 42 16 25 22 36 22 27 4 44 24 47 6 39
233 30 2 33 37 42 21 33 4 45 10 40 15 46 33 49 35 43 10 37 6 41 22 32 7 44 31 50 3 38 20 27 8 50 24 42 19 34 12 29 30 39 10 32 32 47 16 48 7 28 7 43 14 23 36 39 10 39 14 26 25 43
278 30 20 37 24 47 18 25 43 47 7 45 18 43 5 39 32 42 17 21 20 49 10 38 37 42 9 46 33 44 22 47 25 36 12 26 3 23 27 31 30 43 10 41 23 28 24 50 11 48 44 46 29 43 2 31 22 34 2 40 35 45
262 30 9 34 39 47 17 44 30 33 1 43 27 42 8 24 9 36 5 46 15 21 31 33 25 45 13 23 41 44 26 29 13 26 35 36 3 27 37 49 14 45 7 31 32 39 13 50 18 48 47 50 4 22 27 38 6 40 40 49 3 28
260 30 46 48 12 24 37 39 8 42 10 33 46 47 6 30 33 45 29 49 32 50 31 34 21 22 27 35 10 28 13 37 3 43 34 43 6 49 3 44 37 48 36 39 12 22 33 38 23 47 26 34 35 43 29 40 14 32 3 25 32 41
269 30 21 23 19 43 14 26 39 44 21 41 8 29 22 40 26 49 44 49 21 49 16 45 32 37 18 31 31 33 28 44 24 25 25 36 5 35 34 37 12 48 1 32 2 36 36 46 7 27 38 43 12 22 4 47 38 42 12 30 40 50
291 30 20 36 15 21 20 22 31 32 13 45 31 35 21 30 11 50 2 24 17 42 19 40 18 46 2 48 24 25 10 43 19 38 41 48 15 34 23 24 21 28 13 26 11 47 24 32 2 29 13 27 29 49 4 37 35 39 7 44 12 33
289 30 20 45 31 40 13 37 7 48 6 36 20 31 22 33 38 46 9 43 5 39 23 47 4 34 25 42 10 46 10 25 17 41 24 37 12 44 24 26 15 23 22 45 22 50 35 42 21 47 3 29 30 43 28 32 32 49 27 35 12 28
252 30 23 48 9 42 31 42 29 44 22 30 14 29 21 39 7 46 24 33 11 38 25 44 28 34 25 33 20 40 27 36 27 35 27 34 2 47 31 45 35 48 32 38 20 39 43 49 34 42 26 33 26 43 34 41 26 37 26 50 30 37
295 30 5 34 7 42 9 36 4 30 7 48 12 23 16 41 29 39 19 38 20 32 13 46 18 44 31 50 26 30 15 37 21 24 29 37 5 45 31 42 9 33 26 28 17 24 33 49 27 32 9 25 43 50 35 37 16 47 22 27 12 40
281 30 27 40 9 46 10 44 32 37 19 30 40 46 7 47 7 37 6 39 24 38 42 47 16 35 43 48 3 36 3 45 7 31 21 24 5 21 7 29 33 34 42 50 5 33 26 28 41 43 33 43 22 36 15 23 22 26 17 25 3 49
263 30 21 27 23 31 13 22 22 47 6 25 25 28 24 47 20 31 35 41 4 21 4 43 30 33 31 41 27 36 6 49 29 31 2 46 21 39 3 42 12 45 26 35 10 50 24 40 38 40 29 44 30 39 34 44 7 32 24 48 31 37
252 30 1 24 26 28 1 21 42 48 32 39 38 42 23 44 14 44 7 39 34 50 13 36 6 22 36 50 5 30 23 28 21 40 22 41 25 43 1 49 20 48 30 43 21 33 2 47 9 27 36 45 36 37 28 46 30 35 6 29 31 48
279 30 16 25 29 41 28 49 39 43 30 49 6 49 18 44 36 43 36 49 41 48 13 35 42 44 18 40 44 45 5 29 31 40 31 47 28 46 26 38 20 34 35 38 23 42 30 50 21 44 27 44 27 32 24 27 1 33 11 22 17 37
280 30 40 46 17 31 7 38 16 48 19 43 16 41 21 22 17 33 23 39 3 42 6 40 1 27 23 46 26 44 21 49 24 35 9 50 25 46 34 44 3 45 18 34 34 36 33 35 32 50 3 37 39 47 8 29 15 22 21 28 16 30
286 30 7 30 48 49 6 41 41 48 24 28 6 37 17 38 1 33 35 42 6 43 25 28 42 48 27 29 11 44 17 34 20 50 15 32 18 47 7 21 19 46 21 24 22 30 36 43 18 39 7 40 27 41 31 48 11 23 26 50 23 45
289 30 33 47 21 23 30 49 15 44 22 35 8 46 43 50 9 41 20 38 26 36 28 29 17 39 23 36 23 39 21 47 26 27 45 48 39 43 40 41 1 45 19 49 31 43 34 38 29 34 13 25 22 42 24 31 15 42 25 37 10 32
273 30 31 43 13 27 4 35 25 33 31 41 3 49 37 40 38 44 22 38 9 24 35 47 22 49 20 39 26 36 7 26 19 32 29 46 2 37 12 48 29 33 12 21 16 28 14 34 30 39 17 29 10 45 31 35 23 32 42 47 29 50
234 30 3 33 23 36 44 47 40 49 32 41 38 42 30 38 16 35 9 46 13 43 29 32 15 36 1 26 24 27 6 25 16 47 10 49 22 35 5 32 34 47 31 47 37 49 21 25 28 38 4 39 29 30 33 48 29 50 27 35 44 45
270 30 34 43 13 22 25 46 36 39 5 48 30 35 26 32 1 46 35 47 6 41 2 45 19 39 25 35 6 27 28 43 24 43 12 23 23 31 12 26 21 42 34 41 21 38 42 48 16 50 16 37 8 29 28 44 40 45 11 33 39 49
240 30 19 48 24 43 33 43 7 36 3 24 7 21 1 31 27 50 4 26 6 49 23 30 18 23 12 28 37 46 7 44 16 35 40 41 37 43 23 29 34 37 9 41 8 45 10 25 32 40 26 50 22 41 31 42 34 39 23 38 2 47
276 30 2 40 6 31 35 50 15 22 1 43 32 50 17 37 17 34 2 25 20 49 3 30 29 48 11 41 37 46 24 37 4 21 8 47 1 33 9 27 16 29 26 50 4 23 32 43 19 39 37 45 36 46 18 44 2 42 34 38 18 28
262 30 19 46 7 47 18 41 17 44 41 50 12 27 13 35 15 25 5 37 9 31 30 38 39 42 21 36 7 24 18 33 21 29 35 36 17 40 23 47 3 43 39 43 9 28 13 34 34 38 22 42 32 35 22 45 23 49 26 33 48 50
235 30 39 43 16 35 29 43 20 33 35 46 7 39 15 32 21 47 17 44 11 50 29 34 24 48 31 40 9 22 20 47 30 47 42 46 23 43 24 39 19 41 2 31 39 45 47 49 36 42 27 40 31 38 2 37 26 32 25 34 20 28
276 30 40 45 9 34 9 22 7 40 15 29 4 41 15 36 4 49 6 26 24 47 11 38 11 37 20 35 26 43 42 48 9 39 22 24 4 28 16 21 2 48 8 46 23 30 29 32 19 31 23 33 25 39 17 30 19 44 20 50 27 48
265 30 7 48 1 21 15 42 23 34 11 37 2 33 12 45 14 32 1 24 10 25 11 50 8 31 41 45 6 39 8 46 16 30 16 40 3 22 11 35 21 28 21 27 26 29 29 30 3 49 44 45 38 48 39 47 5 34 36 37 17 43
233 30 27 42 5 41 19 32 29 35 13 43 34 39 1 21 38 44 13 24 9 40 29 45 19 50 1 48 25 26 26 34 28 43 4 31 8 27 32 34 47 49 21 35 11 23 3 33 34 44 2 30 32 49 9 22 16 37 44 46 36 42
287 30 6 47 31 49 16 43 21 28 39 45 37 41 18 36 3 41 8 45 28 43 30 46 21 50 28 30 20 35 1 24 39 49 26 50 34 49 2 32 9 25 6 38 42 50 34 40 45 48 29 39 20 22 33 40 17 23 27 39 27 44
283 30 18 35 42 49 4 34 12 21 26 27 23 36 5 38 5 23 5 49 4 30 37 38 25 39 1 44 25 45 13 41 26 42 9 39 31 45 9 50 42 48 37 43 21 47 32 48 4 22 40 46 29 49 34 40 6 28 24 36 10 33
264 30 5 38 7 30 15 35 9 32 19 40 29 49 18 47 5 50 15 24 2 21 32 48 45 49 28 37 23 27 40 44 6 23 41 46 1 36 18 34 8 43 39 44 29 41 37 41 29 47 4 33 5 25 1 31 26 36 22 36 4 42
276 30 1 31 38 49 7 33 1 47 5 32 17 28 19 29 3 22 24 29 19 23 4 25 21 25 16 45 14 44 32 37 27 28 5 38 35 42 2 26 21 30 17 48 17 46 13 43 39 41 7 42 17 36 35 40 34 37 27 41 32 50
261 30 7 31 41 45 30 50 4 32 11 43 41 49 5 25 41 47 9 41 19 48 20 36 30 34 45 50 22 25 40 44 11 29 37 45 11 46 26 27 31 33 35 48 39 49 36 40 9 38 26 37 2 23 19 24 20 28 41 42 21 25
265 30 6 21 9 38 3 41 8 31 43 50 45 49 1 37 31 39 21 45 22 34 47 50 17 47 17 29 2 48 26 41 42 47 20 32 40 45 22 30 8 24 17 35 36 41 9 23 15 46 28 40 23 33 22 48 6 25 29 44 27 40
262 30 16 22 23 24 14 24 17 43 2 49 24 25 38 39 47 48 30 33 16 26 38 49 19 30 12 32 26 40 20 42 12 35 7 36 16 50 27 42 9 34 28 31 31 45 34 47 28 34 34 37 8 21 16 41 13 44 17 46 23 29
255 30 27 39 6 25 35 50 5 40 30 36 5 29 10 27 30 48 16 34 13 49 10 45 30 44 4 26 1 48 28 50 20 43 22 48 32 35 32 41 25 35 21 23 16 47 2 24 31 33 35 42 20 46 24 31 21 49 18 37 26 38
276 30 36 43 18 29 30 42 44 45 16 25 17 28 9 44 15 35 5 42 21 41 28 47 28 49 14 21 20 36 7 39 31 49 30 37 32 43 11 22 36 38 26 27 5 34 26 28 23 30 24 47 14 46 19 33 22 48 12 50 29 40
250 30 39 50 6 31 1 29 20 40 3 49 33 47 5 45 8 24 14 50 3 32 40 47 10 37 29 43 10 26 23 37 11 46 17 34 15 21 35 48 4 30 22 49 42 44 27 48 11 41 5 42 1 28 27 36 24 48 10 25 12 38
274 30 22 41 15 48 31 36 2 34 29 47 1 31 26 31 18 35 29 41 32 50 19 42 16 46 28 47 12 43 18 28 37 38 16 33 13 24 29 45 23 37 8 39 27 48 30 31 7 23 14 49 21 45 31 32 32 44 30 40 14 25
270 30 11 36 48 49 3 27 23 26 3 38 30 32 25 39 8 34 44 49 25 28 8 24 21 35 34 40 23 50 28 38 22 25 24 29 47 48 13 48 31 50 34 37 14 45 23 39 22 32 21 37 38 42 10 46 18 41 33 42 7 43
242 30 18 45 31 32 12 28 7 27 3 38 32 42 9 42 23 31 39 48 26 32 30 33 10 43 9 33 24 50 25 39 6 25 22 29 40 43 11 34 22 27 21 41 19 41 35 47 4 46 22 47 38 44 24 25 24 36 4 37 10 49
266 30 25 47 17 25 8 37 7 45 8 49 13 43 28 48 7 22 31 38 4 21 39 46 41 47 17 31 16 23 7 26 5 32 26 27 4 42 11 35 6 28 7 44 24 46 27 39 29 39 31 33 10 34 28 30 40 43 49 50 11 36
263 30 37 43 7 47 6 24 21 27 25 31 29 37 29 49 38 49 35 42 31 47 42 43 11 38 10 22 16 48 34 36 16 21 27 28 33 38 37 44 31 36 11 46 36 45 22 30 22 26 41 43 21 39 32 49 38 40 34 50 10 23
247 30 11 35 44 45 40 45 22 25 34 39 33 39 34 41 17 44 9 49 3 29 18 38 18 39 26 40 29 43 14 28 30 35 45 47 1 31 21 23 8 50 31 46 32 39 23 33 24 37 13 37 22 30 27 38 8 36 15 48 13 42
265 30 18 25 36 37 38 47 37 43 19 24 13 50 21 34 27 32 9 35 19 40 42 48 26 40 13 37 28 33 38 40 10 46 24 45 3 29 12 31 43 44 2 28 37 42 9 30 22 39 39 44 6 21 13 41 23 32 16 32 49 50
264 30 6 33 33 34 27 46 9 21 36 46 23 25 17 44 41 47 30 35 37 46 28 33 8 23 42 48 30 37 20 39 18 46 37 47 10 49 41 45 12 29 20 50 18 40 14 43 31 40 4 38 16 42 20 26 12 22 24 35 23 32
235 30 1 24 19 23 24 48 12 28 19 37 17 26 42 49 35 46 38 41 10 46 25 36 22 47 27 42 4 30 17 44 8 43 29 33 36 46 11 27 35 38 23 32 23 29 10 45 3 22 10 50 31 32 34 46 21 49 5 39 3 40
257 30 38 44 18 22 9 45 6 24 18 35 26 42 10 49 23 32 25 26 24 43 17 50 7 28 6 42 34 40 27 36 5 38 23 24 30 40 8 29 16 31 33 50 36 40 21 24 25 41 35 40 30 48 24 37 10 39 25 47 36 46
260 30 37 48 3 30 28 34 3 39 25 37 22 25 10 46 31 34 6 34 23 47 4 35 39 48 23 31 19 26 19 38 4 36 15 44 12 33 20 49 20 32 40 44 22 24 22 41 20 43 42 49 27 28 3 29 2 21 29 50 40 45
223 30 26 35 13 33 22 27 7 34 13 43 7 32 24 40 9 23 12 39 10 48 38 50 21 30 28 44 31 41 20 25 12 44 20 29 20 37 26 31 1 42 22 30 14 21 18 47 41 45 6 26 32 36 2 40 27 50 5 49 25 46
268 30 20 26 27 42 32 50 12 34 3 30 19 39 5 28 7 29 32 33 27 37 46 47 44 48 31 48 18 24 22 45 14 32 32 47 11 22 15 44 14 42 6 25 33 38 12 36 38 43 12 35 4 49 23 44 10 41 14 40 21 36
243 30 27 39 16 30 33 45 24 40 4 41 29 34 21 26 42 49 20 35 12 44 40 47 14 43 15 27 29 35 6 31 32 34 10 49 8 28 6 21 17 40 11 25 36 42 22 31 38 44 25 33 22 48 47 50 27 37 2 46 3 23
280 30 27 28 11 39 35 37 32 44 3 26 29 41 33 46 4 43 11 47 1 21 24 26 13 29 23 34 2 46 21 48 19 42 32 35 38 39 3 32 7 40 22 49 23 35 19 30 8 28 16 49 36 43 21 25 41 50 31 35 16 45
274 30 18 35 16 49 3 28 21 30 25 47 13 50 30 36 35 46 13 27 8 47 45 49 2 37 43 49 7 39 23 25 2 34 23 38 18 42 41 46 9 22 19 36 30 48 40 47 1 32 29 36 31 41 44 46 26 28 22 24 33 37
269 30 1 48 9 43 14 26 20 37 2 36 6 47 27 33 29 33 14 44 12 39 14 32 30 34 5 28 3 22 34 47 9 40 12 31 19 27 10 35 10 41 10 46 27 50 24 32 39 49 27 38 9 45 21 22 2 42 18 23 25 32
266 30 16 44 23 28 30 43 10 48 13 28 24 44 8 26 32 37 10 42 25 27 7 38 7 37 36 41 33 44 34 46 38 46 35 49 13 30 27 46 1 35 37 41 47 48 8 22 14 40 31 43 21 47 39 47 29 48 25 45 3 50
288 30 2 45 3 44 25 49 14 43 22 24 35 49 17 24 36 45 6 26 45 49 38 49 32 41 4 39 30 43 25 34 12 23 25 31 29 48 13 46 23 29 40 42 13 42 3 28 2 21 27 43 37 40 28 32 19 50 27 47 33 39
282 30 20 46 21 30 11 42 16 28 6 32 14 37 26 44 40 46 15 50 8 27 23 46 22 48 34 36 8 38 30 31 5 25 35 48 8 33 8 45 31 50 30 35 1 41 29 37 11 24 21 34 39 45 4 44 16 47 38 49 3 43
248 30 14 23 13 36 31 35 28 29 6 25 31 46 7 39 1 27 8 28 16 49 11 31 5 43 38 43 24 33 47 49 27 42 34 45 21 45 11 34 19 50 32 33 16 41 23 26 25 48 32 48 32 40 37 45 22 45 21 30 5 44
275 30 17 46 35 39 22 34 2 29 32 40 6 31 8 38 24 40 9 44 5 35 24 37 22 37 25 27 20 28 2 45 35 41 21 35 37 49 12 48 7 25 29 49 11 33 21 30 20 26 31 36 33 43 27 50 22 23 5 42 25 47
265 30 2 30 12 23 25 34 40 46 14 27 15 34 47 49 41 50 2 43 18 35 33 43 8 24 5 44 9 38 36 41 16 37 30 50 40 43 23 29 17 39 42 45 9 49 39 42 5 22 26 35 7 48 24 32 2 21 31 39 27 28
265 30 1 30 19 44 24 39 25 29 10 48 31 35 10 45 32 42 19 40 9 25 44 49 26 29 9 39 7 34 12 27 22 42 22 40 36 41 6 36 12 38 31 50 24 33 23 34 26 31 25 46 14 43 17 21 28 41 23 47 32 37
261 30 38 41 28 36 31 38 23 39 8 49 15 42 29 45 15 22 17 28 28 48 16 47 29 46 26 33 33 39 10 38 18 45 12 32 1 39 19 44 41 43 30 50 47 50 1 35 25 31 40 42 27 44 2 24 2 34 21 29 37 46
259 30 28 34 7 38 30 31 15 35 7 46 27 32 41 44 18 31 39 40 6 23 24 28 34 47 21 49 15 28 12 27 7 44 7 26 21 25 21 40 19 33 26 50 29 47 13 39 9 22 18 36 16 42 33 48 26 43 45 49 37 39
265 30 15 27 40 47 18 43 28 32 26 49 31 46 22 42 30 45 22 49 21 41 18 41 31 49 21 44 23 36 22 48 39 45 16 36 10 34 22 23 49 50 38 49 2 37 32 50 20 47 19 30 23 24 30 33 9 25 35 42 29 41
265 30 16 31 5 37 10 24 34 40 7 26 25 31 5 44 8 41 1 38 22 39 27 39 22 36 26 27 10 50 23 42 9 28 31 47 48 50 9 43 41 42 30 41 38 45 35 40 18 21 21 46 21 35 24 29 3 33 25 32 43 49
248 30 6 36 28 47 28 31 37 40 4 44 13 23 27 49 13 46 35 36 33 44 21 43 39 40 14 45 6 24 36 40 22 40 15 29 27 41 27 28 34 39 14 25 40 43 42 46 19 41 10 26 25 50 30 32 9 32 32 48 29 38
264 30 3 28 46 48 23 27 12 29 16 32 10 24 20 47 21 39 27 34 20 34 8 30 6 44 18 36 11 43 4 42 18 21 17 48 37 48 14 31 17 33 39 45 13 41 3 26 37 40 1 49 28 50 20 22 25 44 18 38 11 35
273 30 33 48 2 40 25 42 20 23 13 46 19 43 8 48 19 31 25 31 31 44 14 34 35 47 32 38 8 45 18 26 3 22 8 39 32 50 10 29 21 33 29 41 28 46 6 24 23 50 36 39 21 47 29 37 29 49 17 27 10 30
271 30 17 37 27 28 3 42 12 41 33 47 5 25 12 29 28 40 8 45 32 41 33 48 19 47 18 40 16 43 21 39 12 50 34 47 22 45 34 44 6 26 26 46 29 49 17 38 3 39 8 24 15 35 31 42 31 36 3 30 23 46
239 30 6 30 21 32 8 37 19 47 5 49 12 40 32 47 27 28 2 33 25 37 5 27 44 46 24 48 26 38 28 31 31 34 43 48 24 45 17 29 22 48 22 42 31 36 37 38 27 42 34 50 14 41 39 49 29 44 23 45 24 35
253 30 34 36 24 34 9 46 8 48 17 31 27 39 14 35 4 37 17 21 2 50 22 28 19 28 19 27 5 45 15 43 6 34 36 42 30 44 30 32 32 34 33 39 5 47 14 29 41 45 26 34 25 49 23 32 16 49 38 44 40 41
243 30 25 31 38 45 24 35 9 43 2 49 37 45 20 21 13 47 37 47 26 48 11 39 1 46 34 49 13 36 29 34 2 35 30 34 28 42 28 47 23 38 22 33 35 48 36 50 13 27 40 47 26 31 22 39 39 44 36 41 32 33
262 30 27 33 29 34 18 21 3 28 13 34 36 45 23 40 16 50 17 26 22 32 22 47 10 43 3 46 21 44 12 33 42 43 11 41 31 32 20 31 6 40 13 45 30 35 1 39 5 37 4 25 20 24 17 49 34 35 15 38 39 48
244 30 6 50 18 42 28 31 12 22 3 33 31 37 8 46 43 47 37 47 34 36 12 38 18 35 23 38 2 45 25 35 29 34 15 26 16 37 24 49 10 49 1 29 7 32 23 48 20 27 11 30 36 44 17 39 35 40 20 21 14 41
276 30 1 27 32 39 14 29 10 25 20 49 43 50 24 36 19 47 24 42 20 21 29 46 30 31 1 32 4 23 34 48 31 34 30 49 9 22 17 45 27 44 18 33 42 48 18 38 22 26 27 28 14 50 16 40 35 47 3 41 37 43
233 30 17 39 6 41 8 38 22 37 35 36 24 28 10 45 17 36 2 50 12 25 12 34 13 47 22 34 19 30 13 24 32 36 35 42 10 27 14 43 29 43 29 46 28 31 26 32 23 31 1 48 21 38 6 44 31 49 7 33 8 40
242 30 25 37 12 32 1 42 15 31 19 22 33 46 14 41 10 21 20 50 19 25 36 43 27 49 26 37 18 38 8 47 28 39 4 33 5 35 22 23 30 36 22 39 2 44 40 49 17 36 29 42 37 40 23 45 24 28 22 34 14 48
260 30 11 25 9 48 24 29 7 40 22 34 34 47 28 42 3 30 19 32 23 33 27 47 25 45 20 23 37 42 26 45 37 47 30 31 29 38 12 27 13 49 4 36 35 45 4 43 5 21 24 47 16 46 26 44 44 50 38 39 41 49
266 30 18 46 24 29 15 39 24 28 26 45 25 49 23 35 41 49 25 30 19 47 35 50 5 50 15 43 25 42 16 33 12 42 35 48 28 32 1 40 24 36 20 32 27 49 25 44 37 42 26 33 21 40 31 44 7 22 3 38 34 45
247 30 20 37 37 48 9 32 12 30 3 41 12 42 16 39 11 29 10 46 6 38 13 45 2 22 33 50 23 47 41 49 28 33 8 50 10 40 26 43 16 36 27 47 24 33 14 44 12 25 34 48 47 49 40 43 18 31 21 40 9 35
277 30 5 24 30 50 21 43 4 30 35 41 31 45 30 46 42 49 11 32 10 42 5 25 10 41 12 47 36 47 21 50 23 41 33 42 23 39 21 27 39 48 42 44 19 26 20 34 6 22 6 31 16 37 15 28 3 38 13 29 9 40
254 30 4 44 9 43 29 33 39 42 31 38 19 42 10 24 32 41 29 42 20 49 31 48 21 36 23 31 24 35 32 46 19 34 24 41 40 41 27 34 5 36 25 39 41 50 21 26 20 38 19 28 11 47 36 37 16 22 38 45 11 30
266 30 21 45 20 28 26 30 2 25 6 48 31 40 35 45 4 46 2 38 11 45 38 43 23 48 4 42 1 49 24 48 1 37 23 47 25 39 36 44 22 41 1 31 24 29 2 27 8 41 36 41 34 44 13 30 23 50 11 33 28 32
261 30 41 46 17 24 17 22 16 27 30 47 12 36 23 47 4 28 15 31 34 35 13 26 3 48 7 38 22 40 16 37 7 43 9 29 44 46 11 30 31 35 21 48 10 45 5 42 5 49 25 41 40 46 33 43 8 39 6 32 1 50
263 30 26 27 43 50 11 31 17 21 7 50 7 30 27 29 36 47 33 50 33 44 22 26 24 29 29 46 14 41 25 47 6 45 22 43 30 40 17 37 28 33 43 49 9 34 38 45 23 26 39 49 18 35 24 42 18 48 25 30 22 32
239 30 13 29 25 29 26 44 3 42 16 41 17 31 8 50 18 21 4 44 3 27 28 43 1 23 6 33 28 50 15 40 21 47 25 39 36 49 35 45 35 37 33 34 49 50 24 25 22 36 43 45 12 38 11 32 30 33 26 46 30 48
249 30 26 50 2 32 18 24 18 38 10 34 11 31 40 41 26 39 43 48 8 44 2 50 27 49 31 41 7 29 6 46 10 37 38 42 15 45 45 49 29 43 9 36 21 23 4 47 28 44 35 48 33 40 2 30 25 28 23 29 22 34
242 30 9 22 9 32 15 47 16 27 48 49 17 24 26 30 2 38 7 29 3 25 39 49 38 43 8 36 21 31 23 46 8 28 41 42 27 50 21 30 27 31 21 49 28 35 22 45 6 23 3 41 12 34 29 37 30 40 31 33 16 44
281 30 2 21 24 31 28 32 8 50 4 33 16 30 35 45 9 45 19 26 37 45 11 39 6 38 21 40 26 27 8 22 35 43 2 36 5 46 28 33 31 36 32 34 25 38 4 48 23 26 22 49 3 44 1 42 29 42 21 41 47 48
270 30 9 28 9 44 25 31 14 25 18 32 10 37 32 40 18 27 39 49 31 49 20 29 7 35 29 48 26 48 20 41 41 50 23 25 21 43 45 48 32 47 6 30 20 33 8 34 6 38 41 42 36 47 21 45 16 46 24 48 18 22
266 30 39 45 16 24 20 45 35 41 25 42 22 45 2 27 28 34 23 26 30 32 20 30 38 42 16 33 31 48 27 37 35 47 2 28 31 49 15 38 10 40 28 49 11 47 6 36 26 46 20 29 25 46 37 44 21 47 21 43 33 50
265 30 6 45 4 39 4 41 6 30 24 32 38 48 25 47 18 44 14 40 27 29 2 46 32 43 15 42 19 43 10 31 27 34 35 50 13 22 13 25 18 34 34 37 33 50 40 50 25 28 24 48 35 49 36 43 21 29 26 32 2 23
269 30 23 36 14 32 25 49 2 30 12 23 29 40 22 50 17 39 2 34 20 29 18 46 3 48 6 47 21 31 35 38 44 49 21 36 24 33 9 35 24 46 42 44 11 44 22 32 4 28 32 45 17 26 24 37 27 47 31 43 8 41
240 30 23 47 21 41 30 33 14 37 22 47 26 49 34 45 11 34 25 42 2 36 20 26 36 48 9 47 5 27 31 38 21 34 12 43 26 50 21 33 2 29 28 46 20 46 23 35 9 31 31 32 5 42 32 40 29 44 39 48 24 46
278 30 14 44 15 50 14 37 16 21 17 23 9 48 12 27 43 47 8 22 25 47 4 30 2 49 24 32 6 28 21 47 27 32 20 39 38 48 17 35 35 41 26 44 42 44 14 46 39 45 30 36 8 34 11 40 7 29 31 32 33 36
248 30 5 43 17 50 19 48 3 40 31 33 21 35 26 27 12 38 13 37 9 46 15 47 29 45 16 41 32 43 7 34 22 34 13 29 17 33 26 28 18 30 14 49 23 32 18 35 23 27 7 42 19 36 16 24 8 25 39 50 44 45
254 30 30 41 6 32 22 23 21 47 1 22 34 44 22 47 28 33 1 26 10 28 25 46 46 48 13 45 17 39 3 46 29 32 15 24 28 42 12 49 9 41 2 43 12 34 38 40 36 44 17 50 6 37 35 40 24 31 27 37 21 38
250 30 22 26 32 47 21 39 12 36 16 50 32 49 35 40 25 36 17 46 5 37 7 40 21 49 12 47 27 40 11 45 30 40 8 23 21 33 33 34 10 38 13 28 26 40 40 42 13 24 42 43 29 38 11 44 41 45 27 31 10 48
267 30 6 28 5 29 15 33 32 48 4 45 25 39 24 27 12 26 33 49 9 32 42 49 12 27 21 47 22 36 24 30 2 25 16 35 23 40 3 38 38 50 7 41 16 40 38 43 16 21 34 46 22 38 1 46 15 31 16 44 33 37
253 30 18 49 33 36 37 48 1 32 31 45 44 45 23 28 23 42 41 44 33 40 14 34 21 50 26 29 6 38 3 46 12 37 27 43 26 32 36 37 19 27 11 35 1 31 24 43 18 21 28 48 31 39 10 47 6 25 8 30 3 22
267 30 44 46 32 34 35 46 34 48 10 33 19 31 15 37 13 34 4 42 23 43 27 36 18 43 30 40 5 44 18 47 48 49 37 50 13 27 13 30 3 29 23 25 24 46 12 45 26 40 22 33 31 38 41 46 23 39 3 28 21 34
259 30 24 34 9 22 3 32 20 30 9 41 31 33 10 45 7 28 22 36 22 43 22 37 31 50 44 49 32 40 24 49 3 21 41 50 3 24 27 33 1 47 20 25 31 38 12 46 6 35 36 42 16 48 29 37 23 43 2 39 3 26
277 30 34 41 10 42 5 27 25 44 34 36 29 31 17 30 17 41 17 43 5 24 34 48 19 23 20 38 21 27 11 46 19 47 7 39 33 34 33 35 22 41 17 44 24 45 3 31 24 32 8 37 26 48 1 49 40 47 28 46 22 50
219 30 39 46 34 49 11 35 29 33 34 44 24 39 6 48 3 21 45 49 16 47 1 30 3 39 25 43 11 34 42 45 25 42 21 31 17 37 36 44 22 38 32 39 14 38 5 40 19 26 4 28 17 23 29 39 27 32 14 50 18 41
264 30 37 49 13 38 5 47 23 49 14 44 10 29 23 39 5 45 10 42 32 37 24 30 14 31 35 38 20 24 1 26 39 47 15 25 41 43 19 22 15 36 45 50 44 46 44 48 33 37 28 48 21 29 25 34 16 27 12 43 36 40
270 30 25 43 11 34 16 26 28 47 7 44 28 43 24 28 9 22 32 47 11 42 5 33 22 30 41 50 14 43 10 35 33 45 9 39 35 40 19 23 18 29 7 27 3 49 28 41 41 48 13 36 21 30 13 38 31 41 13 37 27 46
245 30 21 25 11 50 9 33 29 30 39 49 16 26 25 34 25 37 15 47 29 46 20 29 31 36 18 23 5 28 7 25 35 45 26 44 24 27 19 32 41 46 36 48 41 48 12 45 4 27 22 28 18 43 11 42 7 40 21 49 29 38
246 30 15 44 38 43 37 41 14 39 27 35 16 40 25 28 32 45 26 35 23 44 33 42 26 42 4 49 14 36 11 47 30 31 8 38 3 29 39 50 18 45 3 24 12 34 8 41 16 22 13 28 31 37 14 42 21 39 25 46 11 48
262 30 4 21 23 47 12 43 11 38 36 48 10 25 34 38 11 29 1 22 34 41 18 23 23 26 13 44 27 43 37 48 20 46 4 50 1 33 39 49 28 31 39 43 12 48 22 45 12 32 14 28 30 45 6 24 4 42 10 40 24 35
257 30 19 29 8 34 28 38 18 33 11 48 30 35 10 36 23 50 14 24 14 23 22 24 29 46 32 47 6 41 42 48 5 27 12 32 29 40 14 31 26 48 32 39 7 21 25 35 11 45 11 44 31 49 30 33 37 46 25 38 33 43
292 30 3 35 19 26 25 45 13 22 31 35 14 43 23 31 26 28 25 35 10 46 47 50 36 40 1 24 23 40 27 49 21 42 12 42 30 49 29 33 27 48 8 44 27 32 25 38 18 39 21 33 35 48 33 47 37 41 32 37 34 43
264 30 6 37 29 30 37 48 16 49 6 28 31 33 43 48 32 37 24 25 9 41 24 44 19 31 35 36 30 33 5 24 20 40 20 34 10 47 21 36 25 50 26 28 8 36 30 38 9 45 23 34 37 46 29 39 39 42 26 27 22 31
265 30 29 48 33 38 4 38 6 29 29 36 2 47 37 42 8 41 27 44 10 42 12 24 9 43 13 45 2 25 13 40 32 40 16 35 26 33 34 43 9 50 5 21 24 30 39 41 41 46 23 30 41 49 22 50 14 44 19 31 9 28
276 30 34 41 12 49 13 40 33 46 30 33 28 41 21 28 25 45 18 37 15 28 43 45 8 24 36 42 36 43 11 45 26 46 6 23 24 35 25 26 5 38 5 44 11 31 36 47 8 39 23 48 29 34 22 23 12 27 18 32 15 50
245 30 21 28 15 34 1 30 2 39 6 38 20 22 5 33 27 48 13 40 20 45 37 42 24 25 27 29 1 37 28 32 18 36 41 48 12 28 20 31 20 43 21 29 20 23 24 36 41 50 37 49 19 35 26 44 46 49 25 26 44 47
268 30 11 41 28 42 22 38 42 46 7 33 9 46 41 45 3 30 3 39 33 34 38 42 31 40 17 44 23 44 29 32 27 50 7 49 4 40 24 29 10 24 22 43 15 25 24 48 12 47 22 50 18 26 21 27 19 36 3 37 35 49
276 30 24 36 9 27 13 22 15 36 5 43 12 49 3 41 28 36 17 33 33 40 7 50 15 44 24 30 11 35 45 49 1 26 16 34 15 38 38 46 25 29 29 30 21 22 21 32 27 48 10 47 8 31 16 39 23 36 27 42 33 37
241 30 7 40 9 47 47 49 18 48 17 31 20 39 10 25 20 21 8 24 3 32 10 22 1 41 25 27 2 38 27 30 27 29 34 39 28 29 46 50 13 33 24 37 5 44 31 45 18 46 17 36 19 26 16 35 11 23 31 43 20 42
258 30 5 23 20 44 4 38 20 21 12 25 33 40 23 30 1 37 17 24 39 48 2 22 14 42 32 50 7 29 15 26 24 32 7 45 4 33 15 27 3 48 5 28 29 49 9 34 31 41 18 36 25 35 19 43 13 31 6 46 7 47
