Cantidad de fabricas;Cantidad de clientes;Cantidad de rutas;Tiempo de ejecucion;Tamaño de la solucion
20;30;30;1.5435e-05;30
20;30;30;1.32e-05;30
20;30;30;4.0647e-05;30
20;30;30;1.306e-05;30
20;30;30;1.3409e-05;30
20;30;30;1.3339e-05;30
20;30;30;1.3619e-05;30
20;30;30;1.2712e-05;30
20;30;30;1.306e-05;30
20;30;30;1.3061e-05;30
20;30;30;1.2921e-05;30
20;30;30;1.3899e-05;30
20;30;30;1.3899e-05;30
20;30;30;1.313e-05;30
20;30;30;1.3339e-05;30
20;30;30;1.3061e-05;30
20;30;30;1.3061e-05;30
20;30;30;1.3549e-05;30
20;30;30;1.2712e-05;30
20;30;30;1.3689e-05;30
20;30;30;1.2711e-05;30
20;30;30;1.2362e-05;30
20;30;30;1.2851e-05;30
20;30;30;1.285e-05;30
20;30;30;1.3549e-05;30
20;30;30;1.306e-05;30
20;30;30;1.327e-05;30
20;30;30;1.334e-05;30
20;30;30;1.2571e-05;30
20;30;30;1.3828e-05;30
20;30;30;1.348e-05;30
20;30;30;1.313e-05;30
20;30;30;1.334e-05;30
20;30;30;1.327e-05;30
20;30;30;1.2572e-05;30
20;30;30;1.2572e-05;30
20;30;30;1.3061e-05;30
20;30;30;1.4178e-05;30
20;30;30;1.2991e-05;30
20;30;30;1.327e-05;30
20;30;30;1.313e-05;30
20;30;30;1.341e-05;30
20;30;30;1.32e-05;30
20;30;30;1.2991e-05;30
20;30;30;1.2431e-05;30
20;30;30;1.2501e-05;30
20;30;30;1.3061e-05;30
20;30;30;1.341e-05;30
20;30;30;1.3759e-05;30
20;30;30;1.4737e-05;30
20;30;145;5.1124e-05;30
20;30;134;4.7352e-05;30
20;30;131;3.7086e-05;30
20;30;140;3.96e-05;30
20;30;163;4.6025e-05;30
20;30;161;4.5117e-05;30
20;30;135;3.8832e-05;30
20;30;154;5.1613e-05;30
20;30;148;4.2393e-05;30
20;30;121;3.6737e-05;30
20;30;134;4.0088e-05;30
20;30;152;8.3599e-05;30
20;30;158;5.3498e-05;30
20;30;156;4.421e-05;30
20;30;147;4.2604e-05;30
20;30;166;4.6794e-05;30
20;30;143;4.0299e-05;30
20;30;153;4.3581e-05;30
20;30;148;4.2254e-05;30
20;30;149;4.2324e-05;30
20;30;145;4.2254e-05;30
20;30;151;4.3442e-05;30
20;30;136;4.1835e-05;30
20;30;131;4.0718e-05;30
20;30;143;4.0927e-05;30
20;30;155;4.4768e-05;30
20;30;149;4.2324e-05;30
20;30;158;4.407e-05;30
20;30;131;3.7295e-05;30
20;30;159;4.4838e-05;30
20;30;175;4.9936e-05;30
20;30;141;3.9879e-05;30
20;30;136;3.9181e-05;30
20;30;149;4.2254e-05;30
20;30;150;4.1137e-05;30
20;30;149;4.3791e-05;30
20;30;126;3.8762e-05;30
20;30;153;4.2533e-05;30
20;30;152;4.2882e-05;30
20;30;159;4.3092e-05;30
20;30;143;3.9461e-05;30
20;30;152;4.2673e-05;30
20;30;146;3.9949e-05;30
20;30;131;3.8553e-05;30
20;30;153;4.0788e-05;30
20;30;123;3.4292e-05;30
20;30;154;4.1416e-05;30
20;30;153;4.1346e-05;30
20;30;147;3.9949e-05;30
20;30;161;4.3651e-05;30
20;30;270;6.9353e-05;30
20;30;273;6.9632e-05;30
20;30;248;6.579e-05;30
20;30;284;7.3334e-05;30
20;30;279;7.2565e-05;30
20;30;255;6.6419e-05;30
20;30;272;7.1308e-05;30
20;30;262;6.628e-05;30
20;30;280;6.9422e-05;30
20;30;267;6.572e-05;30
20;30;262;6.4464e-05;30
20;30;254;6.5023e-05;30
20;30;254;6.4044e-05;30
20;30;252;6.593e-05;30
20;30;249;6.593e-05;30
20;30;276;7.2076e-05;30
20;30;279;7.3263e-05;30
20;30;250;7.8851e-05;30
20;30;259;6.4742e-05;30
20;30;286;7.48e-05;30
20;30;272;7.3124e-05;30
20;30;288;8.807e-05;30
20;30;277;7.466e-05;30
20;30;261;7.0889e-05;30
20;30;252;6.593e-05;30
20;30;258;7.054e-05;30
20;30;257;6.8584e-05;30
20;30;281;9.219e-05;30
20;30;280;7.5917e-05;30
20;30;267;7.1168e-05;30
20;30;285;7.7175e-05;30
20;30;288;7.8431e-05;30
20;30;258;6.9841e-05;30
20;30;268;7.1867e-05;30
20;30;271;6.9701e-05;30
20;30;275;6.9842e-05;30
20;30;277;7.473e-05;30
20;30;261;7.1517e-05;30
20;30;276;7.3543e-05;30
20;30;256;6.7117e-05;30
20;30;263;7.4032e-05;30
20;30;282;7.3543e-05;30
20;30;258;6.8934e-05;30
20;30;253;6.8025e-05;30
20;30;264;7.1029e-05;30
20;30;266;7.0959e-05;30
20;30;269;7.2565e-05;30
20;30;282;7.459e-05;30
20;30;267;6.7117e-05;30
20;30;292;8.7791e-05;30
20;30;400;0.00010092;30
20;30;372;9.5054e-05;30
20;30;393;9.8127e-05;30
20;30;384;0.00011419;30
20;30;398;0.000100501;30
20;30;396;9.8896e-05;30
20;30;391;9.7498e-05;30
20;30;391;9.9873e-05;30
20;30;381;9.8197e-05;30
20;30;390;9.8477e-05;30
20;30;386;9.673e-05;30
20;30;380;9.6101e-05;30
20;30;385;9.9175e-05;30
20;30;388;9.7638e-05;30
20;30;368;9.1562e-05;30
20;30;409;0.000100293;30
20;30;393;0.000121105;30
20;30;366;9.0794e-05;30
20;30;407;0.000100642;30
20;30;379;9.24e-05;30
20;30;369;9.4285e-05;30
20;30;400;0.000101409;30
20;30;389;9.694e-05;30
20;30;381;9.8197e-05;30
20;30;393;9.8965e-05;30
20;30;373;9.5053e-05;30
20;30;390;9.8546e-05;30
20;30;368;9.3238e-05;30
20;30;377;9.6939e-05;30
20;30;401;0.000100851;30
20;30;394;9.666e-05;30
20;30;381;9.666e-05;30
20;30;401;0.000102037;30
20;30;376;9.5752e-05;30
20;30;383;0.000103645;30
20;30;379;9.6451e-05;30
20;30;399;0.00010113;30
20;30;419;0.000105949;30
20;30;383;9.7289e-05;30
20;30;374;9.1702e-05;30
20;30;391;9.6171e-05;30
20;30;377;9.3936e-05;30
20;30;398;9.8546e-05;30
20;30;408;9.9733e-05;30
20;30;366;9.1213e-05;30
20;30;371;9.2191e-05;30
20;30;372;9.0864e-05;30
20;30;389;9.659e-05;30
20;30;353;8.6464e-05;30
20;30;407;0.000102248;30
20;30;527;0.000130114;30
20;30;510;0.000124108;30
20;30;501;0.00012313;30
20;30;536;0.000130743;30
20;30;499;0.000123829;30
20;30;543;0.000133747;30
20;30;506;0.000122082;30
20;30;536;0.000129556;30
20;30;491;0.000120196;30
20;30;531;0.000129905;30
20;30;516;0.000125016;30
20;30;521;0.000129067;30
20;30;491;0.00011873;30
20;30;515;0.000125226;30
20;30;513;0.000124108;30
20;30;509;0.000125714;30
20;30;480;0.000116914;30
20;30;539;0.000157422;30
20;30;506;0.000124317;30
20;30;523;0.000125505;30
20;30;516;0.000134794;30
20;30;523;0.000125504;30
20;30;498;0.000124038;30
20;30;490;0.000157981;30
20;30;501;0.000121733;30
20;30;492;0.00011859;30
20;30;493;0.000119637;30
20;30;522;0.000129067;30
20;30;525;0.000130813;30
20;30;508;0.000122501;30
20;30;501;0.000121943;30
20;30;492;0.000120616;30
20;30;521;0.000125854;30
20;30;511;0.000125295;30
20;30;515;0.000125714;30
20;30;515;0.000126273;30
20;30;521;0.000127321;30
20;30;520;0.000125575;30
20;30;525;0.00012746;30
20;30;499;0.000123409;30
20;30;523;0.000127181;30
20;30;502;0.000124038;30
20;30;539;0.000129346;30
20;30;502;0.000123549;30
20;30;471;0.000139892;30
20;30;495;0.00011866;30
20;30;494;0.000120965;30
20;30;533;0.000131232;30
20;30;492;0.000131861;30
20;30;498;0.000121593;30
20;30;634;0.000159657;30
20;30;627;0.000157841;30
20;30;651;0.000168946;30
20;30;641;0.000160984;30
20;30;641;0.000163568;30
20;30;626;0.000163708;30
20;30;630;0.000154559;30
20;30;626;0.000154349;30
20;30;656;0.000163079;30
20;30;625;0.000151765;30
20;30;623;0.000152812;30
20;30;588;0.000145479;30
20;30;654;0.0001584;30
20;30;640;0.000205124;30
20;30;622;0.000151066;30
20;30;626;0.000150298;30
20;30;614;0.00014988;30
20;30;607;0.000147435;30
20;30;641;0.00015826;30
20;30;650;0.000161193;30
20;30;614;0.000148622;30
20;30;619;0.00015826;30
20;30;610;0.000147994;30
20;30;634;0.000158959;30
20;30;617;0.000152813;30
20;30;595;0.000149181;30
20;30;644;0.000161822;30
20;30;618;0.00015414;30
20;30;610;0.000154419;30
20;30;609;0.000149879;30
20;30;626;0.000153022;30
20;30;651;0.000159867;30
20;30;625;0.000151486;30
20;30;609;0.000148622;30
20;30;636;0.000157213;30
20;30;635;0.000153091;30
20;30;638;0.000157772;30
20;30;599;0.000145339;30
20;30;640;0.000155047;30
20;30;594;0.000143663;30
20;30;614;0.000146876;30
20;30;625;0.00014967;30
20;30;651;0.000161403;30
20;30;599;0.00014513;30
20;30;635;0.000155327;30
20;30;641;0.000159169;30
20;30;631;0.00018047;30
20;30;620;0.000164267;30
20;30;621;0.000159866;30
20;30;621;0.000301505;30
20;30;727;0.000183055;30
20;30;773;0.000379866;30
20;30;773;0.000395161;30
20;30;738;0.00036045;30
20;30;744;0.000367155;30
20;30;749;0.000362546;30
20;30;770;0.000376094;30
20;30;743;0.000377352;30
20;30;729;0.000360241;30
20;30;733;0.000375607;30
20;30;750;0.000195975;30
20;30;727;0.000186546;30
20;30;718;0.000178444;30
20;30;748;0.00018906;30
20;30;735;0.000184242;30
20;30;767;0.000193112;30
20;30;759;0.000213086;30
20;30;758;0.000182984;30
20;30;750;0.000250032;30
20;30;737;0.000186825;30
20;30;787;0.000202679;30
20;30;775;0.000199047;30
20;30;779;0.000197231;30
20;30;741;0.000177955;30
20;30;774;0.000190038;30
20;30;739;0.000177885;30
20;30;730;0.000187733;30
20;30;766;0.00018878;30
20;30;788;0.000195904;30
20;30;758;0.000186127;30
20;30;759;0.000185568;30
20;30;778;0.000187034;30
20;30;752;0.00018452;30
20;30;758;0.000183683;30
20;30;789;0.000193181;30
20;30;776;0.000191086;30
20;30;752;0.000182775;30
20;30;740;0.000179842;30
20;30;695;0.000170134;30
20;30;730;0.000179003;30
20;30;751;0.000186895;30
20;30;769;0.000190876;30
20;30;752;0.000238369;30
20;30;752;0.000182007;30
20;30;767;0.000236552;30
20;30;713;0.000190038;30
20;30;778;0.000195206;30
20;30;763;0.00019339;30
20;30;736;0.000191225;30
20;30;751;0.000190457;30
20;30;910;0.000231593;30
20;30;876;0.000211479;30
20;30;865;0.000212178;30
20;30;865;0.000217206;30
20;30;852;0.000208894;30
20;30;868;0.000207916;30
20;30;872;0.000224888;30
20;30;883;0.000214342;30
20;30;862;0.000216158;30
20;30;863;0.00021113;30
20;30;868;0.000211688;30
20;30;861;0.000207568;30
20;30;841;0.000207218;30
20;30;836;0.000210082;30
20;30;886;0.000216439;30
20;30;899;0.000232921;30
20;30;855;0.000216648;30
20;30;888;0.00022866;30
20;30;878;0.000223423;30
20;30;855;0.000213575;30
20;30;887;0.000213435;30
20;30;891;0.000216439;30
20;30;868;0.000212318;30
20;30;859;0.000211549;30
20;30;855;0.000208686;30
20;30;869;0.000214552;30
20;30;862;0.000215949;30
20;30;842;0.000208266;30
20;30;878;0.000214971;30
20;30;884;0.000215669;30
20;30;852;0.000205961;30
20;30;875;0.000212177;30
20;30;860;0.000208895;30
20;30;874;0.00021518;30
20;30;865;0.000213365;30
20;30;858;0.000251568;30
20;30;877;0.000220558;30
20;30;886;0.000223282;30
20;30;893;0.000226007;30
20;30;862;0.00021567;30
20;30;870;0.000210432;30
20;30;865;0.000209035;30
20;30;860;0.000256178;30
20;30;890;0.000217975;30
20;30;870;0.000210851;30
20;30;898;0.00021979;30
20;30;867;0.000212318;30
20;30;837;0.000204775;30
20;30;864;0.000212318;30
20;30;865;0.000208546;30
20;30;980;0.000243607;30
20;30;988;0.000267353;30
20;30;976;0.000239905;30
20;30;987;0.000284882;30
20;30;959;0.000236971;30
20;30;993;0.000297593;30
20;30;1005;0.000258133;30
20;30;1028;0.000261904;30
20;30;989;0.000249613;30
20;30;1017;0.000257295;30
20;30;994;0.000261276;30
20;30;981;0.000241092;30
20;30;980;0.000238577;30
20;30;984;0.000242;30
20;30;995;0.000244095;30
20;30;987;0.000490076;30
20;30;1012;0.000498737;30
20;30;962;0.000475271;30
20;30;1006;0.000407454;30
20;30;971;0.000484769;30
20;30;990;0.000461649;30
20;30;973;0.000483021;30
20;30;989;0.00025052;30
20;30;961;0.000246748;30
20;30;1009;0.000244374;30
20;30;998;0.000245072;30
20;30;1001;0.000262184;30
20;30;996;0.000253664;30
20;30;1012;0.00025981;30
20;30;1003;0.000251638;30
20;30;991;0.000243257;30
20;30;976;0.000243257;30
20;30;973;0.000266794;30
20;30;999;0.000245911;30
20;30;1008;0.000249403;30
20;30;988;0.000245771;30
20;30;967;0.000239625;30
20;30;995;0.000241721;30
20;30;986;0.000247587;30
20;30;1001;0.000253104;30
20;30;996;0.000243397;30
20;30;988;0.000322387;30
20;30;962;0.000235365;30
20;30;995;0.000248076;30
20;30;990;0.000352488;30
20;30;986;0.000248775;30
20;30;966;0.000245003;30
20;30;1014;0.00027259;30
20;30;987;0.00025499;30
20;30;977;0.000256946;30
20;30;1095;0.00027301;30
20;30;1107;0.00026882;30
20;30;1106;0.000271544;30
20;30;1102;0.000270635;30
20;30;1101;0.000269099;30
20;30;1097;0.000272521;30
20;30;1098;0.000278386;30
20;30;1117;0.000286908;30
20;30;1101;0.000280343;30
20;30;1118;0.000283834;30
20;30;1088;0.000274126;30
20;30;1103;0.000287466;30
20;30;1099;0.00027706;30
20;30;1122;0.000285371;30
20;30;1101;0.000286908;30
20;30;1120;0.000278317;30
20;30;1095;0.000267632;30
20;30;1117;0.000276013;30
20;30;1102;0.000270565;30
20;30;1129;0.000284882;30
20;30;1120;0.000284114;30
20;30;1109;0.000278667;30
20;30;1078;0.000277759;30
20;30;1107;0.000302343;30
20;30;1120;0.000285091;30
20;30;1095;0.000276152;30
20;30;1119;0.000326298;30
20;30;1113;0.000287047;30
20;30;1109;0.000284044;30
20;30;1082;0.000271752;30
20;30;1104;0.000278805;30
20;30;1116;0.000283835;30
20;30;1102;0.000361987;30
20;30;1111;0.000276571;30
20;30;1092;0.000311073;30
20;30;1088;0.000275594;30
20;30;1105;0.000280343;30
20;30;1101;0.000278528;30
20;30;1095;0.000278388;30
20;30;1096;0.000282438;30
20;30;1099;0.000269866;30
20;30;1106;0.00027259;30
20;30;1097;0.000276781;30
20;30;1111;0.000273707;30
20;30;1112;0.000270844;30
20;30;1115;0.00027301;30
20;30;1112;0.000277758;30
20;30;1116;0.000275105;30
20;30;1111;0.000271403;30
20;30;1101;0.000270146;30
20;30;1225;0.000306673;30
20;30;1225;0.0003036;30
20;30;1225;0.000306393;30
20;30;1225;0.000298292;30
20;30;1225;0.00030793;30
20;30;1225;0.000305345;30
20;30;1225;0.000300736;30
20;30;1225;0.000302831;30
20;30;1225;0.000304019;30
20;30;1225;0.000310584;30
20;30;1225;0.000604476;30
20;30;1225;0.000559288;30
20;30;1225;0.00060692;30
20;30;1225;0.00059819;30
20;30;1225;0.000300597;30
20;30;1225;0.00030353;30
20;30;1225;0.000305137;30
20;30;1225;0.000304438;30
20;30;1225;0.000302622;30
20;30;1225;0.000298361;30
20;30;1225;0.000298361;30
20;30;1225;0.00030374;30
20;30;1225;0.000304717;30
20;30;1225;0.000306952;30
20;30;1225;0.000305206;30
20;30;1225;0.000305555;30
20;30;1225;0.000308558;30
20;30;1225;0.000307721;30
20;30;1225;0.000302552;30
20;30;1225;0.000302482;30
20;30;1225;0.000344527;30
20;30;1225;0.000299828;30
20;30;1225;0.000302901;30
20;30;1225;0.000301295;30
20;30;1225;0.000301505;30
20;30;1225;0.000301645;30
20;30;1225;0.000297803;30
20;30;1225;0.00030381;30
20;30;1225;0.0003388;30
20;30;1225;0.00029934;30
20;30;1225;0.000302343;30
20;30;1225;0.000301505;30
20;30;1225;0.000302622;30
20;30;1225;0.0002992;30
20;30;1225;0.000300945;30
20;30;1225;0.000310724;30
20;30;1225;0.000301784;30
20;30;1225;0.000305207;30
20;30;1225;0.000296964;30
20;30;1225;0.00029934;30
