Cantidad de fabricas;Cantidad de clientes;Cantidad de rutas;Tiempo de ejecucion;Tamaño de la solucion
14;16;225;0.000104203;16
14;16;216;0.000100013;16
14;16;223;9.8197e-05;16
14;16;220;9.5543e-05;16
14;16;217;0.000110489;16
14;16;222;0.000126412;16
14;16;233;0.000111047;16
14;16;218;9.3587e-05;16
14;16;220;9.7987e-05;16
14;16;219;9.3378e-05;16
14;16;222;0.000100152;16
14;16;235;0.000101828;16
14;16;238;0.000101759;16
14;16;222;9.6102e-05;16
14;16;221;9.3796e-05;16
14;16;232;9.9873e-05;16
14;16;220;9.9733e-05;16
14;16;218;9.6031e-05;16
14;16;219;9.8057e-05;16
14;16;230;0.000100292;16
14;16;251;0.000108394;16
14;16;218;9.3587e-05;16
14;16;212;8.8699e-05;16
14;16;232;9.7568e-05;16
14;16;222;0.000120127;16
14;16;242;0.00010567;16
14;16;236;0.000100921;16
14;16;217;9.3797e-05;16
14;16;241;0.000103434;16
14;16;213;9.6101e-05;16
14;16;220;9.3588e-05;16
14;16;241;0.0001056;16
14;16;215;9.5123e-05;16
14;16;234;0.000103295;16
14;16;200;4.6654e-05;16
14;16;213;5.0286e-05;16
14;16;215;4.7701e-05;16
14;16;231;5.1753e-05;16
14;16;216;4.7493e-05;16
14;16;254;5.5942e-05;16
14;16;234;5.0495e-05;16
14;16;217;4.7702e-05;16
14;16;222;5.0286e-05;16
14;16;239;5.1682e-05;16
14;16;226;5.0845e-05;16
14;16;227;4.8539e-05;16
14;16;235;5.2381e-05;16
14;16;227;4.9867e-05;16
14;16;206;4.4558e-05;16
14;16;240;5.4546e-05;16
13;17;236;5.1194e-05;17
13;17;210;4.7213e-05;17
13;17;232;5.7968e-05;17
13;17;224;5.713e-05;17
13;17;222;4.9727e-05;17
13;17;224;5.1193e-05;17
13;17;231;5.0774e-05;17
13;17;225;4.9308e-05;17
13;17;221;4.8121e-05;17
13;17;227;5.2381e-05;17
13;17;227;5.0635e-05;17
13;17;222;4.9588e-05;17
13;17;236;5.1403e-05;17
13;17;216;4.7492e-05;17
13;17;221;4.833e-05;17
13;17;251;5.4895e-05;17
13;17;209;4.6096e-05;17
13;17;226;5.1263e-05;17
13;17;215;4.6444e-05;17
13;17;228;5.0006e-05;17
13;17;212;4.7282e-05;17
13;17;225;5.8038e-05;17
13;17;222;4.8749e-05;17
13;17;230;5.1473e-05;17
13;17;225;6.9283e-05;17
13;17;230;5.0914e-05;17
13;17;229;6.3905e-05;17
13;17;232;5.0355e-05;17
13;17;223;5.0076e-05;17
13;17;220;0.000100711;17
13;17;228;5.1054e-05;17
13;17;232;0.000102177;17
13;17;230;5.8806e-05;17
13;17;225;5.4127e-05;17
13;17;229;5.4546e-05;17
13;17;218;5.0705e-05;17
13;17;239;5.8388e-05;17
13;17;228;5.287e-05;17
13;17;227;5.3918e-05;17
13;17;221;8.7511e-05;17
13;17;224;0.000100781;17
13;17;233;0.000107346;17
13;17;217;9.6451e-05;17
13;17;236;0.000102108;17
13;17;234;0.000102178;17
13;17;222;9.7988e-05;17
13;17;230;0.000101619;17
13;17;226;9.9454e-05;17
13;17;224;0.000101479;17
13;17;232;0.000104901;17
12;18;213;9.5124e-05;18
12;18;235;0.000111746;18
12;18;236;0.000106508;18
12;18;240;0.000109651;18
12;18;215;0.000107067;18
12;18;224;9.9453e-05;18
12;18;219;9.9314e-05;18
12;18;237;0.000106368;18
12;18;221;9.7847e-05;18
12;18;234;0.000101409;18
12;18;222;9.9524e-05;18
12;18;219;9.5892e-05;18
12;18;211;9.2819e-05;18
12;18;204;8.9886e-05;18
12;18;225;0.000116425;18
12;18;242;5.2381e-05;18
12;18;241;5.273e-05;18
12;18;220;4.9099e-05;18
12;18;229;5.1263e-05;18
12;18;216;4.84e-05;18
12;18;221;4.9588e-05;18
12;18;222;4.8889e-05;18
12;18;206;4.854e-05;18
12;18;219;4.8819e-05;18
12;18;223;5.1543e-05;18
12;18;236;5.3289e-05;18
12;18;239;5.4336e-05;18
12;18;227;5.3847e-05;18
12;18;212;4.7003e-05;18
12;18;239;5.4826e-05;18
12;18;246;5.6222e-05;18
12;18;244;8.0247e-05;18
12;18;218;4.8749e-05;18
12;18;221;4.826e-05;18
12;18;230;5.0914e-05;18
12;18;217;4.9238e-05;18
12;18;219;4.826e-05;18
12;18;238;5.1962e-05;18
12;18;216;4.8539e-05;18
12;18;226;5.0635e-05;18
12;18;252;5.5105e-05;18
12;18;207;4.6723e-05;18
12;18;233;5.2311e-05;18
12;18;243;5.4197e-05;18
12;18;238;5.1822e-05;18
12;18;217;4.819e-05;18
12;18;225;5.1613e-05;18
12;18;228;4.9378e-05;18
12;18;239;5.1613e-05;18
12;18;233;5.2102e-05;18
11;19;216;5.0704e-05;19
11;19;245;5.9365e-05;19
11;19;221;5.0007e-05;19
11;19;228;5.2241e-05;19
11;19;238;5.28e-05;19
11;19;235;5.3149e-05;19
11;19;227;5.1473e-05;19
11;19;213;4.7003e-05;19
11;19;233;5.273e-05;19
11;19;217;5.0914e-05;19
11;19;242;5.287e-05;19
11;19;236;5.1613e-05;19
11;19;238;5.287e-05;19
11;19;217;4.84e-05;19
11;19;227;5.1682e-05;19
11;19;225;5.1124e-05;19
11;19;236;5.1613e-05;19
11;19;228;5.0775e-05;19
11;19;250;5.5104e-05;19
11;19;230;5.1613e-05;19
11;19;212;4.847e-05;19
11;19;219;4.8121e-05;19
11;19;223;5.0007e-05;19
11;19;222;5.0007e-05;19
11;19;214;4.7282e-05;19
11;19;209;4.7422e-05;19
11;19;238;5.3219e-05;19
11;19;231;5.2381e-05;19
11;19;221;5.1054e-05;19
11;19;239;5.4546e-05;19
11;19;237;5.3708e-05;19
11;19;230;5.0076e-05;19
11;19;231;5.3778e-05;19
11;19;231;5.2731e-05;19
11;19;218;4.9029e-05;19
11;19;213;4.84e-05;19
11;19;223;6.2718e-05;19
11;19;234;5.3987e-05;19
11;19;211;4.8958e-05;19
11;19;252;5.7549e-05;19
11;19;236;5.6083e-05;19
11;19;221;5.0355e-05;19
11;19;217;5.0285e-05;19
11;19;235;5.8108e-05;19
11;19;217;4.9098e-05;19
11;19;240;5.5733e-05;19
11;19;232;5.3428e-05;19
11;19;237;5.5523e-05;19
11;19;227;5.3428e-05;19
11;19;231;5.3219e-05;19
10;20;214;4.9308e-05;20
10;20;242;5.5664e-05;20
10;20;240;5.5453e-05;20
10;20;235;5.4197e-05;20
10;20;226;5.1403e-05;20
10;20;237;5.4406e-05;20
10;20;218;5.1264e-05;20
10;20;245;5.6851e-05;20
10;20;221;5.1613e-05;20
10;20;235;5.4686e-05;20
10;20;242;6.5162e-05;20
10;20;234;5.252e-05;20
10;20;240;5.5035e-05;20
10;20;242;5.6781e-05;20
10;20;218;4.8051e-05;20
10;20;238;5.3079e-05;20
10;20;229;5.0704e-05;20
10;20;227;5.1403e-05;20
10;20;226;4.9797e-05;20
10;20;229;5.1961e-05;20
10;20;227;5.1333e-05;20
10;20;224;5.3498e-05;20
10;20;236;5.2101e-05;20
10;20;227;5.0285e-05;20
10;20;239;5.3149e-05;20
10;20;236;5.2171e-05;20
10;20;226;5.4057e-05;20
10;20;238;5.2939e-05;20
10;20;236;5.259e-05;20
10;20;213;4.7073e-05;20
10;20;208;4.6165e-05;20
10;20;222;5.0426e-05;20
10;20;238;5.2521e-05;20
10;20;223;5.0495e-05;20
10;20;235;5.1473e-05;20
10;20;225;5.301e-05;20
10;20;218;4.854e-05;20
10;20;230;5.1962e-05;20
10;20;226;5.1264e-05;20
10;20;219;5.0146e-05;20
10;20;232;5.259e-05;20
10;20;216;5.0426e-05;20
10;20;221;4.8889e-05;20
10;20;224;5.28e-05;20
10;20;223;5.0146e-05;20
10;20;228;5.1054e-05;20
10;20;226;5.0635e-05;20
10;20;209;4.6305e-05;20
10;20;243;5.4267e-05;20
10;20;218;4.9448e-05;20
9;21;226;4.9169e-05;21
9;21;232;5.1404e-05;21
9;21;231;5.245e-05;21
9;21;234;5.0914e-05;21
9;21;231;5.1543e-05;21
9;21;225;5.1822e-05;21
9;21;220;5.0425e-05;21
9;21;230;5.1194e-05;21
9;21;240;5.2869e-05;21
9;21;231;4.9797e-05;21
9;21;206;4.7003e-05;21
9;21;256;5.6851e-05;21
9;21;227;5.0984e-05;21
9;21;229;5.1333e-05;21
9;21;232;5.245e-05;21
9;21;229;5.1054e-05;21
9;21;231;5.1683e-05;21
9;21;221;5.0634e-05;21
9;21;218;4.9727e-05;21
9;21;219;4.8819e-05;21
9;21;227;5.1054e-05;21
9;21;226;5.1333e-05;21
9;21;217;4.7981e-05;21
9;21;229;5.3219e-05;21
9;21;219;4.9797e-05;21
9;21;238;5.287e-05;21
9;21;219;4.8888e-05;21
9;21;233;5.1683e-05;21
9;21;230;5.0705e-05;21
9;21;220;5.0984e-05;21
9;21;214;5.6502e-05;21
9;21;227;5.2381e-05;21
9;21;256;5.8107e-05;21
9;21;226;5.1962e-05;21
9;21;227;5.0495e-05;21
9;21;228;5.1753e-05;21
9;21;233;5.287e-05;21
9;21;231;5.3638e-05;21
9;21;227;5.3499e-05;21
9;21;226;5.0774e-05;21
9;21;214;4.7632e-05;21
9;21;231;5.2102e-05;21
9;21;228;5.4476e-05;21
9;21;218;4.9447e-05;21
9;21;247;5.4057e-05;21
9;21;237;5.2381e-05;21
9;21;230;5.1403e-05;21
9;21;231;5.4057e-05;21
9;21;216;4.7492e-05;21
9;21;230;5.2031e-05;21
8;22;236;5.3079e-05;22
8;22;222;4.9517e-05;22
8;22;248;5.5663e-05;22
8;22;242;5.3219e-05;22
8;22;250;5.5244e-05;22
8;22;227;5.1264e-05;22
8;22;210;4.7213e-05;22
8;22;220;4.9238e-05;22
8;22;245;5.5593e-05;22
8;22;244;5.6012e-05;22
8;22;228;5.1403e-05;22
8;22;237;5.4686e-05;22
8;22;221;4.8888e-05;22
8;22;235;5.3708e-05;22
8;22;220;5.1263e-05;22
8;22;223;5.0076e-05;22
8;22;208;4.9657e-05;22
8;22;222;5.3848e-05;22
8;22;246;5.4266e-05;22
8;22;231;5.0565e-05;22
8;22;220;4.9308e-05;22
8;22;243;5.6013e-05;22
8;22;235;5.3638e-05;22
8;22;210;4.826e-05;22
8;22;236;5.3358e-05;22
8;22;227;5.0216e-05;22
8;22;220;4.9727e-05;22
8;22;230;5.2102e-05;22
8;22;225;5.0146e-05;22
8;22;224;5.0286e-05;22
8;22;209;4.7631e-05;22
8;22;216;4.9029e-05;22
8;22;219;4.8889e-05;22
8;22;222;5.0216e-05;22
8;22;241;5.5804e-05;22
8;22;240;5.3778e-05;22
8;22;221;5.1822e-05;22
8;22;243;5.3847e-05;22
8;22;230;5.1753e-05;22
8;22;226;5.0774e-05;22
8;22;232;5.1333e-05;22
8;22;243;5.4127e-05;22
8;22;222;4.9378e-05;22
8;22;227;5.1403e-05;22
8;22;226;5.3079e-05;22
8;22;216;4.9657e-05;22
8;22;228;5.1334e-05;22
8;22;234;5.273e-05;22
8;22;242;5.741e-05;22
8;22;226;4.8888e-05;22
7;23;245;5.3988e-05;23
7;23;230;4.9168e-05;23
7;23;239;5.4476e-05;23
7;23;229;5.0356e-05;23
7;23;246;5.4685e-05;23
7;23;227;5.2101e-05;23
7;23;234;5.1053e-05;23
7;23;233;5.2101e-05;23
7;23;237;5.3428e-05;23
7;23;250;5.72e-05;23
7;23;228;5.1822e-05;23
7;23;233;5.3079e-05;23
7;23;225;5.0984e-05;23
7;23;238;5.252e-05;23
7;23;221;4.8679e-05;23
7;23;225;5.0984e-05;23
7;23;223;5.1543e-05;23
7;23;230;5.1892e-05;23
7;23;241;5.5105e-05;23
7;23;231;5.1682e-05;23
7;23;209;4.7213e-05;23
7;23;236;5.2242e-05;23
7;23;234;5.2521e-05;23
7;23;227;5.1124e-05;23
7;23;227;5.3499e-05;23
7;23;242;5.4267e-05;23
7;23;221;5.0146e-05;23
7;23;230;5.1613e-05;23
7;23;233;5.3638e-05;23
7;23;234;5.28e-05;23
7;23;239;5.273e-05;23
7;23;217;4.7841e-05;23
7;23;252;5.5593e-05;23
7;23;231;5.2101e-05;23
7;23;243;5.5733e-05;23
7;23;231;5.2032e-05;23
7;23;228;5.2451e-05;23
7;23;219;5.0565e-05;23
7;23;231;5.3498e-05;23
7;23;216;5.0565e-05;23
7;23;226;5.0984e-05;23
7;23;237;5.3219e-05;23
7;23;218;4.8819e-05;23
7;23;227;4.9936e-05;23
7;23;220;5.0356e-05;23
7;23;225;5.0146e-05;23
7;23;226;5.0775e-05;23
7;23;221;5.0216e-05;23
7;23;226;5.1752e-05;23
7;23;227;5.1752e-05;23
6;24;248;5.5035e-05;24
6;24;230;5.294e-05;24
6;24;224;5.1823e-05;24
6;24;221;5.0006e-05;24
6;24;248;5.5245e-05;24
6;24;222;5.0146e-05;24
6;24;217;5.4895e-05;24
6;24;235;5.2451e-05;24
6;24;238;5.3498e-05;24
6;24;238;5.3569e-05;24
6;24;206;4.7143e-05;24
6;24;257;5.9156e-05;24
6;24;240;5.5245e-05;24
6;24;207;4.8679e-05;24
6;24;220;4.9867e-05;24
6;24;247;5.5105e-05;24
6;24;221;4.9797e-05;24
6;24;217;4.868e-05;24
6;24;223;5.28e-05;24
6;24;214;4.9588e-05;24
6;24;221;8.9885e-05;24
6;24;242;5.4477e-05;24
6;24;227;5.2242e-05;24
6;24;242;5.6222e-05;24
6;24;213;5.0216e-05;24
6;24;212;6.1042e-05;24
6;24;228;5.28e-05;24
6;24;198;5.0146e-05;24
6;24;218;5.0914e-05;24
6;24;231;5.2311e-05;24
6;24;238;5.4895e-05;24
6;24;229;5.3079e-05;24
6;24;236;5.4755e-05;24
6;24;224;5.294e-05;24
6;24;229;5.3149e-05;24
6;24;217;5.1264e-05;24
6;24;245;5.6152e-05;24
6;24;212;5.0146e-05;24
6;24;232;5.4127e-05;24
6;24;224;5.1613e-05;24
6;24;231;5.1892e-05;24
6;24;234;5.1683e-05;24
6;24;239;5.0426e-05;24
6;24;238;5.2521e-05;24
6;24;242;5.28e-05;24
6;24;231;5.294e-05;24
6;24;228;5.231e-05;24
6;24;236;5.28e-05;24
6;24;221;4.9308e-05;24
6;24;224;5.1612e-05;24
5;25;243;5.273e-05;25
5;25;214;4.7282e-05;25
5;25;232;5.0565e-05;25
5;25;221;5.0704e-05;25
5;25;232;5.1753e-05;25
5;25;237;5.273e-05;25
5;25;233;5.252e-05;25
5;25;224;5.4266e-05;25
5;25;238;5.3359e-05;25
5;25;235;5.2102e-05;25
5;25;217;5.0076e-05;25
5;25;239;5.252e-05;25
5;25;227;5.2311e-05;25
5;25;229;5.2171e-05;25
5;25;214;5.3708e-05;25
5;25;229;5.28e-05;25
5;25;232;5.1194e-05;25
5;25;228;5.1334e-05;25
5;25;213;4.84e-05;25
5;25;239;5.273e-05;25
5;25;210;4.7422e-05;25
5;25;228;5.1403e-05;25
5;25;221;5.0984e-05;25
5;25;225;4.9727e-05;25
5;25;222;4.9098e-05;25
5;25;235;5.1682e-05;25
5;25;245;5.5943e-05;25
5;25;234;5.5105e-05;25
5;25;231;5.0984e-05;25
5;25;220;5.0495e-05;25
5;25;234;5.259e-05;25
5;25;235;5.1333e-05;25
5;25;219;4.8888e-05;25
5;25;214;4.861e-05;25
5;25;242;5.3079e-05;25
5;25;246;5.6152e-05;25
5;25;229;5.0425e-05;25
5;25;223;4.7701e-05;25
5;25;222;4.9028e-05;25
5;25;246;5.4686e-05;25
5;25;231;5.0216e-05;25
5;25;242;5.3708e-05;25
5;25;224;5.0216e-05;25
5;25;223;4.9867e-05;25
5;25;238;5.4058e-05;25
5;25;249;5.4476e-05;25
5;25;216;4.9378e-05;25
5;25;217;4.9448e-05;25
5;25;237;5.5244e-05;25
5;25;236;5.4266e-05;25
4;26;250;5.5175e-05;26
4;26;218;5.734e-05;26
4;26;229;4.7771e-05;26
4;26;230;4.9168e-05;26
4;26;237;8.0248e-05;26
4;26;236;5.4895e-05;26
4;26;224;5.0356e-05;26
4;26;231;5.4616e-05;26
4;26;217;5.1962e-05;26
4;26;233;6.5022e-05;26
4;26;240;5.7689e-05;26
4;26;239;5.5943e-05;26
4;26;215;5.1403e-05;26
4;26;239;5.5454e-05;26
4;26;221;5.245e-05;26
4;26;238;5.4337e-05;26
4;26;239;5.4127e-05;26
4;26;245;5.8317e-05;26
4;26;214;4.819e-05;26
4;26;219;4.9029e-05;26
4;26;223;7.7663e-05;26
4;26;230;5.6711e-05;26
4;26;234;6.7746e-05;26
4;26;222;5.2311e-05;26
4;26;233;5.3777e-05;26
4;26;219;5.1403e-05;26
4;26;233;5.3708e-05;26
4;26;243;5.5943e-05;26
4;26;218;5.0705e-05;26
4;26;243;5.5035e-05;26
4;26;233;5.4127e-05;26
4;26;247;5.6431e-05;26
4;26;214;4.7282e-05;26
4;26;246;5.6571e-05;26
4;26;228;5.4686e-05;26
4;26;221;5.1473e-05;26
4;26;223;5.2102e-05;26
4;26;217;5.0495e-05;26
4;26;218;4.9797e-05;26
4;26;234;5.2102e-05;26
4;26;229;5.1263e-05;26
4;26;239;5.4685e-05;26
4;26;217;5.2172e-05;26
4;26;232;5.2591e-05;26
4;26;213;4.847e-05;26
4;26;227;5.5942e-05;26
4;26;239;5.6152e-05;26
4;26;234;5.2939e-05;26
4;26;226;5.3499e-05;26
4;26;233;5.5733e-05;26
3;27;252;5.8247e-05;27
3;27;234;5.5873e-05;27
3;27;223;5.0426e-05;27
3;27;226;5.1822e-05;27
3;27;219;5.0425e-05;27
3;27;218;5.0496e-05;27
3;27;224;5.2521e-05;27
3;27;235;5.4057e-05;27
3;27;221;5.1054e-05;27
3;27;234;5.1892e-05;27
3;27;223;5.0844e-05;27
3;27;233;4.9797e-05;27
3;27;263;5.9156e-05;27
3;27;228;4.9867e-05;27
3;27;232;5.4196e-05;27
3;27;231;5.4336e-05;27
3;27;240;5.5454e-05;27
3;27;224;5.0216e-05;27
3;27;232;5.5664e-05;27
3;27;236;5.3568e-05;27
3;27;235;5.4686e-05;27
3;27;235;5.4336e-05;27
3;27;242;5.6781e-05;27
3;27;234;5.3847e-05;27
3;27;213;4.9657e-05;27
3;27;245;5.8946e-05;27
3;27;221;4.854e-05;27
3;27;221;4.7702e-05;27
3;27;245;5.5733e-05;27
3;27;244;5.8387e-05;27
3;27;231;6.9771e-05;27
3;27;217;6.0622e-05;27
3;27;248;5.8248e-05;27
3;27;243;6.8025e-05;27
3;27;228;5.1612e-05;27
3;27;223;5.1962e-05;27
3;27;231;5.5803e-05;27
3;27;233;5.5942e-05;27
3;27;244;5.6991e-05;27
3;27;221;5.0425e-05;27
3;27;216;5.0635e-05;27
3;27;224;5.3568e-05;27
3;27;218;5.1613e-05;27
3;27;229;5.4965e-05;27
3;27;218;5.2171e-05;27
3;27;233;5.6711e-05;27
3;27;249;5.7409e-05;27
3;27;243;5.9994e-05;27
3;27;221;5.2451e-05;27
3;27;228;5.3498e-05;27
2;28;239;5.4756e-05;28
2;28;236;5.2101e-05;28
2;28;221;4.9378e-05;28
2;28;221;4.9307e-05;28
2;28;224;6.6e-05;28
2;28;228;4.9797e-05;28
2;28;231;4.9657e-05;28
2;28;202;4.3931e-05;28
2;28;237;5.2102e-05;28
2;28;245;6.8515e-05;28
2;28;211;5.8667e-05;28
2;28;229;5.2591e-05;28
2;28;246;5.5175e-05;28
2;28;223;4.9727e-05;28
2;28;243;7.5568e-05;28
2;28;231;5.1962e-05;28
2;28;238;5.5593e-05;28
2;28;238;5.5454e-05;28
2;28;223;6.1111e-05;28
2;28;230;5.1403e-05;28
2;28;240;6.5581e-05;28
2;28;224;5.2451e-05;28
2;28;230;6.0901e-05;28
2;28;231;4.8959e-05;28
2;28;242;5.3848e-05;28
2;28;245;5.2381e-05;28
2;28;229;4.833e-05;28
2;28;234;4.9169e-05;28
2;28;235;5.2381e-05;28
2;28;235;6.4394e-05;28
2;28;227;4.7562e-05;28
2;28;220;6.4114e-05;28
2;28;224;4.8888e-05;28
2;28;239;5.4546e-05;28
2;28;228;7.8152e-05;28
2;28;229;4.9657e-05;28
2;28;237;5.1612e-05;28
2;28;239;5.3987e-05;28
2;28;232;5.3638e-05;28
2;28;236;5.7339e-05;28
2;28;234;5.2172e-05;28
2;28;220;5.245e-05;28
2;28;230;5.0147e-05;28
2;28;214;4.9308e-05;28
2;28;218;4.9308e-05;28
2;28;236;5.3917e-05;28
2;28;240;5.6502e-05;28
2;28;239;5.5663e-05;28
2;28;239;5.5663e-05;28
2;28;215;5.1892e-05;28
1;29;254;5.5803e-05;29
1;29;234;4.9099e-05;29
1;29;244;5.294e-05;29
1;29;227;4.9727e-05;29
1;29;239;5.3009e-05;29
1;29;222;4.833e-05;29
1;29;225;4.8609e-05;29
1;29;229;5.0565e-05;29
1;29;258;5.72e-05;29
1;29;224;5.0774e-05;29
1;29;240;5.3638e-05;29
1;29;238;5.2311e-05;29
1;29;242;5.273e-05;29
1;29;238;5.1542e-05;29
1;29;235;5.0146e-05;29
1;29;226;4.8819e-05;29
1;29;233;5.1124e-05;29
1;29;225;4.7562e-05;29
1;29;221;4.9797e-05;29
1;29;232;4.9447e-05;29
1;29;224;4.8889e-05;29
1;29;236;5.0077e-05;29
1;29;245;5.0146e-05;29
1;29;225;4.7492e-05;29
1;29;241;5.0007e-05;29
1;29;228;4.6235e-05;29
1;29;229;4.6794e-05;29
1;29;238;4.9098e-05;29
1;29;233;4.6724e-05;29
1;29;249;5.0076e-05;29
1;29;228;4.6584e-05;29
1;29;226;4.7771e-05;29
1;29;247;5.8597e-05;29
1;29;215;4.5955e-05;29
1;29;231;5.0426e-05;29
1;29;234;5.0077e-05;29
1;29;219;4.833e-05;29
1;29;229;4.7352e-05;29
1;29;240;4.9658e-05;29
1;29;234;4.9098e-05;29
1;29;255;5.1263e-05;29
1;29;232;4.861e-05;29
1;29;236;4.7981e-05;29
1;29;228;4.826e-05;29
1;29;218;4.5816e-05;29
1;29;240;4.9378e-05;29
1;29;230;4.6793e-05;29
1;29;229;4.6025e-05;29
1;29;227;4.5885e-05;29
1;29;226;4.7772e-05;29
