47 16 5 26 21 30 2 30 20 28 13 24 1 25 7 19 7 15 9 28 17 20 18 24 24 29 8 22 23 25 9 27 16 19
42 16 26 29 8 17 23 25 22 28 2 27 14 25 17 29 8 30 9 16 15 22 14 22 3 24 18 22 21 30 19 24 11 20
47 16 2 27 2 28 13 18 1 21 15 29 18 19 4 23 20 29 8 17 14 16 7 26 15 21 29 30 22 26 25 29 11 24
45 16 10 30 4 20 21 22 3 17 1 21 15 27 1 26 1 29 26 28 3 18 11 25 9 24 23 29 16 17 19 27 6 27
44 16 15 30 23 27 19 23 9 24 16 27 1 30 15 26 15 22 14 28 14 21 2 18 7 16 13 25 17 27 18 20 6 29
47 16 15 21 23 24 13 24 2 19 16 30 15 30 15 26 10 16 13 28 11 18 4 27 11 29 4 22 20 30 1 25 11 17
48 16 18 21 4 20 7 25 13 22 6 28 9 23 15 19 1 16 4 24 10 26 3 17 18 30 22 27 12 29 14 21 15 18
46 16 8 23 13 24 3 30 21 26 5 16 10 28 5 17 20 24 5 25 19 26 19 23 11 22 18 20 16 27 15 22 4 29
42 16 9 20 22 30 23 28 14 24 8 26 4 30 1 18 4 17 4 16 3 15 11 21 2 25 3 29 10 27 19 22 7 28
46 16 5 29 4 19 16 22 19 27 20 26 4 25 17 26 20 25 20 21 15 17 16 24 23 27 11 30 12 28 5 24 16 18
46 16 11 26 24 30 9 28 27 30 17 18 1 20 16 17 15 29 11 30 9 29 9 21 5 18 25 29 19 20 22 28 21 23
48 16 26 30 23 30 8 28 1 26 5 29 8 21 4 16 11 25 3 18 10 24 18 19 24 27 11 17 10 15 7 20 12 22
45 16 8 15 11 27 18 19 9 29 2 23 15 19 18 28 1 25 16 29 11 26 13 21 22 29 13 17 10 20 29 30 24 27
48 16 5 23 14 25 12 29 7 27 6 20 18 30 19 22 17 18 1 26 9 21 2 19 6 17 9 15 6 16 16 28 21 24
36 16 17 29 3 29 1 20 23 27 13 18 13 21 21 23 10 30 27 28 11 25 16 24 4 19 1 22 8 24 15 18 13 26
43 16 6 16 26 30 8 28 24 29 23 30 16 20 9 24 22 29 22 26 15 19 15 27 19 28 18 27 17 28 21 27 25 27
45 16 18 22 21 25 4 24 6 18 6 29 15 20 4 28 4 20 9 25 9 26 13 23 29 30 4 16 3 19 10 27 17 25
42 16 13 29 21 30 18 24 21 22 12 28 5 17 3 27 15 24 22 29 15 26 8 23 8 18 20 27 7 16 25 27 13 19
44 16 20 29 3 30 16 26 15 24 20 28 13 20 17 26 17 27 18 23 18 29 19 27 21 25 1 15 25 26 16 20 7 22
42 16 12 26 14 20 12 18 21 22 4 30 16 22 13 22 5 24 8 25 23 24 1 28 3 17 21 27 13 19 28 29 15 23
47 16 11 29 11 18 5 22 23 24 14 17 15 28 6 26 12 24 10 25 2 30 14 16 9 28 4 19 7 27 7 21 19 20
43 16 12 15 1 28 14 23 19 24 2 22 3 17 20 29 20 25 12 19 13 20 15 27 14 30 1 21 4 18 8 26 8 16
43 16 7 26 12 29 11 19 1 15 20 22 22 26 21 26 1 30 1 25 18 29 2 16 15 28 11 17 20 23 20 27 24 28
45 16 18 26 4 21 9 26 17 21 11 30 1 27 8 16 9 15 15 25 11 22 11 24 25 28 1 23 6 29 20 29 16 19
49 16 9 26 4 24 12 15 10 25 10 18 3 19 3 21 9 16 10 27 8 20 13 29 16 17 16 28 19 30 7 22 23 25
48 16 16 21 4 18 1 20 12 28 18 27 12 30 1 16 3 26 22 28 14 15 5 29 19 30 4 24 14 25 11 23 9 17
42 16 5 15 4 18 17 19 2 27 1 24 4 29 16 27 1 20 1 28 21 23 19 27 3 25 4 21 4 26 4 30 22 26
44 16 17 21 18 26 8 15 24 28 17 19 1 23 9 24 15 22 5 21 3 16 3 18 13 20 25 29 23 27 22 29 29 30
46 16 1 17 18 23 14 29 22 26 1 27 13 25 9 15 14 22 20 23 7 30 6 20 15 21 16 26 24 28 10 19 16 24
45 16 13 24 8 26 17 30 17 22 4 28 8 19 7 18 3 16 8 25 9 23 11 22 14 20 21 25 23 29 15 29 4 27
48 16 12 26 3 30 16 28 22 27 29 30 2 17 19 30 19 21 3 27 18 22 16 30 13 25 23 27 15 27 24 28 18 20
48 16 17 27 14 19 12 28 11 27 18 28 17 29 2 22 2 24 16 23 8 21 21 26 20 26 21 30 16 24 24 25 8 15
46 16 19 29 15 23 8 30 9 21 13 17 18 22 23 30 23 27 4 19 16 17 21 24 19 25 19 28 7 22 16 26 16 20
47 16 4 24 15 28 9 17 3 19 1 28 7 29 15 26 20 29 21 27 15 21 2 23 5 25 4 16 4 30 9 22 18 24
45 16 10 15 26 27 12 21 15 27 12 28 7 30 17 21 1 29 16 26 4 24 9 18 25 28 22 24 20 26 7 23 19 29
44 16 7 19 1 26 4 23 12 17 7 27 9 21 1 30 8 20 15 19 21 28 15 22 18 24 5 25 15 29 6 24 16 24
51 16 7 17 14 25 18 19 18 23 16 23 16 21 15 30 2 19 19 27 20 26 14 15 8 20 16 22 13 29 10 24 21 28
42 16 18 29 15 22 4 17 6 23 25 29 6 24 13 30 14 22 18 30 4 27 14 21 13 26 26 28 5 16 20 25 19 29
47 16 17 29 22 30 21 28 21 24 4 19 16 19 12 30 3 20 9 26 4 28 8 15 7 17 18 30 20 25 20 23 23 27
48 16 13 28 4 22 14 21 23 25 6 30 18 29 15 20 7 25 4 15 5 29 15 26 10 17 10 19 9 24 16 18 8 27
41 16 22 23 15 26 15 24 15 23 13 16 10 27 13 20 12 29 14 26 19 20 8 17 21 24 9 25 15 28 14 18 23 30
43 16 1 15 19 20 6 24 16 17 18 26 5 27 12 28 21 29 11 23 19 27 4 25 28 30 10 16 6 22 7 21 4 26
48 16 3 15 17 30 7 26 11 19 27 30 13 23 18 28 5 29 21 29 7 18 11 24 5 16 9 20 17 22 17 23 12 25
45 16 9 21 5 29 17 22 18 27 17 29 4 19 16 24 21 30 6 18 1 23 20 28 19 25 15 28 2 16 26 30 6 15
50 16 8 20 6 18 6 24 14 27 21 28 19 27 21 24 15 17 22 23 15 20 16 19 20 25 12 23 4 29 5 30 14 26
46 16 7 21 7 17 19 22 18 21 13 23 7 16 7 20 6 27 13 30 6 25 18 29 18 28 18 24 15 24 5 19 19 26
48 16 27 29 9 18 4 24 4 16 17 27 16 27 14 21 11 15 10 28 10 20 4 26 6 30 18 23 7 19 20 22 23 25
45 16 11 21 8 28 5 25 4 18 13 23 17 21 12 15 3 22 14 26 11 27 16 30 27 30 11 19 10 24 7 29 8 20
44 16 12 22 1 18 14 29 25 28 27 30 3 30 4 20 6 19 8 15 8 21 9 25 10 16 24 30 17 20 17 26 20 23
48 16 5 18 14 19 18 24 12 23 12 27 4 15 18 25 12 30 5 22 7 17 9 21 9 20 6 16 6 29 8 26 24 28
47 17 5 22 13 25 17 28 10 16 9 23 17 20 3 15 1 30 15 26 14 24 14 22 17 22 12 27 8 18 19 21 18 19 29 30
50 17 7 19 13 20 11 30 4 18 7 27 8 17 14 30 2 15 3 29 12 21 11 26 8 28 22 23 22 29 24 26 5 25 6 16
47 17 22 24 3 23 14 25 17 20 17 28 1 24 4 29 20 27 19 23 5 17 15 18 15 17 13 21 10 26 24 25 28 30 16 22
52 17 8 14 7 27 9 18 9 30 25 29 23 26 13 20 20 23 15 16 20 21 13 15 26 28 23 24 25 30 13 19 4 22 5 17
52 17 15 24 25 30 9 23 25 29 14 18 1 29 5 14 6 17 20 29 16 26 15 30 9 22 10 16 4 27 4 28 15 19 7 21
49 17 12 14 11 17 18 19 2 16 18 26 17 24 1 22 16 28 14 20 1 21 13 15 12 18 21 27 28 30 25 29 20 29 11 23
50 17 18 29 21 29 8 27 16 27 23 30 3 26 13 18 1 14 5 28 5 30 15 23 12 19 25 26 10 24 17 27 17 22 8 20
45 17 13 30 4 20 5 25 17 21 14 23 8 15 8 16 12 14 18 26 12 19 1 29 2 26 3 27 3 22 6 17 20 24 13 28
46 17 11 28 10 20 18 29 14 24 5 29 1 24 11 19 17 29 5 30 1 21 18 23 10 26 18 25 27 28 16 27 5 22 12 15
46 17 18 22 18 19 13 19 22 28 20 27 15 19 11 16 4 25 15 27 11 24 14 28 14 26 7 30 2 23 25 29 9 21 17 19
45 17 8 20 18 22 13 21 25 28 7 30 2 24 2 26 5 17 9 14 11 27 12 16 10 19 15 23 15 16 22 28 16 25 25 29
48 17 9 26 8 19 13 16 18 19 1 28 6 24 1 23 17 28 16 21 14 18 14 25 14 27 8 22 19 20 11 29 15 25 29 30
50 17 10 21 17 18 27 28 9 24 9 19 4 18 9 14 17 30 15 18 12 25 3 28 2 26 20 26 24 29 23 29 8 16 22 29
52 17 13 26 3 20 18 29 1 16 16 23 14 17 2 14 12 25 29 30 10 28 9 24 5 30 22 28 9 19 27 30 11 15 8 21
48 17 26 29 8 30 8 21 23 27 5 24 7 18 1 16 4 26 4 25 16 20 15 24 1 27 14 25 22 28 22 23 9 19 7 17
48 17 16 18 9 18 18 22 17 27 5 25 17 19 8 20 8 28 15 30 15 24 5 14 15 21 13 23 10 15 7 26 22 29 14 19
51 17 13 26 1 22 3 24 7 30 9 14 8 28 8 27 2 17 19 20 18 27 18 21 7 23 5 16 6 20 14 29 15 16 13 25
51 17 16 19 23 30 8 25 21 26 6 21 6 20 1 30 19 21 2 24 13 18 6 15 7 29 17 18 15 28 26 27 15 22 6 14
50 17 6 16 8 19 13 28 8 23 1 21 23 24 7 15 21 22 9 30 20 28 7 25 20 29 10 27 15 17 7 18 14 16 19 26
50 17 6 28 19 30 14 19 16 21 15 24 15 21 15 18 15 17 4 24 2 22 11 23 9 27 11 19 6 20 21 29 25 28 18 26
52 17 12 28 6 17 28 30 14 22 2 24 8 25 8 29 21 28 9 20 19 27 18 21 5 22 15 21 6 26 5 27 16 19 23 25
51 17 10 18 2 28 11 15 17 29 1 22 1 23 17 22 13 19 12 16 3 25 10 14 7 20 5 27 21 23 8 26 25 30 14 24
47 17 11 26 21 29 23 24 7 22 28 30 9 21 9 20 9 18 12 30 14 16 19 25 15 26 5 27 5 24 16 25 25 29 12 17
49 17 1 18 17 19 21 23 2 21 17 27 1 29 2 16 22 26 7 14 2 25 8 19 21 26 29 30 10 15 16 28 16 24 18 20
50 17 7 16 22 23 12 22 15 23 16 28 4 29 2 20 19 27 6 30 14 18 13 19 9 18 12 21 11 26 8 17 24 30 23 25
44 17 28 30 18 29 1 22 15 27 14 26 13 16 25 30 5 21 19 23 19 20 18 20 11 29 3 24 17 23 4 25 6 27 14 22
46 17 12 22 13 18 17 26 13 21 15 19 15 18 15 30 3 24 3 28 6 29 4 23 9 14 7 20 7 17 16 24 22 27 22 25
48 17 24 27 11 30 22 30 16 18 13 26 16 27 16 20 1 25 8 14 8 16 11 21 17 29 21 28 23 26 19 25 10 15 29 30
47 17 13 14 7 27 3 23 25 28 11 21 19 27 14 28 7 17 15 16 10 18 20 21 17 22 18 24 13 30 23 29 5 16 4 26
52 17 8 24 5 21 2 16 2 17 16 19 21 28 8 22 19 27 18 25 4 30 4 29 12 15 7 18 7 20 8 14 17 26 12 23
48 17 10 30 9 19 15 21 7 29 4 16 2 15 18 21 17 26 1 25 17 22 17 20 13 14 8 24 9 22 24 28 10 27 18 23
53 17 5 14 10 20 1 15 17 20 1 26 12 28 3 16 11 25 11 22 11 19 10 21 9 18 5 29 9 30 21 24 21 27 23 24
49 17 11 17 2 19 27 30 15 20 6 30 17 28 6 26 1 14 8 25 20 27 15 21 23 25 16 26 5 22 6 24 12 29 18 26
52 17 4 16 8 14 6 21 8 28 19 25 6 17 23 28 15 30 3 27 3 26 18 23 14 19 25 30 5 20 9 22 15 29 12 24
46 17 6 16 12 24 17 24 16 22 15 20 2 30 19 22 18 27 8 29 14 16 2 28 13 27 10 23 13 15 11 21 26 30 1 25
52 17 18 25 5 29 22 27 2 17 2 21 20 26 3 30 4 20 4 28 16 22 14 26 14 23 10 16 19 27 15 18 20 24 15 16
44 17 20 27 16 27 9 27 26 27 23 28 9 23 8 15 13 19 17 18 2 18 1 22 13 30 9 21 14 22 11 25 9 24 9 29
51 17 4 30 23 26 5 25 19 24 11 26 24 26 8 27 19 28 8 21 14 19 20 21 3 15 3 18 16 27 5 29 17 28 12 22
48 17 4 21 14 20 16 29 15 25 3 14 18 19 1 15 1 19 5 16 11 27 4 23 12 30 2 24 10 28 22 28 11 17 24 26
47 17 11 26 13 25 25 27 15 20 16 25 3 15 16 28 14 15 8 22 2 19 7 24 14 17 14 18 17 21 10 30 26 29 23 30
48 17 13 25 23 27 5 24 4 19 26 29 2 20 12 28 2 29 3 22 10 21 4 14 8 18 6 23 23 30 15 26 17 25 7 16
44 17 29 30 11 15 18 30 16 25 20 23 16 21 6 30 14 28 14 19 17 28 17 22 2 14 12 24 16 19 3 23 25 26 7 27
49 17 24 30 6 27 3 16 11 23 4 26 3 25 14 29 2 28 8 22 2 21 1 29 3 30 12 20 17 20 5 15 8 19 18 30
45 17 13 19 4 14 5 30 16 25 3 23 2 27 17 23 2 26 15 18 2 18 16 26 13 21 3 20 23 24 21 29 20 22 24 28
44 17 5 30 5 27 1 29 7 21 2 15 11 26 3 16 14 27 12 23 14 25 12 22 10 24 3 19 6 17 18 20 20 23 24 28
51 17 7 16 21 29 1 24 13 18 20 22 15 20 4 15 9 28 6 30 14 29 12 17 17 29 25 30 5 26 7 19 16 23 6 27
46 17 1 20 6 21 10 24 16 20 19 26 7 18 12 27 22 26 22 25 3 14 3 17 3 22 20 29 13 15 15 30 6 23 21 28
51 17 12 26 20 30 24 25 8 21 1 14 29 30 20 27 4 24 15 27 15 23 14 28 14 27 14 17 8 19 15 22 6 18 16 25
49 17 14 19 7 20 19 22 16 24 9 27 9 29 1 18 9 30 19 21 18 25 17 18 16 27 5 15 23 30 6 28 6 14 7 26
44 17 15 30 18 27 1 17 20 21 20 27 9 20 3 28 13 22 11 26 1 23 1 25 17 30 16 22 2 29 14 24 19 30 5 24
49 18 17 28 24 27 19 27 21 25 4 28 18 19 1 19 16 26 1 26 15 29 15 27 14 28 13 30 2 23 4 13 11 22 4 21 20 23
50 18 4 24 20 28 21 26 1 13 19 24 13 25 17 23 12 21 4 28 18 27 16 20 20 23 21 30 8 15 7 29 14 22 11 14 8 27
54 18 12 17 15 30 5 19 5 22 4 20 17 30 3 29 3 26 3 13 2 28 5 14 7 25 8 16 14 24 8 23 9 27 10 21 16 18
51 18 7 21 7 15 12 23 1 29 1 27 1 20 13 15 24 28 6 28 8 18 14 18 13 30 7 17 20 22 18 25 14 16 9 19 22 26
49 18 16 19 13 14 3 21 18 23 11 28 16 21 15 20 3 18 12 29 3 30 2 13 5 17 8 26 8 24 6 25 20 22 22 23 27 29
53 18 16 26 1 26 20 27 20 26 1 24 11 18 12 17 13 18 14 22 6 30 3 15 3 23 17 25 5 21 9 29 6 22 15 28 19 22
53 18 18 23 19 24 14 16 2 21 19 22 18 24 9 29 4 20 17 25 1 22 1 26 16 29 7 13 6 25 6 15 5 30 17 27 19 28
50 18 15 29 13 15 21 24 7 19 18 28 7 21 7 17 20 27 1 18 12 20 6 29 21 23 16 17 2 30 14 22 3 22 11 25 9 26
52 18 1 18 5 23 5 30 19 25 10 15 18 28 18 20 18 19 15 22 14 26 12 27 10 16 6 14 4 13 5 29 5 21 8 17 24 25
49 18 4 16 25 28 13 25 10 23 23 26 23 28 11 19 1 21 17 25 15 30 14 24 14 21 2 18 12 22 11 27 5 30 27 29 20 24
51 18 11 26 14 21 19 24 8 29 17 28 16 23 16 22 16 18 1 27 8 23 28 30 13 17 13 16 12 15 11 20 25 27 21 23 19 20
50 18 9 13 1 28 20 28 2 17 22 30 22 25 22 23 14 18 14 21 14 23 29 30 20 30 20 26 15 18 4 27 10 19 11 24 16 26
54 18 11 14 10 24 19 29 8 27 8 30 7 19 13 24 9 20 22 23 1 25 17 18 5 21 12 18 5 22 19 26 6 28 14 16 7 15
57 18 14 28 16 28 1 14 12 22 12 23 7 15 6 21 17 27 18 25 3 30 16 26 10 27 25 27 14 20 13 22 12 19 8 24 6 29
48 18 7 29 9 15 17 21 21 28 21 26 20 26 21 22 3 19 17 18 2 14 15 17 13 30 3 13 10 16 21 25 24 30 23 27 9 23
55 18 9 13 9 30 8 22 7 26 17 21 15 29 16 28 7 16 3 18 2 23 5 17 5 19 4 27 24 26 5 15 7 25 9 20 14 28
58 18 19 30 4 24 2 20 6 18 2 26 2 30 22 23 8 13 18 22 9 17 3 16 17 21 25 27 13 28 16 27 14 25 5 29 15 22
51 18 11 13 1 20 17 22 22 24 16 20 22 27 8 15 21 29 7 21 7 18 21 22 15 26 16 19 10 25 13 23 12 28 11 14 13 30
49 18 10 23 25 27 16 23 13 20 11 18 18 25 16 29 16 30 1 24 16 21 15 29 14 21 14 17 13 19 13 15 7 26 22 26 19 28
54 18 10 13 14 22 18 22 7 27 14 28 3 15 16 27 6 14 17 19 7 26 19 26 19 24 5 21 15 25 22 23 21 30 14 20 14 29
49 18 1 29 13 15 12 22 19 25 3 15 29 30 19 27 18 23 10 27 5 21 16 17 16 25 6 24 14 29 8 28 9 18 13 26 16 20
53 18 2 13 14 30 13 15 15 30 12 27 1 22 15 23 15 17 10 26 9 20 7 21 4 16 6 18 5 29 15 19 20 25 7 28 6 24
48 18 17 23 10 16 22 28 19 25 8 18 10 29 8 20 20 27 13 27 1 24 13 30 19 29 2 22 3 26 6 21 22 23 15 30 8 14
50 18 6 22 21 30 15 27 19 29 12 25 17 20 13 30 13 23 13 22 1 19 2 24 11 26 9 28 27 29 5 18 20 24 13 14 9 16
52 18 12 15 15 30 9 26 7 16 16 29 18 24 17 27 17 20 5 19 10 24 2 21 14 15 13 29 11 25 21 27 23 24 7 22 20 28
48 18 27 28 25 29 22 24 3 14 15 28 13 27 9 25 11 17 9 23 8 19 7 20 4 21 3 13 16 20 18 25 21 22 28 30 20 26
50 18 6 23 1 21 18 26 6 26 23 24 16 25 7 25 10 17 10 22 11 14 17 29 24 28 5 20 15 28 16 19 15 30 17 27 13 28
52 18 4 18 12 13 12 16 15 20 10 22 9 15 8 29 8 21 8 14 5 28 4 27 14 17 15 26 15 30 19 29 20 25 16 23 7 24
56 18 11 23 9 29 1 27 2 24 3 26 4 28 5 17 6 14 8 19 12 13 16 30 19 20 20 25 21 29 1 18 9 30 7 15 22 28
48 18 1 28 8 29 16 19 10 20 15 29 1 17 9 14 10 27 15 30 15 21 6 25 9 18 13 25 10 16 4 22 21 26 24 29 21 23
51 18 15 23 5 26 19 24 10 23 14 19 3 18 11 22 12 27 13 24 2 30 13 28 2 19 11 16 4 25 7 21 7 20 1 29 16 17
48 18 12 14 19 30 2 30 21 26 10 18 26 28 2 23 3 26 6 22 3 24 2 25 16 18 17 28 3 15 23 27 20 30 15 29 13 14
49 18 17 29 14 19 15 28 14 30 7 25 9 13 2 23 1 28 8 29 2 22 2 30 3 18 4 26 17 20 5 16 17 27 7 24 19 21
52 18 11 30 9 25 6 17 6 26 1 13 8 23 2 29 20 29 15 28 3 18 20 22 16 20 15 20 26 27 13 14 9 21 17 24 9 19
49 18 4 17 4 13 4 15 4 26 5 23 10 30 10 25 9 18 22 28 8 16 11 22 7 19 20 27 20 25 18 24 28 29 11 21 1 14
48 18 17 26 15 19 3 30 10 22 21 28 22 25 13 25 14 16 1 16 22 28 8 17 9 19 18 25 2 20 2 23 20 27 17 24 23 29
51 18 16 26 4 28 8 18 5 24 21 24 9 16 6 13 2 14 20 24 13 17 18 23 3 22 23 25 10 29 19 23 15 20 10 30 8 27
53 18 22 23 23 29 20 28 7 22 2 26 1 16 1 21 21 25 1 27 21 24 17 19 7 19 4 13 14 27 10 20 6 18 5 15 12 30
49 18 9 15 8 14 3 27 11 17 11 18 12 29 18 25 16 27 7 24 15 22 8 19 13 27 11 20 2 26 6 21 17 30 10 28 5 23
49 18 1 13 12 30 17 21 12 23 3 24 2 25 1 16 8 15 9 28 1 29 16 22 14 30 14 20 12 17 19 29 21 27 23 26 8 18
49 18 1 19 2 13 12 28 16 30 14 24 21 30 18 30 18 29 17 27 15 30 4 18 4 20 15 23 6 22 6 24 6 25 12 27 6 26
51 18 16 24 18 21 15 18 22 29 4 25 9 16 1 19 15 24 1 30 13 20 13 17 10 13 9 29 9 27 28 30 4 23 22 26 11 14
49 18 10 30 8 28 17 26 19 23 19 29 26 28 7 16 2 22 4 27 18 24 8 14 14 21 15 25 17 20 15 27 13 27 21 23 10 24
55 18 10 27 6 23 13 26 9 28 9 24 3 15 8 26 17 22 25 27 12 18 11 19 16 21 12 14 20 28 12 22 8 21 12 29 23 30
54 18 12 23 15 28 18 29 1 18 1 17 14 29 14 24 10 19 10 25 17 28 18 21 13 16 12 27 4 26 11 30 10 16 6 20 9 22
50 18 11 26 26 30 5 17 16 27 15 24 1 29 2 15 19 30 17 22 4 21 4 23 4 25 28 30 17 18 8 20 14 25 6 16 13 19
52 18 9 14 7 25 6 16 18 26 1 19 7 24 1 22 1 26 15 21 13 23 8 15 10 28 9 29 23 30 17 19 7 13 21 27 20 23
52 18 28 29 6 25 23 29 5 21 8 15 18 24 7 17 9 27 4 22 13 26 8 16 13 16 8 14 2 28 14 24 9 30 8 20 19 23
51 18 16 29 3 20 22 29 12 29 4 14 5 18 5 19 5 28 7 15 9 26 8 30 20 23 20 25 21 27 24 26 26 27 11 17 4 13
55 18 16 23 23 29 11 30 3 20 16 30 16 17 14 21 14 16 10 22 5 19 5 15 19 27 10 24 17 25 23 28 7 18 6 26 13 16
56 19 11 29 4 26 11 12 22 26 20 21 19 25 13 25 2 19 13 27 3 20 17 22 15 18 16 25 4 23 9 24 21 28 15 27 14 30 13 14
55 19 8 15 18 21 9 16 23 28 4 30 14 25 2 23 5 20 12 16 1 17 19 22 12 22 12 25 5 21 13 29 4 13 13 24 8 26 13 27
59 19 16 26 12 17 19 21 19 20 3 16 4 22 12 26 5 20 4 24 15 27 14 22 7 13 25 29 11 28 23 25 19 25 1 27 11 18 8 30
57 19 6 20 4 16 2 13 13 26 7 21 13 15 12 26 12 19 11 29 11 18 10 27 3 28 16 25 17 25 6 22 16 30 5 24 7 23 14 15
55 19 5 25 5 21 7 14 9 20 9 29 1 17 13 22 11 19 10 27 3 13 8 30 6 12 22 28 9 23 16 24 16 27 26 28 6 18 15 30
57 19 12 23 11 28 14 24 1 23 1 25 13 16 13 14 2 14 12 19 27 30 11 20 8 27 4 21 7 17 6 29 6 26 18 23 20 22 9 15
53 19 14 26 5 30 4 21 6 19 12 17 2 16 9 20 13 30 13 29 13 14 12 28 2 18 10 17 3 15 8 22 7 27 7 24 21 23 8 25
55 19 10 25 15 29 13 14 13 16 17 24 4 24 8 21 15 30 8 23 14 17 4 15 4 12 9 26 2 28 10 19 27 28 22 25 20 25 10 18
57 19 7 28 1 23 11 20 2 14 9 29 10 16 15 27 15 23 20 22 18 27 19 28 2 21 17 21 12 20 13 24 13 17 13 26 17 30 16 25
53 19 12 19 18 29 18 23 7 17 1 27 3 26 4 24 20 23 20 28 21 23 3 29 2 14 6 16 14 25 14 19 10 22 12 30 15 20 7 13
52 19 17 24 14 26 21 27 13 29 13 27 10 26 9 30 20 25 10 22 2 16 11 23 23 28 11 29 17 29 3 19 20 27 18 26 12 21 15 30
54 19 16 20 10 28 13 18 12 19 19 27 1 21 11 30 12 13 7 25 12 20 7 19 21 26 3 15 18 24 3 22 3 29 5 17 7 23 11 14
52 19 8 13 17 21 15 27 21 24 23 24 15 18 13 23 17 18 1 29 8 12 5 20 2 14 15 16 17 25 21 22 27 30 19 25 21 28 26 30
53 19 6 18 3 12 13 24 16 29 11 27 7 16 9 14 4 21 3 22 22 28 12 19 8 13 14 17 9 30 15 22 21 25 7 20 6 26 12 23
55 19 12 23 8 20 3 14 14 23 19 22 1 15 6 28 2 22 2 25 10 13 14 29 3 16 15 18 16 24 25 30 12 17 5 26 15 27 21 23
51 19 21 29 16 27 16 25 8 29 16 20 5 26 5 22 3 19 6 16 5 14 2 30 2 18 7 23 8 17 12 30 13 21 14 28 16 24 14 15
54 19 26 28 18 21 19 28 5 25 16 23 10 17 18 28 18 23 5 26 1 24 5 27 15 24 2 20 21 29 12 29 11 14 13 27 17 30 15 22
52 19 11 16 4 19 12 28 19 21 1 29 14 16 12 16 3 13 2 27 14 25 15 21 15 23 15 26 16 17 5 18 6 20 27 30 22 29 21 24
54 19 18 27 11 19 8 25 2 12 2 17 16 24 1 27 14 30 14 19 14 16 13 21 13 15 12 20 12 13 10 22 9 29 9 23 6 28 7 26
52 19 13 22 9 26 1 12 1 22 22 27 17 29 16 20 16 23 20 29 18 26 15 23 19 23 14 24 8 19 7 21 3 14 19 30 8 25 15 28
50 19 23 28 20 25 11 13 18 27 9 23 2 19 10 18 17 25 14 21 9 25 15 19 15 22 2 16 20 21 19 29 7 24 3 30 26 27 5 12
49 19 6 21 7 12 17 29 13 25 10 22 9 13 21 29 7 14 5 20 1 30 10 23 15 18 23 28 16 21 13 19 22 27 10 18 17 26 12 24
56 19 5 15 9 27 3 19 12 14 11 13 22 26 10 22 2 28 22 29 3 16 3 17 20 27 24 27 4 25 7 18 23 29 14 23 13 21 12 30
52 19 11 15 12 15 12 21 12 24 16 17 23 27 22 30 14 17 1 29 7 26 14 27 21 28 21 23 3 13 20 26 17 19 4 30 24 25 12 18
53 19 22 26 15 28 10 25 5 12 8 30 22 24 8 29 12 20 8 18 8 15 20 27 19 20 18 21 7 23 13 27 14 27 17 24 4 24 16 17
51 19 19 23 15 25 1 13 12 14 4 14 10 23 17 21 15 24 15 26 2 24 16 17 14 29 17 24 18 29 18 30 10 22 4 28 23 27 20 22
49 19 23 27 22 27 24 26 2 12 20 29 6 22 7 14 7 21 11 18 2 19 12 16 14 24 7 29 29 30 4 13 5 25 25 28 17 21 15 28
55 19 13 20 2 15 14 20 13 24 23 29 10 14 9 29 1 18 4 25 16 17 13 22 19 28 16 23 19 24 26 28 14 21 10 30 7 12 11 27
50 19 20 25 15 18 3 24 14 23 7 15 3 30 9 29 13 16 14 20 4 14 2 26 5 21 4 12 7 13 13 27 9 28 15 19 5 22 17 18
50 19 13 26 9 24 6 19 21 22 15 24 10 27 11 12 22 23 8 23 14 28 7 30 8 18 14 16 7 16 7 17 16 29 26 29 24 25 20 24
52 19 12 27 1 24 1 13 3 19 3 20 27 28 8 22 12 30 13 23 9 15 1 29 20 30 17 26 14 26 14 18 12 17 14 16 11 21 12 25
60 19 9 20 19 29 11 18 20 23 5 27 5 30 15 23 15 22 4 25 18 29 14 24 17 23 3 28 12 15 18 26 16 21 12 13 11 24 17 21
53 19 17 19 5 19 7 25 12 26 10 22 14 22 13 22 2 12 13 23 12 20 2 30 12 15 10 27 3 29 7 16 5 24 18 20 9 28 16 21
55 19 7 23 12 14 9 27 15 28 1 24 13 27 13 22 12 26 12 20 2 29 11 20 11 19 10 21 28 29 6 18 15 30 17 25 25 30 16 26
55 19 11 26 22 30 10 23 6 14 9 25 1 16 20 30 8 21 2 15 2 17 13 16 13 28 3 29 4 12 15 19 10 20 5 24 10 27 8 18
50 19 23 29 9 12 6 30 7 22 17 20 16 25 8 16 1 18 9 14 4 17 15 18 10 27 2 28 11 29 26 29 18 19 5 21 8 24 4 13
57 19 16 23 14 26 5 22 26 27 14 23 22 24 13 28 19 28 3 21 23 29 12 22 5 29 2 20 13 21 17 19 15 21 5 30 16 25 1 18
53 19 12 29 12 19 1 30 6 14 15 28 9 28 26 27 9 13 27 28 14 17 14 16 11 29 20 24 8 20 10 25 18 22 14 23 20 21 22 26
53 19 14 26 9 19 15 29 3 28 15 27 6 15 17 22 3 23 1 24 16 24 12 19 18 20 12 20 2 17 13 19 13 26 26 30 21 26 2 25
50 19 7 25 16 27 18 26 1 14 16 20 20 24 10 24 13 18 13 14 16 22 4 21 4 29 4 15 1 30 14 23 19 30 21 28 12 15 7 17
55 19 7 14 10 26 3 22 3 19 19 27 21 23 2 28 8 16 13 28 21 27 19 24 4 15 4 25 16 18 17 21 5 30 23 29 15 20 12 25
58 19 9 17 26 27 14 24 8 25 5 30 21 30 20 29 12 14 20 24 19 28 9 20 14 22 18 30 14 26 15 23 15 30 9 28 13 29 16 20
56 19 6 24 17 23 20 29 19 20 17 24 18 30 17 30 1 26 7 27 13 26 12 21 1 12 28 29 27 29 6 15 22 26 4 25 7 14 16 20
51 19 1 12 15 22 15 28 16 22 7 15 8 25 17 26 24 27 15 21 1 30 22 26 8 13 2 29 3 23 6 27 18 25 13 20 10 14 7 19
51 19 9 17 29 30 19 25 13 29 18 22 20 27 16 25 6 28 2 21 6 23 7 14 5 13 6 22 11 12 6 15 5 20 10 24 25 30 26 29
52 19 12 27 23 30 13 19 12 17 8 18 1 14 9 20 16 22 11 26 1 27 1 28 15 21 12 23 13 14 20 21 23 25 6 16 10 24 22 29
54 19 11 21 10 29 8 28 14 16 4 12 5 14 5 27 11 25 7 24 8 13 9 17 11 20 2 26 11 22 15 16 16 30 18 22 20 23 17 19
58 19 24 25 4 24 3 28 25 30 13 16 24 27 12 26 2 16 2 17 12 15 3 22 2 23 4 19 5 12 6 18 21 26 8 20 16 29 13 14
59 19 20 21 27 28 9 16 17 19 13 26 25 26 24 27 1 20 13 24 21 22 9 13 14 20 15 28 10 18 4 30 7 12 16 19 17 23 16 29
52 19 11 26 13 28 15 16 8 13 18 25 1 23 2 14 2 17 19 25 14 21 2 30 26 29 3 16 3 20 17 25 12 21 21 24 9 27 1 22
60 20 1 12 8 30 3 24 4 13 2 21 2 25 21 28 3 11 20 26 16 27 29 30 15 18 14 23 13 15 12 26 25 27 6 19 16 23 17 25 22 28
60 20 10 23 4 28 8 15 15 22 9 30 3 27 16 25 15 19 14 15 13 26 3 21 3 13 13 20 11 13 25 26 3 24 12 15 7 18 18 29 16 17
56 20 24 29 9 19 9 23 4 16 14 23 13 28 17 20 2 15 16 27 16 26 16 24 15 28 15 21 13 30 12 28 11 17 15 20 21 25 1 22 13 18
55 20 23 26 28 30 15 30 4 16 6 25 6 30 14 27 14 18 3 11 11 26 3 13 11 21 3 22 10 17 5 29 4 20 5 14 5 24 19 30 12 23
52 20 21 30 13 24 6 22 15 26 14 30 9 15 13 15 3 18 19 28 21 22 17 27 6 20 20 27 6 25 14 28 14 23 10 11 10 29 11 16 12 16
54 20 7 30 26 27 2 17 5 12 6 26 3 14 12 28 4 25 2 20 1 21 4 23 14 24 10 11 13 25 22 23 12 16 5 29 6 18 4 19 10 15
54 20 5 15 4 12 11 15 9 20 5 25 18 20 18 24 8 23 4 28 12 27 15 21 1 13 8 30 9 22 10 19 4 29 9 26 16 19 17 18 14 29
52 20 4 14 2 30 2 22 5 29 18 30 8 16 6 19 3 20 20 21 22 23 7 25 15 20 5 13 16 27 16 28 4 12 17 21 26 28 24 30 11 12
61 20 6 27 2 13 7 29 3 18 12 23 11 28 11 22 11 13 10 25 10 15 3 20 9 16 7 23 21 30 15 21 15 17 18 26 18 24 19 21 14 16
59 20 14 15 3 23 8 27 18 20 14 28 5 13 7 20 7 17 14 19 5 21 1 24 1 26 21 25 1 29 1 15 9 30 11 28 12 29 16 27 5 22
60 20 6 30 13 16 1 17 1 25 1 11 14 15 13 18 13 15 3 26 12 30 12 27 12 16 9 21 10 19 24 27 23 24 20 29 7 22 12 20 14 28
58 20 12 23 3 22 19 24 18 25 8 15 8 11 1 26 14 22 6 25 6 21 18 29 3 17 17 24 5 27 16 30 17 20 10 30 12 19 13 16 10 28
58 20 10 28 1 16 1 20 9 30 10 21 18 25 18 26 18 30 4 14 2 17 15 25 2 24 7 23 15 19 3 13 11 27 11 28 12 30 10 29 2 22
59 20 14 15 15 24 9 30 11 13 6 27 1 18 1 19 25 29 1 24 1 29 2 13 15 26 20 26 23 24 22 30 16 29 12 21 21 25 17 21 11 28
63 20 17 22 16 17 10 24 5 29 21 29 3 11 7 22 15 17 20 22 3 27 23 30 12 27 27 30 20 26 5 25 16 28 18 24 5 14 12 13 14 19
53 20 4 30 7 13 15 24 13 22 11 28 16 22 16 19 16 17 21 22 1 25 7 12 14 27 7 28 2 20 2 18 8 15 17 23 16 26 9 27 27 29
61 20 6 19 18 20 2 12 1 29 14 30 2 20 14 28 14 15 13 23 3 22 3 24 12 26 4 11 11 16 4 17 5 21 26 30 21 23 21 27 25 29
52 20 4 14 6 11 9 29 1 28 19 30 4 23 21 22 10 12 6 13 6 17 8 25 9 16 14 26 27 29 20 26 20 21 17 18 15 21 1 30 23 24
54 20 15 30 11 29 22 24 10 23 21 24 5 16 8 11 5 28 2 27 2 26 12 28 3 14 11 22 11 25 11 15 17 26 20 25 18 21 19 24 13 25
54 20 28 30 3 16 15 30 10 20 18 19 20 29 6 25 18 24 27 28 15 17 13 27 1 27 11 27 10 23 12 13 13 22 18 28 7 26 21 28 14 29
56 20 12 23 14 24 12 15 11 24 1 29 17 20 16 24 15 28 2 28 14 21 13 30 3 18 13 14 12 25 4 20 29 30 5 27 7 19 23 26 22 23
57 20 13 27 21 27 8 20 12 15 15 26 3 14 5 22 9 11 1 24 1 27 20 29 16 21 11 23 13 30 6 28 6 26 4 18 16 25 12 19 12 17
60 20 1 15 10 25 2 16 20 28 1 22 1 28 21 22 21 23 7 27 13 24 4 11 19 27 14 29 23 30 10 14 18 24 13 19 10 17 9 12 25 26
58 20 28 29 7 16 2 21 3 13 18 28 1 29 7 19 2 30 14 16 15 20 5 26 5 25 16 17 16 20 2 11 27 29 9 24 12 25 11 23 8 22
58 20 11 20 8 14 6 16 25 30 14 18 24 29 22 23 21 28 17 29 12 29 8 11 1 24 1 25 6 21 2 22 23 26 16 27 15 21 13 20 10 19
56 20 6 25 17 21 5 13 18 19 7 12 13 20 12 30 12 26 12 19 11 28 11 24 11 14 13 21 3 16 3 28 8 27 7 22 5 23 15 19 21 29
57 20 11 30 5 11 7 22 9 20 19 28 26 29 13 30 26 28 13 27 13 25 18 30 1 28 8 12 12 15 12 14 2 16 9 24 17 25 23 29 21 27
58 20 9 22 5 14 5 30 3 13 18 22 13 26 13 28 8 25 20 26 14 21 8 16 7 27 2 23 7 12 11 30 17 28 24 28 1 15 11 19 18 29
59 20 12 18 8 28 6 27 2 23 15 28 7 14 8 25 15 19 14 29 1 24 16 27 7 21 13 23 12 16 12 17 9 20 3 26 22 29 7 11 28 30
59 20 8 13 8 28 25 28 8 12 12 26 23 25 1 16 15 18 21 29 9 11 2 14 2 17 19 30 3 21 15 21 4 30 27 30 11 20 5 22 8 24
50 20 12 14 22 28 8 13 3 15 25 26 13 17 13 27 19 29 14 30 13 30 18 21 8 29 17 26 1 28 15 24 1 18 11 30 12 20 11 23 16 21
60 20 11 19 18 23 1 21 4 12 18 22 18 25 1 17 8 22 8 29 14 21 13 16 9 24 12 27 11 12 14 30 5 13 15 24 5 20 8 26 20 28
56 20 2 26 22 28 19 27 5 29 16 17 2 12 14 21 15 21 13 18 13 17 3 14 11 29 17 21 28 30 9 25 8 22 5 19 6 23 4 20 24 30
55 20 15 19 9 20 9 12 3 23 16 26 3 25 5 24 5 16 15 29 5 13 5 11 16 18 10 21 6 28 6 22 10 19 14 20 11 27 12 17 13 30
58 20 23 28 25 28 11 12 5 13 3 15 7 21 7 12 16 20 5 25 18 22 18 28 14 27 27 28 13 20 12 29 12 26 10 19 6 30 17 25 7 24
51 20 1 25 15 23 5 15 14 22 9 29 22 27 25 30 2 16 18 20 16 26 9 19 17 24 18 19 16 21 14 26 14 28 13 28 10 11 12 27 12 24
55 20 25 27 2 30 24 25 12 22 23 25 3 20 13 14 10 22 9 11 14 28 1 28 9 23 10 21 2 18 3 15 8 17 3 16 19 28 6 29 8 26
59 20 6 23 16 20 3 28 13 21 9 26 19 24 4 15 2 30 2 25 9 24 7 17 2 16 27 28 21 22 5 18 4 22 12 14 6 12 6 11 12 29
62 20 13 28 14 23 7 23 16 18 12 25 1 18 1 19 12 26 8 17 10 13 14 21 2 12 11 16 18 27 11 22 9 30 7 29 9 15 7 20 6 24
56 20 4 27 2 18 13 14 8 16 7 21 9 13 1 28 1 29 21 23 2 22 2 26 8 11 12 18 3 25 17 29 15 20 11 15 12 30 13 19 24 27
55 20 13 27 13 20 13 24 18 29 14 19 18 27 5 30 17 18 8 20 2 22 16 17 6 15 2 26 14 26 9 28 11 20 12 13 18 23 10 25 20 21
58 20 3 22 4 15 5 17 1 11 12 24 7 30 13 23 13 16 8 28 15 20 23 29 14 19 14 22 10 13 19 21 27 29 12 17 18 19 16 26 14 25
53 20 9 12 6 21 6 28 14 20 1 26 2 30 15 23 20 23 24 25 1 17 4 24 17 18 10 13 11 20 20 24 16 25 3 29 3 19 13 27 13 22
59 20 11 13 3 26 21 25 11 21 1 23 10 24 9 30 9 15 8 29 19 20 21 26 17 20 19 22 20 24 4 18 6 12 5 14 16 21 17 27 17 28
57 20 5 20 2 13 23 30 2 24 8 15 12 20 1 26 20 30 16 29 6 19 7 16 1 22 7 14 18 26 13 25 18 21 17 27 17 23 3 28 11 18
50 20 2 16 27 28 7 19 7 25 5 29 5 26 15 28 12 28 5 13 11 25 8 18 8 14 1 24 1 30 7 12 6 20 3 22 2 21 16 17 23 27
61 20 15 19 6 22 9 20 3 21 16 23 17 23 13 26 15 20 4 13 2 24 27 28 4 28 21 30 3 12 11 14 29 30 11 16 11 22 6 18 25 30
55 20 2 17 13 14 2 28 2 30 15 26 24 26 5 27 6 18 6 13 21 24 20 29 20 26 5 22 8 12 9 11 7 23 16 20 25 27 26 30 8 19
52 20 25 28 8 22 8 14 8 11 7 15 10 20 5 27 19 24 1 30 23 24 9 18 2 16 2 17 9 21 20 28 3 23 5 26 12 26 9 29 13 26
52 20 26 30 9 14 13 15 11 19 10 25 17 19 19 25 23 24 23 27 16 22 6 13 15 23 15 21 8 18 25 29 11 20 12 15 16 30 6 26 24 28
55 21 18 23 21 23 11 26 15 19 2 18 2 13 1 17 7 28 14 22 8 26 7 27 15 26 2 22 28 30 10 15 7 24 4 16 6 12 5 20 9 29 15 25
62 21 1 15 7 29 17 28 15 28 1 26 2 24 3 13 3 18 5 19 17 20 16 30 6 12 29 30 7 14 7 22 8 25 9 10 1 23 23 27 11 19 13 21
58 21 20 21 17 22 6 15 5 27 3 10 1 21 2 12 2 19 2 16 2 14 2 13 13 24 14 23 23 25 28 30 2 30 3 17 19 26 18 20 11 22 9 29
66 21 4 12 11 13 7 17 13 20 1 22 16 18 1 11 16 30 7 23 17 26 18 20 12 24 14 29 23 25 26 28 3 15 10 19 10 20 8 29 8 21 7 27
59 21 11 28 10 28 23 30 2 13 7 15 4 18 4 14 4 11 12 20 11 27 11 26 9 23 11 12 6 22 5 17 19 30 4 29 21 27 18 25 24 26 16 29
56 21 17 29 21 26 8 27 14 30 17 25 5 20 13 27 14 19 8 24 3 22 7 29 1 12 8 16 6 21 2 15 16 28 10 13 11 14 12 19 15 23 9 18
63 21 24 29 21 22 8 10 1 21 16 17 15 20 14 21 4 12 2 13 13 25 2 16 12 26 12 23 12 19 2 29 10 18 3 11 6 30 14 27 9 28 7 15
58 21 19 28 4 12 12 27 13 21 11 15 5 17 10 12 16 23 10 20 16 20 11 12 2 14 11 28 3 30 3 26 3 22 20 25 21 25 24 25 6 29 18 29
54 21 26 29 21 25 16 19 9 15 14 30 14 26 6 16 6 22 4 30 8 11 1 21 2 10 2 12 10 13 3 20 11 18 22 28 6 17 24 25 25 27 6 23
57 21 20 22 8 29 8 26 8 25 1 15 6 12 10 30 5 24 19 28 12 18 14 26 21 28 5 27 23 29 9 11 22 27 9 19 26 30 12 17 10 16 12 13
58 21 3 27 17 20 16 24 9 22 3 17 3 23 4 18 4 10 17 30 2 25 18 29 1 26 19 26 16 29 6 14 13 18 12 23 11 18 15 17 21 27 6 28
56 21 14 27 23 27 19 21 16 25 10 23 24 27 23 30 1 29 2 30 15 29 13 26 24 25 10 20 11 14 11 26 6 12 6 22 16 28 3 17 21 24 6 18
60 21 3 21 22 29 4 10 13 25 6 23 12 26 12 29 20 30 17 27 5 17 5 19 1 13 5 22 6 16 6 15 14 28 2 24 14 26 11 17 4 30 10 18
62 21 14 27 5 19 4 24 1 22 16 27 2 18 14 21 3 10 3 21 11 15 29 30 10 28 10 25 10 17 10 15 6 30 20 23 24 26 23 25 10 12 13 29
58 21 28 29 27 28 3 21 6 16 6 29 2 24 19 20 3 23 1 20 13 29 15 26 16 17 16 22 14 15 4 11 8 26 8 10 5 18 25 27 21 30 12 29
63 21 15 18 18 29 13 30 1 10 7 15 21 23 21 22 20 27 19 22 14 17 2 19 9 28 18 20 17 27 16 27 3 24 11 24 8 13 10 26 12 22 8 25
61 21 27 29 25 28 24 30 11 20 8 22 10 16 14 29 8 26 8 29 4 17 1 28 13 23 11 15 10 29 9 23 3 15 9 21 7 19 15 30 7 12 6 18
59 21 9 28 19 24 6 12 6 18 24 29 7 25 11 13 13 28 13 23 13 22 13 16 3 15 3 19 11 17 10 19 27 29 5 30 1 21 22 26 9 20 14 23
62 21 14 25 2 13 1 30 11 14 17 27 17 24 17 20 16 26 13 26 5 17 11 19 15 30 14 18 7 19 11 22 26 28 21 24 7 10 27 29 8 12 7 23
58 21 8 28 9 14 15 27 20 22 1 18 1 22 3 13 17 26 2 29 16 23 16 20 2 21 3 11 10 21 15 23 3 24 11 12 19 20 6 17 8 30 20 25
65 21 8 10 13 29 6 25 10 24 3 26 3 22 1 13 14 16 17 19 1 17 13 28 11 19 12 24 12 23 2 30 23 27 5 18 9 16 7 20 6 21 6 15
60 21 5 29 2 22 1 10 16 25 3 13 3 11 15 30 22 27 8 21 22 26 21 24 7 17 18 19 19 21 2 15 13 14 20 22 15 16 5 28 18 23 12 27
62 21 11 21 21 27 22 25 18 24 1 22 21 28 21 24 2 30 20 28 20 26 20 23 3 26 17 24 16 30 15 21 7 10 7 19 7 29 13 28 12 23 10 14
59 21 8 18 12 27 1 28 12 23 12 16 11 18 15 18 13 18 12 29 1 21 11 24 11 22 27 30 3 19 4 30 21 25 8 14 17 23 15 26 20 24 6 10
57 21 24 26 4 25 7 23 2 27 11 29 3 29 26 28 2 22 1 10 1 12 1 13 13 15 13 20 8 14 19 27 16 21 18 24 4 28 8 21 27 30 10 17
62 21 15 26 5 24 8 27 13 23 6 21 23 27 9 11 3 29 1 19 20 30 6 28 14 30 14 29 18 30 19 26 16 17 25 29 12 13 17 24 11 22 10 23
62 21 22 28 18 23 18 20 5 23 6 28 3 14 7 15 1 19 7 17 1 24 2 29 1 26 9 10 4 13 7 27 16 26 9 21 6 25 7 30 12 26 11 28
66 21 9 12 14 23 16 29 16 25 1 16 16 17 14 28 5 27 14 19 13 30 11 28 11 15 10 29 3 18 18 28 4 30 24 28 9 21 12 26 9 22 20 22
62 21 26 30 13 15 1 25 1 10 18 28 9 11 9 22 16 17 3 23 1 20 10 30 14 23 3 15 11 28 8 12 6 19 24 30 5 16 9 27 2 29 7 21
60 21 2 13 1 10 13 18 12 16 8 12 7 17 15 29 14 25 13 24 13 19 1 30 4 23 2 11 3 29 9 14 26 28 25 26 6 20 21 30 21 27 10 22
59 21 6 23 24 25 16 28 8 17 12 29 9 21 13 25 16 17 1 20 1 26 15 16 10 17 12 25 2 29 11 19 11 17 5 30 18 23 27 28 6 22 9 14
64 21 28 29 16 25 1 29 7 11 2 20 3 30 4 19 5 24 5 26 8 18 9 13 9 14 10 11 11 12 11 16 15 25 22 24 2 23 11 27 9 21 8 17
64 21 1 19 12 17 8 17 6 29 14 30 6 30 13 30 13 28 2 11 13 16 12 24 3 20 6 21 23 28 22 25 21 25 18 29 15 25 27 30 26 29 10 24
59 21 16 22 2 13 15 28 13 15 3 26 16 20 2 18 15 19 14 27 14 20 13 22 13 21 12 24 29 30 11 16 10 23 8 30 7 17 7 12 23 26 25 27
58 21 10 28 2 23 10 13 5 24 18 25 7 18 6 14 10 15 9 22 6 17 12 18 3 13 2 27 2 11 12 26 14 20 16 19 19 22 19 29 29 30 10 21
65 21 2 26 6 19 5 18 15 23 15 28 9 25 1 11 5 10 8 17 1 30 7 21 3 24 21 27 13 25 21 28 22 26 10 16 11 29 7 20 12 28 13 14
60 21 1 13 2 22 22 28 20 24 1 14 15 16 1 27 15 24 5 16 5 18 1 11 15 30 17 18 2 19 2 21 2 25 4 10 28 29 26 28 18 23 12 20
60 21 5 12 3 15 11 23 6 30 14 16 13 26 2 13 2 17 2 20 11 21 11 17 10 11 2 29 9 14 3 27 4 18 5 24 23 28 16 22 19 25 19 28
55 21 8 13 4 19 25 30 4 30 18 24 21 22 9 17 5 26 15 29 23 25 3 14 9 29 7 21 4 12 9 11 12 16 27 29 5 18 13 28 10 12 17 20
62 21 3 29 14 23 11 28 6 14 20 25 8 22 20 23 19 26 9 30 2 11 5 19 18 21 16 26 17 27 12 26 8 10 4 13 14 15 7 27 8 21 4 24
59 21 9 25 12 24 17 24 10 24 23 28 4 30 13 14 13 17 17 18 2 28 13 29 2 14 16 30 9 11 5 21 6 27 20 28 14 26 22 27 10 19 6 15
55 21 10 25 19 26 1 25 17 24 5 18 23 26 9 20 8 29 11 17 2 11 16 21 3 13 3 16 15 28 15 25 12 18 5 23 6 14 21 22 23 30 13 27
56 21 22 26 14 30 18 20 13 21 19 24 12 25 15 17 14 26 14 25 14 23 14 17 12 28 12 27 12 19 11 22 27 29 11 13 9 25 9 16 6 20 10 23
59 21 8 11 5 17 2 26 2 10 19 24 20 25 26 28 17 22 16 25 1 24 1 25 15 30 1 30 22 27 10 13 12 23 3 23 5 29 18 19 11 21 7 14
52 21 24 27 11 13 5 17 11 12 21 23 4 21 4 16 6 15 13 15 11 29 18 30 10 22 4 30 4 25 15 28 4 20 14 22 12 26 24 29 22 30 11 19
57 21 20 22 23 26 19 21 15 19 7 11 6 17 15 16 7 10 21 24 9 24 8 29 15 25 7 26 9 14 15 28 17 30 4 18 6 27 5 22 12 19 13 30
62 21 2 19 9 24 8 17 1 21 19 28 9 27 13 20 9 20 6 11 13 29 2 23 14 29 14 25 7 26 18 29 12 28 3 15 16 25 17 22 6 10 11 30
64 21 17 23 3 17 8 13 3 20 3 12 11 29 1 24 8 21 15 23 2 11 7 14 5 25 8 27 18 25 6 19 22 28 5 30 7 22 6 26 16 20 10 28
63 21 21 29 12 14 8 19 10 28 22 24 7 30 19 26 7 20 7 15 18 25 12 29 3 17 17 24 16 29 16 28 4 28 4 23 13 21 12 27 6 25 11 14
59 21 1 29 23 29 22 27 7 24 17 30 7 18 12 20 11 23 10 27 9 25 7 28 7 19 13 14 7 13 5 21 4 22 12 23 13 15 16 24 21 30 15 26
55 22 15 28 12 23 17 21 23 28 9 10 17 19 15 18 9 15 1 22 8 13 15 20 13 27 1 30 13 19 12 14 11 29 3 14 11 20 5 24 8 16 7 25 26 30
60 22 14 27 12 18 15 24 4 12 5 16 18 25 19 22 6 23 5 17 4 27 15 26 20 21 3 30 21 26 21 29 7 24 11 12 13 22 1 9 19 20 10 28 17 28
67 22 3 22 2 9 5 23 1 27 3 26 20 28 17 22 12 27 17 24 8 18 12 28 12 15 14 28 17 30 18 21 4 11 19 26 23 25 5 13 15 16 10 30 10 29
61 22 27 30 11 22 2 21 13 20 13 19 3 28 1 17 17 29 1 27 17 19 14 27 3 22 2 18 10 19 12 17 12 15 22 24 4 9 6 16 1 25 8 23 10 26
60 22 13 21 1 21 16 22 13 29 8 25 8 27 9 23 16 19 15 23 14 27 13 24 13 23 12 27 10 26 10 16 8 22 6 17 19 20 18 21 24 28 24 30 11 14
68 22 11 29 3 14 17 20 16 26 1 21 1 27 1 30 13 28 12 20 10 28 10 24 9 16 8 24 8 9 7 29 7 25 22 27 19 29 9 23 9 17 7 18 6 15
62 22 17 29 21 25 13 16 17 26 3 19 14 29 6 17 1 15 23 26 12 20 20 29 20 25 13 29 10 25 17 30 17 27 11 15 9 20 9 28 15 24 8 22 18 19
61 22 14 15 8 25 7 27 14 25 3 9 26 30 11 21 12 16 11 24 16 24 8 26 16 19 15 22 9 13 10 11 11 20 4 12 2 29 7 18 6 17 6 28 23 25
60 22 5 15 19 23 10 12 14 15 12 30 23 25 7 28 18 30 19 21 1 22 18 27 18 24 9 27 18 19 17 28 7 29 8 16 14 21 13 28 25 26 11 19 9 20
60 22 1 30 11 27 17 30 9 14 25 29 1 26 13 18 15 21 14 29 13 30 8 29 2 22 13 24 9 16 13 20 10 22 13 15 9 19 12 23 12 19 11 30 26 28
63 22 6 29 10 12 16 27 4 26 2 9 2 13 2 22 20 21 12 23 19 21 10 13 12 30 17 29 4 25 18 19 5 15 5 16 7 28 11 12 12 18 11 14 22 24
61 22 9 23 9 30 1 30 14 21 3 20 8 16 12 24 1 22 2 11 8 14 11 28 7 19 7 15 3 17 6 26 13 29 25 29 10 30 19 25 12 28 11 18 8 27
62 22 16 24 1 21 6 13 2 28 18 23 9 13 1 17 9 12 8 15 18 29 12 26 18 25 12 18 3 20 14 26 23 30 11 29 9 19 24 29 11 22 10 23 10 27
56 22 20 22 17 24 9 14 24 26 15 20 16 17 16 21 5 16 12 21 7 14 13 22 13 25 1 25 7 27 2 28 17 30 18 30 11 23 6 29 18 19 6 11 10 19
64 22 4 9 12 19 15 29 17 20 3 23 7 12 9 24 2 22 16 21 6 26 2 29 20 30 11 16 2 18 13 15 12 28 4 16 17 26 14 22 23 25 9 27 10 16
66 22 15 21 11 21 19 20 3 28 22 28 15 22 1 13 9 22 17 25 8 26 8 25 16 19 18 30 18 25 2 16 16 29 11 24 23 29 10 12 4 14 10 14 8 27
63 22 5 25 13 26 15 30 13 22 8 12 5 22 15 27 5 16 16 23 17 19 17 27 2 21 29 30 14 29 8 14 9 24 10 17 11 13 28 30 24 29 6 20 14 18
62 22 19 29 10 28 3 20 14 17 5 12 5 22 19 21 18 27 18 26 2 21 17 28 17 20 4 18 15 25 14 24 6 30 12 13 11 15 11 12 9 18 11 16 6 23
63 22 4 27 7 19 15 24 1 30 11 28 1 12 10 24 4 21 1 24 1 28 15 16 14 23 13 15 9 29 8 20 26 29 8 17 25 29 26 27 6 22 12 14 7 18
59 22 3 19 19 25 4 30 9 16 15 24 8 10 14 25 19 24 3 16 9 23 10 11 14 28 3 27 20 22 20 25 3 29 4 21 6 17 12 18 13 14 23 26 12 21
59 22 5 9 16 27 17 29 14 29 28 29 1 30 9 19 8 13 2 17 20 24 1 24 3 15 18 29 3 25 12 13 22 24 5 21 16 22 13 26 10 18 3 11 15 23
60 22 6 28 19 29 19 21 11 21 25 26 14 15 16 28 16 24 21 24 14 24 18 22 4 22 2 12 11 25 7 9 29 30 27 30 6 13 20 21 11 23 4 10 17 26
65 22 18 25 9 18 3 30 9 27 18 22 22 29 13 19 18 26 22 23 1 18 14 30 21 25 20 27 2 16 3 12 3 11 8 15 4 17 18 24 15 28 13 22 10 21
64 22 18 23 7 30 20 26 3 19 15 30 20 30 14 19 1 22 13 26 3 16 6 28 2 9 2 18 2 25 11 18 9 12 8 29 27 30 21 29 15 17 10 17 6 24
61 22 9 18 14 30 27 29 5 20 11 20 2 10 14 29 11 18 10 23 4 16 4 12 5 30 16 28 14 21 6 17 6 15 2 26 25 27 8 22 16 24 13 15 5 19
63 22 22 30 19 24 8 25 21 28 8 19 14 20 12 23 12 13 19 23 9 18 9 26 10 17 3 22 14 30 17 20 11 20 13 16 23 29 22 27 9 14 18 28 15 21
58 22 13 19 23 29 10 27 21 25 8 15 10 17 14 17 11 14 16 24 16 20 16 21 3 17 1 12 13 14 18 20 14 21 2 29 13 22 7 9 5 30 6 28 17 26
62 22 3 10 1 11 5 12 5 18 8 22 20 29 6 24 1 25 2 29 27 29 3 14 25 30 3 17 5 16 20 21 6 19 14 28 19 23 15 25 13 22 9 13 23 26
63 22 26 30 4 11 19 29 3 18 11 15 9 24 17 25 16 23 16 22 1 29 18 23 11 21 14 24 14 20 14 19 13 30 12 16 4 17 8 10 27 30 21 26 26 28
65 22 9 13 5 15 20 23 6 20 8 21 8 9 14 19 6 29 14 22 6 25 14 30 7 28 18 28 18 27 4 10 17 24 5 26 12 25 12 24 10 19 11 25 15 16
58 22 7 28 16 25 17 21 11 15 1 10 10 17 8 27 3 26 7 20 19 27 13 27 8 16 1 29 21 30 7 14 18 24 15 21 18 19 9 20 23 25 12 27 22 29
62 22 8 23 16 19 24 27 10 21 13 27 14 18 8 19 1 9 13 21 13 26 1 18 7 20 3 15 22 30 2 10 2 11 2 17 8 28 21 29 12 29 3 30 4 25
69 22 5 21 15 16 13 29 25 29 4 30 8 25 12 28 8 14 13 20 20 24 18 30 5 26 15 17 15 18 4 12 9 27 23 29 11 18 6 27 6 19 10 13 5 22
61 22 7 21 3 30 7 14 23 24 18 21 18 25 1 19 7 16 1 13 11 14 26 30 18 22 4 9 8 23 15 17 8 28 2 15 12 14 6 29 12 20 10 14 5 27
60 22 4 12 23 29 5 20 5 23 11 21 18 22 9 11 1 9 8 14 13 19 14 24 6 22 6 16 15 22 17 30 16 19 4 28 17 22 4 26 10 19 17 25 10 27
60 22 11 13 8 30 14 18 6 17 21 24 4 9 18 21 3 27 7 26 2 21 2 19 22 27 13 24 23 26 16 23 4 10 16 29 18 28 17 25 3 12 15 23 20 27
63 22 1 30 7 11 25 28 6 27 4 14 13 27 21 25 4 10 1 18 9 17 14 23 14 17 12 29 21 27 22 24 7 22 2 26 8 12 10 20 7 16 19 21 15 22
62 22 3 23 1 28 14 30 4 19 9 23 5 30 13 16 8 10 16 30 16 18 15 22 15 19 13 27 5 26 11 15 5 29 24 26 25 30 17 22 21 27 7 20 9 12
66 22 1 26 16 20 18 21 6 23 6 21 1 9 15 20 15 21 8 17 1 22 17 19 24 27 16 27 16 25 22 28 12 16 13 25 14 20 11 15 7 10 5 29 7 30
64 22 8 26 10 14 17 23 13 17 4 20 23 30 4 19 21 22 18 27 3 24 17 24 5 12 14 25 11 17 8 27 9 14 10 17 9 29 5 16 5 21 16 28 10 15
62 22 7 23 21 22 17 27 14 17 4 19 4 9 8 24 8 21 6 28 6 12 5 25 5 11 15 17 28 30 17 18 16 30 16 26 15 28 9 13 10 26 10 20 24 29
55 22 8 17 16 22 17 18 14 18 12 27 21 23 12 14 7 10 11 13 2 13 18 30 16 24 5 16 4 25 17 26 15 23 6 21 15 19 9 10 9 28 10 20 21 29
63 22 27 29 6 18 5 16 8 30 15 17 18 23 29 30 18 21 15 23 7 19 5 9 8 12 4 11 10 17 3 20 3 26 27 28 25 27 6 22 24 25 6 14 7 13
64 22 4 23 8 15 1 10 16 29 13 16 4 13 6 22 6 28 1 21 2 25 7 26 17 24 18 24 1 12 6 17 24 30 11 25 10 14 13 20 13 27 9 27 6 19
64 22 9 19 6 12 4 23 22 23 5 15 1 11 8 16 14 20 1 28 15 24 6 13 20 23 5 19 2 29 2 30 4 25 3 26 10 25 12 21 17 26 10 18 12 27
62 22 4 12 10 29 8 10 20 27 4 26 11 28 15 25 14 27 14 22 14 15 7 15 7 18 13 15 11 12 10 24 10 17 9 26 6 21 6 19 29 30 16 20 23 25
66 22 19 23 5 25 11 13 4 26 19 20 9 25 4 30 17 18 16 27 4 12 2 22 15 24 5 28 10 24 6 10 7 23 6 14 1 18 11 28 25 29 12 16 10 21
64 22 8 23 15 22 4 11 17 26 7 22 16 29 2 10 4 14 16 24 2 9 11 27 13 22 8 20 8 26 13 18 17 30 19 22 4 25 6 21 11 28 2 16 10 12
64 22 29 30 7 26 17 29 12 30 4 25 19 23 17 22 6 12 6 16 1 20 1 24 4 9 18 29 15 28 19 24 10 28 5 11 13 16 10 16 23 27 16 21 14 15
68 22 12 27 2 18 22 23 10 18 5 13 8 22 9 16 3 29 14 18 14 19 8 9 16 27 10 20 15 22 21 22 6 11 12 26 11 24 12 17 7 30 7 25 27 28
67 23 5 14 1 27 4 15 3 24 13 22 14 29 24 30 4 23 8 25 4 26 21 26 12 30 12 25 12 16 8 28 19 21 11 20 9 28 22 29 18 23 6 11 15 17 10 12
66 23 16 28 7 9 11 25 15 16 2 29 14 27 15 22 22 30 2 24 6 12 1 10 17 27 1 18 2 16 21 30 27 29 1 13 18 25 3 20 9 26 8 21 14 23 4 19
66 23 14 22 14 17 13 14 7 19 7 15 1 22 8 17 17 25 16 25 3 10 6 27 4 9 5 26 5 21 12 24 11 22 9 29 11 28 10 23 5 12 20 25 13 30 13 18
65 23 17 23 6 15 23 26 3 13 10 12 7 9 6 28 23 30 23 29 13 19 2 10 6 21 22 30 14 26 12 29 27 29 19 24 3 18 7 25 14 20 5 11 8 13 16 26
68 23 9 25 11 15 1 25 8 12 14 23 16 23 9 16 6 15 19 23 22 25 8 14 21 30 13 23 1 20 20 28 17 27 11 30 11 17 26 29 10 27 6 29 6 18 22 24
67 23 2 23 6 24 6 12 9 14 22 27 1 27 20 27 2 10 2 21 18 21 21 28 19 30 3 15 4 17 17 29 17 25 5 30 14 15 8 19 23 26 16 25 11 15 2 13
68 23 13 24 19 26 2 25 17 20 1 22 16 28 15 23 14 27 14 23 13 21 13 17 13 15 12 18 2 8 10 16 9 18 3 27 8 12 5 19 3 30 16 21 8 11 27 29
59 23 19 20 28 30 9 12 17 25 27 29 3 19 14 26 13 25 5 30 13 16 24 30 2 18 14 15 14 17 13 23 15 30 3 10 8 13 11 28 11 22 9 10 15 29 17 21
65 23 17 22 1 22 2 16 10 15 12 15 15 29 2 10 15 18 14 28 14 24 13 30 12 27 4 9 28 30 11 28 11 23 4 25 10 20 5 8 9 11 19 27 11 26 9 21
61 23 11 22 2 26 14 22 19 29 3 13 13 29 13 27 4 14 5 24 1 25 1 10 16 23 14 21 8 19 10 12 1 28 22 23 2 18 19 20 7 15 4 17 9 30 9 25
63 23 6 24 14 19 15 19 4 18 10 15 16 19 7 20 16 28 15 21 16 30 6 9 2 19 17 21 13 28 3 22 12 30 12 23 11 29 11 25 11 15 5 8 7 27 8 26
63 23 1 27 17 29 8 23 4 23 5 17 20 29 21 25 21 28 17 28 9 28 8 24 9 19 14 27 2 26 16 24 19 30 10 23 6 15 18 29 5 12 9 13 11 13 20 22
56 23 18 26 9 21 1 18 25 27 10 30 24 26 7 23 7 21 10 11 13 26 17 22 8 19 5 17 15 22 16 23 1 30 14 28 13 27 12 30 11 28 3 29 8 9 17 20
64 23 8 9 8 23 10 11 10 23 11 19 4 11 17 23 22 29 3 24 3 28 3 30 4 27 5 13 5 14 8 22 10 16 12 14 12 15 19 26 20 24 7 18 15 25 13 21
64 23 9 17 5 19 5 18 10 14 24 28 21 28 14 18 9 21 1 21 14 20 14 25 22 26 21 30 14 26 2 27 20 29 16 20 23 24 3 8 10 12 11 28 13 20 15 20
64 23 5 8 5 15 11 24 14 18 2 13 5 27 6 28 1 30 14 28 7 12 19 27 7 16 14 20 7 21 11 18 6 26 18 25 6 23 17 27 3 22 14 29 9 24 10 23
68 23 5 13 14 24 6 25 5 19 5 16 5 8 28 29 1 28 20 22 18 24 16 30 16 17 5 9 5 24 13 23 10 16 11 30 7 15 6 12 15 20 5 27 9 26 11 21
68 23 3 23 2 15 8 17 15 17 9 16 22 26 21 25 1 18 1 25 1 27 9 13 14 19 19 24 6 28 2 24 6 30 9 21 12 17 4 26 10 27 11 21 5 29 16 20
68 23 9 30 17 28 10 17 9 20 1 12 23 28 22 30 1 18 1 22 1 24 21 26 12 21 14 16 2 11 14 25 6 13 11 19 17 20 26 29 8 9 23 25 15 26 5 27
64 23 8 12 11 22 18 25 3 28 9 23 6 30 22 26 8 16 13 26 2 18 14 16 3 14 17 21 4 20 4 23 15 28 5 11 5 24 5 17 10 16 26 27 25 29 9 19
61 23 24 26 13 14 19 25 20 30 6 23 2 10 4 16 26 29 12 27 15 21 13 27 15 26 16 28 13 15 2 25 2 26 1 22 9 15 3 18 3 20 11 14 8 13 17 29
69 23 6 16 17 20 26 29 1 8 15 26 13 26 2 10 13 19 13 14 12 24 2 27 11 12 10 26 3 21 9 20 4 24 9 13 23 28 22 28 18 27 15 28 24 30 8 25
67 23 25 27 3 17 22 24 7 19 8 29 1 14 8 23 5 18 15 19 8 12 13 24 8 28 7 23 7 21 6 30 25 28 4 26 9 29 10 21 12 20 4 22 6 16 4 11
69 23 7 12 5 8 3 23 12 19 15 28 15 16 14 30 7 17 1 14 7 20 1 24 12 15 15 21 7 26 11 19 8 18 9 16 26 29 5 27 7 22 25 30 13 28 10 20
64 23 10 19 1 9 23 24 7 15 6 19 12 29 8 27 22 23 8 11 27 30 4 14 1 17 13 23 13 17 4 8 11 28 3 21 2 16 20 27 23 26 8 29 14 25 18 26
59 23 14 19 9 25 8 24 4 29 19 29 19 23 6 20 10 13 2 9 20 28 2 16 7 24 1 18 7 27 13 26 8 15 29 30 20 21 15 17 17 22 13 19 11 21 12 18
68 23 2 11 18 23 16 27 13 18 6 18 6 25 6 28 7 10 7 26 7 27 10 19 10 24 11 21 12 18 1 9 14 16 14 20 15 19 16 30 17 22 27 29 15 22 8 25
63 23 18 25 13 18 11 27 13 22 15 21 18 28 8 24 4 14 9 12 4 10 9 19 9 22 15 24 10 29 9 26 9 27 3 24 13 16 2 25 12 23 9 30 12 17 13 20
66 23 3 10 15 19 13 19 13 17 3 25 20 29 19 24 9 17 9 14 19 25 7 29 8 30 23 25 12 24 8 24 2 11 22 28 7 22 24 27 14 16 7 18 14 26 10 21
65 23 16 18 12 22 17 23 15 28 7 9 15 20 9 16 13 20 1 19 7 29 2 8 7 17 2 28 7 22 3 30 16 25 3 27 21 30 10 24 11 26 9 26 10 18 10 14
66 23 8 22 17 28 22 24 6 25 17 21 7 17 1 12 16 29 3 23 16 21 15 28 15 27 9 26 8 14 8 15 2 10 9 15 25 30 6 11 5 18 6 13 3 20 10 19
66 23 9 15 1 14 1 21 25 27 9 16 3 15 9 12 8 29 1 27 8 22 8 21 19 26 19 20 3 24 7 20 15 17 17 28 11 24 5 13 26 30 4 18 23 28 5 10
67 23 3 24 10 29 5 30 7 16 10 13 7 25 17 22 7 27 11 20 11 23 11 24 1 8 11 28 9 14 1 13 9 13 13 21 17 19 17 20 2 26 8 18 6 15 9 12
68 23 14 24 8 25 16 27 18 29 19 22 13 19 11 13 17 20 1 15 16 30 1 18 13 28 10 13 5 8 4 26 10 18 6 16 22 23 7 21 5 24 17 25 9 30 9 12
63 23 13 19 6 24 15 27 1 13 7 15 9 16 19 29 2 28 12 29 2 25 12 30 16 17 16 24 17 23 6 8 11 17 5 20 5 21 20 22 26 27 1 14 9 10 11 18
61 23 13 25 8 16 3 13 4 9 10 18 1 17 7 27 7 19 6 26 6 14 5 22 8 27 4 21 4 20 3 28 3 24 15 18 23 29 23 25 19 30 11 27 11 12 10 17
67 23 13 20 10 25 21 26 2 18 5 25 11 17 9 13 8 20 6 30 5 27 1 26 3 16 2 22 2 12 2 8 11 23 15 18 16 28 17 26 23 29 9 19 10 24 8 14
67 23 9 19 12 24 5 22 6 8 8 30 8 27 8 15 6 11 5 25 9 16 4 14 2 21 2 19 2 17 28 30 23 28 10 18 10 26 24 28 13 15 18 21 20 23 21 29
66 23 6 30 4 27 3 21 3 26 1 15 1 19 16 21 15 24 14 29 13 26 12 28 12 23 3 17 11 29 11 25 9 26 8 21 8 20 5 18 6 22 6 10 28 30 22 29
67 23 1 9 19 29 12 20 8 29 9 12 10 14 2 8 3 10 4 16 5 30 6 21 9 28 12 23 20 22 15 21 16 18 16 25 17 22 18 26 11 20 21 27 8 24 13 27
61 23 9 26 11 21 7 27 6 24 20 23 4 30 4 20 1 21 3 13 1 29 17 18 2 18 12 30 19 20 3 25 8 26 14 21 5 28 6 15 26 29 11 22 16 29 10 28
65 23 3 12 5 16 7 11 9 13 10 21 2 13 9 10 2 17 2 23 4 8 4 14 4 29 9 20 11 19 14 25 14 26 15 16 18 22 21 27 22 29 28 30 23 28 21 24
68 23 23 29 8 10 4 23 20 29 23 26 12 19 8 29 18 22 18 27 15 21 8 21 8 16 13 18 13 19 2 17 13 30 3 12 3 11 24 30 9 19 15 28 16 25 14 26
65 23 7 19 13 21 7 27 11 15 10 25 10 21 2 8 2 12 2 20 3 21 3 28 4 17 8 14 9 16 9 20 10 15 12 29 16 24 17 22 17 23 18 22 19 26 12 30
64 23 21 22 14 15 2 26 19 24 15 16 13 30 9 24 14 27 1 8 4 22 9 20 9 28 9 18 1 9 8 16 11 22 2 30 1 25 6 17 12 26 22 23 10 18 10 29
68 23 2 29 20 25 13 14 10 30 10 29 16 25 2 9 15 24 2 15 15 20 14 25 13 26 11 21 10 11 4 17 5 18 5 27 5 28 19 25 17 23 8 18 22 25 10 12
56 23 6 28 8 25 1 21 9 17 10 18 10 22 14 24 8 19 24 25 18 30 18 27 13 14 17 18 7 16 1 27 6 13 5 15 14 26 4 29 17 20 11 16 10 12 12 23
69 23 7 13 20 24 26 29 25 28 5 15 25 26 16 21 9 25 13 14 1 11 1 25 6 18 8 24 14 17 23 24 14 20 3 19 6 27 1 10 27 30 8 16 6 22 12 18
72 23 14 26 21 30 1 17 21 23 19 20 17 22 17 19 4 24 15 29 15 26 16 27 14 19 13 20 8 25 9 11 9 21 12 27 10 26 11 27 11 28 8 21 5 12 5 18
67 23 14 25 4 24 9 12 20 27 16 24 13 18 16 20 14 28 14 23 14 16 13 29 13 19 12 30 12 23 3 19 11 25 5 10 6 21 24 26 22 23 17 21 8 24 7 15
70 24 3 9 8 10 19 23 12 17 6 27 2 11 13 16 1 7 7 23 7 17 6 26 5 30 1 16 20 23 19 24 4 18 29 30 11 15 1 14 11 28 25 26 17 21 10 30 21 22
74 24 23 29 1 13 11 29 7 30 13 15 12 29 1 10 12 24 8 12 12 13 28 30 24 25 22 23 23 30 10 16 9 22 24 26 3 20 14 29 6 27 19 22 20 21 18 30 17 28
72 24 10 30 8 24 18 20 3 20 3 15 14 25 14 18 9 12 1 11 13 24 9 15 1 17 13 19 12 24 10 15 4 22 16 22 3 26 7 14 21 24 7 29 8 23 25 28 14 27
70 24 5 28 24 30 7 14 8 14 8 19 15 18 1 9 14 15 1 18 1 25 1 29 1 30 10 14 2 26 1 20 3 27 6 23 19 21 16 27 17 26 8 13 22 26 6 12 9 11
70 24 11 18 7 25 16 24 7 19 6 30 14 23 9 24 17 26 17 20 4 26 9 12 1 21 14 19 4 8 12 26 11 29 3 18 11 27 15 22 23 27 28 30 6 13 10 27 9 22
66 24 22 28 16 26 4 17 6 30 23 27 8 15 13 29 23 26 14 24 8 30 21 25 2 16 8 13 15 18 7 28 2 28 7 11 6 24 6 19 3 25 6 10 13 20 1 9 12 14
66 24 11 23 4 29 1 15 8 20 21 27 18 23 2 19 8 14 1 14 22 25 7 25 7 17 7 12 15 27 2 24 6 7 5 26 13 27 3 18 16 30 9 16 25 28 9 17 10 14
66 24 25 28 7 21 3 24 3 28 5 15 22 25 9 28 26 30 18 27 9 23 9 18 13 22 9 29 8 18 16 26 21 23 2 19 5 30 7 14 15 20 11 23 1 10 4 17 12 23
68 24 7 19 20 23 9 23 14 15 14 30 15 17 3 17 4 10 5 26 9 21 9 24 11 12 11 29 12 25 8 21 15 20 16 25 16 27 18 26 22 23 26 27 28 30 16 19 13 16
66 24 11 14 11 24 16 28 3 29 8 23 24 27 19 27 5 25 2 30 1 11 17 26 20 28 6 9 1 20 12 26 12 22 5 22 19 21 2 15 14 23 6 7 14 18 10 27 13 21
71 24 20 25 14 17 21 29 7 15 11 21 18 26 6 29 12 21 17 23 8 30 19 25 15 18 13 28 1 30 7 29 1 20 22 23 6 10 10 28 24 30 27 28 9 20 7 17 16 30
68 24 6 21 15 30 8 26 23 25 9 16 12 20 15 23 14 30 14 28 7 15 7 17 12 29 12 28 15 16 8 9 10 26 2 23 8 13 22 23 18 22 19 20 18 24 8 11 22 27
72 24 4 17 10 23 8 23 17 25 13 30 7 30 16 19 12 22 2 14 7 27 15 21 10 17 1 24 3 15 1 30 4 19 11 13 27 28 9 14 6 18 2 20 12 16 8 26 27 29
64 24 1 26 6 27 6 19 15 28 18 29 6 14 2 20 14 30 12 22 5 29 12 20 8 22 2 13 12 17 11 28 8 28 3 7 10 26 10 25 9 30 9 16 24 26 18 21 4 23
66 24 5 11 8 23 22 26 4 17 3 21 10 22 9 28 7 20 7 17 5 13 8 13 13 29 15 19 7 15 14 29 2 28 2 24 6 10 2 18 12 21 15 30 23 25 4 27 11 16
69 24 19 25 14 16 2 26 9 29 12 28 14 29 27 30 11 18 3 18 3 20 17 25 7 18 8 28 15 19 13 29 14 25 14 24 8 27 1 28 14 21 6 14 22 23 6 23 10 12
71 24 14 19 4 26 13 24 18 29 13 14 3 27 1 16 13 30 2 13 2 17 13 22 11 26 11 23 10 17 4 18 8 30 7 18 2 9 24 25 3 12 21 27 20 28 7 15 28 30
72 24 9 10 9 23 11 29 1 7 29 30 1 9 16 21 1 18 15 27 15 21 14 27 12 17 2 27 10 24 10 17 8 17 4 22 4 30 5 25 19 27 17 28 26 28 20 27 13 27
67 24 13 30 15 25 1 21 15 18 7 12 12 16 5 15 2 8 12 23 12 20 1 11 1 12 10 11 17 26 10 19 18 30 24 25 10 29 9 11 8 17 6 14 15 22 25 27 25 28
67 24 1 7 2 26 2 12 5 10 19 20 8 29 18 23 22 23 14 18 8 12 5 25 1 17 20 27 7 16 1 23 15 24 19 28 2 9 18 28 10 30 5 11 11 24 12 13 11 21
69 24 12 16 5 29 7 20 4 8 9 16 10 23 14 29 5 10 7 30 12 29 4 20 11 23 13 25 14 15 17 19 17 23 17 27 19 21 22 28 6 13 8 18 7 24 27 28 24 26
72 24 7 13 11 18 17 26 2 20 16 20 1 24 15 26 1 29 14 25 14 22 2 13 13 18 2 23 3 8 10 30 3 25 9 17 8 27 5 19 5 26 28 29 21 26 10 13 7 12
72 24 8 27 4 16 9 23 10 14 17 25 8 16 4 19 9 18 14 30 6 20 12 25 12 21 10 21 10 29 2 26 11 29 3 13 17 28 6 25 24 26 22 27 7 12 9 19 14 15
68 24 13 22 15 21 6 13 4 28 2 15 3 30 4 8 18 23 6 29 4 20 5 23 5 27 9 10 11 26 12 13 12 19 10 17 9 23 9 11 14 30 7 17 1 25 22 24 9 16
73 24 7 29 18 19 2 16 5 29 8 19 1 13 1 22 21 28 7 23 21 24 1 25 20 26 16 21 4 30 18 20 4 17 14 16 25 26 10 24 11 22 9 16 12 25 17 27 5 15
76 24 10 20 15 18 15 17 14 28 14 23 1 29 1 30 2 18 2 20 2 25 10 21 2 11 9 24 9 22 9 16 4 28 8 14 9 20 22 26 18 27 10 19 10 13 10 12 7 15
66 24 11 19 12 21 14 22 3 15 6 19 9 11 14 29 1 28 12 17 14 27 14 26 9 22 13 19 16 17 3 23 3 30 2 24 11 20 3 21 10 30 3 18 8 21 15 25 7 27
68 24 5 10 26 30 2 7 7 15 6 22 1 13 16 20 16 17 13 29 2 21 11 25 11 20 10 26 9 28 9 24 8 17 7 8 6 28 6 27 5 19 18 25 9 12 23 26 14 25
79 24 8 25 8 10 16 18 16 19 3 11 7 11 19 28 6 18 20 23 1 24 20 27 6 21 9 14 6 8 10 29 23 28 13 15 13 25 10 17 9 22 8 26 6 9 4 30 12 29
66 24 4 30 6 16 14 21 18 30 4 10 9 30 8 26 11 13 18 23 11 18 16 27 8 20 10 29 12 14 1 17 3 25 4 8 2 21 24 28 7 10 4 24 14 15 9 19 22 29
65 24 1 16 1 27 7 24 9 12 16 21 7 15 19 28 15 26 6 14 1 23 8 9 7 27 6 25 20 29 2 30 18 29 18 27 5 28 16 22 17 19 11 20 10 28 12 14 11 13
70 24 9 27 18 19 5 15 24 26 18 29 2 11 3 28 7 28 3 26 9 17 7 30 23 26 9 13 9 12 1 21 7 9 3 10 19 27 8 18 7 22 16 29 7 14 10 25 17 20
70 24 15 30 12 20 15 16 20 30 3 14 14 21 12 26 2 9 12 19 11 30 2 24 5 7 10 20 3 28 9 19 8 26 7 29 22 30 4 13 18 30 27 29 17 21 7 25 16 23
75 24 8 29 15 26 3 25 22 30 22 28 21 26 3 23 1 8 4 11 10 17 18 24 13 28 7 15 15 25 15 20 17 27 24 28 17 18 11 17 9 29 5 19 5 12 4 16 14 15
65 24 3 18 2 22 13 19 4 13 10 30 9 15 16 29 4 17 10 14 11 30 13 14 2 20 2 16 2 7 1 24 11 28 27 30 9 29 9 12 8 24 4 23 19 26 21 28 21 25
71 24 13 15 9 21 10 14 3 27 4 28 17 18 16 22 16 19 9 17 15 29 17 23 1 26 1 29 2 9 14 23 4 8 11 22 11 25 7 9 7 12 17 30 11 27 20 21 22 24
72 24 2 25 27 29 18 26 19 20 5 21 5 11 5 7 4 28 4 26 18 29 4 23 5 30 4 16 1 22 17 29 2 8 15 19 9 18 14 27 14 15 10 26 8 12 16 24 6 13
60 24 17 27 20 23 14 22 23 30 11 23 12 25 2 23 7 23 14 27 2 9 10 29 13 26 12 29 15 20 11 19 10 28 10 24 9 21 8 27 8 13 7 16 6 29 6 17 7 18
70 24 2 12 24 25 21 27 6 22 10 25 18 28 18 27 18 25 8 18 17 20 16 29 15 30 15 28 14 17 11 23 3 20 11 26 12 26 3 16 28 29 14 19 7 17 9 19 13 15
70 24 8 11 18 19 9 21 19 27 23 26 11 14 24 30 9 12 1 9 14 29 11 24 16 29 4 26 4 11 17 28 7 29 22 23 8 17 14 18 25 28 13 26 15 16 5 10 20 28
68 24 10 13 1 22 23 24 12 26 21 28 6 27 21 27 13 29 8 13 21 29 19 20 7 14 16 19 1 17 1 19 20 23 3 11 1 25 6 15 7 13 5 26 11 18 13 30 9 28
68 24 28 29 12 17 7 25 14 16 3 29 16 21 2 8 20 21 19 26 2 27 18 29 3 14 17 27 17 25 4 11 4 26 7 13 9 21 10 13 10 15 11 22 24 27 10 23 25 30
68 24 3 9 10 28 3 25 1 22 8 19 18 24 23 27 10 14 8 30 6 18 4 12 4 14 13 29 2 11 3 27 16 19 16 22 27 29 17 25 18 20 2 21 9 15 7 30 15 26
63 24 2 10 19 28 14 30 2 7 14 18 2 22 17 19 6 8 1 27 6 26 16 24 28 30 9 25 15 22 9 18 9 16 4 19 13 20 13 17 10 21 11 15 3 23 17 29 7 12
70 24 14 21 11 28 14 18 12 29 13 19 13 24 7 13 18 20 9 19 17 25 3 15 16 24 10 11 1 10 16 22 11 20 3 22 14 29 11 17 24 30 23 29 7 8 6 27 25 26
70 24 17 24 5 15 23 24 15 25 9 28 17 27 17 22 8 28 17 19 6 7 4 28 16 21 16 18 4 21 15 22 10 25 11 23 14 18 12 15 19 29 21 26 9 13 8 30 7 20
65 24 4 22 5 21 3 9 14 26 8 17 2 28 1 13 2 26 2 20 8 13 8 23 9 10 9 11 9 15 25 27 13 18 3 12 19 28 7 10 6 29 5 27 16 18 26 30 11 24
66 24 11 28 4 28 4 26 12 19 20 23 9 11 13 20 1 30 1 8 2 20 18 30 5 10 5 12 5 29 16 20 15 18 14 25 14 24 8 21 22 24 25 28 6 7 16 27 17 25
69 24 5 29 28 29 5 22 22 25 5 7 3 8 17 26 5 15 18 21 3 24 3 10 6 19 2 23 2 20 29 30 17 21 16 20 16 18 14 16 13 26 11 18 12 19 9 21 26 27
70 24 15 23 5 15 8 11 19 24 13 27 7 21 18 24 18 22 7 22 12 18 16 17 7 29 9 21 1 29 14 18 2 17 12 25 13 25 27 28 11 12 10 17 11 20 7 26 9 30
66 25 7 11 18 23 13 27 13 24 21 24 11 22 1 14 12 23 3 26 9 10 1 16 6 27 16 21 14 18 2 15 22 28 1 22 8 24 20 30 8 20 17 27 5 9 17 25 4 19 2 29
71 25 3 14 4 25 2 23 18 28 17 28 1 15 1 16 1 26 2 24 19 26 3 28 4 8 12 22 6 22 7 28 8 21 9 19 10 18 13 19 12 24 9 11 11 20 27 29 8 27 26 30
72 25 21 28 8 29 4 13 21 25 12 30 14 25 6 9 12 28 1 14 13 29 6 27 15 29 8 10 18 24 16 18 16 26 3 22 5 18 4 19 17 23 21 27 10 20 4 23 5 7 11 13
66 25 3 18 7 26 22 27 1 26 3 14 1 13 13 22 12 15 12 23 3 21 12 30 13 17 11 25 2 15 2 11 16 17 16 20 6 10 7 10 6 28 8 17 11 29 9 25 5 24 11 19
68 25 23 24 26 28 8 24 8 29 10 17 5 11 3 7 11 12 3 14 4 15 2 29 5 20 5 25 6 26 8 19 9 24 10 15 11 16 11 30 13 19 22 27 7 28 7 21 15 27 18 21
70 25 13 26 9 15 18 24 14 16 12 24 8 11 9 19 7 30 7 25 7 16 6 15 6 14 5 19 4 28 4 20 3 21 3 18 3 11 2 26 22 24 21 29 20 23 17 18 10 29 5 27
72 25 12 17 1 19 7 21 6 29 6 20 2 30 2 20 7 17 2 13 2 10 7 22 7 23 1 28 8 15 18 26 18 25 14 16 6 15 14 20 18 19 3 22 11 29 9 28 22 24 12 27
75 25 5 26 17 26 12 27 9 12 16 21 7 26 1 10 21 28 5 29 8 9 1 19 2 22 17 25 12 29 27 28 13 19 9 18 15 23 14 23 24 25 6 25 20 23 6 23 5 11 6 30
78 25 23 30 5 19 1 17 8 14 16 23 15 29 1 12 1 16 1 26 11 26 10 11 8 29 28 29 5 24 5 20 4 15 22 26 26 27 21 29 7 11 6 30 6 13 9 11 22 25 18 20
81 25 1 10 6 8 8 16 4 18 2 9 15 22 16 17 1 11 9 22 17 18 13 27 8 13 7 28 8 20 6 7 10 24 10 26 8 23 10 29 8 14 8 12 18 21 18 25 19 21 21 30
73 25 19 21 24 30 15 22 13 28 13 24 3 28 20 22 7 24 7 20 21 28 21 27 20 23 16 23 5 11 4 10 17 20 4 18 9 16 5 12 5 25 12 26 5 14 12 29 8 16 3 6
75 25 16 19 3 12 5 29 5 24 2 15 16 27 12 16 9 25 1 14 5 25 20 22 5 7 1 23 12 20 15 21 4 10 13 24 6 15 27 30 17 24 18 20 12 26 11 13 11 28 8 11
71 25 9 27 26 28 16 28 4 14 9 30 2 24 10 12 1 13 1 15 1 16 16 17 14 23 13 25 11 25 10 15 4 7 4 20 4 21 6 30 6 22 4 29 20 27 9 18 18 19 5 8
72 25 11 14 18 20 8 30 2 15 15 26 10 17 23 26 21 28 21 26 9 13 14 22 8 10 5 11 7 17 15 27 19 20 18 29 6 29 18 27 17 26 12 13 24 27 5 9 16 19 11 25
67 25 10 25 11 20 19 25 22 23 18 20 9 16 10 26 3 9 6 22 4 12 14 23 4 14 9 24 9 19 13 30 17 29 15 18 8 20 29 30 5 7 11 26 6 27 7 13 24 28 20 21
70 25 5 12 17 19 18 23 12 27 3 20 16 28 1 21 15 29 14 28 14 19 2 14 12 26 11 16 9 20 8 30 8 12 4 6 5 10 7 16 5 24 6 18 23 29 13 15 24 25 22 26
67 25 3 16 6 9 10 16 4 11 10 14 13 22 4 28 23 25 3 20 10 25 9 25 12 14 13 17 13 25 15 24 16 30 17 29 2 15 7 22 5 18 5 26 5 27 21 26 5 8 9 19
76 25 18 21 3 9 8 23 3 8 1 30 17 19 15 27 15 25 1 7 3 26 9 24 13 29 13 17 2 11 12 24 12 21 12 17 10 15 17 25 6 12 10 20 11 14 11 22 16 21 19 28
81 25 21 23 1 19 9 18 1 13 1 12 8 19 10 20 16 22 16 23 16 24 15 27 8 9 7 30 7 24 18 22 6 8 23 28 2 10 21 25 10 26 11 16 11 14 11 15 9 29 8 17
67 25 19 25 28 30 26 29 11 22 21 29 17 29 9 10 3 9 10 23 12 25 3 7 12 26 12 28 2 24 13 20 14 19 15 17 15 22 1 27 16 17 12 20 10 26 8 12 6 29 12 18
75 25 4 19 10 17 11 25 12 13 2 30 1 6 1 14 1 15 1 20 1 23 2 7 12 25 12 22 12 17 12 30 8 25 7 9 20 27 18 19 20 28 29 30 11 21 24 30 9 16 20 26
69 25 13 28 10 17 26 30 13 18 4 28 2 7 16 30 6 9 21 28 1 11 1 14 9 28 1 19 21 27 6 22 12 30 19 26 15 19 3 20 16 17 5 8 11 29 25 28 22 23 14 24
74 25 26 28 1 26 7 20 9 13 14 25 11 18 2 8 16 27 4 13 8 12 3 29 14 15 13 30 8 16 12 18 8 24 18 21 18 22 5 10 19 28 6 26 24 25 7 30 23 26 17 26
63 25 2 10 8 18 7 12 11 24 5 27 12 25 5 19 3 22 7 8 19 23 16 23 1 9 5 29 8 23 6 16 5 30 2 17 5 20 12 24 20 21 15 18 14 26 13 21 13 14 10 28
73 25 17 18 2 18 8 16 3 6 17 25 5 19 17 22 16 25 15 30 15 27 15 26 15 20 14 28 2 12 10 17 10 20 10 23 2 24 12 14 3 7 11 14 4 13 21 26 9 25 18 29
78 25 8 27 18 20 4 17 5 20 1 23 16 29 10 28 6 24 1 6 2 22 2 28 2 30 24 27 7 9 3 15 4 13 4 19 3 25 14 16 7 28 14 25 12 28 5 11 12 26 21 22
72 25 18 23 12 19 14 16 9 13 14 30 15 21 18 22 16 26 3 14 18 28 3 9 19 30 20 24 20 30 1 17 17 25 2 7 5 18 15 28 7 10 7 11 21 27 8 12 6 27 26 29
77 25 20 21 3 8 8 11 2 14 2 19 2 22 2 26 4 17 4 20 5 30 6 23 7 10 2 7 9 14 11 15 11 24 12 24 13 19 21 29 25 29 6 30 15 27 16 17 4 28 13 18
70 25 6 23 18 30 1 9 23 28 16 21 4 21 10 28 8 15 1 8 11 15 8 13 13 17 7 28 21 30 17 25 12 29 17 27 10 16 20 25 19 26 19 25 19 24 14 25 12 17 4 22
76 25 7 13 1 19 3 8 14 17 6 25 10 17 6 9 9 11 1 13 8 21 5 18 14 26 2 6 14 19 4 29 7 12 10 30 24 25 10 15 8 27 8 16 7 23 6 28 5 22 20 29
73 25 14 16 15 28 17 27 20 22 3 17 3 16 19 24 19 23 1 18 18 23 18 20 1 25 17 26 8 21 9 11 2 15 11 18 11 29 11 13 7 15 8 13 22 30 6 23 10 27 10 12
75 25 13 18 3 20 6 10 3 12 6 24 13 17 6 26 12 21 1 16 7 21 11 28 11 21 11 19 8 15 2 8 9 28 8 30 5 13 5 27 6 7 3 14 22 29 8 22 8 23 19 25
72 25 6 29 7 14 3 20 12 23 2 27 22 25 10 14 6 16 6 10 13 27 19 27 12 28 12 25 16 24 1 25 2 10 8 23 21 23 15 17 4 9 27 30 18 28 15 23 11 30 12 26
71 25 19 24 11 20 11 12 15 26 15 16 19 29 1 28 18 26 18 23 18 20 1 13 17 27 5 21 17 20 17 19 5 19 4 7 14 20 8 19 6 22 6 17 25 30 18 30 10 30 9 24
69 25 4 17 16 30 9 25 26 30 5 24 1 16 15 27 4 23 7 9 13 23 6 14 6 19 6 24 23 27 7 14 8 12 21 24 20 30 7 28 3 10 10 18 12 25 11 19 6 29 17 22
71 25 16 18 10 13 15 16 4 13 18 28 3 16 2 29 4 11 2 26 12 21 4 21 5 9 6 19 2 17 7 8 11 30 5 7 13 14 13 27 19 22 22 27 23 30 25 28 20 21 20 24
74 25 11 28 12 15 19 26 25 26 4 25 6 7 20 22 19 28 17 25 4 21 16 22 5 9 15 24 15 22 15 21 6 8 6 25 26 30 22 29 12 14 27 28 7 10 9 18 20 23 3 13
73 25 14 25 3 13 10 22 1 28 10 29 3 15 16 19 15 22 15 16 5 9 5 24 6 17 13 26 6 21 12 18 12 15 8 20 9 25 21 25 23 29 15 27 10 20 8 11 7 26 8 30
72 25 2 11 1 12 6 30 9 21 5 6 9 16 11 16 11 17 11 18 11 20 12 22 1 25 10 20 11 27 5 7 5 13 7 29 6 23 9 15 24 26 16 28 19 27 8 28 22 26 7 14
70 25 1 23 17 20 17 25 20 23 15 26 19 29 27 29 19 30 22 30 1 7 16 17 6 21 14 30 2 14 8 22 2 26 8 12 12 13 19 21 2 10 7 9 16 24 15 28 6 11 2 18
71 25 2 21 2 10 3 15 4 11 3 20 13 28 4 30 4 6 15 29 21 25 4 16 10 19 14 15 7 13 3 7 18 21 12 17 6 12 22 28 23 25 24 25 15 26 7 8 11 27 9 20
73 25 27 30 6 17 2 27 14 22 17 24 17 21 17 18 16 28 16 21 9 21 15 27 9 23 4 14 14 29 4 10 4 6 11 16 13 20 12 26 12 23 24 25 8 23 19 29 7 26 11 13
73 25 15 29 7 27 10 18 2 26 13 26 14 16 8 23 13 27 13 29 1 24 14 15 20 22 7 17 19 25 3 9 18 20 6 7 4 10 4 23 4 30 27 28 21 28 1 12 11 30 6 19
73 25 11 20 8 24 10 19 13 20 6 28 12 21 4 27 4 23 2 22 17 24 5 8 16 18 4 15 10 12 1 30 9 26 9 27 4 7 29 30 8 10 2 11 25 26 2 16 23 28 8 14
70 25 11 16 20 24 19 23 13 20 6 30 12 15 3 9 1 14 1 17 24 25 23 26 22 29 2 12 20 21 3 6 8 18 10 28 9 20 3 22 17 19 4 10 5 7 3 16 8 30 8 27
74 25 27 29 1 17 5 24 18 26 21 26 5 6 14 30 9 12 11 14 9 21 15 22 1 10 1 11 4 13 16 20 2 12 27 28 7 8 12 15 23 28 13 27 7 23 8 19 6 25 7 20
75 25 21 26 3 8 5 19 20 25 6 26 9 23 9 22 1 6 9 17 22 29 9 15 1 24 4 14 3 22 7 8 7 28 7 27 7 20 12 23 13 27 11 20 18 20 12 30 11 16 10 28
68 25 2 12 10 29 10 12 9 26 8 17 1 11 27 28 14 23 1 15 1 25 16 26 2 17 2 22 11 19 2 24 11 18 28 29 3 9 4 6 9 23 9 21 4 13 7 23 20 22 26 30
76 25 14 27 13 27 2 16 9 19 5 11 15 17 1 19 14 28 2 6 14 17 10 11 4 12 15 25 2 23 10 13 11 30 11 29 8 21 5 21 22 28 7 17 6 26 7 20 9 18 24 26
75 25 14 25 8 9 23 25 18 25 17 25 1 10 1 18 16 22 15 29 1 30 4 7 13 20 11 30 3 29 5 9 6 16 19 26 24 27 13 21 20 23 2 26 5 27 10 16 26 28 12 23
73 26 4 28 7 24 7 28 10 16 6 17 10 29 16 26 15 21 15 18 15 16 14 26 13 27 13 23 13 14 2 9 11 29 2 16 5 6 10 22 8 30 8 20 8 17 6 27 19 25 25 27 8 12
72 26 5 20 10 29 8 29 10 15 12 18 6 30 8 28 8 25 8 18 7 29 7 20 9 30 6 21 5 23 5 21 4 19 4 7 3 26 10 27 11 13 11 20 11 22 16 25 17 21 21 24 12 14
71 26 17 25 21 27 23 28 23 29 1 17 18 21 6 17 7 19 16 18 1 8 7 22 1 21 15 23 13 30 3 28 9 30 10 11 12 20 3 20 2 26 10 16 2 30 10 19 5 18 9 24 6 14
83 26 10 18 24 27 1 6 9 19 9 17 9 13 13 24 8 29 1 23 15 16 15 18 29 30 18 20 6 15 9 15 5 15 5 7 26 29 22 27 6 8 8 28 5 25 9 11 10 14 20 21 12 21
78 26 16 18 8 27 25 28 5 10 4 30 4 27 4 23 4 22 3 17 1 9 19 23 19 26 19 29 20 23 16 25 5 24 5 30 15 25 7 12 7 22 13 20 8 15 11 19 6 18 14 22 15 21
73 26 6 28 4 14 13 14 6 21 2 20 7 29 16 20 23 25 15 24 7 17 16 19 11 16 1 26 21 30 1 30 16 23 10 23 19 22 4 5 18 21 5 7 14 15 27 28 8 15 12 15 9 23
78 26 18 28 21 23 15 19 10 27 14 19 19 21 8 23 18 25 18 23 2 11 10 30 14 29 17 23 10 14 1 29 16 18 15 20 19 22 26 29 6 8 13 19 9 24 12 20 7 30 5 30 6 9
76 26 1 27 20 24 13 24 5 23 9 23 5 15 2 23 9 28 4 6 1 7 9 17 14 24 17 26 10 12 10 19 4 13 11 16 11 15 11 22 5 25 21 28 12 15 25 29 8 30 8 26 18 27
72 26 8 28 8 15 9 10 20 29 18 27 6 29 26 28 19 22 1 10 8 9 14 25 20 26 7 10 6 25 6 18 19 20 5 23 3 13 17 27 15 30 16 21 22 23 8 21 23 24 11 20 5 12
77 26 10 30 9 27 19 27 3 19 22 29 2 5 1 22 2 10 2 11 18 22 2 26 17 26 3 25 4 7 5 13 5 14 15 22 6 9 13 24 8 12 12 16 16 21 22 28 5 16 13 23 4 20
73 26 9 27 6 11 12 14 8 14 3 8 2 25 4 23 16 18 9 23 17 24 7 16 5 29 9 10 16 22 1 22 4 24 8 13 18 21 14 20 6 13 11 28 14 30 5 20 10 26 15 26 6 19
76 26 3 8 27 29 7 11 13 24 7 26 20 26 1 27 18 19 4 19 14 24 13 23 13 16 16 21 8 17 11 29 3 24 10 28 9 24 10 13 5 12 5 24 6 16 19 30 20 25 7 22 15 20
75 26 3 7 22 29 8 13 5 20 13 14 8 18 15 25 14 25 4 11 14 29 14 16 1 10 12 27 12 22 9 23 3 15 2 23 5 28 17 27 20 21 6 17 23 28 23 30 9 24 8 26 18 19
72 26 12 16 18 24 12 25 12 14 10 26 4 11 13 20 6 19 1 17 16 21 1 29 15 26 15 20 15 16 14 29 2 30 12 28 6 27 7 13 3 27 1 5 9 15 4 18 22 30 23 24 8 11
73 26 14 29 9 15 15 26 2 19 11 26 16 30 15 20 3 21 14 20 4 15 13 30 13 19 7 10 11 28 11 27 7 14 8 17 10 18 9 17 6 25 5 24 22 30 22 25 5 18 1 23 1 12
81 26 12 17 10 26 7 24 4 25 4 9 12 27 1 6 8 10 7 30 1 21 18 29 7 27 2 7 20 27 2 15 15 16 20 22 25 29 11 29 8 20 10 19 5 20 15 23 15 28 13 18 14 17
73 26 1 5 11 17 18 30 4 6 4 26 3 12 16 29 12 15 3 30 11 25 3 24 17 30 3 16 3 14 16 27 18 19 18 22 16 28 20 25 21 23 13 29 9 28 8 30 12 21 10 13 7 18
75 26 8 20 13 20 4 24 9 18 9 22 7 10 7 14 4 9 1 13 7 22 14 29 1 27 22 25 16 24 21 25 20 30 8 28 8 23 6 29 6 15 5 7 6 19 26 30 12 19 17 27 11 18
75 26 15 22 16 22 12 15 2 26 3 7 3 23 4 21 4 24 9 30 2 20 5 25 6 23 7 11 7 18 8 11 8 13 10 12 10 14 10 29 15 20 17 26 17 27 17 28 17 30 19 27 1 5
71 26 11 17 4 20 8 27 24 26 8 29 19 24 19 29 11 26 2 7 2 24 28 30 17 28 3 21 16 26 5 9 5 21 5 22 6 11 16 23 15 23 14 25 8 25 12 26 10 12 1 13 12 18
76 26 1 22 14 25 12 30 3 14 7 12 3 17 13 29 8 16 13 24 13 15 1 10 8 22 6 29 1 27 11 13 2 12 19 27 4 20 14 21 4 5 5 28 15 21 10 18 8 9 8 23 13 26
76 26 23 26 13 27 9 22 2 23 16 17 22 30 10 18 22 23 1 21 21 27 7 29 7 26 19 29 5 19 3 14 7 10 3 24 16 22 6 9 11 20 2 20 13 25 12 29 8 14 6 15 5 28
79 26 6 30 22 30 4 13 16 28 16 24 15 22 14 15 12 13 11 19 2 26 3 5 10 18 9 24 7 27 12 14 7 26 4 19 4 25 5 29 5 24 18 23 23 28 15 21 8 24 20 21 17 28
77 26 15 29 13 17 5 27 13 29 1 9 27 29 1 30 3 19 3 21 4 7 4 10 4 17 14 26 4 20 5 14 13 28 12 18 12 17 9 11 11 24 9 22 9 16 23 27 5 25 4 8 6 25
77 26 5 18 1 13 1 30 9 27 14 20 9 29 17 28 15 30 15 17 11 13 4 16 4 18 8 23 6 26 6 19 24 30 21 26 26 29 23 30 22 30 26 30 8 20 10 24 25 28 7 26 12 29
75 26 8 26 9 13 21 28 22 29 8 25 16 21 14 19 16 26 1 14 1 15 1 17 16 22 21 24 12 29 13 14 2 18 19 28 7 17 13 27 5 13 10 18 10 30 11 14 9 23 6 12 15 20
78 26 7 10 10 12 1 26 13 19 23 28 19 27 13 30 8 27 16 28 8 15 5 30 8 12 23 30 16 18 6 12 2 11 20 26 4 21 17 22 12 25 4 24 3 28 17 18 5 9 13 14 6 29
69 26 4 12 8 9 8 10 2 19 12 15 9 26 5 8 6 18 3 21 18 27 16 19 8 18 3 30 15 23 15 17 14 24 2 8 9 20 11 25 3 13 20 29 22 23 12 24 6 25 25 28 5 7
72 26 3 11 12 17 1 18 5 22 17 19 5 10 6 30 16 18 9 29 11 22 9 14 8 29 8 20 7 26 6 16 4 29 3 27 2 7 16 23 28 30 24 30 19 27 15 23 13 24 19 21 25 27
79 26 10 20 8 23 1 28 17 23 3 25 7 27 1 14 8 24 3 13 13 29 13 21 6 28 11 17 11 16 11 15 10 26 10 23 10 12 28 30 7 9 24 25 5 17 5 22 5 19 9 21 5 18
74 26 12 24 2 28 4 15 4 26 16 25 19 27 13 23 17 18 7 29 15 19 1 21 1 22 13 21 1 30 12 30 3 25 7 9 19 20 6 24 18 24 7 23 5 15 11 15 14 26 10 29 8 30
76 26 16 23 17 25 9 25 1 19 15 16 8 19 3 29 16 29 3 27 8 25 15 20 5 29 14 25 9 30 2 18 12 30 10 28 5 11 7 26 7 21 5 7 19 24 6 7 10 20 13 28 18 22
76 26 4 13 3 26 11 29 9 11 13 22 8 30 2 30 5 8 15 28 9 25 4 27 1 17 4 24 14 23 10 12 4 18 13 29 4 15 19 23 9 20 12 17 6 7 6 8 20 21 10 23 9 16
76 26 6 10 3 13 12 26 2 30 1 28 6 24 7 18 10 28 7 9 1 12 18 26 18 23 13 14 5 20 5 12 16 30 16 27 16 19 22 25 22 26 25 29 11 30 8 26 3 17 15 20 14 21
76 26 8 15 3 29 3 20 8 20 7 13 7 9 23 27 7 10 23 26 7 25 6 24 1 27 15 19 5 26 2 22 16 23 2 28 4 11 12 14 10 26 15 18 16 24 10 21 17 30 5 30 12 19
74 26 8 29 14 21 2 9 14 17 7 13 2 21 8 28 19 25 19 20 1 23 13 21 7 30 7 22 18 26 2 12 18 23 1 6 6 19 3 28 4 27 4 15 11 16 12 16 10 19 5 9 7 24
74 26 4 28 14 28 23 27 20 28 1 11 3 18 6 9 17 27 11 29 12 23 20 30 1 17 20 21 13 15 13 30 4 19 15 25 5 14 16 30 5 6 22 27 10 27 15 24 7 24 8 27 11 26
73 26 10 22 2 11 8 26 1 26 13 24 1 23 4 25 8 14 8 22 4 6 8 29 13 18 12 29 8 18 9 22 2 30 9 27 10 28 2 19 10 15 2 16 5 30 6 20 17 25 18 21 7 22
72 26 15 20 12 22 10 30 4 12 18 21 6 24 16 19 14 24 13 26 4 23 4 8 3 20 1 27 20 30 21 22 14 21 5 23 4 9 13 15 7 21 8 16 11 12 11 29 25 29 10 17 13 28
80 26 18 21 3 17 21 26 4 25 3 26 7 13 12 14 18 29 4 30 6 11 20 29 1 28 14 28 19 29 13 26 2 10 2 23 5 9 9 29 9 24 15 28 8 18 6 29 14 27 16 21 7 22
70 26 15 25 11 18 18 20 18 29 17 27 2 25 11 30 15 20 4 16 13 28 21 26 8 16 6 12 14 28 7 22 20 24 17 26 18 22 3 23 5 14 4 9 6 10 10 19 4 28 10 17 12 25
70 26 4 15 12 25 23 24 4 16 14 23 7 27 10 30 15 22 2 26 8 19 9 18 9 25 10 24 1 25 13 18 1 14 8 25 3 6 7 12 6 29 5 19 4 21 11 19 17 20 6 17 23 28
73 26 19 25 8 11 8 26 21 27 22 23 15 30 2 8 18 27 5 11 18 23 5 7 17 28 16 23 16 20 1 12 15 25 4 24 15 22 4 22 13 26 10 23 3 28 6 10 24 29 7 14 7 9
76 26 2 13 1 11 12 21 11 18 18 24 5 28 12 19 2 30 5 29 15 30 2 23 14 25 1 21 1 22 12 28 2 7 24 25 25 26 2 8 3 20 10 17 3 10 22 27 9 25 6 17 12 16
71 26 1 15 5 22 16 23 1 8 8 12 9 19 7 12 9 24 9 20 1 23 22 23 2 19 8 11 19 26 3 21 21 25 6 29 16 29 6 18 17 30 16 30 13 24 14 30 14 27 12 28 10 21
75 26 6 10 7 21 12 24 11 24 1 17 2 16 2 6 2 8 13 26 13 24 2 20 2 23 13 19 2 29 12 21 3 9 10 28 4 7 5 9 5 18 1 15 14 20 23 30 27 28 25 26 22 26
69 26 1 26 8 19 29 30 25 27 16 28 14 28 13 27 2 12 11 18 15 17 1 9 14 24 14 22 13 30 13 17 13 14 12 18 3 13 10 18 8 24 5 8 7 11 6 27 1 21 20 23 20 27
77 26 16 29 3 18 20 30 3 20 11 18 9 30 19 26 19 29 18 22 4 26 4 24 4 23 15 20 14 19 11 21 12 24 7 11 2 13 5 21 22 25 6 23 10 14 7 27 8 12 9 17 24 28
75 26 15 23 9 24 3 15 5 13 8 14 20 28 9 14 9 29 6 18 1 5 3 22 8 17 20 29 2 25 8 10 3 14 3 7 7 21 7 19 23 27 26 28 12 19 16 24 16 18 6 30 11 23
75 26 3 7 7 15 15 28 15 27 22 23 12 27 11 19 1 8 16 17 1 18 15 19 13 18 12 21 2 22 3 17 3 20 9 23 8 14 4 25 6 24 6 11 29 30 24 26 10 19 9 30 1 5
74 27 1 23 22 27 13 27 5 14 10 28 14 21 24 26 5 6 11 24 2 24 15 20 15 21 1 28 17 26 12 30 2 20 4 13 9 14 8 16 8 14 7 25 6 29 18 24 26 30 25 27 8 13 19 23
73 27 2 15 10 23 11 15 8 26 8 19 13 23 4 13 19 23 21 27 2 6 3 20 3 23 3 24 3 30 6 14 7 21 7 22 3 5 11 21 8 12 12 25 14 17 21 28 29 30 9 10 7 16 13 18
77 27 16 22 7 15 6 30 13 18 8 13 9 28 1 5 7 24 4 25 14 25 14 19 7 29 13 27 6 13 2 6 8 23 12 15 2 20 11 26 3 11 3 16 10 26 6 24 21 27 19 28 17 21 22 25
78 27 7 10 1 4 10 18 24 29 17 24 16 25 22 26 13 20 26 28 13 16 10 16 6 29 10 23 4 13 12 13 19 21 11 16 11 19 19 28 14 16 26 27 9 17 3 29 20 30 8 30 15 24 5 19
74 27 17 30 8 15 25 28 21 25 6 16 5 13 7 21 21 30 3 25 9 17 15 23 14 30 1 29 10 23 13 27 13 20 11 16 2 22 11 19 12 18 12 16 12 14 3 15 20 24 26 29 25 27 4 13
81 27 4 5 8 10 7 21 1 20 2 18 2 24 2 27 3 14 4 15 4 19 4 20 4 21 6 14 7 30 9 30 10 19 10 22 11 30 12 18 12 26 13 19 16 19 20 29 24 28 9 23 11 25 8 17
77 27 4 5 5 8 15 24 1 11 7 13 3 6 8 30 23 30 3 22 19 26 3 28 1 10 8 11 23 26 6 25 4 16 17 20 7 27 22 27 7 17 12 29 4 9 12 23 18 30 15 28 11 21 6 14
77 27 15 27 14 25 11 21 10 17 1 6 11 15 1 11 21 23 13 18 20 29 1 25 20 28 8 15 7 23 2 16 14 30 3 12 5 20 5 17 16 24 4 11 9 13 10 21 9 30 5 26 10 22 12 19
82 27 2 23 2 21 2 24 13 22 21 26 8 11 8 25 18 27 17 25 8 28 9 17 3 17 1 18 14 27 3 10 1 29 7 27 29 30 5 30 8 13 6 13 5 15 9 16 19 28 20 23 12 20 4 15
74 27 2 4 3 29 10 24 18 19 20 27 1 22 5 15 14 27 1 26 14 24 13 18 1 21 11 19 3 10 1 15 13 28 1 13 4 9 4 12 4 17 8 27 4 30 5 7 6 28 16 27 19 23 25 27
74 27 3 25 25 28 15 28 24 28 2 9 22 24 12 22 19 24 2 26 10 17 7 15 27 28 8 9 15 23 15 17 8 30 11 30 11 21 11 13 17 29 18 28 19 20 4 18 5 14 5 25 6 13 16 21
76 27 3 27 29 30 9 27 7 14 6 22 9 10 5 8 10 30 14 20 13 30 12 24 12 19 11 16 11 13 10 18 2 8 5 22 7 21 6 21 3 23 14 26 8 28 19 27 22 25 6 17 4 29 15 26
80 27 6 18 7 15 13 26 2 7 3 11 11 25 2 24 5 29 15 18 14 28 13 25 11 21 2 30 10 16 9 18 4 5 8 21 4 15 7 12 21 27 19 22 9 10 9 14 23 26 22 28 8 17 20 23
81 27 2 20 15 28 16 20 21 29 21 28 21 25 1 26 1 28 3 8 3 13 3 27 4 16 5 14 2 5 6 8 15 23 15 18 7 22 8 17 12 21 11 29 9 24 10 30 22 28 7 24 15 30 1 19
76 27 1 7 21 29 3 30 11 13 18 27 11 17 19 26 12 28 22 23 7 19 7 18 20 30 3 4 20 22 19 28 13 28 6 14 14 28 5 22 15 24 4 16 25 26 24 29 10 25 6 8 15 23 9 17
79 27 1 5 9 19 7 28 4 13 1 8 1 13 21 25 1 16 20 23 19 27 19 25 18 30 3 22 3 24 4 6 15 23 5 11 15 19 5 25 14 15 12 30 7 29 12 20 11 26 10 21 24 28 13 17
79 27 13 22 17 20 25 29 8 21 1 4 4 24 4 26 15 20 21 27 3 28 7 22 22 29 15 23 16 29 22 24 6 8 13 15 5 27 23 30 14 24 10 28 16 19 11 14 8 9 4 12 5 23 10 18
72 27 7 22 15 30 1 9 1 19 22 30 10 25 8 20 11 19 15 18 11 29 8 9 6 20 23 28 1 16 23 24 4 21 1 23 3 26 21 22 7 17 8 17 8 13 1 5 5 25 12 21 13 27 10 14
78 27 8 9 20 30 4 24 1 8 3 18 1 26 4 6 6 16 15 16 15 17 6 28 7 8 22 25 28 29 7 13 8 17 21 25 2 30 2 5 2 11 12 19 8 12 9 10 5 23 13 21 11 14 6 27
76 27 6 16 7 10 11 29 4 8 2 17 2 24 3 15 3 14 3 9 12 16 2 29 9 18 13 16 2 13 15 23 17 25 11 22 10 28 9 10 8 24 7 19 5 10 21 25 26 30 19 30 8 27 18 20
81 27 12 20 11 24 9 17 9 27 1 6 1 16 1 25 3 18 4 13 5 20 7 15 7 26 8 30 9 10 1 5 11 20 12 19 12 22 15 18 23 29 26 28 7 8 8 9 4 29 6 21 8 13 5 14
78 27 6 19 20 29 10 23 7 15 11 14 16 21 15 17 14 17 14 16 2 11 2 18 13 20 2 29 2 23 11 30 3 8 5 15 3 24 9 21 4 19 2 4 4 22 4 28 23 27 21 25 11 26 8 12
80 27 9 29 4 22 9 19 8 28 8 15 15 30 14 21 16 18 4 19 4 11 18 30 3 21 19 21 2 17 22 23 22 24 14 30 13 21 7 17 9 10 9 25 3 27 12 23 5 16 6 30 6 20 8 26
78 27 2 16 8 18 6 12 2 9 3 17 5 23 10 13 3 24 22 25 21 28 6 16 11 18 3 13 10 21 1 15 1 19 9 29 9 18 5 24 4 8 4 20 9 22 3 30 7 13 5 27 17 26 14 29
79 27 14 19 7 9 23 29 4 7 1 14 9 15 7 25 16 18 13 14 11 27 11 15 10 18 3 10 8 23 11 23 7 22 3 28 4 19 4 30 5 9 17 25 20 29 8 24 21 22 7 12 6 20 24 26
74 27 1 22 7 13 18 20 19 24 19 26 6 30 12 16 14 23 3 16 11 26 7 19 16 17 15 27 12 18 7 21 14 29 14 27 13 28 10 22 13 18 3 4 8 21 2 9 4 14 2 6 25 27 5 30
77 27 3 25 11 18 6 30 2 9 2 8 5 24 1 12 9 28 19 20 18 22 10 16 18 19 10 19 4 28 1 7 1 11 9 29 4 27 10 24 4 21 11 13 12 23 3 30 21 26 9 14 9 17 15 28
79 27 8 9 21 23 23 26 11 12 13 22 8 18 5 8 13 16 8 17 13 18 4 22 5 10 1 27 14 24 5 21 1 6 12 20 15 17 4 19 3 19 9 11 9 14 3 25 27 29 7 13 8 30 7 28
74 27 1 6 2 4 7 15 15 26 19 20 2 8 12 20 24 26 2 20 16 20 3 5 16 17 6 11 1 27 14 23 6 10 14 17 2 7 13 24 8 9 2 25 9 30 9 18 16 22 20 29 8 21 23 28
80 27 3 15 6 27 11 25 1 20 3 27 9 25 6 8 2 24 21 22 1 18 1 13 6 10 13 28 21 27 12 15 27 30 7 21 16 26 8 14 9 14 11 19 5 28 4 12 16 21 9 23 8 29 8 17
74 27 15 28 3 24 7 8 10 25 10 23 2 29 21 30 6 25 3 9 4 17 16 29 17 21 17 25 5 14 3 7 2 30 19 20 19 24 2 14 2 13 5 11 4 26 15 27 15 26 11 12 15 18 15 22
77 27 17 24 2 25 10 17 7 10 9 15 8 13 8 26 1 7 14 17 22 27 8 23 8 20 2 8 21 22 7 28 7 27 3 30 15 20 19 21 4 14 6 13 18 24 16 21 5 18 29 30 11 30 2 12
75 27 10 19 15 29 11 28 17 23 23 30 4 29 5 8 13 21 3 24 3 19 13 16 13 19 4 5 2 8 2 7 14 16 1 26 9 28 9 16 7 18 6 21 6 20 6 17 22 23 18 27 16 25 7 12
76 27 9 26 29 30 16 23 8 20 8 17 17 29 9 16 4 12 11 28 15 20 10 23 1 8 6 12 17 25 9 22 10 19 16 30 1 28 6 10 11 27 7 13 13 14 3 21 7 20 8 18 19 24 4 5
80 27 6 17 17 30 1 17 8 11 3 8 8 13 4 23 16 18 4 19 14 24 9 16 9 20 9 24 13 15 2 16 10 13 10 21 11 22 27 29 5 7 27 28 20 23 19 26 17 28 7 21 6 25 10 12
73 27 12 29 3 23 11 28 2 6 21 25 20 22 13 24 12 25 12 22 1 19 11 26 8 18 11 19 2 12 10 17 9 22 9 16 8 21 3 17 4 12 6 14 5 26 13 28 19 30 12 15 7 25 16 27
72 27 6 11 16 19 23 29 5 13 6 24 1 22 1 17 8 11 12 17 15 26 1 13 7 15 7 19 7 21 1 28 4 13 2 11 11 26 3 14 9 19 10 21 2 30 20 26 23 27 21 23 18 27 6 25
77 27 6 18 4 11 12 30 22 28 16 18 1 15 5 8 11 23 19 30 16 28 16 26 15 30 15 28 9 26 14 24 14 23 10 17 13 27 10 21 4 21 10 22 10 29 7 9 22 27 8 25 11 20 10 25
80 27 13 14 1 7 6 10 1 13 1 15 20 27 18 26 3 8 17 27 3 29 16 29 4 13 16 22 4 18 14 21 27 30 6 15 13 23 7 24 8 20 11 23 10 25 12 15 2 9 10 19 5 30 4 28
79 27 3 8 11 19 26 27 2 6 15 23 1 27 24 26 10 28 7 28 4 17 8 28 14 30 1 18 4 6 5 20 3 13 2 19 11 29 11 12 6 25 23 26 21 25 20 22 5 21 9 23 9 30 8 16
81 27 25 27 6 23 5 18 12 30 21 30 23 24 4 8 14 24 3 12 3 9 23 29 15 17 2 14 15 18 15 24 1 16 18 20 12 26 6 19 8 10 8 13 8 25 8 30 11 13 10 28 7 23 10 22
79 27 23 24 5 26 19 20 10 15 14 21 13 29 13 28 7 20 13 20 1 25 7 23 12 19 8 17 11 12 10 28 10 25 14 22 9 28 2 17 9 27 8 26 3 4 11 18 18 21 5 30 16 26 6 15
76 27 16 27 11 13 14 25 14 26 3 16 9 14 8 9 5 7 1 20 8 18 15 22 2 5 14 24 2 9 2 11 13 22 10 15 12 30 12 26 4 13 9 29 3 17 3 23 3 28 21 30 19 27 6 14
74 27 3 14 21 25 2 18 7 19 9 21 16 25 4 26 1 26 15 21 21 28 21 29 15 19 7 26 9 10 8 30 3 24 8 22 2 22 16 23 17 18 11 25 5 10 12 23 3 13 6 9 4 20 12 27
78 27 19 30 21 24 8 12 8 13 6 27 17 28 14 15 5 9 7 25 8 11 5 6 1 7 22 24 13 18 12 26 1 9 23 25 23 29 3 8 9 15 19 21 10 16 16 19 2 19 5 28 11 20 4 12
75 27 8 9 6 8 19 27 3 25 13 26 1 21 5 8 27 30 4 20 14 17 13 27 13 21 1 20 4 14 12 22 14 16 2 11 9 17 25 28 10 23 15 29 18 30 18 23 20 29 7 19 15 22 24 29
80 27 4 11 2 4 10 23 1 7 1 20 2 19 3 5 4 30 5 28 6 16 6 28 8 23 8 26 8 11 11 12 12 15 13 17 14 30 16 17 17 25 18 23 19 22 20 29 9 17 13 21 7 27 6 24
80 27 29 30 10 25 9 19 7 8 12 17 18 22 18 21 4 30 8 19 3 30 8 30 15 25 15 20 3 20 15 17 13 26 12 14 13 22 2 24 4 22 9 16 24 27 5 23 5 22 6 7 11 28 11 29
74 27 2 8 13 24 16 23 2 15 18 22 8 14 12 20 12 17 8 18 9 19 9 15 15 29 18 28 8 27 7 13 1 24 20 26 14 21 19 26 3 11 5 29 10 30 6 8 11 23 10 18 7 25 4 29
80 27 4 9 17 24 3 12 11 30 14 24 9 11 12 20 9 29 12 24 1 13 7 10 1 27 19 24 6 19 10 25 2 8 5 16 5 14 2 26 18 20 17 28 4 8 22 30 9 23 10 19 15 22 10 21
75 28 2 12 5 9 2 24 5 28 8 22 14 27 23 27 25 26 9 25 15 19 2 8 19 25 7 30 1 30 1 20 17 20 6 24 16 22 14 17 18 26 11 25 15 24 4 7 3 15 7 13 14 29 10 20 8 21
82 28 8 27 9 12 19 28 10 14 18 30 1 7 21 23 1 15 20 28 20 27 20 21 2 20 14 29 3 6 29 30 3 12 3 14 7 25 3 25 17 21 5 29 5 11 26 29 13 19 21 24 4 23 16 23 5 22
85 28 4 10 4 17 10 18 18 30 15 29 15 28 15 20 1 8 15 17 14 23 14 21 13 28 10 25 1 24 2 26 10 12 3 15 8 16 3 22 7 15 6 18 4 16 4 21 3 11 23 27 9 30 5 16 17 19
86 28 5 23 26 30 7 8 19 30 3 4 19 28 19 23 3 10 3 25 4 30 5 16 16 24 15 20 15 17 7 30 8 14 13 23 13 15 9 30 12 21 12 17 11 19 5 6 2 3 6 29 8 22 27 29 15 18
82 28 4 22 6 11 8 13 17 24 12 18 7 9 3 21 12 21 13 29 7 19 20 21 19 28 12 29 2 5 19 20 17 27 2 17 2 25 2 28 6 8 26 30 5 30 11 15 3 10 4 29 14 26 23 25 15 16
80 28 2 5 14 18 4 9 12 26 10 25 6 27 21 30 13 15 1 9 13 21 8 21 8 12 19 24 2 15 7 9 18 28 15 16 15 18 18 22 3 10 15 19 15 29 3 4 9 27 14 23 11 30 15 20 12 17
80 28 9 21 2 26 5 6 2 8 6 18 6 28 17 18 17 22 1 6 11 19 1 10 11 22 1 20 7 8 7 25 2 4 2 30 2 14 12 14 6 13 24 30 23 26 15 21 16 17 12 15 12 29 1 3 9 27
82 28 2 13 5 29 3 30 10 18 13 19 8 15 1 8 1 12 15 21 13 26 12 23 10 25 3 25 9 18 9 14 9 11 5 9 8 10 4 21 7 19 4 27 7 16 6 20 6 13 25 28 22 25 24 26 17 27
84 28 25 27 9 12 8 28 21 24 21 22 10 17 13 20 10 14 1 24 13 21 9 19 20 23 2 8 9 10 12 16 14 24 7 8 18 25 18 22 6 27 15 19 3 28 5 28 26 30 22 26 11 21 14 29 4 20
81 28 1 6 7 24 1 28 9 19 12 17 14 29 1 25 14 26 14 21 13 30 1 15 12 24 1 27 10 24 9 24 8 12 6 30 4 16 6 12 4 20 4 21 4 27 5 22 4 5 18 29 17 23 9 11 3 25
76 28 11 17 3 4 9 14 8 28 2 19 1 3 14 27 14 24 14 20 13 26 13 19 1 23 2 24 11 30 5 26 11 21 11 18 14 28 10 29 8 11 7 23 7 22 6 17 6 10 12 25 25 26 15 18 16 21
83 28 9 11 2 10 9 30 13 22 5 25 9 21 3 24 9 14 25 30 13 20 1 9 13 26 9 15 6 11 17 18 16 28 1 26 15 16 3 7 20 24 15 29 12 16 12 19 4 12 17 21 4 27 5 8 9 23
75 28 14 27 13 29 16 17 18 29 17 21 9 30 11 27 21 28 11 15 14 25 2 27 11 21 11 26 12 14 12 18 28 30 3 11 10 28 4 7 4 17 4 19 8 22 4 24 7 23 5 13 6 24 5 20 4 8
84 28 12 13 19 23 10 29 21 29 8 28 11 14 2 29 8 20 8 21 22 26 8 22 21 30 1 23 1 5 15 23 2 11 20 24 17 23 3 5 11 27 9 13 13 14 6 13 4 8 16 27 3 18 7 16 21 25
74 28 5 21 4 27 5 29 20 22 4 7 1 8 1 13 7 29 3 20 6 17 18 26 1 6 8 28 22 23 12 19 1 16 12 18 12 17 3 17 8 14 9 23 10 26 4 25 7 9 1 11 25 30 15 29 24 25
84 28 1 8 19 28 14 27 8 13 18 26 5 29 9 14 21 24 9 12 1 17 1 27 11 17 29 30 15 18 18 24 2 22 15 27 3 6 3 12 3 23 27 29 25 28 4 12 7 9 24 25 16 19 10 28 4 20
84 28 6 17 5 17 3 21 2 11 13 29 4 21 7 15 3 20 14 25 4 27 17 29 3 9 17 18 12 30 4 10 1 17 14 19 2 19 4 5 23 26 22 23 7 10 6 22 9 30 9 24 9 28 8 14 8 16
82 28 3 20 9 22 26 27 8 20 1 13 16 29 7 17 18 29 7 26 18 26 12 15 6 19 16 22 9 28 9 24 14 23 11 25 10 25 1 5 5 6 11 14 2 9 5 10 4 26 21 30 8 15 9 20 8 30
81 28 5 17 13 22 9 12 7 15 22 29 3 18 3 21 3 24 4 10 5 9 5 11 10 19 5 20 3 14 6 8 6 13 9 16 10 13 2 14 3 4 10 26 11 13 12 28 15 20 17 25 17 30 10 23 27 28
80 28 3 18 25 28 22 28 9 17 9 22 8 14 8 19 1 9 9 14 16 20 15 21 15 16 17 23 10 14 13 23 13 20 11 14 3 6 11 30 7 19 24 30 23 27 5 20 5 26 6 27 18 29 4 16 12 18
75 28 15 25 6 12 12 22 11 12 5 22 23 24 2 20 2 19 2 24 19 27 3 15 2 15 19 21 18 30 4 11 4 23 16 25 21 30 5 28 14 28 14 26 7 17 7 23 13 19 8 15 9 18 9 29 10 24
83 28 5 11 11 19 5 22 4 11 6 12 17 26 21 30 8 13 8 10 1 18 1 29 2 4 7 19 17 20 6 22 1 21 3 14 14 24 5 13 16 19 15 22 4 23 26 29 22 27 1 14 6 25 9 28 9 11
78 28 27 30 16 17 23 30 4 14 1 13 13 30 4 24 2 8 8 17 17 18 16 20 1 22 4 6 13 19 8 9 12 19 11 29 11 27 11 14 10 16 3 13 5 11 4 28 6 15 4 21 7 21 5 25 18 26
82 28 23 24 1 11 4 6 2 6 14 20 8 19 8 21 2 3 12 29 1 17 5 10 1 22 22 29 13 21 9 14 2 16 24 25 11 20 10 27 3 28 10 12 3 21 19 24 7 21 18 22 7 30 15 24 6 26
81 28 4 8 14 26 8 25 11 26 17 27 1 8 22 26 1 15 1 19 14 28 4 18 9 14 12 25 4 17 1 30 6 22 12 28 14 20 19 24 4 7 3 19 7 10 13 30 10 29 16 26 5 8 14 23 10 21
83 28 9 20 6 13 1 22 12 14 1 23 14 24 1 5 1 10 22 27 8 23 13 19 8 11 13 27 14 19 1 20 20 29 3 16 19 30 3 22 19 26 5 25 18 28 18 23 4 5 15 26 11 21 7 26 17 28
77 28 17 30 10 29 17 21 12 29 19 23 22 28 22 26 20 23 13 21 23 29 9 11 16 18 4 30 4 19 14 27 9 28 4 14 8 22 13 16 2 16 2 24 11 12 3 16 7 19 1 15 6 9 5 19 6 25
78 28 19 24 7 21 22 23 13 19 18 26 23 29 20 30 8 15 13 27 7 23 8 30 22 30 21 24 1 11 14 20 10 14 9 28 2 29 2 18 2 28 9 12 17 30 1 5 4 10 6 7 3 25 15 16 7 25
81 28 23 27 2 15 6 10 10 29 10 18 26 29 3 26 16 28 16 30 5 17 17 21 17 27 4 29 4 13 16 26 3 19 19 27 2 30 2 14 6 9 9 24 13 22 11 15 11 25 12 25 8 23 7 20 7 26
84 28 4 28 3 4 2 9 13 27 10 27 13 28 1 11 21 27 13 30 1 17 1 18 1 22 20 21 1 27 6 27 19 24 2 23 5 23 5 19 16 27 15 19 4 25 12 14 6 8 12 28 9 26 7 16 13 29
80 28 5 25 15 26 1 17 10 15 11 22 20 30 1 11 2 26 2 25 15 24 2 13 8 21 13 30 9 18 22 29 12 28 7 18 3 10 16 20 16 23 6 26 4 15 4 19 19 28 19 21 5 27 10 18 12 14
83 28 11 14 13 26 13 29 9 22 9 21 16 26 25 30 23 29 3 5 9 23 4 6 6 9 1 23 15 29 13 17 3 24 19 24 7 20 12 21 3 23 3 14 20 27 10 23 10 18 9 25 9 20 8 22 6 28
79 28 4 9 1 10 18 23 23 28 20 28 1 28 11 16 1 29 5 8 11 21 11 20 21 26 21 24 20 27 15 24 12 27 2 19 6 30 3 8 3 18 7 9 14 17 25 26 10 14 13 23 9 19 16 22 6 11
75 28 2 4 16 24 18 24 3 7 15 20 1 13 9 27 24 26 11 28 7 11 14 16 1 7 11 22 9 11 8 28 21 22 6 16 17 30 8 18 9 12 7 23 15 19 3 15 3 10 25 29 17 23 2 25 5 16
78 28 1 21 8 22 11 15 3 21 15 22 7 17 7 15 1 11 15 24 14 16 2 29 13 30 13 25 2 9 13 19 2 13 11 27 11 14 10 29 10 18 7 28 4 18 6 15 5 12 21 23 7 20 21 26 9 12
81 28 11 13 11 24 7 8 3 8 5 20 5 14 8 25 8 18 6 25 5 30 5 15 1 27 5 7 2 28 2 19 2 9 1 30 3 4 10 23 11 22 11 26 15 21 17 21 17 29 19 26 23 30 16 25 12 14
79 28 15 16 9 16 20 23 15 27 7 22 15 21 10 19 11 28 10 11 9 24 8 23 8 16 7 28 6 12 5 11 4 8 3 29 2 27 2 10 1 30 11 18 12 21 14 24 17 25 20 26 16 29 13 28 9 25
85 28 9 20 20 27 4 28 1 11 19 23 17 23 2 29 10 17 16 25 15 30 7 11 15 23 1 23 11 26 12 21 12 17 24 26 8 30 8 18 9 17 2 16 5 14 5 27 20 28 8 22 2 3 10 13 1 6
78 28 7 26 14 19 15 27 23 30 19 21 9 19 23 29 8 15 7 22 24 25 13 20 13 21 13 22 13 29 24 30 3 12 14 27 2 20 15 18 2 12 22 28 10 18 11 28 9 16 6 25 17 18 5 24 4 18
87 28 3 5 4 29 15 20 8 13 8 11 13 19 21 27 3 12 2 25 18 27 1 26 1 30 2 23 4 7 19 23 7 19 11 18 11 24 16 26 1 3 11 20 3 6 10 21 6 14 16 17 17 22 9 17 13 28
85 28 16 23 10 23 3 17 2 15 5 24 9 30 14 19 9 20 15 20 3 23 9 14 11 14 3 30 7 26 24 25 7 20 11 27 6 11 23 29 6 13 5 13 12 15 4 24 11 22 8 10 7 18 5 21 27 28
83 28 15 21 9 18 7 22 15 28 9 29 21 29 7 16 1 12 15 16 9 13 2 9 20 22 9 30 19 20 8 27 8 26 2 23 3 21 3 17 3 5 3 6 12 24 11 17 6 10 6 8 4 20 14 24 7 25
80 28 10 23 19 30 1 6 1 25 3 21 9 17 9 18 9 16 13 26 1 12 8 22 1 18 8 18 6 24 15 17 15 26 16 29 7 14 7 11 5 7 24 30 3 13 5 25 4 8 24 28 10 17 4 27 17 20
85 28 4 11 17 19 4 10 6 30 14 27 8 21 8 29 1 30 16 21 4 16 9 27 1 20 4 7 6 16 1 27 14 26 13 23 3 10 13 20 2 28 19 26 24 26 5 6 10 25 9 15 18 20 22 24 12 20
82 28 7 8 15 27 2 11 13 24 6 9 12 26 3 24 10 27 17 19 9 18 14 22 9 28 14 15 13 25 10 23 12 15 2 14 2 16 11 24 21 24 1 4 5 28 6 7 3 9 20 22 28 30 10 17 26 29
82 28 2 8 5 16 1 27 20 23 1 21 14 20 15 24 26 27 15 19 27 30 7 21 4 21 1 17 4 13 5 15 13 24 3 30 9 22 3 25 12 23 12 17 6 18 6 14 17 29 9 29 10 11 10 12 25 28
73 28 20 25 9 26 5 7 2 7 1 13 9 13 22 27 23 26 12 25 6 19 15 20 14 22 1 8 3 18 17 22 17 24 1 22 10 25 2 3 9 29 16 17 15 24 8 11 4 19 6 7 21 28 20 30 10 21
82 28 6 19 15 29 4 17 4 26 8 27 8 12 7 27 5 30 5 18 4 30 4 29 4 28 10 15 4 13 3 7 2 28 2 20 2 7 1 22 25 28 21 29 9 22 11 26 11 16 1 19 24 30 1 14 14 23
79 28 23 29 9 27 27 28 5 10 13 23 14 18 17 18 16 23 17 23 3 16 3 15 18 20 19 24 2 6 1 28 20 28 21 25 21 28 4 30 5 6 4 13 7 14 14 24 10 26 11 14 8 20 10 22 12 29
83 28 13 14 10 28 2 22 7 12 11 26 8 14 1 14 19 22 20 29 14 21 1 26 3 20 2 10 3 15 1 4 2 15 2 25 2 27 15 23 3 12 6 21 11 24 9 22 17 25 11 18 1 5 16 29 8 30
86 29 12 21 8 9 16 27 9 21 3 17 16 23 16 18 3 27 15 16 9 23 14 16 10 21 13 21 5 29 2 8 12 20 11 26 2 30 3 5 11 16 17 19 4 14 7 28 7 17 19 22 6 14 5 24 6 25 1 15
87 29 2 14 25 29 15 16 8 10 6 22 14 19 6 24 8 22 16 29 1 20 13 28 7 21 7 22 27 30 1 8 3 17 1 13 5 13 11 17 5 25 9 10 5 11 10 19 4 23 13 18 9 27 12 17 20 23 17 26
80 29 1 23 18 25 4 5 22 26 20 26 2 10 19 20 18 29 2 19 2 21 17 28 3 5 3 8 3 9 3 13 3 21 1 27 4 7 6 29 11 16 10 28 11 20 10 14 11 27 9 25 6 30 15 16 4 12 24 30
82 29 1 4 16 20 19 23 23 28 11 28 2 23 10 30 4 23 17 27 21 26 7 18 10 16 15 20 15 19 4 6 9 20 3 18 2 3 2 8 14 16 2 12 5 16 5 17 25 29 3 24 13 15 24 25 22 27 7 21
86 29 1 20 13 25 7 9 12 25 11 16 23 29 12 16 9 28 15 19 1 10 9 11 1 17 9 30 16 17 1 22 18 28 16 27 13 21 13 19 4 21 7 8 6 8 26 27 12 14 8 24 7 23 5 29 1 3 1 2
81 29 8 15 7 12 10 18 6 13 3 25 15 19 13 23 10 22 11 25 10 30 7 13 9 10 6 14 6 8 5 28 3 23 7 21 8 18 2 3 11 28 16 18 16 24 17 19 29 30 1 5 2 26 7 27 4 29 14 20
77 29 15 22 7 15 19 24 5 16 11 26 10 11 2 26 21 24 1 23 1 3 2 16 2 30 3 17 3 24 4 20 28 30 6 13 6 25 1 13 7 14 7 19 8 10 8 18 8 21 12 17 18 27 20 24 21 29 9 13
81 29 15 28 3 15 18 28 4 20 6 12 20 26 1 22 9 10 5 29 8 21 8 20 16 19 14 23 8 11 12 21 1 24 13 15 16 25 13 17 2 24 7 8 13 22 4 23 4 22 10 19 23 30 23 27 5 19 11 16
82 29 13 15 3 18 6 22 2 20 13 21 12 30 3 11 22 24 16 28 4 26 16 30 9 14 6 8 5 21 7 28 21 25 21 23 19 29 20 21 15 24 28 29 2 16 11 23 10 30 14 18 1 13 3 27 4 29 16 17
81 29 9 19 10 20 23 24 20 29 3 14 18 23 1 24 15 26 12 21 2 21 9 30 10 23 2 30 17 19 1 12 3 4 10 16 15 18 3 25 7 30 4 16 6 20 5 17 5 13 21 22 28 29 3 8 25 27 11 13
82 29 12 26 6 13 5 29 6 21 6 28 4 26 4 14 8 29 22 29 19 28 10 25 1 5 7 19 3 23 1 13 4 7 23 24 8 20 2 6 13 17 8 27 2 11 17 24 18 25 18 23 9 24 9 30 8 16 8 15
87 29 6 15 1 8 21 27 7 17 4 20 12 22 3 29 1 9 16 20 3 23 10 14 3 13 10 29 14 18 14 17 11 15 11 19 13 16 2 25 12 14 28 29 6 20 23 24 19 25 5 13 11 27 13 26 8 14 8 30
86 29 16 28 17 26 7 14 20 27 10 28 1 3 1 10 14 29 14 21 12 27 12 25 12 24 11 21 11 19 2 9 10 11 3 20 9 16 4 14 8 24 6 13 6 8 26 30 16 18 21 30 23 30 13 15 15 22 5 14
81 29 6 22 3 30 20 26 11 20 1 19 4 20 11 22 3 8 8 17 22 29 15 30 8 19 18 30 4 16 4 8 14 20 12 27 13 18 9 18 12 30 2 16 10 16 26 28 24 30 24 25 6 23 5 10 5 21 7 14
88 29 20 29 3 7 4 16 1 10 3 29 9 25 7 21 3 25 3 17 22 25 21 26 3 15 5 18 3 10 2 30 1 19 18 23 2 24 18 25 1 28 23 30 6 24 4 20 13 17 14 28 8 23 5 27 10 11 12 22
84 29 13 28 16 28 4 28 2 12 4 21 19 27 18 27 4 29 18 23 18 21 17 27 19 22 2 9 10 16 15 29 1 28 1 25 15 24 1 3 4 5 13 14 24 26 6 30 2 26 11 19 7 16 5 6 20 28 8 13
86 29 16 20 5 30 3 18 12 17 4 14 8 21 8 14 15 20 8 15 14 23 4 13 2 26 2 22 13 30 13 26 12 23 12 28 12 24 19 20 5 18 1 6 21 25 1 10 6 12 7 20 9 21 9 29 15 27 11 12
82 29 23 29 13 27 11 17 18 23 19 28 3 19 14 28 12 30 1 13 1 16 13 25 2 16 9 26 2 20 2 29 9 22 8 22 4 10 7 23 7 19 4 18 5 25 5 12 5 9 15 29 14 17 18 21 8 24 5 6
86 29 3 6 2 8 1 28 8 30 1 18 9 13 2 10 24 26 16 18 18 29 12 28 22 28 12 27 3 4 14 22 1 26 3 16 27 30 4 15 9 10 11 13 9 23 25 26 11 20 16 19 17 22 5 8 7 9 21 24
83 29 5 30 5 8 1 30 10 14 14 15 12 15 1 13 2 27 12 27 2 18 2 13 14 22 14 28 15 17 16 20 16 26 6 9 3 7 11 22 10 25 3 21 10 20 9 25 9 21 8 19 4 28 16 29 24 25 23 26
82 29 16 20 3 23 7 26 11 17 17 26 16 30 6 11 13 23 20 21 13 22 6 22 2 9 14 15 5 25 5 16 20 27 7 21 15 20 5 29 12 13 2 8 1 2 8 18 8 23 4 7 16 19 10 23 9 24 9 28
81 29 4 11 5 11 8 11 3 10 7 24 15 24 9 25 10 22 9 13 8 17 7 30 7 16 7 14 6 24 6 18 6 11 5 29 3 20 2 9 14 26 26 27 25 29 23 29 22 23 21 28 19 23 12 30 1 3 16 28
83 29 19 26 20 23 6 16 11 27 21 23 1 26 14 19 2 27 22 29 14 20 16 29 6 23 3 26 19 24 2 28 15 30 20 28 7 30 15 17 2 25 10 28 17 29 5 7 8 15 12 27 1 18 6 9 13 18 4 6
92 29 2 10 8 29 11 15 3 21 4 12 9 29 11 13 1 16 1 8 11 25 7 14 4 28 14 27 20 21 16 23 4 11 1 5 17 26 23 28 4 7 11 19 8 30 8 22 4 17 4 20 7 18 6 22 24 25 10 24
83 29 17 21 6 17 3 23 3 22 11 29 2 6 20 21 3 9 17 18 16 30 16 28 1 4 16 26 14 18 2 23 2 26 3 5 12 19 10 18 3 29 8 9 7 27 6 24 6 12 13 24 25 27 24 25 15 30 1 13
83 29 11 22 8 23 2 18 2 5 6 15 14 19 18 19 8 13 8 14 1 3 16 25 16 24 14 26 1 21 16 29 12 29 11 24 9 27 2 29 10 17 21 28 21 26 7 11 20 30 7 20 4 24 6 14 9 17 9 16
81 29 26 27 6 24 23 29 23 26 10 16 18 26 4 10 7 25 3 29 3 15 5 13 5 10 9 15 3 10 2 15 1 28 1 17 5 17 5 22 8 10 12 15 16 24 17 19 21 23 23 30 2 20 8 14 11 18 7 30
86 29 16 28 21 27 23 28 8 16 2 27 2 24 3 16 9 11 13 29 8 24 8 19 5 26 1 2 2 20 2 17 7 9 6 28 2 15 20 30 2 10 2 13 26 29 11 25 3 12 4 28 5 22 11 28 5 14 4 18
86 29 28 29 26 28 22 25 5 10 10 27 10 24 10 11 9 23 9 18 8 25 5 26 5 15 4 20 3 28 3 23 2 13 2 3 1 30 15 30 23 25 20 28 19 25 17 21 16 28 11 12 14 20 6 28 12 21 7 26
86 29 1 8 9 14 21 30 9 10 8 10 19 30 19 27 4 12 8 16 8 22 3 30 3 23 17 20 16 25 9 28 10 17 10 24 13 23 2 24 3 10 12 28 5 11 6 21 22 26 25 29 6 18 15 20 11 16 7 30
90 29 17 30 16 24 20 24 19 28 19 25 19 24 19 23 8 25 1 22 1 28 6 25 10 24 2 26 2 27 13 23 12 30 12 29 3 24 12 26 3 17 7 27 6 14 5 30 8 11 21 24 7 18 9 28 13 15 4 29
87 29 2 19 2 29 18 29 14 25 7 22 11 29 12 20 5 8 20 28 5 9 5 12 8 27 22 25 5 17 19 21 12 13 6 15 2 17 9 22 5 24 10 19 4 8 13 16 1 12 7 30 23 25 15 28 23 26 3 5
83 29 2 26 3 20 6 21 4 16 8 17 4 6 17 26 4 25 1 17 12 28 6 23 1 29 2 3 20 22 16 26 6 28 11 14 15 22 2 30 7 16 6 11 5 18 9 27 24 29 5 26 13 26 10 23 21 27 15 19
80 29 2 30 9 29 16 23 17 22 1 10 4 18 11 18 12 19 10 18 10 24 2 26 2 17 12 13 7 20 14 20 14 27 14 29 1 17 1 15 9 10 4 12 6 12 4 28 5 7 5 8 5 16 21 29 25 29 1 3
82 29 3 4 6 22 25 30 7 28 15 18 22 23 19 28 13 23 11 19 1 16 3 19 12 18 12 23 12 24 2 16 2 11 15 16 4 17 9 29 4 26 9 19 4 30 8 24 6 20 10 14 10 16 21 25 23 27 5 14
81 29 19 23 2 23 24 25 3 21 19 22 1 12 14 19 4 16 10 14 8 29 8 17 7 29 6 25 6 11 5 24 5 14 4 28 3 29 3 24 2 18 1 27 15 24 29 30 25 27 24 28 13 29 13 26 9 28 20 26
83 29 1 29 10 30 28 30 2 18 4 7 26 28 9 19 9 25 20 29 9 11 9 12 9 15 23 30 4 6 9 28 11 29 8 27 8 13 8 9 4 12 6 18 5 11 5 14 5 16 17 18 3 4 7 24 7 21 22 23
86 29 15 23 21 28 10 27 16 21 1 9 1 27 14 20 2 12 13 25 2 22 2 30 11 23 3 16 11 16 11 13 14 16 9 13 8 29 8 24 8 22 7 26 7 24 5 22 6 29 6 28 19 23 18 22 17 20 4 26
82 29 19 24 3 26 4 15 22 25 15 21 8 14 5 22 13 28 1 21 15 26 9 30 14 16 2 15 12 20 16 21 3 5 11 25 4 13 13 18 9 29 9 28 9 12 6 25 7 9 8 19 10 14 22 27 22 23 9 17
88 29 1 18 17 25 2 7 2 18 3 6 5 7 7 12 7 29 8 14 14 19 8 27 11 17 11 23 11 24 11 30 13 18 2 3 14 20 14 22 14 23 15 26 16 18 16 30 21 23 28 30 4 5 9 11 10 24 9 15
83 29 5 9 4 21 5 30 7 9 6 19 2 26 1 7 6 11 19 29 2 16 15 30 7 10 22 23 7 19 15 17 20 30 2 28 19 26 3 10 18 30 18 27 17 25 4 13 4 17 14 19 4 24 8 30 23 28 10 12
77 29 2 6 1 3 2 12 10 18 19 28 4 9 1 10 16 26 14 20 14 15 7 21 1 21 6 29 6 24 5 26 5 20 3 22 2 27 2 23 2 21 8 11 9 15 10 28 11 15 12 13 12 15 14 25 22 30 17 21
85 29 1 14 6 8 2 25 7 8 8 19 8 15 20 25 1 24 8 13 20 23 2 3 7 28 7 18 7 10 20 22 3 13 3 21 5 27 17 19 16 30 14 29 5 14 15 26 3 12 13 14 1 9 11 27 20 30 2 4
81 29 8 20 4 14 21 23 7 14 13 21 3 12 7 15 10 25 10 20 9 30 9 10 8 18 7 24 11 27 5 22 5 14 3 29 3 28 3 11 11 19 1 3 12 17 12 18 13 14 16 20 19 21 24 26 1 2 1 6
79 29 16 19 1 27 20 22 17 24 17 21 6 17 6 22 14 18 11 22 17 29 2 14 11 23 19 22 2 22 2 28 3 16 3 26 4 30 5 15 9 13 11 27 10 11 12 22 6 25 7 17 8 10 14 15 28 30 7 13
80 29 1 30 8 12 7 8 17 23 7 16 9 13 9 15 13 30 5 25 7 13 4 12 22 25 22 23 2 22 8 27 6 11 23 24 15 18 2 10 3 22 20 25 15 28 11 25 4 26 11 19 2 16 11 14 5 29 15 21
87 29 5 7 21 29 4 30 3 8 17 30 1 4 1 9 1 10 1 16 16 22 13 27 13 18 11 29 5 14 1 24 10 28 10 15 8 27 7 24 7 13 4 19 21 30 18 26 2 8 13 23 20 27 7 25 11 12 6 30
81 29 6 11 13 19 5 22 22 30 9 30 3 15 27 28 7 23 1 12 15 24 1 3 14 30 14 29 16 17 14 20 8 11 13 30 1 2 2 10 12 30 4 7 2 23 3 8 23 27 22 25 21 30 16 19 24 26 7 18
84 29 2 3 2 24 14 30 3 26 4 6 11 23 10 30 1 30 27 30 2 17 3 8 4 24 5 14 6 7 6 10 7 15 8 11 8 28 12 16 16 25 20 24 24 29 13 14 21 25 16 18 10 22 10 19 9 26 9 12
85 29 11 16 19 23 7 17 11 23 17 25 12 21 8 30 17 22 1 11 17 18 9 26 15 20 1 21 3 30 14 30 14 15 2 9 3 25 2 12 10 24 11 14 6 14 24 29 23 29 23 27 5 24 4 27 11 13 7 28
