48 16 11 19 12 16 13 22 9 28 20 21 21 28 21 26 15 27 21 25 2 29 2 30 27 29 24 27 5 17 23 24 16 18
44 16 17 19 26 28 22 27 6 18 7 25 1 16 19 29 7 26 18 29 8 23 16 24 15 25 14 22 12 30 20 30 21 28
49 16 14 15 2 26 1 18 12 23 24 26 23 27 8 28 15 16 15 25 3 22 20 27 17 26 4 30 18 19 6 21 10 29
47 16 21 25 3 20 5 23 5 28 9 19 1 24 5 27 16 20 13 21 22 30 15 22 4 18 9 26 25 29 15 27 16 17
45 16 16 28 13 29 7 20 7 17 9 26 7 30 1 28 15 24 19 27 19 25 9 23 10 18 25 29 1 15 5 21 22 26
46 16 18 28 9 15 3 26 11 30 7 19 4 25 17 25 16 18 19 21 3 28 5 23 24 30 6 22 1 29 9 20 19 27
44 16 3 15 14 17 3 28 6 22 4 16 20 21 6 25 14 24 23 25 8 21 6 19 16 26 27 28 20 30 15 29 16 18
49 16 21 30 10 18 7 26 1 17 8 15 4 30 10 19 15 20 10 28 12 22 21 27 24 30 23 30 21 29 7 16 8 25
48 16 21 25 16 28 17 19 9 25 6 16 9 22 25 30 8 24 5 19 2 23 15 24 18 21 12 29 15 27 15 26 15 20
48 16 2 27 6 23 9 22 8 30 3 21 3 17 2 25 6 28 10 24 18 28 20 29 22 29 5 19 26 29 9 16 6 15
44 16 5 19 13 24 18 30 5 20 11 22 3 27 7 28 1 25 10 18 1 29 12 17 26 27 2 15 13 21 4 16 17 23
43 16 4 21 1 15 20 28 10 29 1 30 6 19 7 22 5 28 5 24 20 25 19 27 18 25 16 29 14 26 17 19 18 23
38 16 7 22 17 21 7 28 16 18 20 21 16 30 16 23 7 26 24 28 2 29 13 18 14 20 4 19 9 25 24 27 13 15
45 16 2 19 19 26 24 28 3 22 12 18 11 20 17 22 17 21 4 15 15 29 15 24 12 25 12 27 2 30 16 24 12 23
56 16 25 28 1 15 1 28 15 23 9 18 28 29 4 16 24 30 21 27 22 30 8 21 8 19 24 27 7 26 9 20 8 17
44 16 4 26 10 27 19 24 4 15 9 25 6 18 23 26 7 30 7 19 22 23 15 16 15 17 3 21 25 28 28 29 17 20
44 16 6 21 11 29 16 18 15 20 19 24 17 30 17 26 16 27 16 22 9 15 8 30 13 19 25 28 7 25 23 28 8 27
45 16 20 21 18 30 9 29 2 16 14 28 19 26 19 23 1 21 17 30 16 23 10 27 5 18 21 24 13 22 24 25 15 27
46 16 15 19 17 19 13 29 3 18 20 21 2 20 19 30 19 24 17 26 16 25 9 19 4 22 8 27 14 23 5 16 9 28
47 16 21 22 17 18 6 24 12 25 12 22 9 29 8 30 8 23 5 17 3 16 15 16 15 27 19 28 20 24 27 28 12 26
42 16 18 25 4 18 9 28 12 20 7 29 5 27 20 30 4 15 7 23 21 24 20 22 20 21 7 19 16 17 11 17 15 26
44 16 11 25 1 17 10 19 2 29 9 26 9 27 17 21 4 15 15 30 4 20 3 18 14 23 4 22 19 24 13 16 28 30
47 16 12 27 9 24 2 15 10 30 1 19 2 16 7 20 1 29 18 19 2 23 21 22 22 28 26 27 10 28 9 25 6 17
44 16 4 21 17 27 16 28 7 24 9 28 15 28 15 25 15 23 5 19 12 29 12 26 2 30 18 24 22 23 20 30 17 28
43 16 5 26 14 18 20 29 2 17 13 28 19 28 1 20 11 16 6 24 3 30 8 27 11 23 9 21 5 15 16 22 13 25
44 16 8 22 18 28 17 25 15 29 15 19 10 20 8 29 8 28 8 26 4 24 9 16 21 26 17 26 7 30 27 30 16 23
47 16 4 16 7 28 6 24 21 24 4 25 5 29 6 15 6 18 6 19 8 26 18 22 18 23 20 29 13 17 9 30 23 27
47 16 20 29 2 22 22 28 14 17 25 30 8 29 1 19 19 27 8 18 2 16 20 30 5 15 6 21 15 24 5 23 13 26
48 16 1 28 6 19 2 24 16 17 1 29 21 28 2 20 4 27 4 26 9 30 17 23 23 30 1 25 1 15 9 22 18 20
45 16 19 23 15 30 2 27 22 25 1 24 14 21 14 26 23 27 15 20 23 25 22 29 8 20 6 16 5 18 1 17 26 28
47 16 8 24 13 15 12 30 7 22 15 25 15 23 7 28 14 26 11 19 11 18 11 17 16 19 5 20 23 27 21 27 6 29
44 16 18 29 10 19 2 23 1 20 15 27 10 29 16 23 10 26 17 21 3 15 17 28 10 22 15 24 14 17 13 25 22 30
45 16 6 22 4 21 7 29 11 16 1 30 5 19 10 20 11 28 13 26 15 23 15 30 17 30 20 27 21 24 22 25 18 21
44 16 12 15 8 21 22 28 8 27 17 24 17 20 16 28 16 23 1 30 15 28 14 29 14 24 11 18 11 26 20 25 19 30
47 16 1 30 26 30 3 23 3 19 1 27 1 28 11 15 15 17 15 20 17 18 2 16 3 21 8 22 1 25 13 24 5 29
47 16 3 15 6 25 28 29 22 29 5 26 5 22 3 18 9 16 20 30 21 23 27 28 28 30 17 19 16 21 7 19 5 24
38 16 10 20 12 25 28 30 3 24 2 27 14 22 12 21 15 21 13 23 2 29 2 19 16 25 12 30 4 17 4 18 1 26
50 16 12 20 14 16 1 18 12 25 1 21 8 23 21 22 20 24 8 19 11 29 15 25 18 30 11 26 7 28 6 17 8 27
46 16 10 20 12 23 17 29 21 23 15 23 5 25 6 26 8 29 1 28 1 27 9 16 7 24 4 22 18 19 18 20 16 30
47 16 18 24 14 28 3 22 10 24 8 30 1 27 15 21 14 26 10 16 10 21 12 25 12 17 7 29 7 20 6 23 8 19
44 16 1 24 26 27 11 22 4 26 12 30 10 19 9 15 5 29 4 16 3 20 28 30 25 26 21 30 18 28 17 30 9 23
46 16 13 29 4 19 11 25 8 17 9 16 1 28 6 20 7 15 7 18 12 30 15 23 20 27 21 22 13 26 17 24 18 21
49 16 1 15 3 27 22 23 13 18 21 23 11 26 3 16 3 23 23 30 7 17 24 25 26 28 20 27 8 24 19 28 13 29
47 16 16 19 18 26 18 29 12 19 17 27 1 30 15 30 15 22 15 21 9 23 4 20 4 29 25 27 22 25 9 24 28 29
49 16 9 21 22 28 1 22 21 27 8 25 20 24 2 17 19 24 19 22 4 18 4 29 9 16 15 21 15 30 13 23 7 26
45 16 14 27 7 28 1 15 3 17 10 26 17 25 17 19 17 18 16 29 11 23 8 21 13 30 10 22 20 22 10 16 5 24
45 16 5 25 1 27 7 17 20 24 7 23 15 18 16 20 16 23 20 22 17 28 18 30 18 26 4 21 18 21 14 29 12 19
39 16 5 30 22 28 6 15 18 21 15 16 10 22 2 20 21 24 19 27 4 24 4 29 18 25 20 23 20 26 17 24 15 27
45 16 15 16 16 28 3 21 26 28 10 18 21 29 16 17 11 16 3 27 20 23 19 26 13 25 24 25 23 30 1 23 11 22
42 16 16 19 2 30 22 26 23 25 2 24 1 16 9 21 14 20 9 23 17 30 8 28 15 26 2 29 21 27 18 26 10 15
49 17 7 24 22 23 2 17 17 30 1 21 16 23 15 30 8 26 15 22 14 22 10 20 13 28 13 19 10 25 11 29 18 20 18 27
50 17 13 28 19 28 10 26 17 25 16 26 16 24 16 18 3 14 12 25 3 23 11 29 11 22 4 20 8 21 12 15 23 27 8 30
47 17 16 29 5 14 14 20 17 20 18 27 9 21 8 23 8 29 12 26 12 22 12 19 7 28 6 25 18 23 13 15 6 24 6 30
50 17 4 27 15 25 8 24 7 23 16 28 17 20 17 27 5 16 4 22 4 19 20 21 15 23 14 16 15 18 15 29 25 26 20 30
46 17 9 18 22 23 6 25 23 25 3 14 7 19 14 30 15 30 21 22 16 21 21 26 6 28 4 20 4 29 17 26 18 27 24 30
46 17 8 30 6 17 2 14 7 22 3 26 7 25 3 20 7 28 23 26 21 29 15 16 15 20 2 29 6 27 6 24 5 19 18 19
49 17 28 30 12 14 9 24 4 19 17 30 20 25 14 15 20 23 15 16 20 22 20 21 17 20 3 21 20 27 24 29 5 26 8 18
49 17 6 21 11 30 8 27 21 28 11 20 15 24 1 22 5 25 12 26 13 15 7 16 14 23 12 17 13 19 14 28 16 18 11 29
49 17 8 15 18 25 17 23 8 17 1 28 7 19 5 16 4 30 4 27 3 25 8 29 14 17 16 21 17 24 20 29 1 26 19 22
52 17 8 15 12 23 19 23 1 24 17 18 16 27 15 28 15 26 14 27 14 25 3 21 29 30 4 16 7 18 1 30 10 20 11 22
45 17 17 24 14 19 3 25 3 14 10 28 4 29 1 15 17 23 16 29 10 27 2 22 23 28 6 21 17 20 6 26 23 30 8 18
47 17 23 24 9 15 5 30 13 27 19 27 20 28 20 23 19 29 19 28 2 26 7 14 19 21 14 25 17 24 5 18 22 27 9 16
50 17 5 16 12 19 8 27 9 20 9 22 9 25 13 28 14 20 14 30 4 15 4 18 4 21 4 29 17 29 21 26 24 26 13 23
47 17 1 27 3 17 7 30 26 30 19 29 16 28 5 25 5 24 5 21 5 16 16 20 2 15 6 29 16 18 7 22 13 14 7 23
48 17 7 20 1 23 7 27 6 29 16 18 1 17 4 19 1 21 22 26 17 30 18 20 21 25 10 22 20 24 14 22 16 28 7 15
48 17 10 23 12 14 10 16 5 28 5 26 11 29 18 24 11 24 2 17 18 30 15 22 15 18 14 27 14 19 20 28 21 26 21 25
48 17 6 23 7 18 4 22 9 17 1 20 2 15 11 26 11 21 10 28 10 16 9 29 12 19 7 30 14 26 24 28 20 25 24 27
45 17 1 21 5 25 1 23 9 24 5 19 9 15 18 26 22 29 13 30 1 29 3 16 2 26 15 20 14 24 24 28 17 26 4 27
51 17 19 25 15 29 9 26 9 29 1 27 4 30 4 24 12 14 15 19 3 16 3 18 17 29 19 28 12 22 6 23 21 25 20 28
45 17 28 30 27 30 11 21 2 28 14 22 24 29 14 25 1 23 13 24 21 22 2 20 19 30 3 17 10 26 18 21 15 27 4 16
49 17 28 29 6 25 9 22 17 23 7 19 5 24 17 20 8 18 3 28 7 20 6 15 14 25 14 16 10 21 27 28 11 30 26 30
42 17 15 18 20 24 9 24 12 21 17 19 23 28 26 27 11 25 9 19 9 18 2 27 8 14 6 29 9 30 13 23 22 28 16 26
44 17 6 28 4 20 3 26 6 19 25 26 6 21 22 26 10 18 14 21 20 23 17 28 5 15 6 30 7 24 14 16 25 29 8 27
46 17 6 25 5 28 26 29 8 16 8 29 24 27 3 14 1 23 14 15 8 18 20 25 13 22 4 17 5 30 24 30 21 23 19 30
51 17 1 24 14 30 5 25 21 25 4 14 1 29 20 23 20 22 18 20 17 25 5 18 12 15 8 28 23 26 5 27 9 16 2 19
48 17 17 23 10 28 23 27 2 26 18 21 8 16 8 17 17 21 8 19 11 15 12 29 6 22 24 30 5 20 24 25 23 30 1 14
49 17 11 30 21 27 6 25 16 24 1 18 22 25 22 23 21 30 21 28 19 25 17 29 16 27 5 17 14 15 14 18 26 30 13 20
50 17 16 20 7 25 6 21 3 22 3 20 16 27 13 28 2 30 11 23 11 17 9 24 29 30 1 15 18 28 20 26 9 14 19 20
48 17 7 17 2 22 1 24 12 18 2 21 28 30 14 22 3 19 3 26 13 25 3 30 12 23 4 15 7 29 20 22 16 24 22 27
47 17 1 19 19 21 2 28 15 29 9 16 1 30 23 25 6 29 8 23 17 23 2 18 19 26 7 14 24 26 13 20 4 22 27 29
47 17 21 24 4 19 12 17 11 21 10 28 16 20 2 30 3 15 20 25 9 22 17 25 15 29 15 26 6 23 14 24 2 18 8 27
50 17 4 30 7 24 10 17 21 30 10 28 4 22 18 26 9 23 16 23 7 27 14 17 14 19 20 23 15 18 11 26 25 28 10 29
48 17 16 21 2 16 7 22 7 29 24 29 14 16 17 30 6 20 17 20 15 28 10 15 14 27 13 26 11 23 7 25 7 19 13 18
47 17 8 27 4 24 2 14 28 30 12 21 14 16 7 17 4 20 8 22 10 18 2 23 10 28 10 25 20 26 15 21 1 19 6 29
51 17 7 25 4 24 3 18 9 15 1 19 1 22 14 23 14 20 13 28 12 20 12 26 8 16 4 21 17 23 7 27 24 29 14 30
48 17 10 16 6 23 13 17 5 18 1 27 1 28 15 21 15 19 14 20 14 19 12 30 12 24 9 19 21 26 25 27 9 22 7 29
52 17 16 26 14 18 17 24 2 28 11 23 5 14 10 30 5 26 20 29 14 19 8 25 18 27 6 22 3 24 25 29 15 19 7 21
50 17 21 26 8 30 3 29 9 21 22 24 21 24 21 23 15 22 3 27 15 25 19 29 6 18 6 16 17 24 11 28 7 14 14 20
49 17 8 18 22 27 15 23 12 23 12 21 4 19 12 29 13 28 2 20 16 19 12 22 11 25 11 24 17 21 17 30 26 28 8 14
50 17 7 30 16 21 7 17 4 26 5 23 6 14 1 19 2 18 2 20 15 30 16 17 12 22 10 24 27 29 6 25 27 30 23 28
46 17 4 20 9 23 7 19 5 18 3 14 13 15 8 21 16 26 16 25 16 20 13 30 14 28 21 22 24 26 23 27 26 29 9 17
48 17 16 18 7 18 17 26 15 19 20 29 8 24 20 24 15 18 17 19 14 16 21 29 21 30 22 27 11 25 5 22 26 28 23 29
43 17 11 17 22 28 19 23 19 20 12 14 7 28 23 29 7 21 1 26 9 18 3 29 4 24 18 25 15 29 14 30 7 16 27 28
50 17 1 27 7 30 8 23 17 24 15 30 15 28 14 29 11 19 8 22 8 20 8 16 4 18 4 26 7 25 6 21 14 20 17 29
49 17 9 14 17 18 16 17 10 17 1 21 15 26 15 23 14 24 3 26 2 28 4 29 10 25 3 19 10 30 27 29 22 28 7 20
48 17 1 24 7 21 17 25 20 22 13 30 11 22 8 16 9 28 11 14 9 25 3 23 13 15 17 27 18 19 6 29 26 28 11 19
47 17 11 23 21 23 14 21 25 27 27 30 15 17 1 16 16 28 1 25 15 24 15 18 2 24 13 20 9 22 9 29 6 19 6 26
48 17 14 23 28 30 14 16 10 28 10 25 4 24 9 26 3 17 5 15 12 20 2 19 13 23 15 29 22 30 21 22 20 27 16 18
44 17 6 19 9 20 3 23 10 16 12 28 6 24 22 28 17 27 17 24 18 20 7 15 3 29 12 14 21 23 5 30 19 26 25 28
49 17 7 21 3 18 12 26 20 27 20 26 18 28 2 14 16 22 16 18 15 21 3 19 13 24 10 30 8 29 7 23 17 26 25 28
56 18 4 24 16 28 17 18 8 16 2 22 10 21 9 26 14 18 8 30 8 20 17 21 21 29 5 27 10 25 5 13 9 19 9 15 23 27
52 18 19 20 18 29 1 15 1 27 17 22 3 26 8 16 22 26 3 21 7 24 21 23 18 30 6 25 18 23 6 20 10 28 14 30 12 13
49 18 19 29 12 21 24 29 5 13 13 22 22 27 5 18 18 29 7 25 16 26 15 28 9 16 10 15 9 17 12 20 22 23 7 14 9 30
51 18 4 29 9 28 13 26 2 25 4 13 8 23 5 22 6 20 5 27 15 25 18 30 1 19 8 16 7 30 17 21 17 23 14 29 11 24
50 18 15 18 14 20 9 21 10 24 1 27 1 29 15 20 2 18 2 26 12 25 12 22 12 16 2 23 4 13 7 30 14 28 19 30 17 30
50 18 13 30 14 15 3 30 12 14 18 29 1 26 12 21 11 23 4 29 15 27 15 24 3 20 4 19 9 17 16 19 22 23 28 30 11 25
51 18 14 23 6 26 16 21 19 22 4 18 8 28 9 21 14 28 12 17 3 25 17 19 3 30 11 27 3 15 13 30 24 30 6 29 20 23
52 18 10 14 14 16 3 24 20 29 7 22 13 23 1 18 1 19 15 21 9 25 16 21 12 23 26 30 22 28 20 21 9 26 7 17 8 27
51 18 1 13 6 24 2 22 3 14 18 27 18 21 21 25 11 20 10 26 19 21 6 19 10 30 4 28 15 27 6 16 17 19 12 23 12 29
47 18 20 21 6 26 17 19 19 29 14 26 11 21 6 18 15 18 22 26 9 29 14 30 1 16 24 27 22 23 13 23 7 24 25 26 15 28
51 18 15 26 4 24 21 27 5 26 13 20 17 21 16 25 14 23 2 28 13 29 10 14 12 25 25 30 19 28 18 23 27 30 10 29 11 22
53 18 17 26 8 22 13 15 21 29 8 30 3 13 13 18 23 25 13 21 19 22 7 24 3 20 15 23 24 28 24 26 9 14 5 27 16 17
51 18 10 30 17 22 6 21 9 26 12 16 7 17 8 14 12 28 21 25 20 27 19 30 19 29 19 27 19 23 18 22 10 15 24 29 11 13
51 18 20 28 22 24 15 22 7 30 18 30 13 14 15 18 21 25 7 29 21 26 7 27 17 19 14 24 20 27 2 23 20 26 19 29 16 23
49 18 11 18 29 30 22 23 22 29 25 27 15 18 9 19 3 28 8 29 8 27 8 26 21 22 20 24 20 30 14 28 12 17 13 20 16 20
48 18 9 13 7 14 10 17 10 24 16 22 2 28 23 30 10 29 7 20 4 30 22 29 21 29 2 25 20 26 19 28 27 29 8 15 17 18
55 18 3 26 10 30 25 26 14 29 10 16 4 20 4 17 13 14 8 15 7 18 18 27 18 24 11 14 2 22 5 28 7 19 6 23 12 21
50 18 13 14 9 20 13 22 13 30 15 25 11 16 2 28 4 22 6 25 7 17 21 28 24 30 23 29 14 29 15 26 18 26 19 29 11 27
52 18 3 25 1 18 22 25 18 19 10 20 18 26 18 24 1 15 5 29 8 28 14 21 17 24 5 16 3 21 7 27 19 23 8 30 1 13
51 18 22 30 2 25 20 28 1 14 11 17 14 28 1 26 1 29 16 23 12 24 13 22 21 25 2 19 7 16 2 27 9 13 3 15 9 18
56 18 5 17 13 22 3 29 1 14 1 16 15 22 22 30 18 29 20 27 15 29 27 29 24 29 10 25 4 28 16 23 6 21 18 19 10 26
52 18 28 30 2 29 21 23 17 30 10 21 7 18 7 19 16 17 7 27 15 27 15 20 8 30 13 25 25 26 6 13 21 22 6 24 14 28
51 18 8 22 21 22 4 13 14 26 17 27 7 24 12 23 19 23 18 22 6 15 17 26 17 21 8 30 21 28 10 20 18 25 13 16 11 29
52 18 14 26 9 14 6 18 19 25 6 23 1 20 6 16 15 18 13 27 14 17 2 27 3 28 18 21 17 25 23 29 7 22 7 30 6 24
46 18 13 19 15 16 12 30 14 20 12 19 16 25 10 25 5 24 13 20 12 29 4 27 17 28 28 30 26 29 23 28 18 22 17 22 17 21
54 18 15 18 7 21 21 28 22 26 22 25 6 20 9 29 9 26 2 14 19 23 9 15 7 13 14 30 10 23 10 27 17 23 15 24 16 26
50 18 9 19 9 24 3 30 14 21 2 22 10 23 13 15 6 27 2 15 2 17 16 20 6 16 3 18 13 25 18 29 14 24 26 28 8 28
49 18 28 29 3 26 4 24 7 13 8 19 17 22 15 22 21 30 2 15 2 25 2 27 23 28 4 30 6 20 8 16 11 28 7 18 6 14
49 18 16 17 16 23 15 20 1 22 22 27 8 23 14 29 14 27 13 16 12 15 11 30 2 25 11 28 8 24 21 28 19 23 18 26 6 26
49 18 17 25 16 23 10 24 26 27 11 30 1 29 13 27 3 23 15 29 14 24 8 25 13 17 3 22 10 20 6 28 7 18 9 19 6 21
49 18 18 30 18 20 19 30 21 23 25 27 12 29 3 24 12 26 7 17 16 28 3 28 11 27 16 18 2 21 15 21 13 29 14 15 22 26
49 18 10 25 11 15 24 29 8 18 20 21 9 16 14 19 11 13 3 21 13 22 9 24 14 27 1 30 28 29 9 17 5 26 6 14 23 24
48 18 4 26 11 18 6 17 25 30 7 15 13 28 1 30 21 25 2 24 3 20 3 23 17 19 14 20 27 29 13 16 9 16 9 22 10 27
51 18 13 19 15 22 24 28 7 23 14 30 13 26 2 22 15 28 12 14 17 27 11 21 19 20 10 13 2 16 20 25 21 29 26 27 7 18
44 18 7 15 9 13 12 17 14 19 11 25 6 23 18 30 7 24 16 18 10 28 2 27 2 26 2 20 2 18 9 22 3 14 7 21 24 29
51 18 11 16 11 18 6 28 21 23 14 16 3 27 1 26 20 27 21 27 19 29 3 19 14 17 7 15 5 22 24 29 15 30 11 25 8 13
56 18 17 30 12 16 14 24 16 26 8 20 8 22 14 16 2 19 13 20 16 28 12 25 11 15 11 18 7 30 6 27 8 23 7 21 8 29
53 18 3 30 6 29 13 18 3 13 16 28 14 15 13 16 13 17 17 25 1 20 19 27 19 24 2 21 18 24 18 23 26 28 15 26 10 22
50 18 4 22 4 30 7 19 14 16 2 25 20 26 13 16 7 14 19 27 19 21 18 21 3 15 12 17 24 28 23 25 9 28 9 26 10 29
50 18 11 20 20 24 16 17 9 17 1 14 16 26 1 13 1 22 16 18 15 30 15 25 12 30 11 23 21 26 20 29 19 26 26 28 7 27
46 18 1 23 26 27 7 21 13 27 22 25 8 28 11 17 13 29 15 17 13 17 13 18 14 28 16 17 10 19 7 24 6 30 21 25 20 27
55 18 3 20 8 13 11 21 2 28 5 23 7 17 7 24 9 19 9 22 6 14 16 22 16 25 18 24 26 28 26 29 15 16 6 30 11 27
55 18 13 14 7 16 9 18 19 27 9 13 15 24 1 29 3 30 15 16 11 23 12 20 9 21 2 26 22 25 24 25 6 19 10 17 7 28
51 18 7 18 5 22 7 25 3 27 4 15 2 14 2 17 2 24 14 28 13 18 12 19 11 16 28 30 9 26 9 21 6 23 20 25 8 29
50 18 21 30 8 30 13 28 17 26 16 28 4 28 5 23 18 26 17 19 4 25 16 26 29 30 14 24 14 16 22 26 26 27 7 20 15 25
51 18 5 22 15 16 15 30 11 30 2 17 14 23 5 13 1 28 13 29 2 18 5 27 11 25 3 20 24 30 22 23 21 22 20 26 12 19
45 18 17 20 8 14 24 29 6 21 8 29 13 14 19 23 19 21 13 16 16 26 13 28 8 15 21 25 6 30 19 20 18 25 22 29 5 27
50 18 6 30 1 18 11 17 4 29 2 16 16 24 4 14 4 13 1 25 17 23 15 25 10 26 13 22 11 27 3 20 25 28 21 26 19 22
48 18 8 28 5 18 12 29 2 30 6 23 10 25 1 19 17 30 8 16 3 22 6 15 3 27 18 24 13 17 14 19 23 26 17 21 15 20
46 18 1 25 8 23 12 17 9 21 9 22 8 26 3 16 12 19 12 15 14 23 9 30 16 20 13 26 8 28 27 29 23 29 18 27 22 24
56 19 18 29 5 30 6 19 4 26 14 24 14 21 13 22 12 27 12 26 21 23 9 25 9 24 22 23 4 15 17 22 16 30 7 28 17 29 20 27
49 19 11 25 5 15 13 20 17 27 17 24 6 14 14 28 19 24 14 21 19 23 14 17 7 29 2 12 13 27 11 30 6 22 16 25 16 18 25 26
55 19 8 26 2 22 22 25 3 24 17 29 8 16 12 23 8 23 15 24 3 19 1 20 13 16 9 18 13 29 27 30 2 21 6 30 22 28 14 30
51 19 6 26 19 30 1 12 4 24 25 27 2 29 1 25 6 20 14 18 16 25 14 16 14 15 13 23 13 22 17 22 13 20 24 30 9 21 25 28
54 19 9 17 4 28 13 17 18 28 20 28 1 14 12 30 26 30 13 19 10 30 13 29 14 27 2 25 10 21 20 23 10 24 8 22 8 15 16 18
51 19 6 19 7 20 13 21 17 28 24 30 1 26 14 22 5 24 18 26 5 15 9 23 7 25 9 16 4 29 3 27 8 21 4 17 11 22 12 23
54 19 10 18 9 15 17 25 24 29 13 21 14 16 5 20 5 16 15 23 17 24 17 28 8 13 12 29 12 22 12 19 12 14 11 27 13 26 23 30
57 19 18 28 1 13 7 21 17 25 8 20 15 17 7 24 7 29 7 30 3 27 12 22 10 15 18 24 13 22 16 24 7 14 8 26 14 23 13 19
51 19 2 29 14 18 7 28 16 20 7 21 7 16 10 30 12 15 9 18 9 17 4 13 3 19 21 27 26 27 25 29 24 28 23 27 22 28 11 12
52 19 18 23 2 30 8 21 9 12 21 26 20 22 6 29 7 15 20 28 21 24 2 25 2 16 7 23 11 19 3 17 6 28 4 27 9 14 12 13
52 19 3 24 18 24 17 23 11 16 26 28 22 24 10 20 10 25 10 27 10 13 12 30 25 28 21 25 14 16 10 12 8 23 5 29 15 27 12 19
54 19 1 21 15 23 14 23 9 29 12 22 18 30 18 22 1 28 15 16 13 23 13 20 27 30 10 27 4 19 6 23 18 26 24 28 24 25 9 17
52 19 24 30 9 21 21 23 9 27 7 22 17 20 8 29 13 24 5 12 2 14 5 17 14 30 15 18 16 26 6 28 13 25 19 26 15 28 18 19
53 19 7 27 3 12 8 30 18 21 11 18 18 20 1 16 17 28 16 23 15 29 14 27 2 22 2 29 13 24 4 19 10 24 12 17 23 26 6 25
55 19 5 29 21 28 7 16 5 13 8 25 21 22 8 20 2 12 19 25 18 26 3 23 3 27 17 21 16 18 9 28 15 25 3 30 14 26 12 24
52 19 7 29 14 23 27 28 1 21 28 29 11 18 2 14 11 22 25 28 7 26 9 30 12 23 9 19 1 13 14 20 16 29 6 15 5 24 17 28
50 19 11 28 10 15 11 21 18 22 10 14 18 20 14 20 8 16 17 24 15 24 5 26 16 27 4 29 22 23 6 13 14 30 12 19 11 12 25 28
59 19 1 13 17 21 15 16 8 20 9 16 1 24 8 23 14 17 7 21 3 19 10 22 22 30 11 12 9 29 14 25 6 26 6 18 11 28 18 27
55 19 26 29 1 16 23 24 9 12 1 22 2 30 3 29 7 21 8 14 8 17 8 27 3 13 13 23 14 19 15 21 27 28 18 26 6 20 16 25
56 19 4 14 2 30 20 26 5 24 5 22 15 19 1 13 12 13 12 27 22 28 15 26 21 30 13 19 8 29 19 25 8 17 16 23 14 18 16 28
50 19 1 12 27 29 10 20 10 19 1 16 19 30 3 15 10 22 19 29 3 14 15 21 6 28 13 23 13 17 12 26 9 13 21 25 24 25 15 18
59 19 11 30 6 28 9 27 9 18 21 23 14 29 2 20 19 21 7 17 2 12 3 29 17 19 16 28 16 24 23 26 25 28 15 26 13 19 20 22
54 19 16 29 10 19 5 28 13 23 21 25 18 21 5 14 17 21 16 20 2 16 9 23 12 25 12 16 11 15 29 30 20 27 21 26 20 22 24 30
59 19 3 29 5 30 7 22 1 14 5 25 7 18 1 21 10 17 19 28 19 22 19 20 2 12 16 30 27 29 10 15 11 23 5 26 13 14 1 24
52 19 13 18 20 29 7 29 25 29 10 30 13 26 14 16 2 22 10 28 16 29 4 23 18 30 19 25 7 15 12 13 27 29 5 24 21 30 12 17
53 19 8 19 25 27 12 27 7 14 10 29 4 25 15 17 11 15 1 23 7 26 2 20 18 27 22 24 21 28 9 21 16 24 7 13 22 25 12 30
47 19 13 27 2 21 26 27 13 21 6 29 9 22 9 24 4 25 13 28 3 18 4 12 14 15 14 17 14 30 2 19 15 26 2 23 16 19 10 20
50 19 17 28 11 17 7 19 8 27 23 29 20 28 2 15 1 18 16 25 15 30 15 29 15 25 13 19 12 26 9 21 6 12 5 14 20 24 6 22
49 19 13 23 14 20 20 21 16 23 8 18 14 28 14 24 14 26 3 28 3 22 12 29 14 23 2 19 15 18 8 12 10 30 1 25 17 25 21 27
50 19 9 17 2 19 5 24 2 30 8 27 15 21 16 19 14 25 2 26 14 30 4 29 15 19 4 28 2 20 13 15 6 12 20 23 18 25 19 22
49 19 17 29 10 20 10 14 10 27 9 17 3 12 14 25 7 21 3 19 6 26 22 25 19 28 4 23 16 23 4 13 15 20 28 30 12 24 9 18
55 19 16 19 15 30 15 18 4 18 12 30 2 21 15 17 21 23 13 23 19 30 1 27 18 26 1 25 3 28 3 24 4 14 5 20 4 29 21 22
50 19 5 24 16 26 4 25 19 26 12 19 20 26 2 23 29 30 1 18 16 18 15 24 12 28 12 21 11 22 3 29 6 14 23 27 6 13 5 17
52 19 5 28 26 29 18 26 18 30 6 26 7 23 16 28 16 27 16 21 4 19 15 25 15 21 17 21 14 20 13 26 3 14 24 27 18 22 12 18
50 19 2 13 2 19 3 28 10 20 25 30 11 30 11 27 1 29 14 21 7 17 21 22 6 26 20 23 15 25 16 19 17 21 10 18 11 12 8 24
56 19 1 13 4 17 14 20 12 20 3 23 12 27 13 14 9 15 12 18 14 21 18 29 13 16 6 26 9 22 19 25 24 26 9 19 5 30 10 28
53 19 2 27 5 13 3 23 2 29 9 28 5 19 12 22 1 22 1 24 20 26 5 20 17 30 15 22 8 25 7 30 14 26 10 18 15 21 5 16
53 19 10 17 8 21 12 30 14 25 2 14 10 12 2 26 5 20 4 28 13 17 13 27 4 29 14 22 14 23 10 16 11 24 2 18 19 28 11 15
58 19 13 21 1 13 14 26 6 12 7 19 5 25 14 27 19 24 22 24 16 22 26 28 23 24 9 15 13 26 11 17 14 30 10 20 9 29 13 18
48 19 17 28 11 20 13 24 13 26 13 28 11 27 8 26 21 22 6 25 8 22 9 29 19 28 8 14 12 28 15 25 18 24 17 30 16 17 5 23
56 19 22 24 3 26 3 20 19 30 5 12 11 28 14 18 3 23 19 20 4 27 17 29 17 22 5 13 8 21 22 23 4 25 7 14 9 16 10 15
58 19 24 27 20 27 5 24 6 28 11 19 5 13 4 12 5 23 17 28 18 20 20 25 3 15 9 26 26 29 14 30 5 22 5 21 14 25 6 16
50 19 16 25 17 27 18 24 3 28 7 19 1 22 14 15 29 30 1 29 7 23 15 25 2 12 2 14 17 24 17 20 4 24 13 15 13 21 14 26
53 19 16 18 25 28 3 27 3 16 6 26 2 25 11 23 22 24 13 27 21 30 17 20 14 26 6 22 17 25 3 19 18 30 10 15 10 12 18 29
57 19 17 27 20 22 8 27 16 24 1 19 18 27 13 19 4 12 16 27 13 23 1 20 4 30 7 29 21 22 14 21 12 28 6 25 4 26 10 15
54 19 15 22 2 28 12 18 16 21 1 16 1 22 1 23 14 25 14 23 13 24 11 30 7 13 3 19 3 20 9 27 9 18 16 29 17 30 19 26
55 19 6 26 1 12 9 29 9 23 13 24 13 26 2 15 13 27 8 18 20 23 20 21 14 24 4 17 17 28 17 22 11 25 16 21 19 20 9 30
56 19 3 21 12 29 4 27 17 19 9 19 16 22 16 20 15 26 15 17 13 30 12 30 12 23 12 20 12 19 7 24 25 27 18 20 8 14 28 30
52 19 8 23 13 28 15 18 15 19 19 27 14 23 11 22 2 26 13 16 13 21 13 30 12 25 11 19 8 17 8 12 5 21 29 30 7 20 17 24
55 19 18 20 13 16 13 22 6 24 1 29 12 15 11 14 8 23 22 23 21 22 2 30 6 27 19 28 3 28 14 20 26 30 6 17 5 15 16 25
60 20 2 20 9 29 11 24 21 29 16 23 15 24 9 24 1 30 14 24 4 17 10 16 13 18 12 20 22 24 18 21 22 28 10 27 11 25 11 19 8 26
56 20 14 19 16 21 6 16 14 22 3 18 18 23 8 15 15 29 1 25 1 24 16 27 8 13 9 20 12 26 9 28 4 19 3 26 3 30 1 11 14 17
61 20 3 16 10 20 22 25 13 22 12 28 11 28 11 23 11 19 20 27 10 22 9 29 9 18 18 23 8 17 15 27 28 30 16 24 21 27 17 26 14 15
56 20 5 22 10 18 12 29 8 26 20 23 5 16 5 15 16 30 19 30 2 28 2 14 20 27 21 28 27 29 15 24 14 29 12 25 11 15 10 17 1 13
58 20 3 27 13 23 7 16 3 20 8 30 1 15 15 26 1 19 1 22 16 17 14 29 10 21 2 12 11 30 17 23 7 24 4 14 25 26 28 30 18 24
61 20 13 27 18 29 25 29 5 14 1 26 2 16 20 22 3 21 17 23 4 22 4 30 2 12 5 29 8 11 13 26 13 23 26 28 15 28 7 24 8 19
56 20 18 27 7 14 1 15 11 29 8 23 24 25 18 20 3 29 22 30 8 28 6 30 8 18 8 17 7 26 16 20 20 25 12 15 19 21 5 21 11 13
58 20 1 22 9 25 25 30 4 23 6 13 20 30 19 30 19 24 18 30 3 14 3 27 5 15 16 20 13 28 9 11 9 12 11 29 21 26 24 26 14 17
56 20 20 27 26 28 15 30 4 13 20 25 16 20 22 24 11 17 1 29 6 17 2 20 14 15 10 21 5 15 4 26 12 13 24 28 17 19 17 18 10 23
55 20 13 14 18 28 23 28 11 23 9 27 9 20 9 17 15 17 12 29 12 28 12 17 2 24 2 25 12 14 8 30 5 16 6 22 26 28 20 21 15 19
58 20 21 29 3 23 13 14 9 26 9 22 21 28 13 24 13 25 5 11 15 24 8 21 8 19 3 17 2 30 15 19 20 21 11 27 12 30 11 16 13 18
60 20 7 18 11 23 8 13 6 24 1 16 1 19 6 27 21 28 21 26 21 24 1 29 15 21 8 17 20 29 2 12 12 23 24 25 7 14 13 30 16 22
57 20 19 20 3 26 16 23 7 16 10 17 7 12 2 24 2 20 15 23 18 29 21 26 21 29 18 28 15 30 5 27 5 13 16 25 6 11 10 14 5 22
59 20 10 16 10 14 11 19 11 20 10 30 9 13 8 18 8 11 4 28 4 22 3 24 3 15 15 26 26 29 25 29 21 26 10 12 12 17 11 23 11 27
55 20 27 28 1 26 5 25 6 29 23 27 16 26 19 28 7 27 3 12 3 18 24 28 23 30 6 14 6 17 6 21 7 11 8 22 13 17 15 18 7 20
56 20 10 12 5 15 5 29 14 28 16 18 3 27 15 16 5 17 2 11 2 25 13 17 12 14 9 24 8 30 22 26 20 28 16 26 20 23 19 29 21 25
58 20 9 20 14 23 7 18 24 26 6 23 19 20 18 28 21 30 9 11 8 25 17 19 8 21 6 16 19 29 12 25 10 27 10 24 15 19 6 22 11 13
62 20 11 27 12 17 9 16 22 30 1 24 13 28 13 30 8 21 8 13 8 25 3 19 3 20 7 12 19 27 18 28 17 29 12 15 12 14 16 26 14 23
62 20 1 17 20 30 18 25 7 29 14 28 7 28 7 27 11 28 13 25 13 22 2 22 1 21 6 23 13 19 24 27 12 28 8 20 9 16 7 26 15 18
59 20 8 22 19 30 4 12 6 16 5 30 8 18 8 14 6 17 6 11 5 23 2 21 11 25 11 26 15 24 17 29 21 27 28 30 12 15 10 20 10 13
61 20 19 29 22 27 15 30 6 12 20 26 20 24 18 19 3 18 4 11 15 22 15 20 5 27 28 30 14 17 7 13 8 14 14 21 6 25 9 23 11 16
57 20 14 25 11 25 23 26 12 24 5 21 19 27 1 23 4 19 20 21 8 28 11 12 7 24 16 20 2 15 9 17 13 22 12 18 8 29 7 30 15 22
54 20 8 19 5 21 13 17 11 16 19 27 3 12 7 17 1 24 8 14 1 26 14 15 1 28 13 25 2 18 12 30 11 19 6 23 8 29 20 28 22 29
59 20 7 11 16 23 11 24 1 19 1 22 13 30 13 29 13 25 13 22 2 26 12 15 3 12 11 17 8 18 5 23 6 20 17 28 23 27 4 14 8 21
58 20 16 27 10 30 15 26 10 19 5 20 21 22 7 22 1 11 1 13 1 15 13 17 1 23 18 26 1 29 5 14 16 21 11 28 12 21 15 24 15 25
55 20 5 23 10 26 4 24 14 18 1 25 7 16 5 18 18 20 18 27 4 21 5 28 19 24 17 23 10 12 15 29 15 22 14 29 13 24 28 30 11 25
60 20 2 24 5 30 3 26 6 22 13 29 18 24 8 17 8 19 16 19 10 14 5 23 13 18 12 25 11 21 12 14 4 20 10 21 10 28 9 27 12 15
61 20 4 13 20 30 2 26 21 23 1 27 20 26 20 22 19 30 6 23 2 14 6 16 14 15 5 29 3 11 5 17 16 24 12 13 5 18 14 28 15 25
60 20 9 16 10 20 18 30 18 29 7 13 4 25 3 24 10 17 4 18 7 23 9 11 1 27 10 21 11 19 14 30 9 15 17 26 4 28 9 12 7 22
58 20 22 25 10 18 10 20 2 28 16 17 1 14 1 17 17 26 21 25 13 30 4 11 4 19 15 18 14 24 14 27 3 21 10 13 22 29 10 12 16 23
54 20 13 20 4 16 25 30 9 28 22 27 5 21 11 24 28 30 19 25 18 25 15 30 13 29 13 19 4 11 23 28 11 22 12 27 21 26 9 14 17 28
58 20 9 14 5 13 2 16 26 30 2 11 12 27 9 23 12 25 16 26 17 21 23 28 8 21 12 23 13 15 15 24 5 22 5 29 14 18 12 20 13 19
57 20 13 23 3 27 12 19 3 15 16 30 2 12 15 25 2 11 2 17 13 16 12 26 3 22 11 30 8 24 5 18 5 21 22 28 22 29 20 28 9 14
57 20 9 24 8 16 12 23 7 22 7 18 6 29 11 17 10 30 10 20 11 30 5 25 3 28 2 12 12 19 21 22 25 26 9 27 15 30 8 14 13 28
57 20 1 23 8 27 5 18 10 22 4 17 16 20 15 17 14 19 13 18 3 11 3 16 12 17 11 24 9 21 6 30 19 25 19 30 20 28 26 30 25 29
57 20 7 13 17 27 10 25 8 22 12 15 7 18 1 21 6 26 2 11 6 24 12 13 19 24 12 20 14 30 13 23 14 27 8 14 15 16 22 28 11 29
59 20 16 24 16 17 2 14 6 20 3 25 1 24 9 13 10 11 3 19 21 30 3 12 20 29 15 30 24 28 18 19 18 22 26 28 5 15 10 27 10 23
58 20 4 12 4 27 18 20 2 21 7 13 21 25 21 22 1 19 1 20 19 24 5 30 6 29 17 21 16 26 14 28 4 15 14 29 11 12 4 16 12 23
57 20 7 21 2 24 7 19 15 28 4 11 6 22 5 18 4 20 8 27 2 28 1 26 7 29 8 12 13 18 14 25 15 23 15 25 16 18 17 30 5 30
56 20 17 25 19 28 20 27 15 26 8 13 5 19 2 20 2 24 9 15 17 20 14 25 7 16 13 29 3 23 12 28 22 23 21 28 11 28 11 30 18 29
62 20 5 12 7 29 7 28 7 26 7 20 7 15 6 14 9 22 4 25 3 30 13 30 23 28 19 29 18 22 17 26 17 21 16 26 11 20 12 27 12 24
57 20 8 20 15 20 19 30 17 18 1 25 16 18 15 18 2 26 12 27 12 19 12 16 11 24 9 21 7 14 5 22 5 29 19 28 11 17 23 26 7 13
54 20 20 30 6 28 5 30 7 11 1 18 16 22 11 21 17 20 19 29 22 23 20 23 4 14 3 13 16 25 7 26 3 12 26 29 15 19 6 24 25 27
56 20 8 15 7 12 27 29 15 19 10 20 10 22 6 11 1 16 7 23 20 30 3 17 7 28 15 25 16 21 8 24 8 13 18 27 14 17 16 29 24 26
60 20 9 26 14 23 1 12 1 29 8 20 22 29 1 30 14 21 19 21 15 26 3 25 18 25 16 22 17 22 24 29 13 25 2 23 11 28 10 11 10 27
50 20 12 15 1 17 19 28 11 13 8 14 18 23 17 20 9 15 13 14 5 28 14 25 18 29 8 26 8 16 9 27 9 18 6 30 16 21 22 28 13 24
60 20 17 19 2 17 8 27 17 29 1 13 17 24 11 16 11 25 10 18 11 29 18 21 15 24 8 28 13 23 12 22 3 26 22 29 20 27 14 22 15 30
56 20 21 22 14 27 6 15 7 22 17 20 17 25 11 16 18 19 16 26 2 17 16 22 15 27 5 18 8 12 8 13 10 28 28 29 25 30 24 30 13 23
58 20 6 11 2 25 9 27 8 17 5 12 18 22 4 26 4 19 16 24 19 20 1 22 29 30 6 24 14 18 9 28 11 15 1 30 23 26 3 21 10 13
61 20 14 30 5 26 3 16 13 25 13 28 14 17 14 28 6 22 2 27 19 23 18 29 7 17 5 29 16 19 5 15 2 11 12 18 11 20 11 24 21 26
62 21 16 26 19 27 3 16 12 27 17 22 1 25 1 28 16 20 14 26 2 17 14 18 2 27 6 11 3 21 6 13 6 15 23 25 28 29 10 22 22 24 21 30
57 21 11 17 15 30 13 27 3 30 10 22 14 21 3 10 14 16 12 22 10 21 9 26 9 24 9 23 9 13 3 20 7 17 3 29 6 28 17 19 11 25 7 18
62 21 15 26 21 25 6 10 1 20 9 23 1 28 9 11 2 15 13 26 14 18 7 14 14 29 17 28 3 12 16 22 3 24 3 30 4 21 2 22 5 27 11 19
60 21 23 28 19 28 3 19 7 25 14 17 14 29 21 30 9 15 21 28 2 11 21 24 11 29 7 13 3 22 16 23 17 20 4 18 5 10 12 30 9 27 12 26
58 21 4 21 18 27 6 23 4 19 12 16 13 29 15 21 18 25 18 20 12 24 13 17 10 13 9 14 9 17 2 18 14 26 22 24 3 24 11 28 11 16 6 30
59 21 1 10 26 27 6 24 4 15 4 25 8 13 10 18 7 21 6 29 6 12 5 26 5 20 3 14 1 30 3 11 16 17 17 30 21 22 23 24 16 19 22 28
64 21 20 29 10 22 3 25 1 23 9 18 5 21 1 12 1 22 11 23 8 17 6 16 17 24 7 14 17 27 2 13 10 30 24 29 15 22 14 19 11 26 13 28
61 21 2 29 13 29 7 18 16 24 23 30 1 26 22 27 18 30 6 11 6 20 18 22 7 24 15 22 14 30 9 10 13 21 11 12 1 17 25 27 28 30 6 19
59 21 1 10 9 12 7 15 6 18 5 21 19 27 22 30 15 29 19 21 1 24 4 14 18 30 14 26 9 13 21 23 8 17 3 16 7 28 25 30 11 12 20 27
61 21 12 18 11 13 22 25 16 19 14 27 13 29 13 24 11 12 10 12 9 29 3 22 3 28 26 27 4 26 23 24 17 21 9 21 20 25 19 29 16 30 7 15
66 21 13 18 1 24 16 30 2 28 12 29 7 18 7 17 12 30 7 15 1 10 2 22 5 19 1 29 5 21 6 25 21 26 9 14 4 23 5 11 14 27 10 20
58 21 15 20 22 25 2 21 19 23 22 27 14 23 3 25 16 18 4 29 4 17 4 14 18 28 6 20 8 24 9 10 12 28 12 26 10 26 11 24 7 13 7 30
55 21 13 17 5 15 5 13 4 23 11 27 14 15 6 19 4 18 27 30 16 23 1 24 13 22 27 29 15 21 25 26 12 13 10 14 11 24 2 28 18 20 22 25
64 21 26 28 17 30 13 23 2 26 2 30 3 10 5 23 6 12 8 21 9 18 9 29 8 25 14 25 15 29 16 28 19 27 22 30 11 18 12 19 20 21 11 24
67 21 9 18 2 21 6 26 23 26 6 30 7 12 1 17 11 18 16 22 16 17 2 15 24 27 25 28 5 19 21 25 6 14 15 27 8 13 7 29 12 20 10 28
62 21 1 17 10 14 9 14 27 29 13 23 1 19 15 22 15 20 14 27 14 15 13 29 13 26 2 25 29 30 11 16 3 16 4 24 21 26 24 28 8 18 7 12
61 21 13 29 20 23 4 19 11 14 4 17 17 20 16 22 13 30 12 26 11 29 3 13 9 10 5 18 5 21 5 26 6 28 22 29 27 28 21 24 10 25 15 17
63 21 16 29 1 29 12 14 11 23 1 18 5 23 6 28 20 23 2 21 13 27 1 27 2 19 6 22 12 21 5 25 10 18 10 15 21 26 19 24 5 17 5 30
62 21 3 22 14 29 21 28 14 25 10 11 12 16 8 19 8 15 7 14 6 10 5 16 4 30 14 26 15 21 16 18 17 29 18 20 18 23 7 27 7 13 16 24
55 21 9 29 14 29 7 17 10 11 10 17 1 28 5 12 1 24 4 21 4 22 4 30 9 13 6 20 6 25 12 15 14 23 16 21 18 21 20 26 27 29 11 19
64 21 7 26 26 30 10 15 7 28 20 24 7 29 14 29 19 25 8 15 10 23 21 25 2 25 17 19 4 12 16 19 16 24 9 13 3 18 11 13 15 22 9 27
57 21 3 21 17 24 7 28 2 20 19 20 8 29 8 23 1 10 7 26 1 15 1 17 1 22 16 29 1 30 2 14 11 30 25 30 5 27 18 19 9 12 13 18
59 21 10 20 13 26 10 12 7 13 11 23 13 15 11 15 9 28 9 20 7 30 5 17 12 18 9 24 13 19 13 22 14 22 14 25 16 20 20 29 21 22 27 29
61 21 19 28 14 28 13 26 13 25 1 18 1 11 9 25 1 27 4 29 17 23 6 28 16 29 4 21 22 29 21 30 20 22 9 15 12 29 7 10 11 24 11 23
61 21 14 30 16 20 9 27 17 23 15 17 14 19 3 18 11 27 11 14 4 16 10 26 9 23 9 13 9 10 5 21 8 12 7 28 20 24 25 28 19 22 26 29
59 21 17 29 4 11 14 20 16 29 16 22 5 15 9 23 9 18 8 26 7 14 6 16 11 24 4 25 3 27 13 29 29 30 19 21 10 30 12 30 12 21 27 28
62 21 16 27 2 22 15 23 17 27 27 30 16 29 15 25 15 24 2 10 15 19 15 17 14 30 14 28 9 24 5 21 8 20 7 11 13 26 18 28 12 15 11 13
63 21 12 28 6 26 2 30 1 19 13 17 9 22 1 23 1 24 22 28 14 25 14 27 2 29 8 15 20 25 18 19 4 20 10 25 11 24 1 17 6 16 11 21
61 21 14 15 10 19 19 20 16 29 1 16 1 25 16 19 15 28 15 26 13 24 12 19 11 16 10 15 10 13 8 22 25 30 23 24 21 25 18 30 17 19 9 27
66 21 1 25 14 24 3 19 8 22 17 26 16 30 17 19 16 25 2 14 10 21 12 22 3 20 12 13 5 11 11 28 7 27 11 18 6 21 18 23 28 29 12 15
62 21 16 21 8 27 9 10 18 26 15 26 15 23 14 18 12 25 12 14 11 13 10 26 3 19 13 22 8 22 7 30 5 21 20 29 10 20 24 30 26 28 17 30
67 21 9 22 23 30 15 27 4 28 18 30 22 24 8 26 21 27 1 16 17 22 4 12 18 21 18 28 10 23 14 28 4 25 13 27 18 19 3 29 17 20 3 11
58 21 16 19 11 25 22 27 2 26 16 21 1 27 4 17 2 10 2 20 19 28 19 25 18 27 3 30 12 28 4 15 5 14 5 24 6 23 7 16 1 13 2 29
55 21 5 11 9 10 22 25 5 16 2 28 12 16 8 25 2 13 8 30 16 27 17 28 2 20 3 18 1 23 19 22 4 21 13 15 15 26 14 29 24 29 8 29
62 21 14 27 17 29 3 25 8 26 1 23 12 13 11 26 10 25 10 14 3 15 3 28 4 12 7 20 4 18 4 19 6 22 6 21 17 27 16 21 29 30 24 30
57 21 9 20 16 21 11 26 21 24 8 16 23 25 13 23 3 22 3 11 12 23 13 17 1 25 14 20 15 27 9 10 4 15 4 19 4 28 6 18 5 30 23 29
53 21 2 29 15 26 13 19 13 14 6 27 11 13 8 24 7 30 1 18 17 20 5 21 3 28 17 18 3 14 6 25 7 12 12 16 8 22 10 30 22 26 13 23
60 21 23 28 11 16 14 18 5 24 14 27 18 26 22 30 3 22 15 20 2 17 1 14 16 22 20 26 14 23 8 13 4 25 10 25 5 21 4 29 4 19 12 16
62 21 15 29 15 21 18 19 4 30 11 21 14 19 13 28 1 24 8 23 4 15 13 19 12 30 12 28 12 25 8 27 6 16 6 20 2 26 11 17 10 17 6 22
59 21 23 28 4 27 14 17 19 30 3 11 3 20 7 13 18 26 15 29 7 21 9 12 2 14 14 29 14 25 8 24 18 27 5 10 12 16 12 30 4 23 14 22
63 21 12 17 8 13 17 27 8 23 16 18 1 20 19 24 2 15 2 19 7 14 2 21 2 26 17 29 15 17 17 18 21 22 10 15 9 25 28 30 11 21 11 28
59 21 5 26 13 20 15 28 12 20 1 27 3 30 17 22 17 24 1 20 1 22 23 26 2 14 10 29 9 18 3 29 19 30 16 21 11 18 15 17 16 17 13 25
62 21 3 21 1 14 14 19 3 11 2 10 16 18 9 27 16 25 12 25 3 15 6 29 1 18 22 23 1 23 5 30 15 24 17 30 15 26 11 20 16 28 13 27
57 21 10 15 4 15 15 25 5 22 20 29 13 18 8 17 17 24 13 21 17 28 15 20 3 11 10 14 13 27 17 18 16 26 16 24 23 25 12 23 29 30 4 19
60 21 12 25 19 27 23 29 15 20 9 15 9 16 9 24 10 14 4 28 17 20 11 18 11 21 9 29 4 14 12 19 13 30 12 24 13 22 21 29 13 23 21 26
59 21 13 27 12 25 3 12 10 27 28 30 2 28 17 23 3 11 2 27 16 20 7 15 3 21 12 22 11 23 11 18 10 29 10 20 9 24 9 26 19 30 10 14
60 21 2 22 7 15 4 24 10 25 1 29 6 28 12 27 14 28 13 26 2 17 15 19 2 11 15 26 1 30 3 10 21 28 3 27 11 23 7 20 16 25 18 28
57 21 18 30 10 13 1 23 7 28 12 20 12 26 2 30 14 25 7 29 2 22 5 10 7 24 20 29 23 25 3 19 20 21 7 17 3 27 16 26 15 30 11 23
59 21 11 13 2 25 3 26 9 18 2 30 3 10 3 20 5 13 5 21 6 28 7 19 7 27 8 22 11 17 14 19 16 24 23 26 18 29 20 24 8 12 15 23
62 21 19 22 3 10 1 28 18 29 9 11 12 17 8 29 25 28 4 14 25 26 14 17 7 30 13 19 3 20 23 28 7 13 4 15 18 21 16 21 9 24 8 27
64 22 3 27 2 14 4 16 3 13 8 9 3 17 21 26 5 28 3 24 18 24 8 19 14 25 1 22 11 21 3 11 7 12 20 22 4 10 16 30 6 15 9 29 15 23
66 22 3 14 10 11 1 29 9 18 17 23 17 29 17 20 16 30 1 16 1 18 15 30 14 25 10 17 13 24 12 16 20 27 7 22 7 21 22 26 7 19 7 28 8 24
58 22 28 30 16 24 15 19 2 30 12 17 11 20 10 21 7 17 3 15 6 20 2 24 14 23 2 26 14 19 14 18 13 19 5 21 9 13 1 27 23 29 19 25 18 22
62 22 4 21 16 20 10 30 1 20 7 30 12 20 16 29 6 23 3 11 3 9 9 15 20 22 9 25 5 14 4 24 26 28 2 13 7 26 3 18 17 18 14 19 8 27
62 22 14 19 7 24 16 18 4 21 18 28 12 15 15 23 14 20 17 21 1 20 14 29 4 10 6 9 8 16 9 13 7 11 12 14 2 25 26 29 27 28 7 22 6 30
62 22 7 25 4 18 16 28 4 14 10 15 16 20 1 16 15 29 13 27 13 14 2 21 2 23 2 29 13 22 10 11 9 28 19 22 21 30 15 24 12 18 20 26 17 19
64 22 9 23 7 11 19 23 4 17 12 26 12 18 16 23 20 29 9 20 17 20 23 28 2 18 8 21 10 11 23 30 22 27 12 13 22 26 14 20 6 24 5 25 12 15
69 22 12 30 5 22 22 24 2 10 20 25 2 17 2 27 3 14 17 30 17 29 4 15 4 26 15 23 4 13 6 25 12 28 9 11 11 26 14 21 14 19 16 18 9 18
60 22 28 30 1 12 9 25 8 28 26 27 6 27 5 23 17 26 17 21 16 28 16 25 13 30 13 18 13 15 11 13 3 20 4 14 7 10 19 29 3 22 22 24 19 24
63 22 9 13 10 23 19 23 8 24 1 22 4 13 1 23 2 11 17 29 3 14 3 18 17 21 16 30 16 28 3 30 15 22 15 17 6 25 12 24 8 26 10 20 26 27
68 22 26 29 15 16 26 27 3 19 10 15 1 18 1 21 7 22 21 29 7 12 6 13 16 26 7 17 20 26 20 23 14 21 10 11 5 30 10 28 14 25 9 15 9 24
59 22 2 25 7 12 9 14 9 28 10 15 11 18 2 18 24 25 16 18 1 28 13 17 13 15 23 28 10 28 10 20 5 19 7 26 6 21 7 22 29 30 17 30 18 27
63 22 4 17 17 29 15 16 11 25 13 27 13 26 1 23 12 28 1 26 12 22 12 19 12 16 7 9 20 24 2 12 7 24 2 25 4 18 1 10 22 30 18 21 14 29
65 22 15 21 7 10 14 25 8 27 2 28 15 27 1 20 14 21 13 30 13 29 12 29 12 17 12 16 28 30 9 18 9 10 6 22 5 26 19 24 9 24 23 28 11 30
62 22 22 27 6 27 12 14 5 19 15 26 1 10 18 19 17 25 17 24 16 23 15 30 2 17 14 21 3 11 13 26 13 16 5 23 10 28 4 20 10 12 9 21 24 29
64 22 7 16 23 28 10 11 7 26 13 27 3 14 1 11 1 17 18 29 18 23 17 28 17 24 2 25 3 19 3 22 9 13 6 13 20 24 12 19 10 15 24 30 21 22
63 22 8 18 3 24 17 21 10 24 19 20 10 19 15 16 1 15 7 28 6 23 2 14 19 27 3 21 9 15 3 12 8 26 11 26 11 25 10 29 12 22 13 25 13 30
65 22 15 21 1 19 1 24 1 18 19 27 1 20 20 28 1 30 8 15 2 14 17 29 2 23 17 28 13 27 16 28 3 26 12 19 6 25 9 26 11 14 6 22 10 17
65 22 14 22 5 13 13 22 10 24 10 26 12 13 12 17 12 18 12 26 13 16 3 15 13 23 13 28 14 19 1 29 8 9 3 27 9 11 8 20 18 25 15 30 21 22
67 22 12 14 11 13 14 22 16 29 10 12 1 13 16 22 15 27 15 19 14 26 10 25 6 28 13 25 13 18 13 15 11 23 20 30 9 25 18 21 8 20 10 24 17 29
62 22 5 15 14 24 14 17 23 27 12 29 21 24 10 17 15 19 14 29 14 23 14 15 13 25 11 22 11 13 29 30 10 16 9 19 8 28 7 25 20 29 24 26 7 18
65 22 22 26 15 21 15 19 20 26 4 20 1 17 13 17 13 14 10 24 8 30 3 25 4 10 11 15 4 23 6 12 5 15 15 28 13 16 7 9 7 18 23 27 27 29
65 22 13 22 9 12 8 22 8 27 20 29 20 30 8 30 20 26 21 26 21 28 9 16 9 19 1 24 9 28 17 27 3 23 4 25 18 27 12 14 5 11 10 25 12 15
63 22 18 23 21 28 22 30 9 23 6 25 8 26 1 12 13 19 22 23 8 9 2 14 21 23 13 25 19 24 18 27 5 20 10 30 22 29 11 19 12 16 6 15 10 17
67 22 12 25 2 14 11 20 2 17 6 29 4 16 1 10 11 25 2 23 6 15 17 18 12 15 16 30 5 24 7 27 7 22 18 26 9 25 4 21 8 19 13 28 13 27
60 22 13 14 9 22 2 14 9 19 8 11 4 25 15 22 6 21 15 28 17 27 3 30 14 16 12 28 12 25 4 23 9 26 5 17 5 20 9 24 7 18 15 29 7 10
64 22 6 10 8 12 1 17 17 18 4 19 15 26 9 28 15 24 4 26 15 16 14 18 13 30 9 10 12 21 12 20 3 30 9 22 5 25 23 25 7 27 29 30 11 28
61 22 10 21 19 28 23 28 16 19 15 24 1 20 14 26 7 26 17 29 1 13 1 24 5 21 14 22 9 24 11 30 18 30 25 26 24 27 12 17 18 28 4 28 11 17
62 22 7 21 2 30 7 29 8 24 10 30 2 18 14 18 2 16 17 29 22 28 19 30 22 24 5 9 2 26 21 27 21 23 20 28 11 26 13 27 17 25 6 15 12 26
63 22 7 25 4 21 18 20 5 20 6 19 5 24 7 22 7 13 6 28 7 30 5 16 2 9 8 10 9 14 11 15 11 17 15 23 19 27 28 29 12 16 13 15 24 26
62 22 5 17 21 30 8 23 25 26 7 18 12 28 11 22 23 26 1 15 9 15 1 28 1 29 19 27 2 24 7 10 2 27 6 20 14 15 12 13 1 11 27 30 11 16
64 22 24 29 21 27 5 30 6 12 3 21 13 29 14 19 3 20 2 10 3 16 13 18 3 29 19 21 2 23 5 15 21 28 7 22 11 28 9 19 6 26 24 25 1 17
64 22 11 23 12 23 7 12 14 17 1 28 18 24 6 27 11 22 1 13 15 20 1 26 2 14 4 10 8 25 2 16 9 15 2 21 1 15 26 30 18 22 9 19 27 29
60 22 4 24 6 11 18 27 21 30 9 15 11 21 13 20 6 9 2 10 3 18 3 22 18 29 4 13 12 22 13 19 4 28 17 20 7 16 14 29 9 25 23 27 1 26
61 22 18 29 9 29 13 25 8 30 2 9 15 24 2 27 15 22 12 14 2 21 26 27 2 10 14 29 1 24 1 23 3 28 13 29 13 19 16 21 8 17 20 23 9 11
63 22 4 9 10 12 6 26 2 20 9 22 14 24 27 29 6 23 12 24 9 27 13 28 18 26 17 23 2 12 2 13 21 28 16 22 12 15 1 19 11 28 4 25 8 30
65 22 24 27 16 23 18 22 5 9 1 21 10 24 5 30 18 24 16 22 3 18 15 20 3 11 12 17 11 25 19 28 15 19 8 17 13 23 18 20 5 14 5 26 4 29
65 22 7 15 7 25 8 26 4 24 5 16 8 17 8 19 3 9 1 30 15 23 29 30 4 22 14 29 13 19 10 18 12 16 10 30 27 28 21 25 6 28 8 20 7 11
68 22 22 30 21 29 14 16 1 28 15 19 15 17 8 21 8 16 1 17 4 9 7 11 3 12 11 13 12 20 2 18 21 30 10 11 25 29 11 26 8 27 8 24 7 23
66 22 10 25 1 19 18 27 1 12 4 9 1 15 22 30 2 29 21 22 19 28 4 14 18 23 5 10 6 26 7 17 7 22 13 24 9 16 24 29 6 27 5 20 11 18
63 22 9 11 6 23 1 13 9 12 21 25 9 29 9 21 13 24 22 24 8 10 7 29 15 19 7 20 19 29 2 17 4 30 10 16 11 28 16 18 15 27 10 26 7 14
63 22 26 28 12 22 3 18 10 25 17 20 15 30 15 20 2 15 2 19 13 23 3 13 12 21 11 13 3 10 4 12 5 9 5 14 8 27 8 24 8 16 18 26 17 29
65 22 18 25 11 29 8 20 14 27 14 29 5 21 2 28 5 22 5 24 8 16 2 19 14 23 13 21 1 29 13 30 3 12 24 25 9 21 17 26 17 20 15 22 10 25
58 22 10 30 19 26 5 21 1 20 3 16 15 29 13 23 9 13 19 21 18 30 1 25 15 23 14 29 14 26 8 27 18 19 12 16 9 22 3 24 11 19 7 17 28 29
64 22 23 28 21 26 1 15 3 22 13 29 9 21 10 15 9 16 6 24 5 17 3 12 2 13 1 26 9 28 10 11 17 20 19 22 29 30 18 29 14 20 25 27 25 29
63 22 3 20 27 30 14 23 23 26 16 25 5 30 5 9 1 14 18 26 6 11 12 21 20 28 15 21 19 30 17 18 13 14 14 15 15 22 17 29 16 26 10 29 1 24
66 22 18 27 17 18 1 18 3 23 10 19 17 19 15 22 1 28 14 23 2 11 29 30 8 12 6 21 6 13 6 9 19 25 20 29 20 23 8 16 22 26 21 26 24 25
64 22 13 29 2 30 4 9 14 21 13 28 13 22 12 30 12 25 12 23 12 13 3 17 11 20 11 18 13 16 4 15 9 24 9 19 9 14 8 26 6 10 6 20 21 27
60 22 21 30 12 26 19 25 12 13 10 28 9 27 10 19 19 30 11 24 1 21 22 24 10 23 10 20 7 14 3 17 9 12 2 29 3 13 8 18 22 23 16 17 5 15
65 22 17 26 9 15 12 25 20 22 19 25 17 18 2 20 2 28 15 17 14 18 4 12 13 27 3 9 11 24 11 22 10 24 9 13 8 23 13 16 24 29 22 30 18 21
67 23 10 26 10 28 6 13 2 8 2 14 10 15 10 20 19 28 2 21 2 19 2 16 20 25 1 30 18 30 12 28 19 24 9 18 8 27 23 28 22 26 15 29 17 26 9 11
69 23 13 17 13 14 10 30 18 21 1 12 14 28 16 21 13 20 9 28 13 27 16 25 4 8 14 16 3 28 8 22 22 23 11 17 21 29 12 19 15 23 16 30 11 24 10 26
66 23 6 22 10 12 3 8 20 30 3 28 11 29 29 30 11 19 24 25 23 26 16 20 17 20 3 21 8 26 1 24 12 18 14 26 13 14 25 27 18 24 11 15 16 27 9 30
67 23 8 24 14 28 8 22 7 9 10 19 1 28 14 15 18 28 5 30 17 30 15 26 14 27 23 26 10 22 12 28 4 13 3 19 11 22 6 16 16 25 4 21 8 29 13 20
67 23 1 22 7 17 5 24 13 17 5 26 9 19 9 16 6 20 6 11 6 9 5 28 5 18 4 14 9 21 10 15 10 18 10 29 12 17 16 27 16 30 1 8 10 23 8 25
66 23 9 11 7 20 1 23 20 21 29 30 16 25 16 17 15 19 15 17 14 26 7 30 8 15 1 19 9 15 1 28 12 23 10 11 11 14 24 26 18 21 6 13 9 27 5 22
63 23 20 30 11 20 8 24 20 27 2 29 3 11 4 19 21 28 16 21 15 25 1 16 15 22 9 16 14 28 1 26 9 23 12 16 12 15 10 19 4 17 8 15 8 13 10 18
65 23 6 26 22 27 13 25 11 25 9 12 4 11 8 14 1 23 21 26 13 16 12 30 12 23 14 26 12 20 2 18 2 28 9 24 10 19 9 27 6 29 5 19 15 30 6 17
63 23 22 24 18 24 15 24 13 16 5 21 10 19 16 19 6 20 16 23 13 20 28 30 24 29 8 11 12 25 6 27 2 9 3 22 15 26 14 18 4 17 20 25 14 30 11 21
66 23 2 24 14 24 3 17 10 17 6 23 11 14 13 23 22 25 1 15 4 16 24 27 3 28 7 18 3 8 9 27 9 20 9 19 15 22 6 26 18 21 22 30 20 29 12 18
70 23 12 13 11 17 8 20 16 30 16 26 1 14 4 11 8 29 9 12 1 27 15 28 14 29 13 29 3 21 11 23 12 30 2 24 2 28 25 26 22 24 19 27 6 10 9 18
69 23 12 20 17 22 3 13 1 18 8 9 15 21 15 19 14 22 13 29 13 26 12 30 10 16 9 24 3 17 9 19 8 22 8 10 7 23 24 30 25 29 23 28 24 27 6 11
62 23 10 29 3 11 3 28 1 20 16 30 9 14 2 30 2 29 18 24 4 23 17 25 2 18 19 20 16 27 8 19 15 22 1 15 14 25 7 17 13 20 12 20 26 29 9 21
64 23 13 17 14 30 13 18 2 22 4 30 9 19 4 21 10 13 21 24 2 28 13 19 1 11 9 20 8 15 1 23 14 20 4 16 21 25 21 29 12 14 26 30 25 27 15 30
71 23 11 22 17 24 3 11 1 9 1 12 13 15 1 29 12 18 11 24 11 20 2 16 2 25 2 30 3 10 11 28 3 15 8 24 14 25 19 28 20 27 21 25 19 26 9 23
68 23 1 15 6 28 7 30 8 10 1 11 1 25 4 8 4 17 4 19 6 13 2 9 11 20 12 26 13 16 14 23 14 25 19 27 22 25 22 29 26 29 15 18 7 21 17 24
65 23 1 24 10 27 5 16 17 20 2 17 18 26 20 29 12 27 7 13 12 29 6 19 2 26 3 25 14 29 5 11 15 20 10 28 23 24 8 29 9 23 22 24 21 24 4 30
60 23 7 26 15 28 3 23 3 25 19 29 12 28 4 18 6 10 23 28 8 9 7 16 3 30 2 14 29 30 14 21 2 27 13 28 8 12 10 17 20 21 6 22 23 24 11 26
73 23 22 26 1 15 17 29 17 27 17 22 1 26 12 24 11 30 3 23 10 16 5 9 9 16 8 30 5 30 6 12 6 14 6 18 6 19 23 25 9 13 15 20 16 28 21 29
66 23 9 20 9 14 3 17 11 16 2 8 2 14 8 13 1 16 15 25 16 22 1 29 21 22 20 27 20 25 16 26 18 20 4 23 4 12 10 22 14 19 24 29 4 28 15 30
67 23 18 21 12 30 6 13 12 28 10 17 7 20 26 27 3 28 12 21 12 19 1 25 9 10 2 8 3 11 9 15 11 15 17 29 23 29 26 30 16 25 22 26 14 26 22 24
66 23 20 27 7 21 18 30 21 29 17 21 18 22 20 24 19 24 6 14 6 8 3 26 1 30 20 26 5 25 16 29 10 14 15 21 4 13 12 13 6 23 9 10 11 21 11 28
70 23 5 14 2 16 1 8 20 25 20 22 1 15 10 14 1 19 7 23 14 25 14 27 2 11 6 29 26 30 18 28 9 20 9 26 5 18 5 17 13 28 13 24 13 21 12 28
65 23 4 26 11 20 19 21 7 18 2 25 9 11 16 20 16 19 15 25 15 17 14 30 12 29 2 29 3 10 26 30 8 26 6 28 6 11 5 27 24 29 12 13 22 24 21 23
68 23 10 25 6 11 19 25 9 11 2 17 17 24 1 10 8 17 12 18 18 28 6 29 13 23 6 14 19 22 2 21 4 15 11 20 11 16 10 12 26 28 25 27 4 30 10 13
66 23 9 29 5 27 11 12 13 19 12 14 1 19 4 18 6 23 5 12 3 26 7 16 7 17 3 20 1 22 7 28 8 25 9 13 19 30 19 24 8 27 10 30 21 28 15 30
69 23 12 17 4 20 27 29 7 21 2 25 14 27 8 13 6 27 20 28 1 23 13 25 3 12 13 24 15 29 19 27 10 11 18 27 26 27 10 20 18 22 17 30 16 18 9 20
69 23 1 10 1 22 5 9 25 26 16 29 4 30 17 18 24 30 3 12 23 30 18 29 5 13 5 15 2 18 21 23 20 25 28 30 3 26 14 26 8 10 8 19 15 27 11 20
62 23 15 26 2 26 16 26 25 29 5 11 24 26 20 29 6 30 18 22 13 17 19 30 8 22 20 30 1 21 10 27 6 28 6 22 13 28 14 16 5 23 23 27 1 9 12 19
60 23 9 12 12 23 3 12 26 27 4 27 19 28 27 29 14 27 6 18 10 16 11 23 3 30 8 17 11 15 3 24 10 26 8 26 22 24 9 13 8 28 19 20 15 21 14 25
66 23 18 28 20 29 6 14 15 24 4 15 18 22 17 26 4 13 4 12 8 24 16 26 1 25 15 30 5 26 13 29 13 23 9 25 10 13 12 27 2 18 11 14 19 21 21 23
60 23 11 27 14 26 11 28 15 21 8 29 15 30 13 15 24 25 8 11 1 13 13 29 20 25 19 28 11 17 17 24 15 18 9 21 10 24 2 12 3 16 26 30 9 22 23 29
64 23 4 28 1 13 25 27 7 14 2 10 17 18 16 29 1 16 15 30 15 27 7 24 7 25 14 21 14 20 10 23 10 26 12 30 11 12 8 20 10 22 9 27 14 17 14 19
66 23 18 22 15 24 25 27 6 21 17 22 6 19 3 9 4 27 16 27 3 12 17 26 17 27 17 28 17 29 5 8 10 19 13 29 12 24 11 26 1 14 14 23 7 20 6 30
61 23 15 17 8 30 5 24 10 14 1 22 5 13 23 28 3 28 1 9 8 16 13 21 17 23 17 19 11 29 7 26 12 23 19 29 6 27 10 26 22 30 18 28 25 26 20 27
68 23 2 28 8 11 17 28 17 24 19 26 1 23 3 11 17 18 16 23 4 26 15 29 16 20 5 12 14 17 7 9 11 22 11 15 10 26 9 30 27 29 14 25 21 23 13 19
63 23 28 30 15 26 26 29 10 23 25 28 5 20 4 15 7 30 8 19 4 9 4 27 12 14 21 30 4 18 17 20 3 16 11 26 13 16 14 16 5 23 15 24 16 19 10 22
64 23 6 20 17 20 13 27 14 20 11 23 21 29 6 22 6 12 2 30 29 30 17 19 16 29 15 27 15 16 14 26 7 8 2 28 4 10 9 28 22 24 11 24 10 25 10 18
66 23 18 23 8 18 1 17 11 26 13 30 4 20 6 27 6 18 5 11 5 10 5 9 4 24 8 14 3 28 3 12 23 25 22 23 21 22 16 19 16 18 15 24 13 24 14 29
68 23 12 15 5 27 3 13 9 12 2 10 7 23 17 21 8 9 1 28 15 19 17 29 3 15 10 14 12 24 11 22 23 30 24 26 2 20 19 29 9 11 6 25 18 29 16 30
68 23 23 28 13 16 12 21 3 13 3 21 3 22 6 19 7 26 8 20 8 28 9 10 9 21 9 29 11 20 14 21 14 30 15 17 15 28 18 25 18 30 23 24 24 26 8 27
66 23 15 27 15 25 22 24 10 20 21 28 9 23 5 12 23 26 3 29 1 15 2 30 7 8 7 18 13 18 6 21 20 27 7 22 2 19 7 17 25 26 2 16 12 14 5 11
67 23 12 22 15 27 6 16 15 21 13 23 5 14 10 25 19 20 19 26 9 23 15 24 6 10 4 26 6 18 17 30 16 21 16 30 10 11 9 11 7 28 8 17 9 22 26 29
63 23 21 30 17 25 10 30 7 19 23 30 13 29 13 21 2 25 2 26 21 25 21 27 3 14 18 30 4 22 16 27 16 24 8 14 8 28 9 29 11 27 18 20 1 12 15 21
66 23 15 22 2 10 3 11 25 27 18 23 4 18 22 26 14 30 5 26 19 26 16 20 4 25 4 20 9 29 10 13 2 30 10 17 18 21 3 29 2 12 8 12 15 28 24 30
67 23 8 11 8 16 8 14 17 21 2 8 13 20 4 9 6 27 3 20 3 15 18 23 14 28 18 24 5 23 19 27 5 12 22 27 9 26 10 14 9 17 17 29 18 25 18 30
65 23 29 30 8 25 10 22 10 24 15 21 2 18 24 29 3 16 3 17 3 21 2 14 4 13 5 9 5 11 1 29 9 20 9 25 12 22 22 27 27 28 7 26 15 23 18 19
70 23 16 23 4 30 13 29 12 30 24 30 8 9 8 12 1 13 26 29 8 23 11 25 9 21 11 19 11 15 1 14 18 25 6 19 20 25 5 28 10 12 22 23 17 21 11 27
66 23 13 19 9 26 2 11 12 26 1 28 9 30 4 30 8 10 8 15 10 13 14 30 8 26 3 24 10 22 15 27 4 16 13 29 9 25 23 28 6 17 17 21 20 28 8 18
60 23 1 14 13 14 12 30 12 24 17 20 1 28 5 19 3 15 15 29 1 26 4 12 13 25 2 11 15 20 8 26 12 16 11 23 11 18 2 27 9 15 9 21 10 21 18 22
67 24 6 20 5 27 16 22 4 8 13 14 1 26 12 28 4 13 12 14 8 22 8 15 17 22 5 7 15 24 14 23 10 19 9 14 16 21 25 30 25 29 11 23 23 25 4 18 16 19
64 24 16 22 5 29 13 28 6 11 16 23 8 30 23 24 1 24 2 9 14 22 15 16 4 21 1 27 2 12 9 20 10 14 10 26 8 9 25 28 6 18 13 17 8 19 7 22 20 25
70 24 1 18 13 24 4 30 8 26 8 19 8 10 7 13 6 19 6 12 9 22 4 25 4 11 3 20 3 7 15 22 21 27 17 30 17 27 16 27 11 23 10 29 26 28 9 27 1 14
66 24 10 29 1 8 16 25 17 23 5 20 2 18 2 16 20 27 1 28 2 17 1 24 17 26 6 7 1 21 5 22 5 29 13 30 8 9 13 25 9 12 15 28 14 16 14 19 7 11
71 24 5 16 15 17 8 13 16 24 5 8 15 30 2 30 1 18 15 26 3 7 3 28 11 29 14 16 9 27 13 22 9 13 12 23 16 19 24 25 10 17 7 11 21 23 20 30 5 23
69 24 21 30 8 20 1 24 18 20 10 20 6 20 2 26 21 26 8 19 21 25 1 28 14 20 15 23 15 25 8 17 18 22 3 27 4 7 5 16 12 21 11 18 16 29 9 16 13 20
66 24 2 10 5 30 5 17 4 12 7 14 9 19 2 7 8 29 15 16 8 25 3 27 3 24 13 29 13 18 15 20 9 30 10 22 10 25 5 15 11 26 7 21 4 26 4 28 10 23
71 24 24 29 3 20 4 8 9 10 8 10 7 29 6 7 4 16 4 11 9 18 1 30 1 22 7 27 12 19 12 30 13 24 16 23 16 25 17 28 18 28 20 26 21 25 15 26 10 14
64 24 5 29 12 13 12 14 2 16 23 28 5 19 10 11 14 27 21 22 5 7 9 14 2 8 14 21 4 13 15 19 16 20 14 17 13 23 11 18 4 10 20 30 20 26 6 25 4 24
63 24 9 10 20 28 1 26 7 29 8 20 24 26 1 15 10 13 27 29 6 19 3 11 7 14 13 18 14 21 14 19 1 18 7 25 1 28 10 22 9 17 21 30 6 16 12 29 23 27
66 24 5 30 16 25 20 24 3 10 11 15 4 15 5 28 1 7 3 29 16 26 7 22 7 18 1 19 7 14 17 26 19 21 20 29 19 25 27 29 9 18 9 12 23 30 8 19 13 26
71 24 26 29 18 24 11 18 1 21 1 8 2 26 2 28 3 12 4 15 4 16 6 20 6 27 7 26 10 25 11 27 13 16 14 28 15 22 16 17 19 22 20 25 27 30 10 23 9 29
69 24 17 26 6 14 23 29 22 25 14 16 4 19 9 22 21 29 5 20 3 30 7 23 1 8 15 28 15 27 7 30 15 19 12 21 9 14 18 27 15 26 10 26 10 13 24 29 11 12
67 24 2 10 7 16 2 22 1 15 3 29 3 14 18 20 7 18 8 11 8 15 8 20 6 26 13 17 3 19 13 27 13 25 13 24 9 22 19 23 6 21 27 30 12 18 21 28 5 17
73 24 1 17 12 20 12 24 5 23 1 28 2 26 19 25 19 24 18 19 4 15 5 11 5 12 17 21 16 26 3 8 6 9 7 13 11 30 10 15 3 7 6 29 5 22 14 18 18 27
73 24 4 20 8 12 13 17 4 22 8 15 17 19 16 29 16 21 15 28 3 10 2 26 3 9 12 26 12 25 11 19 10 24 2 21 23 24 6 27 10 11 7 13 9 30 8 18 14 19
69 24 10 22 5 13 7 9 10 29 12 24 5 9 17 19 5 8 1 12 11 29 8 10 15 21 5 25 14 24 8 27 14 20 13 28 2 16 9 15 22 26 26 30 23 29 19 25 18 28
70 24 5 16 4 17 3 9 21 28 4 20 16 21 3 29 3 24 19 21 16 26 16 27 3 7 17 30 2 22 14 26 7 15 7 25 13 23 8 21 13 20 10 21 1 12 7 11 8 18
70 24 28 30 3 20 6 10 8 23 4 29 6 18 13 22 13 23 5 24 15 20 8 11 7 28 7 19 19 20 2 13 19 21 6 25 5 12 11 27 10 17 16 29 9 21 4 26 14 22
69 24 3 30 8 10 17 18 12 13 16 27 1 29 17 24 16 30 16 21 15 24 15 19 7 27 9 22 8 11 8 19 2 14 8 20 10 21 2 9 5 28 11 13 22 25 25 26 23 30
72 24 2 13 3 8 16 24 19 30 8 19 18 27 3 27 17 27 16 29 8 14 9 14 14 25 14 21 5 7 20 30 5 24 26 28 6 11 23 27 10 26 11 12 25 26 11 15 6 22
70 24 14 26 2 15 10 14 16 27 19 23 18 30 18 24 18 21 6 30 4 23 1 14 7 10 17 22 2 29 10 16 16 22 9 29 12 19 11 16 5 13 24 28 8 17 20 21 6 25
65 24 21 27 4 26 1 24 17 25 17 26 20 22 1 30 13 19 1 9 8 30 1 18 14 26 14 19 13 29 2 7 9 15 13 16 12 20 12 13 11 30 7 21 6 28 10 24 23 30
68 24 6 7 24 26 19 20 20 30 21 27 1 21 23 26 14 24 18 26 18 27 8 25 8 22 15 24 9 12 17 18 7 9 20 23 15 29 3 8 2 28 11 21 1 13 10 24 8 16
76 24 2 15 3 18 1 21 26 29 1 14 25 28 22 27 14 30 4 29 7 20 3 7 10 20 13 15 12 13 24 28 9 18 15 23 13 27 23 28 13 16 9 11 8 21 7 19 11 17
69 24 2 26 15 27 5 15 3 25 4 22 11 18 15 23 6 12 2 30 5 28 2 17 6 29 2 7 8 25 5 19 4 11 4 16 4 20 9 13 9 18 10 15 16 24 17 21 9 14
68 24 1 10 8 11 21 23 5 28 15 22 1 26 17 19 4 12 16 23 16 17 15 25 15 24 28 30 5 9 15 17 5 24 5 27 7 26 13 25 8 26 9 18 16 20 24 29 14 18
69 24 27 30 11 14 19 30 21 22 5 10 2 11 3 8 2 29 3 9 4 26 4 27 5 25 8 28 9 17 1 15 12 26 14 23 16 26 18 24 18 30 22 26 20 25 13 25 7 19
72 24 17 29 7 8 23 27 2 9 13 28 18 27 1 10 1 11 17 23 1 28 2 7 14 30 14 29 28 29 4 22 4 25 7 24 21 28 21 26 10 12 10 19 7 16 20 23 15 30
74 24 7 21 20 24 12 14 14 30 7 18 17 30 17 19 1 14 8 21 8 22 8 24 4 7 9 11 9 17 9 23 20 27 23 25 19 28 13 26 10 11 9 29 10 26 7 15 16 17
72 24 5 29 2 21 12 30 22 29 6 24 3 30 19 22 3 28 3 27 9 25 3 25 3 18 7 10 2 14 7 11 2 23 15 27 9 16 11 28 17 28 6 20 13 14 10 26 8 19
68 24 6 14 4 16 7 11 13 26 8 14 9 26 16 19 20 25 1 9 6 21 15 23 3 12 21 30 15 17 2 27 7 27 2 18 23 24 14 23 5 25 10 21 6 29 6 28 5 22
69 24 5 19 8 10 6 26 11 29 4 7 2 12 1 11 1 14 8 17 8 26 9 14 13 23 12 25 14 18 10 13 3 27 10 24 24 30 6 22 19 20 28 29 16 27 10 15 21 22
77 24 5 9 5 21 9 20 18 22 16 30 16 22 15 30 14 16 2 7 11 29 11 27 29 30 9 16 20 24 23 28 27 28 8 16 23 25 8 19 6 26 7 12 7 10 17 28 13 27
70 24 1 30 8 30 14 19 7 20 13 27 5 18 14 28 16 26 4 25 4 13 17 20 18 19 3 26 3 7 2 22 15 26 13 24 12 26 9 30 10 11 23 24 8 10 15 21 14 29
68 24 11 14 11 12 14 23 10 25 24 25 9 10 14 22 21 30 1 14 13 15 17 26 13 16 8 18 8 21 3 13 23 28 7 19 14 17 18 26 19 20 19 28 15 27 6 25 6 29
68 24 8 26 17 21 18 25 6 19 3 13 17 25 7 30 16 25 7 12 2 17 15 26 14 17 13 29 7 24 4 8 7 26 14 23 7 28 1 22 11 25 10 18 7 9 26 27 4 20
73 24 9 17 15 27 1 17 16 25 21 26 20 26 20 24 13 23 5 14 4 20 5 16 12 30 12 24 2 13 5 28 9 11 9 15 7 11 10 14 10 19 5 18 12 29 8 26 8 22
69 24 10 18 1 16 7 27 3 11 12 27 16 30 7 10 16 19 3 23 1 12 15 16 14 27 7 20 13 15 2 21 9 27 2 25 4 22 20 24 6 17 6 29 8 22 5 26 8 28
70 24 5 12 5 19 14 21 20 21 2 17 13 17 10 29 21 24 14 28 14 16 14 19 2 9 19 27 16 23 18 24 11 18 23 30 23 29 8 24 13 15 16 25 17 22 14 26 7 28
68 24 2 29 13 17 19 22 1 20 9 23 2 27 2 24 5 8 17 28 1 15 1 16 9 30 15 28 10 17 4 14 15 19 10 18 10 23 11 28 7 11 21 26 3 12 10 26 7 25
72 24 7 8 7 16 8 9 19 27 10 11 14 19 4 14 17 21 14 28 3 23 24 26 2 17 2 18 3 15 15 30 7 14 16 22 17 29 13 14 10 23 17 25 20 21 18 24 12 18
68 24 8 21 1 11 22 25 9 26 14 24 13 15 13 17 13 20 13 21 2 8 13 22 7 17 13 27 13 30 14 17 14 23 7 26 18 20 18 19 16 30 12 25 26 28 10 22 14 29
68 24 15 22 4 24 6 7 13 27 6 10 12 15 3 9 15 30 15 24 1 8 3 20 13 19 12 17 10 14 9 29 9 28 16 17 4 21 12 23 17 26 16 27 7 11 5 25 18 22
68 24 15 16 7 21 19 26 3 12 3 9 12 26 8 19 13 16 22 23 2 10 21 24 8 21 13 25 14 16 14 22 19 27 15 27 18 27 16 17 18 20 16 30 25 29 1 11 5 28
73 24 8 19 22 26 14 18 3 20 5 26 9 10 8 27 8 21 3 16 1 25 3 11 9 16 2 12 2 14 7 22 21 23 19 28 15 22 12 23 26 29 5 17 13 17 7 30 22 24
72 24 19 20 1 9 18 21 17 28 1 28 2 21 1 24 7 15 14 21 7 26 20 27 8 12 11 25 3 19 16 18 10 21 9 25 27 29 22 23 15 16 22 30 8 26 6 13 4 30
69 24 19 29 15 27 4 26 14 30 9 26 5 16 17 24 5 13 16 24 16 20 9 19 15 20 7 12 10 18 2 22 4 11 10 27 3 28 12 14 6 12 24 25 21 28 8 17 10 23
66 24 4 28 2 21 13 22 8 26 17 21 18 22 4 18 3 23 7 28 8 14 2 24 9 15 13 15 9 19 10 21 8 19 14 20 16 19 20 30 24 29 25 29 27 28 5 11 12 25
66 24 12 26 11 28 7 17 13 26 6 22 6 14 10 19 7 11 4 21 11 15 19 23 10 20 1 17 10 17 24 27 4 13 9 28 2 29 7 30 8 9 16 18 25 27 5 27 18 21
71 25 5 30 18 27 18 30 10 30 11 14 2 16 2 21 11 27 11 26 10 29 1 28 14 20 3 25 9 28 8 30 8 17 8 15 7 30 7 12 6 27 23 28 1 22 10 24 1 13 8 19
72 25 17 18 6 20 3 20 10 11 15 24 1 26 14 20 13 30 13 15 11 22 10 27 10 15 10 14 9 30 9 17 9 16 8 12 6 23 4 19 4 21 19 25 18 29 3 28 8 16 7 30
71 25 10 23 3 29 14 28 6 14 12 29 8 10 10 21 8 14 1 19 13 15 13 23 20 28 2 8 2 18 10 17 5 24 16 25 16 26 17 27 17 26 4 11 9 19 26 30 7 29 13 22
72 25 2 7 8 21 5 11 28 29 1 15 17 25 8 29 22 23 1 30 12 23 2 14 2 22 8 11 13 28 7 20 6 20 3 24 3 25 8 9 24 26 10 12 9 18 26 27 11 16 9 19
73 25 10 28 17 26 4 23 6 12 6 8 15 27 15 29 5 16 16 30 4 27 4 25 6 14 17 28 18 20 19 21 15 24 28 29 6 17 7 20 7 22 7 26 8 13 13 21 11 30 9 19
74 25 4 9 18 21 2 27 5 19 5 18 4 26 3 13 15 23 8 23 8 16 5 15 17 19 6 24 17 28 22 23 21 29 5 20 4 12 25 29 10 27 12 24 5 11 4 14 5 7 12 30
73 25 3 27 17 22 6 17 22 23 9 17 1 8 21 27 1 10 13 29 1 15 19 26 19 24 1 23 18 28 14 22 5 18 18 20 5 12 4 30 4 25 3 16 15 29 26 30 7 9 11 23
72 25 9 21 13 22 5 28 5 26 13 28 16 29 10 29 4 11 6 24 14 27 14 23 14 18 1 20 5 17 12 16 11 23 7 30 3 12 8 14 25 29 6 9 22 30 21 29 19 25 15 22
73 25 23 25 14 22 2 17 13 23 2 24 12 13 15 30 1 29 14 26 14 21 14 17 12 30 28 30 3 18 3 20 9 18 8 28 4 11 8 14 5 6 19 23 27 29 5 7 8 10 16 24
66 25 12 28 10 24 5 22 16 22 21 30 8 29 13 26 23 24 14 20 12 23 13 27 13 29 10 18 14 27 1 23 1 19 17 26 4 9 15 17 10 14 8 30 8 11 7 30 5 25 6 10
72 25 22 30 26 27 13 23 5 30 6 20 4 6 23 25 1 8 3 19 22 29 1 16 8 15 1 24 8 12 7 18 7 19 3 10 21 27 6 26 2 14 6 28 11 25 11 22 9 28 6 17
66 25 1 19 1 30 19 23 8 9 10 16 10 25 14 27 22 25 21 28 9 15 1 26 8 29 21 26 9 11 8 18 7 28 2 29 3 10 6 25 5 13 17 19 24 30 11 20 6 27 12 16
68 25 3 20 16 30 14 21 12 24 8 13 5 11 2 25 2 22 17 22 16 28 12 29 4 6 4 8 4 9 7 28 17 26 2 14 3 23 18 29 2 29 7 12 18 19 10 26 27 30 9 15
70 25 12 21 3 14 9 22 21 30 7 18 12 13 5 27 4 12 8 21 4 7 16 27 1 17 20 22 5 23 13 24 15 20 2 20 19 21 6 29 10 29 10 20 11 28 16 25 21 26 11 17
61 25 11 14 3 19 15 20 11 18 16 25 16 28 7 27 7 29 22 23 13 24 8 20 2 9 10 30 9 23 12 23 14 26 14 29 15 17 1 21 9 25 9 14 8 16 5 10 6 28 24 29
71 25 9 30 1 30 2 20 8 25 8 15 4 28 13 25 7 24 18 27 2 14 3 21 16 24 4 13 4 18 14 23 7 25 12 19 8 10 8 11 10 19 6 8 5 29 10 22 14 26 15 17
69 25 10 20 12 15 12 25 19 30 16 28 12 17 25 28 4 23 19 28 23 27 2 10 10 12 7 26 12 29 21 26 8 12 4 6 13 29 11 27 18 23 6 7 5 9 11 22 18 24 14 18
76 25 9 22 1 8 1 23 11 21 3 29 14 23 1 6 14 15 8 17 8 21 13 20 13 17 3 19 8 12 1 25 8 30 9 10 10 19 9 28 7 22 22 27 5 26 5 24 5 18 6 16
68 25 18 25 11 29 9 16 1 23 23 25 21 26 9 15 2 12 22 26 19 25 25 29 2 21 24 30 3 7 3 13 3 20 18 30 15 24 18 28 6 26 9 27 11 14 8 14 10 13 9 17
68 25 11 20 12 21 23 30 3 12 18 21 4 6 6 20 1 22 5 26 16 28 4 24 4 16 4 7 19 20 15 30 15 29 7 17 7 25 8 13 9 12 14 16 13 27 13 20 10 18 24 29
70 25 6 16 10 25 12 25 14 30 1 13 8 28 8 19 8 18 1 9 8 17 17 30 4 11 19 21 11 24 12 22 20 24 20 29 21 23 5 23 6 13 5 15 6 7 11 12 5 27 8 26
69 25 4 19 15 26 17 30 13 15 4 29 11 24 1 30 7 27 6 8 12 23 1 9 6 10 3 25 21 27 6 12 17 23 17 24 13 23 19 21 18 19 2 20 11 14 5 16 12 22 11 28
66 25 20 22 8 25 10 30 11 12 9 15 2 21 4 20 4 25 1 26 7 18 21 30 1 24 8 9 1 13 10 29 14 16 19 30 19 27 6 17 19 23 6 13 16 28 11 25 16 18 8 16
70 25 6 17 10 24 17 28 16 28 15 30 15 17 10 27 8 24 1 6 10 22 10 20 5 12 15 19 23 24 4 27 15 21 2 26 3 7 3 13 12 18 5 29 25 30 14 23 11 26 9 23
71 25 4 27 12 14 12 26 3 14 15 30 26 29 13 28 10 29 14 15 8 30 8 18 11 19 14 21 6 26 23 27 2 13 6 7 5 16 15 17 12 25 6 24 22 27 11 16 10 20 9 28
75 25 4 13 12 19 23 30 18 26 17 24 18 24 16 20 1 19 8 24 1 24 14 26 9 22 4 6 12 29 12 20 9 30 3 10 10 25 3 21 7 12 27 29 23 29 9 28 8 11 5 15
73 25 3 17 3 10 2 11 20 24 12 21 12 24 13 24 23 29 9 27 13 28 14 28 4 16 2 7 2 6 16 21 14 23 8 21 14 26 2 18 26 30 20 25 15 21 8 19 15 22 7 27
70 25 1 10 5 20 5 15 6 18 1 21 10 19 19 28 4 24 16 30 5 18 5 11 1 22 14 24 14 23 7 16 2 27 12 28 12 26 4 7 1 8 9 17 27 29 17 27 13 21 16 25
74 25 1 27 9 14 1 18 14 23 8 18 21 27 8 17 12 26 1 9 5 15 17 24 20 26 13 23 7 12 20 21 7 11 6 14 25 27 10 16 10 29 23 29 23 28 21 30 15 19 4 22
76 25 7 30 6 23 18 20 4 20 11 17 1 19 2 24 3 22 20 27 4 28 5 26 6 9 16 29 7 12 7 22 14 20 8 22 13 18 10 18 9 30 16 27 2 15 17 18 25 30 9 21
76 25 9 12 5 22 15 22 4 20 7 15 12 27 9 11 1 19 9 18 17 18 10 16 11 13 11 19 11 21 12 23 11 29 6 23 25 29 20 26 7 10 18 28 7 14 28 30 7 24 8 24
71 25 13 29 13 26 23 28 9 10 2 8 8 29 13 14 20 28 8 25 8 16 19 20 7 28 2 24 2 27 18 24 18 22 14 19 3 11 6 25 15 17 15 26 12 29 11 30 9 21 9 20
78 25 12 25 21 27 2 27 23 27 9 24 20 28 12 27 25 29 16 26 6 7 13 26 16 18 7 15 11 25 6 19 12 16 8 16 19 26 24 26 5 30 4 28 5 22 6 17 8 10 7 14
75 25 4 17 3 6 8 30 1 29 26 27 14 30 8 25 13 28 1 11 8 27 12 19 5 19 11 14 2 15 3 9 10 21 10 14 5 20 22 28 17 22 21 23 18 19 7 12 9 16 6 24
72 25 10 29 6 14 12 13 19 21 21 25 1 11 6 13 8 19 4 26 8 24 15 26 4 20 4 19 14 27 9 20 14 20 4 10 13 30 13 23 3 16 22 30 18 19 18 28 7 19 8 17
74 25 5 13 24 25 16 29 2 7 14 30 1 16 13 26 12 29 12 27 11 23 10 22 10 11 9 18 9 15 2 28 7 25 7 15 6 13 4 8 21 22 20 25 13 22 12 19 17 20 28 30
74 25 1 30 7 28 16 29 10 27 14 16 10 24 4 29 8 11 11 23 9 14 13 30 8 9 10 26 1 25 10 29 22 26 7 8 6 14 2 17 7 15 21 30 11 20 12 16 9 18 19 20
67 25 6 7 13 27 5 6 21 24 21 25 5 14 22 28 5 19 5 22 28 29 7 26 14 24 14 23 13 22 12 19 7 11 3 8 10 22 9 13 5 30 5 16 17 25 16 20 8 15 18 23
74 25 1 25 19 29 3 22 4 18 6 8 2 11 2 26 2 29 4 6 17 30 17 27 17 23 5 24 4 20 16 22 15 22 8 13 14 22 14 17 12 28 10 23 12 18 16 21 9 16 7 21
71 25 2 9 2 20 11 26 11 30 8 11 2 22 16 22 16 27 17 29 3 19 3 14 3 12 18 25 2 30 2 23 4 28 1 29 1 25 4 21 5 15 6 19 13 20 7 26 10 15 5 24
78 25 3 21 16 17 8 22 1 6 16 29 15 16 14 25 14 22 13 28 11 26 9 30 9 22 3 12 3 16 3 7 8 20 7 20 6 18 19 28 19 25 22 24 8 27 9 26 23 24 10 27
71 25 8 10 10 22 22 28 22 25 8 16 3 23 14 18 11 17 16 30 16 17 15 30 1 6 11 20 3 22 14 26 14 20 12 18 13 22 3 24 24 29 4 19 9 17 7 9 9 21 19 27
67 25 11 26 11 24 26 27 17 30 3 9 14 28 4 15 16 25 4 27 6 19 14 29 15 28 5 16 16 17 4 6 6 20 4 7 14 23 8 15 9 12 10 11 10 21 11 22 1 18 13 21
62 25 8 11 19 20 9 11 6 27 4 21 5 28 18 22 6 18 7 11 19 30 15 24 20 27 20 25 16 26 1 13 11 30 1 22 12 21 12 17 2 15 18 23 14 23 10 28 22 29 14 26
74 25 5 17 17 27 3 20 8 18 3 30 5 25 17 28 17 29 4 21 4 15 16 26 3 19 2 26 7 21 14 23 14 21 13 25 8 22 9 22 12 27 9 28 11 21 6 21 17 24 9 10
74 25 23 29 8 11 22 28 14 25 13 30 7 30 7 22 21 24 7 21 1 26 7 18 3 6 7 8 20 21 6 29 19 20 6 11 16 22 3 25 10 18 26 27 5 17 9 27 12 19 15 20
76 25 16 19 8 18 10 19 7 14 8 27 9 18 13 20 8 19 1 16 14 16 2 6 15 20 21 24 6 28 3 17 3 25 4 13 3 12 11 30 23 26 4 24 11 26 6 26 17 22 8 29
70 25 1 22 8 30 15 26 6 27 20 27 2 28 4 17 3 19 4 26 5 8 9 24 6 14 3 6 8 18 2 11 16 23 29 30 24 30 21 30 13 23 13 21 10 11 2 7 1 25 10 12
72 25 16 27 18 25 4 15 1 13 2 30 1 8 12 24 12 26 10 18 4 27 17 28 13 21 13 22 9 13 13 28 5 23 3 7 3 6 26 30 10 29 24 29 7 19 11 19 7 14 8 20
69 25 4 16 4 29 3 28 8 12 14 16 10 27 8 26 20 25 2 22 15 29 9 13 21 28 21 27 2 8 7 21 2 17 6 11 16 24 18 26 16 25 19 21 13 24 11 20 5 23 13 30
77 26 1 9 14 27 1 18 14 22 1 30 1 13 9 17 8 27 8 25 8 19 2 15 4 5 20 21 19 29 2 26 2 27 7 27 4 6 6 21 5 23 10 25 11 18 23 28 12 19 15 24 7 16
77 26 11 27 1 29 5 23 8 28 13 19 8 12 20 22 8 9 19 26 6 17 18 27 15 19 7 24 7 21 3 10 6 23 2 12 2 14 7 10 12 20 2 25 16 25 10 27 14 15 22 30 5 20
79 26 1 7 6 28 9 14 1 6 28 29 14 28 14 25 1 21 1 30 13 26 2 22 10 29 8 29 4 20 5 6 5 18 7 15 6 17 6 12 6 23 24 29 27 28 10 11 25 26 8 19 16 29
77 26 14 19 6 9 8 26 8 10 4 9 5 18 14 18 24 27 8 27 5 21 17 25 9 20 5 28 21 22 7 18 16 25 6 26 20 23 12 19 4 25 4 29 11 14 27 30 22 23 15 17 12 13
81 26 6 27 4 23 18 27 8 20 1 10 2 13 6 13 2 19 2 21 2 22 6 8 17 27 5 22 3 24 15 26 15 19 6 7 10 11 8 30 9 28 9 26 5 29 13 16 14 29 7 12 6 25
75 26 20 26 14 27 12 26 11 13 2 9 7 23 7 28 1 25 7 15 6 30 6 10 15 21 17 26 14 23 9 20 22 25 9 23 5 26 10 15 11 26 3 8 4 19 5 16 25 29 13 18 11 24
81 26 16 27 7 19 8 22 14 27 17 23 7 23 25 30 22 25 16 22 21 28 3 22 3 21 17 26 2 13 14 19 1 29 8 10 5 11 5 26 12 25 9 28 15 23 6 25 5 20 5 24 7 18
75 26 1 6 6 10 16 19 6 15 15 26 18 23 1 7 1 9 17 23 8 17 4 20 16 18 15 30 25 26 15 21 2 14 2 27 13 26 12 28 3 11 5 8 23 28 23 25 6 29 22 23 8 24
73 26 28 30 1 18 6 9 22 25 8 10 13 22 14 30 17 26 23 28 2 15 3 12 3 17 5 29 6 7 17 27 6 24 21 22 18 24 6 30 8 28 9 29 10 25 11 19 11 20 11 27 11 16
79 26 16 18 23 25 20 23 17 26 2 30 1 7 23 24 8 27 8 26 25 26 16 25 22 29 3 12 2 6 25 29 7 28 2 29 2 19 15 20 5 11 2 13 10 17 11 18 21 30 14 26 9 25
79 26 17 23 15 28 4 21 3 27 1 6 13 22 21 24 13 24 8 30 8 28 8 27 14 18 8 20 17 30 7 14 18 24 7 29 14 26 19 20 8 11 5 9 9 19 16 21 6 10 11 25 12 26
77 26 22 28 2 20 21 30 10 24 13 21 1 7 23 28 1 9 22 30 6 29 13 25 1 18 4 15 6 23 20 28 1 24 14 30 3 5 8 9 5 12 11 27 7 26 16 26 11 16 17 18 15 19
70 26 10 23 18 29 25 26 13 21 17 21 8 26 4 15 6 15 20 27 24 30 13 22 4 14 13 24 9 17 18 27 14 20 2 12 15 16 3 23 16 22 7 12 25 29 6 11 5 27 18 19 21 28
71 26 17 30 9 12 12 20 6 13 15 25 5 21 2 13 3 7 4 25 5 8 5 23 12 19 5 29 6 10 2 30 2 26 7 12 8 14 18 29 25 28 22 27 22 23 21 26 20 24 11 16 16 30
77 26 24 27 20 30 10 15 16 21 15 23 8 24 1 5 15 21 1 25 1 29 14 27 14 17 2 22 4 6 12 19 3 28 3 27 11 22 5 15 28 30 1 12 12 13 18 29 7 29 8 9 7 26
69 26 22 25 12 23 10 11 14 25 12 30 8 23 10 20 19 26 1 29 21 22 2 8 8 18 7 19 1 25 8 24 1 13 9 12 8 11 13 15 6 28 6 8 15 17 16 23 5 6 27 30 26 30
74 26 11 27 5 25 15 22 6 15 2 28 13 27 21 29 7 16 7 13 15 16 22 30 1 18 7 29 2 24 6 20 17 25 5 12 19 26 19 22 2 15 3 9 11 12 10 16 4 23 14 23 8 25
75 26 1 16 8 22 22 29 7 24 16 22 17 25 5 10 15 25 7 27 1 23 15 19 14 21 12 28 4 20 12 19 2 14 2 17 4 13 9 18 3 30 3 5 9 20 10 11 7 8 6 10 15 26
81 26 13 24 21 30 14 28 17 27 8 21 13 17 12 24 9 26 1 29 1 26 6 13 1 5 1 8 20 30 8 22 10 14 20 28 23 27 20 24 4 7 14 15 14 19 16 20 11 17 11 25 18 28
76 26 6 22 13 15 19 30 7 16 19 23 11 23 5 17 19 20 5 21 4 22 1 23 15 18 1 15 14 19 3 12 9 26 17 27 8 29 11 24 9 15 1 17 10 16 9 29 10 13 12 25 20 28
76 26 11 19 9 24 17 19 15 18 5 24 4 14 21 24 11 16 18 30 4 23 4 17 8 21 16 24 15 22 1 30 3 13 11 12 6 29 6 10 7 13 22 25 20 28 10 20 10 16 9 26 8 27
76 26 2 14 6 10 21 23 13 14 16 30 16 27 8 9 15 18 1 21 14 25 14 24 8 11 2 7 2 9 9 16 5 8 12 25 3 6 3 29 1 17 1 20 6 22 19 29 18 26 20 28 8 15
76 26 6 21 6 20 3 21 16 22 1 19 4 7 9 17 24 30 6 8 6 13 8 25 1 16 18 29 1 23 15 18 15 28 21 28 21 24 10 28 12 26 3 14 17 24 5 23 13 26 11 25 5 27
76 26 15 27 11 22 6 14 10 27 9 28 1 21 3 16 9 18 15 19 3 11 9 26 14 24 14 19 24 28 13 26 2 24 12 29 12 28 2 20 7 12 4 17 8 24 5 19 6 25 10 30 17 23
75 26 20 22 19 27 7 25 23 25 22 28 6 30 2 5 19 22 18 22 18 21 4 13 5 16 5 17 16 30 15 25 7 28 14 17 13 25 13 24 9 18 12 23 10 11 10 21 15 29 26 27 8 16
75 26 10 28 23 28 8 10 5 25 2 15 7 12 2 11 4 13 14 24 8 15 1 27 13 19 13 17 13 16 4 6 12 21 2 25 11 18 10 30 10 21 14 30 2 9 23 26 7 20 7 29 20 22
78 26 28 29 7 18 9 26 13 23 15 29 10 29 7 23 1 7 1 8 2 5 14 28 14 25 3 19 9 14 10 12 12 23 11 13 19 20 5 21 19 27 28 30 6 15 10 22 9 17 24 27 16 23
80 26 6 15 9 28 20 23 6 28 4 5 20 27 12 23 18 20 1 7 7 19 13 16 6 30 21 29 22 29 6 27 2 12 5 29 9 17 26 30 16 22 8 30 14 19 15 24 14 25 10 22 11 16
75 26 4 20 18 22 2 5 8 20 3 7 10 30 1 6 16 24 16 20 15 19 2 9 13 17 2 28 11 13 13 22 8 29 8 17 7 12 5 26 5 14 23 29 7 30 21 29 19 28 23 27 24 25
75 26 27 28 26 30 12 25 7 14 4 28 14 26 5 28 8 9 14 23 14 22 14 21 8 10 1 20 1 23 8 22 11 30 11 17 10 25 28 29 4 16 7 24 5 18 6 13 6 19 6 14 15 20
72 26 20 21 12 30 14 26 19 25 16 22 4 7 11 21 2 30 5 25 16 19 16 18 12 27 15 26 10 30 12 19 7 11 5 17 4 14 5 8 4 29 9 11 1 13 28 30 24 26 6 10 23 29
78 26 7 11 10 12 1 27 1 22 9 19 16 17 23 24 17 19 9 23 1 16 6 14 5 14 10 28 16 29 5 22 21 25 21 24 2 8 2 13 6 30 7 8 26 28 6 10 18 28 5 15 16 20
68 26 1 7 3 24 3 26 10 21 10 28 9 13 11 19 25 28 2 6 14 23 9 24 14 15 9 18 14 17 22 25 9 16 14 18 8 24 8 21 20 28 25 30 12 20 5 9 28 29 12 27 11 14
72 26 24 27 4 28 3 19 20 22 12 18 5 27 21 27 7 22 14 15 13 18 1 22 2 24 7 25 14 20 8 12 3 10 14 29 15 18 18 23 17 29 16 30 11 28 9 23 9 16 23 26 6 18
76 26 5 23 5 24 6 20 23 25 8 17 4 26 4 28 19 29 2 21 5 7 2 14 19 21 1 17 1 20 1 23 6 18 6 15 10 26 22 23 16 19 11 27 8 30 10 11 5 13 5 9 12 24
69 26 12 23 1 25 6 14 11 20 5 16 16 17 27 30 4 21 4 17 6 30 4 29 12 14 19 29 2 20 2 13 21 22 11 27 17 18 7 11 8 23 8 24 8 26 9 19 15 24 10 17 11 28
78 26 3 27 9 20 20 21 13 26 17 22 22 30 8 25 16 21 1 18 1 20 15 24 14 27 14 22 13 28 4 28 13 23 3 29 11 15 10 30 2 6 5 20 10 19 5 12 7 27 8 9 6 15
78 26 24 28 2 9 11 24 3 22 15 25 14 29 14 28 14 27 14 22 14 21 12 16 3 12 10 20 9 26 2 6 9 13 8 21 8 20 7 22 7 17 5 8 6 15 16 18 23 25 20 30 19 23
76 26 4 26 11 26 7 8 9 27 12 25 9 16 21 29 5 27 21 27 8 24 6 16 16 28 9 12 7 28 19 21 13 22 13 19 7 11 2 14 13 20 15 24 10 24 23 28 13 17 15 18 14 30
77 26 8 13 26 27 4 27 1 28 4 9 16 23 16 19 16 17 15 24 15 19 15 18 14 24 14 22 3 6 3 14 9 11 8 27 5 6 7 12 5 30 7 16 19 29 21 30 9 20 10 16 24 25
70 26 11 26 13 19 5 8 1 20 23 24 22 30 3 5 5 17 16 29 3 25 16 25 1 23 15 16 5 6 14 17 13 16 3 7 10 19 19 21 20 30 9 14 6 18 28 30 18 27 10 26 11 12
75 26 8 28 13 21 8 18 20 26 10 14 21 23 15 18 8 12 1 17 9 10 16 17 9 26 9 30 10 29 2 13 12 16 13 22 2 26 6 9 9 11 5 24 7 20 16 24 7 27 6 19 11 25
72 26 1 19 26 30 3 26 15 23 8 28 2 22 19 25 2 18 5 20 19 20 3 24 4 15 17 24 4 21 6 12 7 23 13 29 9 11 12 23 10 29 11 13 11 19 26 28 17 27 16 21 14 25
77 26 1 6 6 30 11 27 8 30 2 24 10 16 1 22 12 23 12 20 1 27 2 5 11 20 11 19 10 29 10 17 5 25 9 24 9 18 8 17 6 13 21 22 21 28 7 30 8 14 26 29 11 15
78 26 3 9 9 29 10 13 8 14 4 16 9 27 9 26 19 21 9 14 1 23 9 11 2 20 14 21 13 29 13 30 7 27 18 25 11 25 15 26 12 18 25 28 4 22 6 15 5 30 7 24 7 17
78 26 7 9 5 10 13 30 2 22 9 12 10 30 1 8 21 26 21 22 1 20 1 25 8 9 14 27 1 30 15 18 15 21 3 17 16 19 18 24 4 27 12 19 6 8 15 23 10 28 6 29 11 30
76 26 24 29 7 11 3 5 4 30 4 6 3 29 15 23 3 20 16 27 14 20 2 23 17 25 18 26 19 21 19 24 1 12 5 8 4 13 5 26 7 21 7 28 9 15 9 22 10 27 1 17 5 16
75 26 11 15 1 17 20 26 7 12 2 8 20 29 11 30 1 6 9 14 1 13 13 14 1 27 21 22 7 27 6 24 16 27 18 25 16 29 17 28 2 5 11 16 12 18 22 25 9 23 10 13 6 19
75 26 9 12 2 26 4 22 2 18 19 24 15 18 3 9 3 8 15 17 20 29 8 27 21 26 14 29 9 14 19 22 2 7 17 25 6 27 16 29 5 25 13 30 13 28 11 17 10 30 10 21 13 23
76 26 1 22 4 6 7 13 3 15 1 18 8 20 14 24 2 8 7 28 14 28 2 16 7 20 2 26 18 30 15 23 12 15 3 17 3 25 5 29 5 28 10 17 21 25 6 19 11 21 9 29 11 27
74 27 12 16 4 30 8 17 3 14 3 12 6 28 4 13 2 4 10 24 18 25 2 8 1 26 1 24 3 23 4 5 1 18 5 15 9 29 5 27 6 13 6 20 15 19 9 15 11 21 1 7 11 24 5 22
81 27 22 24 6 21 15 28 15 16 14 21 14 26 1 10 2 26 3 23 6 30 8 23 9 23 10 24 11 30 12 23 9 25 15 23 16 17 18 25 19 23 21 27 4 6 7 11 13 23 6 20 5 30 20 29
80 27 5 26 7 17 14 25 13 29 10 11 3 10 12 23 11 24 2 13 3 23 2 8 9 18 7 30 11 18 15 17 15 20 15 25 15 26 12 28 15 27 10 17 4 17 8 16 6 11 9 22 6 19 21 27
78 27 20 28 7 25 7 21 6 24 4 30 16 30 15 26 21 23 20 30 2 6 2 29 19 24 3 17 3 18 3 30 4 25 4 5 15 20 9 10 12 20 10 15 11 27 11 17 22 27 8 18 14 28 7 13
72 27 7 21 29 30 4 11 24 28 4 26 16 22 5 29 16 26 6 22 6 24 1 28 7 8 16 21 16 19 15 30 17 24 15 23 14 23 2 30 3 25 4 12 9 28 24 27 20 29 18 23 10 14 13 19
77 27 2 22 5 6 3 16 22 27 5 29 1 15 11 21 13 21 10 15 9 30 9 19 7 21 6 28 6 20 6 10 5 30 5 13 3 4 25 26 17 26 12 30 15 25 15 24 14 29 11 23 17 18 8 30
87 27 3 7 17 22 10 13 2 20 9 26 9 21 9 19 8 28 8 23 14 25 7 23 15 25 6 28 18 20 18 26 29 30 22 28 5 10 5 12 5 24 5 19 7 25 1 4 8 16 5 30 22 27 11 28
83 27 20 24 2 23 18 20 16 28 21 30 3 21 3 19 15 18 8 28 2 27 2 24 1 5 2 22 14 28 2 8 6 29 7 17 7 10 1 6 13 16 10 16 11 29 25 26 12 27 14 26 9 17 2 4
77 27 5 26 1 10 23 26 14 23 10 28 17 21 29 30 1 11 13 23 2 6 13 15 12 29 12 28 2 14 2 20 2 25 10 24 9 21 8 24 8 21 7 26 6 18 18 22 19 22 4 17 27 28 8 16
76 27 2 26 23 25 19 23 22 26 10 30 21 23 6 11 6 30 5 27 14 22 5 30 9 18 9 17 18 28 6 8 10 12 20 27 14 29 8 14 6 18 6 25 7 16 16 17 3 4 13 20 24 29 5 15
73 27 14 25 11 24 6 12 5 11 7 13 9 12 6 10 11 21 18 26 2 10 3 8 16 27 4 10 4 24 19 29 15 21 5 28 6 16 14 28 6 30 14 22 7 16 7 20 9 29 11 18 3 23 16 17
78 27 7 22 6 15 5 12 15 20 20 26 13 22 21 27 4 27 2 16 21 28 8 29 1 6 8 27 1 10 8 22 13 24 13 26 1 18 6 14 5 13 11 27 24 30 12 23 4 17 11 19 12 25 9 22
76 27 4 19 2 30 13 21 2 10 15 30 13 28 14 24 8 9 2 24 2 17 8 15 8 21 8 23 8 27 1 26 29 30 7 28 3 6 22 25 15 22 4 18 5 27 19 26 11 14 13 16 12 15 17 20
82 27 5 18 7 8 3 21 9 17 21 24 11 24 1 25 8 17 7 28 8 11 13 14 23 24 21 22 12 28 7 18 12 19 12 14 4 28 13 15 11 16 6 19 10 27 5 26 4 20 3 29 10 22 10 30
77 27 1 21 6 27 20 28 13 30 20 25 8 13 2 17 11 24 17 24 24 25 8 26 13 29 9 29 8 19 12 26 3 18 14 17 17 23 21 27 4 19 13 15 2 8 3 10 16 18 7 12 5 30 18 22
77 27 10 21 13 15 1 22 2 10 16 23 16 20 1 24 10 20 19 30 11 28 2 15 12 28 3 18 19 20 1 11 3 17 7 28 7 14 4 10 6 27 24 26 5 13 6 7 17 29 13 25 8 29 9 11
83 27 3 6 7 16 14 17 1 25 18 30 26 27 5 6 9 16 9 21 16 18 10 12 4 7 29 30 13 25 2 12 12 15 2 19 3 16 20 24 21 28 14 16 7 8 12 20 7 11 10 22 8 27 19 23
82 27 20 30 8 12 14 28 14 17 2 10 3 17 4 29 5 20 5 28 6 12 6 21 8 20 9 12 10 27 11 22 11 27 16 18 16 30 23 30 25 26 25 28 27 29 19 29 9 24 8 13 7 29 13 15
80 27 5 15 6 13 1 22 7 20 18 26 24 28 23 29 24 30 1 10 7 13 14 22 16 21 11 26 3 12 10 23 2 4 2 26 10 28 6 21 16 22 9 12 9 17 16 25 8 13 4 19 5 17 15 27
86 27 3 10 3 8 5 27 11 29 14 23 1 29 2 5 7 20 15 26 15 27 6 29 11 20 19 23 6 19 3 17 3 18 3 30 4 16 16 29 25 30 26 28 6 24 5 22 5 21 5 9 12 24 12 13
76 27 15 26 2 18 17 27 10 16 6 9 4 9 5 15 16 29 1 25 14 24 1 19 14 20 12 24 1 29 1 30 14 26 2 20 2 28 6 27 6 11 3 22 15 27 11 13 3 23 15 21 7 29 8 25
84 27 2 18 1 14 18 30 4 13 7 30 12 26 22 25 22 24 3 12 21 27 18 29 13 18 8 22 7 28 3 8 14 21 6 26 5 17 12 19 5 6 5 9 16 25 6 20 15 30 15 23 10 20 11 16
76 27 26 30 20 24 1 11 9 24 15 18 2 29 7 17 17 21 7 24 7 29 8 12 15 23 8 29 6 27 14 24 13 28 2 16 10 29 11 23 19 22 5 11 27 29 24 25 4 16 24 28 21 26 22 23
82 27 21 23 3 21 3 19 4 25 4 19 4 18 3 26 3 17 20 21 2 13 2 11 21 30 28 30 16 27 5 15 5 22 6 13 6 15 14 16 7 12 12 21 10 23 24 25 25 29 8 14 8 30 9 16
84 27 1 5 17 23 10 21 3 29 15 21 14 18 1 8 1 10 13 26 13 23 1 19 12 30 27 30 2 23 8 14 2 27 7 16 7 11 6 12 5 11 18 22 20 26 21 25 4 21 8 9 15 24 24 28
78 27 3 30 5 19 2 4 14 17 21 28 12 15 11 23 10 15 6 26 1 13 6 11 2 6 9 12 2 8 1 20 11 29 20 28 5 26 20 22 5 9 17 30 10 25 27 28 7 29 13 18 13 16 14 24
79 27 17 26 6 26 2 16 13 16 22 28 7 21 7 16 22 23 15 23 21 27 15 29 13 25 10 19 2 15 2 19 5 22 18 28 4 28 17 23 4 12 14 23 9 13 7 20 8 23 12 30 24 29 1 11
75 27 4 21 5 11 5 12 5 13 21 23 6 20 10 15 15 16 6 24 8 14 19 27 19 28 7 10 12 27 20 27 12 21 1 24 18 26 6 22 13 26 14 29 3 25 15 20 4 8 10 30 9 20 10 17
78 27 18 26 20 22 9 19 12 30 3 16 23 28 13 29 8 22 1 6 1 9 12 23 1 15 8 12 8 11 15 29 20 24 13 21 3 12 7 21 14 22 14 27 5 10 5 11 16 25 9 26 17 25 4 28
78 27 6 7 14 28 10 18 23 27 19 24 9 13 5 6 9 27 3 15 15 28 4 12 6 26 20 22 1 26 9 14 13 18 19 25 9 11 8 12 8 29 15 22 4 14 8 24 2 21 21 30 16 17 16 19
78 27 19 26 9 15 13 26 6 9 9 24 10 17 4 17 20 29 12 26 12 24 7 10 11 27 27 29 7 19 7 22 10 20 4 5 2 22 3 25 15 28 17 21 16 25 4 23 14 21 8 13 22 30 18 27
78 27 24 28 22 28 15 19 25 30 7 21 13 26 8 16 22 23 3 5 14 28 19 25 4 11 6 12 1 18 15 18 1 21 6 14 7 8 15 22 4 9 4 6 10 13 3 29 26 27 17 21 17 26 13 20
71 27 6 15 6 20 11 23 12 24 8 19 3 30 1 13 15 28 12 17 4 8 12 19 2 6 19 20 18 26 8 27 13 18 4 16 5 12 4 10 11 21 28 29 11 22 7 12 23 30 9 26 10 14 21 25
73 27 3 5 9 18 11 17 11 20 13 19 4 26 4 18 21 22 2 21 4 28 5 6 5 19 6 16 6 25 7 17 8 17 1 26 8 19 8 27 9 15 10 13 11 30 12 16 14 17 24 27 25 29 7 23
80 27 19 21 2 9 5 9 13 15 11 26 12 17 12 19 2 14 12 29 12 30 2 28 13 23 2 4 1 25 14 17 11 21 10 29 9 15 8 22 7 28 7 24 6 28 14 27 16 19 15 22 8 18 20 25
79 27 10 30 7 20 9 27 14 16 1 11 8 29 1 13 20 29 18 20 1 26 27 30 21 23 2 20 2 30 7 23 3 22 16 27 4 23 5 10 22 24 15 20 15 25 12 18 6 22 6 17 22 28 1 19
74 27 6 18 1 28 7 27 20 22 2 16 10 29 2 4 5 20 3 7 2 5 10 26 10 12 15 28 12 21 9 28 12 28 1 13 13 25 14 21 2 11 17 27 29 30 23 26 17 19 5 8 6 30 23 24
73 27 18 21 24 30 23 29 3 27 8 10 22 26 9 18 5 17 2 29 10 14 10 18 3 26 10 27 11 30 12 13 9 25 15 16 1 24 10 12 4 18 28 30 9 20 8 16 7 15 6 11 17 24 19 30
83 27 19 28 12 28 7 14 16 23 18 27 5 26 9 10 25 28 9 12 4 16 9 13 13 26 3 28 1 14 14 24 3 23 3 18 8 26 6 27 10 22 21 24 20 24 11 13 10 29 6 17 9 15 8 30
76 27 20 27 16 26 9 26 15 19 7 24 19 20 14 15 3 14 3 4 13 30 2 23 18 30 7 25 7 27 19 30 8 16 20 29 7 8 4 5 6 26 17 26 17 22 16 28 15 21 10 20 12 27 11 26
75 27 2 23 14 29 8 12 10 21 18 29 3 9 21 30 11 15 11 29 2 6 3 8 11 13 12 22 3 14 8 27 8 17 10 24 8 10 7 11 25 28 24 26 5 23 20 26 19 24 3 16 17 28 4 21
77 27 7 26 9 10 8 28 5 19 10 17 12 21 4 14 4 21 4 28 2 14 6 29 8 15 3 23 3 7 2 18 4 5 9 14 11 26 11 27 13 22 15 25 20 30 22 24 22 29 28 30 24 25 5 16
75 27 8 29 12 19 3 13 21 25 15 23 7 11 6 9 9 29 6 21 1 20 1 21 1 23 24 27 11 19 10 22 21 30 10 16 5 30 9 12 3 27 5 14 17 26 26 27 4 15 28 29 15 16 8 18
76 27 8 28 4 26 16 21 5 27 10 30 10 24 2 15 3 6 12 14 1 12 1 17 9 19 8 29 2 22 24 29 20 22 3 19 6 27 3 28 21 30 4 18 18 30 7 10 13 20 7 23 7 25 6 11
77 27 11 26 4 28 4 22 14 17 17 27 7 16 20 23 5 13 16 26 8 29 3 4 1 27 7 29 7 22 7 15 2 19 21 27 23 30 6 17 5 10 12 24 18 24 18 26 10 16 9 27 14 23 6 25
79 27 14 17 2 24 13 21 15 29 9 20 15 17 8 25 8 23 1 21 8 20 6 12 1 30 13 17 20 24 22 27 13 28 7 16 19 24 3 7 6 30 10 16 11 15 2 4 27 30 26 30 13 18 5 18
73 27 19 20 12 16 16 23 4 22 3 24 17 27 9 17 15 25 12 14 13 19 14 17 10 24 15 26 15 28 1 11 16 24 3 6 27 29 10 15 3 30 8 20 4 15 7 30 5 12 17 20 3 21 18 23
76 27 2 15 5 28 3 13 10 19 11 14 7 27 5 9 16 24 4 22 25 26 10 22 1 21 15 28 4 17 14 27 7 21 6 22 7 29 13 26 8 14 8 16 2 18 12 26 13 20 9 17 5 30 5 23
81 27 6 26 15 30 13 24 4 21 19 28 6 13 2 30 7 27 2 25 6 27 8 12 13 17 12 26 17 29 5 7 3 5 23 24 19 24 19 22 1 9 11 18 4 5 11 30 4 16 16 20 10 24 12 14
75 27 14 24 8 13 3 16 19 28 12 23 14 30 8 14 10 17 7 11 6 18 5 9 4 14 4 10 3 29 3 21 3 15 9 21 10 15 10 18 10 22 12 25 13 23 14 27 20 23 26 28 26 29 8 11
84 28 23 24 20 29 8 22 2 25 1 9 1 11 12 28 12 27 1 30 11 27 11 24 2 8 11 16 11 14 2 21 10 15 3 9 10 12 3 17 4 20 4 28 7 12 16 19 26 28 13 26 9 18 6 30 5 26
74 28 12 22 6 30 7 27 24 28 4 14 9 12 13 24 6 8 11 24 12 20 4 15 5 20 5 17 5 6 20 28 4 22 18 24 2 19 19 21 3 23 3 17 2 13 2 26 16 24 6 25 7 12 10 25 22 29
76 28 16 20 6 26 12 21 19 30 17 29 8 12 6 23 17 20 5 10 29 30 1 16 16 23 5 16 1 21 13 22 13 15 10 11 9 24 9 20 4 23 5 28 22 29 17 18 4 14 21 27 23 25 7 14 3 20
84 28 8 23 8 14 16 27 13 24 7 11 3 13 3 14 16 22 14 25 9 14 13 22 13 17 9 26 1 29 12 17 11 22 2 17 2 18 11 20 2 21 5 6 5 29 10 16 5 30 8 19 23 28 15 30 4 25
78 28 11 24 5 10 16 24 4 28 4 27 4 25 19 22 2 5 13 19 10 13 8 17 3 7 19 20 14 26 11 19 18 26 7 14 1 17 14 15 8 25 9 19 11 14 23 27 12 24 6 19 5 30 5 29 11 21
82 28 9 23 13 17 19 27 11 29 26 27 14 25 2 3 9 28 10 18 15 21 3 17 9 17 10 28 13 25 2 29 8 14 7 15 24 29 5 24 22 23 21 29 4 28 20 25 6 25 6 27 12 21 9 16 29 30
81 28 7 12 14 23 7 21 4 13 19 21 23 26 9 21 13 16 6 16 23 24 3 13 13 28 6 18 6 19 1 23 1 30 6 23 15 27 2 20 14 27 12 29 17 24 11 13 8 9 5 12 10 24 25 28 17 22
89 28 16 19 14 27 3 6 17 19 20 24 4 14 20 21 18 27 20 23 8 18 17 29 8 29 3 29 16 24 1 17 12 16 10 20 5 6 2 25 8 26 10 11 10 28 9 18 7 28 7 13 5 30 22 29 15 27
77 28 12 20 3 28 13 14 3 19 8 10 3 11 9 25 19 23 3 8 4 17 18 19 18 21 16 24 19 30 20 24 21 22 21 24 2 8 1 29 5 8 2 4 7 15 14 15 13 16 12 25 2 6 26 27 7 27
82 28 20 23 19 29 1 15 11 26 19 21 1 9 8 9 7 27 7 24 7 23 13 24 1 30 19 30 7 14 6 29 16 23 6 23 2 26 18 30 3 14 5 16 4 30 10 30 24 25 12 26 22 29 5 28 15 17
82 28 12 15 14 24 2 6 4 23 9 14 16 24 6 10 4 28 16 17 4 16 14 15 3 15 3 11 19 21 1 18 14 18 29 30 7 9 13 26 7 25 9 26 12 29 12 19 5 9 20 23 8 9 8 27 22 30
80 28 27 28 6 7 2 8 7 24 8 15 13 16 3 24 13 17 8 21 8 19 7 28 1 17 15 24 4 16 15 30 4 5 11 18 9 19 3 26 11 12 3 12 5 20 25 30 23 25 6 29 14 20 22 23 10 15
78 28 2 19 6 21 12 16 4 30 18 30 14 30 3 10 1 29 2 7 15 19 15 26 16 26 14 27 14 25 2 20 1 4 13 25 9 26 4 23 8 24 5 12 8 14 6 8 22 24 1 3 5 28 11 20 17 18
80 28 13 27 13 23 8 13 3 18 6 27 17 22 17 30 11 28 1 21 1 18 16 17 15 19 14 29 2 4 14 24 18 23 12 25 1 30 11 27 3 10 5 30 5 9 20 23 24 27 2 7 20 25 22 26 7 19
87 28 14 30 3 28 9 12 14 29 14 27 13 23 12 29 1 18 11 15 2 7 11 14 10 14 1 27 8 29 8 22 7 23 6 22 5 28 5 18 16 28 23 26 15 20 18 25 19 28 7 24 9 21 5 17 2 4
88 28 15 29 16 17 5 17 28 30 4 28 8 16 16 28 4 22 1 3 1 18 3 23 14 27 13 25 11 20 12 13 20 27 2 12 23 30 21 28 3 15 6 7 20 29 6 17 11 26 10 24 9 30 9 24 9 19
80 28 3 4 15 23 5 20 9 10 25 29 4 25 11 16 3 30 1 8 1 15 13 19 13 15 2 9 6 25 11 23 7 12 2 28 5 21 3 9 3 22 7 24 21 26 21 27 22 24 14 23 19 20 9 17 8 18
84 28 6 15 15 29 1 3 1 18 14 25 14 24 1 30 2 4 13 22 2 17 12 25 2 19 12 20 2 25 2 29 11 16 3 8 3 10 3 21 9 18 7 27 4 26 5 11 6 23 3 5 22 29 22 28 26 27
84 28 15 26 4 8 15 27 1 23 2 27 23 30 3 27 3 4 5 24 11 27 15 24 15 20 15 19 13 26 9 15 8 28 7 24 3 21 17 21 22 27 18 24 21 29 8 10 7 14 6 30 9 12 24 25 16 19
78 28 9 29 5 7 10 25 5 29 19 25 7 23 8 16 14 25 1 13 14 18 13 18 1 27 12 29 12 21 4 7 12 16 2 12 2 17 11 26 11 24 3 28 3 24 3 22 3 21 5 15 25 30 6 28 15 20
79 28 5 6 1 29 5 24 1 17 7 9 21 22 21 29 12 21 18 23 17 27 17 24 16 29 7 30 12 26 8 20 1 14 16 18 15 21 8 28 8 29 9 14 11 18 25 30 10 24 13 20 10 19 2 3 4 30
84 28 1 20 2 25 14 22 9 12 4 7 6 12 6 17 2 23 19 28 19 27 4 5 1 18 6 28 25 30 1 4 15 19 12 23 16 22 3 19 9 10 8 14 8 15 13 28 21 30 23 29 5 11 20 26 20 24
89 28 13 17 20 24 23 24 22 24 13 18 1 4 21 27 7 22 21 24 20 29 13 27 10 27 1 27 14 20 5 26 5 16 15 21 4 25 4 16 8 20 28 29 11 24 6 16 5 30 9 29 11 12 13 19 3 20
78 28 14 23 15 30 17 28 3 9 18 24 10 30 8 29 4 13 7 10 11 23 2 25 11 27 9 20 12 15 3 4 10 28 12 20 12 23 2 9 9 22 4 5 8 9 26 29 3 16 19 25 21 22 22 24 6 23
80 28 21 23 5 12 18 25 3 6 1 7 1 19 14 28 15 18 8 23 2 13 4 9 7 29 12 28 7 14 8 26 7 27 3 21 12 16 14 20 8 29 18 21 24 28 6 10 5 22 6 11 20 30 9 30 17 20
82 28 16 17 18 28 6 8 8 16 8 19 1 16 8 25 14 25 9 19 1 24 16 30 10 21 10 12 3 25 18 21 3 26 3 27 18 29 4 22 26 29 23 26 4 30 12 15 5 23 11 13 13 28 7 22 4 20
85 28 11 23 2 6 13 22 11 18 13 16 8 16 22 28 9 20 9 25 16 20 16 17 4 13 1 20 8 29 11 22 2 24 12 16 12 14 3 9 3 7 25 30 26 29 5 8 6 27 11 21 10 17 10 15 7 19
81 28 6 17 11 17 12 23 14 28 2 17 2 21 21 23 6 16 10 23 20 25 5 23 2 14 2 15 5 19 8 28 2 26 2 27 2 30 9 23 3 10 4 25 3 24 4 12 4 18 13 29 7 25 5 13 8 22
78 28 2 29 2 18 11 20 8 27 1 12 3 16 6 20 17 29 18 27 5 17 22 26 8 15 1 19 3 4 2 3 1 25 18 26 21 24 2 7 20 22 2 30 12 13 17 21 10 23 26 28 10 22 9 25 5 14
80 28 29 30 26 30 11 25 11 17 25 29 8 17 22 30 3 5 8 28 8 21 1 8 15 17 12 19 5 23 3 21 7 27 3 18 20 27 2 12 4 10 2 9 10 22 27 29 24 26 5 14 8 13 6 12 16 18
82 28 14 22 5 23 12 22 16 21 14 27 7 10 3 16 19 24 1 18 8 18 5 20 15 18 22 30 8 29 20 29 15 30 18 26 7 22 3 30 19 25 19 27 4 27 12 17 25 28 6 27 7 11 9 12 10 13
82 28 5 19 17 30 24 30 19 30 16 21 13 17 1 4 14 21 1 30 2 12 10 22 10 17 9 19 9 18 3 27 2 3 8 12 7 26 6 19 4 28 19 25 5 16 23 29 18 26 7 11 3 23 20 28 9 15
87 28 1 10 10 11 4 5 7 12 5 13 14 29 27 28 14 18 1 7 13 22 13 19 12 19 3 24 12 17 8 21 11 30 11 29 11 27 18 21 26 29 1 6 5 24 9 16 8 25 8 23 9 19 12 15 5 20
79 28 4 16 3 30 10 26 12 19 7 24 1 29 5 8 16 21 4 28 22 25 1 17 6 11 4 23 1 21 4 20 1 25 9 11 2 5 6 27 18 24 7 23 8 15 14 28 4 9 2 26 2 30 12 17 13 21
85 28 29 30 9 20 1 3 11 30 2 11 5 7 20 28 12 26 16 26 3 5 13 27 16 25 7 18 6 12 1 15 1 25 1 21 4 22 21 24 7 9 9 27 4 24 11 23 8 30 15 19 8 10 12 17 14 30
84 28 25 28 2 5 2 13 1 3 15 29 15 21 14 19 13 25 13 19 13 16 12 25 2 8 2 9 29 30 2 23 10 27 9 21 8 22 7 15 4 29 6 24 6 21 1 11 19 20 17 24 23 27 8 26 7 18
84 28 5 19 3 26 18 20 2 4 17 18 16 29 16 20 1 12 15 21 14 28 1 24 12 25 12 22 11 28 11 26 9 12 3 18 8 18 6 14 5 14 5 15 5 25 24 30 10 22 23 28 7 13 7 23 8 27
83 28 13 23 17 26 8 14 8 12 12 24 3 17 2 19 12 28 2 11 13 19 13 26 13 27 15 18 15 27 15 29 2 9 8 29 8 16 5 8 7 21 7 16 6 22 6 11 29 30 19 20 8 25 8 10 1 4
83 28 19 30 7 30 6 21 14 16 5 23 24 25 1 17 1 20 3 8 14 29 3 22 4 21 4 23 4 30 13 14 22 24 14 15 5 28 7 22 20 29 8 15 10 22 18 28 25 26 9 15 12 21 5 27 10 11
85 28 15 21 9 22 3 21 4 5 17 24 1 8 1 19 11 25 1 24 16 27 2 4 11 20 24 26 21 27 8 29 5 15 14 29 6 13 13 25 13 23 12 14 12 18 20 21 14 28 22 26 10 19 6 7 13 30
79 28 6 10 5 19 5 18 3 8 23 25 14 23 12 16 3 13 3 9 10 21 10 25 10 26 10 29 11 28 8 30 12 19 1 19 13 14 3 19 11 15 8 28 7 30 4 20 4 27 4 19 17 21 22 26 22 24
74 28 4 18 7 11 17 24 13 18 13 22 2 7 8 16 10 25 14 30 14 27 4 21 4 30 1 28 14 23 9 17 5 10 13 28 8 30 6 30 2 20 4 17 2 25 2 26 12 19 3 5 10 15 7 12 20 29
78 28 4 13 12 14 10 17 3 11 5 16 1 12 4 17 4 18 6 8 1 15 9 23 15 20 13 24 13 14 15 26 15 29 16 18 11 24 28 30 8 29 6 30 6 21 6 7 18 27 23 26 25 27 19 28 22 27
92 28 15 23 6 22 20 27 6 18 5 25 1 8 2 17 21 22 1 5 5 30 21 27 2 27 2 28 13 24 13 22 9 14 4 20 10 25 18 19 2 9 4 26 15 26 6 11 15 29 16 30 7 20 11 12 1 3
83 28 9 27 12 13 12 24 14 23 5 6 10 11 9 16 9 12 8 21 5 27 2 4 4 14 3 28 3 21 3 20 3 13 2 21 10 25 10 26 12 18 16 19 18 25 20 22 22 30 11 29 7 30 17 18 15 26
81 28 5 11 20 27 14 19 12 25 10 15 5 16 1 28 5 9 4 9 3 28 17 23 7 27 3 21 14 18 8 23 3 12 3 9 2 13 11 19 10 19 2 6 4 29 23 28 23 27 16 22 5 26 5 30 24 26
80 28 17 27 9 15 17 22 6 11 17 21 8 24 4 14 17 24 10 12 25 30 17 19 2 11 7 25 14 26 9 10 14 20 1 17 9 17 3 20 13 20 12 16 5 23 10 23 6 25 18 20 4 29 10 18 9 28
80 28 10 27 4 16 8 13 19 22 23 28 17 29 21 30 20 21 6 22 1 14 19 26 19 25 5 26 9 19 2 3 2 18 2 19 10 28 11 25 15 28 17 27 17 21 3 17 4 9 12 29 7 20 24 25 8 10
77 28 11 26 14 25 19 30 15 18 9 26 8 9 15 23 4 30 9 13 2 16 14 15 16 26 6 16 2 17 15 19 15 16 14 29 1 20 1 27 5 25 3 16 12 22 12 14 11 24 10 19 21 28 21 26 7 21
86 28 16 27 3 10 8 12 13 22 3 4 7 28 1 8 14 20 7 16 7 12 1 20 22 28 6 26 6 20 15 22 20 30 5 8 17 24 7 11 2 3 17 20 9 19 4 23 18 23 3 29 9 14 13 25 21 29
88 29 17 21 25 29 10 13 15 28 4 23 1 4 4 18 1 15 16 24 9 15 9 17 9 19 3 30 3 25 14 19 10 25 13 26 2 29 12 28 11 30 12 25 22 30 7 14 24 30 6 14 8 11 7 27 8 20 5 29
96 29 12 21 2 12 3 17 3 19 3 25 4 24 14 28 18 24 5 12 19 30 12 28 1 5 23 28 23 30 3 15 8 23 9 19 27 29 4 17 13 30 14 16 8 20 14 22 4 10 6 23 11 17 7 25 11 26 13 27
84 29 10 22 19 27 18 26 18 29 6 9 16 17 11 25 12 14 12 24 2 19 15 16 1 27 9 22 1 24 16 28 17 24 17 25 13 15 8 22 8 21 8 16 4 15 7 28 5 6 6 29 20 29 23 29 24 30 1 3
84 29 13 23 4 20 4 18 1 8 1 30 2 22 13 19 12 16 11 18 10 27 10 20 9 23 8 15 2 19 1 29 2 24 7 30 2 26 7 26 6 27 3 23 5 27 4 15 17 27 16 27 21 30 14 15 21 28 21 25
80 29 1 2 17 18 17 22 12 14 9 27 3 8 18 29 2 4 19 26 3 28 20 25 10 21 4 17 4 19 1 23 16 24 5 30 15 23 6 27 14 23 6 30 14 21 13 22 8 15 9 29 10 24 20 22 2 7 9 11
85 29 10 24 14 29 2 22 8 26 21 23 1 29 23 25 1 4 6 19 22 28 6 15 15 27 1 23 1 26 13 21 15 30 5 25 16 17 20 21 5 19 3 6 3 12 18 23 9 23 13 22 7 25 9 10 17 23 4 11
84 29 3 4 14 23 4 5 19 20 1 10 1 22 9 22 9 17 17 21 13 30 8 30 1 8 1 15 14 15 3 23 3 16 1 26 2 4 14 29 15 25 18 30 10 12 6 13 18 19 6 7 5 24 11 23 15 28 9 27
86 29 18 29 26 28 3 28 5 19 1 12 6 21 10 24 3 29 11 28 4 30 19 20 1 10 5 6 14 21 7 24 7 25 3 8 2 26 18 21 6 15 11 22 16 22 10 30 11 13 12 19 27 29 14 23 9 20 4 17
85 29 3 4 16 24 25 29 13 17 1 10 17 18 16 18 7 24 24 26 12 26 8 26 10 11 1 30 23 24 24 30 6 24 9 21 6 28 20 23 14 20 5 7 20 25 15 30 2 17 4 21 21 25 12 19 12 22 13 27
81 29 17 28 3 18 18 19 4 23 18 29 2 11 16 26 7 13 7 10 27 30 17 20 1 9 1 10 6 28 16 23 16 22 7 8 28 30 2 8 11 29 3 23 2 14 3 20 18 24 5 25 21 28 2 5 6 12 8 15
83 29 21 22 2 19 11 26 5 28 8 25 4 6 17 24 3 28 16 25 7 19 14 28 7 21 1 2 13 29 5 9 13 22 8 28 12 25 2 6 11 30 11 12 10 22 18 26 26 29 4 27 5 17 23 29 13 15 13 20
85 29 12 29 3 6 14 27 1 19 1 9 8 30 18 19 6 11 17 27 23 27 11 28 3 29 8 22 9 15 15 27 10 17 14 22 2 3 11 18 12 20 12 16 24 27 26 28 7 24 4 17 13 29 11 21 8 25 5 24
83 29 10 17 5 8 1 8 25 30 18 22 15 26 28 30 15 24 1 26 1 27 12 21 2 15 11 26 11 18 11 13 10 20 10 16 3 7 10 13 9 29 3 17 8 9 4 22 6 7 5 30 19 30 18 23 21 27 14 29
85 29 6 27 7 14 10 13 16 17 8 20 8 19 1 15 14 30 21 26 14 25 6 7 14 22 13 15 5 20 1 22 22 24 19 26 19 29 8 17 10 17 10 18 1 28 12 13 11 30 6 23 4 23 9 13 3 12 2 10
82 29 15 26 7 12 20 24 26 28 3 20 5 25 6 10 9 18 12 14 8 10 7 17 15 21 7 13 14 27 6 16 6 15 7 15 3 6 18 24 5 16 3 30 4 25 4 23 1 6 2 7 10 19 12 22 12 29 6 11
83 29 6 8 2 17 8 24 16 22 12 28 18 28 14 16 4 12 16 26 16 23 16 20 3 29 3 25 14 29 1 16 11 23 13 21 2 5 2 29 10 25 11 12 4 15 9 10 7 28 19 28 19 24 9 13 10 27 17 30
81 29 8 9 9 11 15 28 1 11 12 28 13 29 8 21 2 23 18 22 2 18 2 16 14 18 3 8 2 8 2 5 1 26 9 29 10 12 9 12 14 24 18 19 17 29 3 27 7 12 4 9 16 20 10 30 11 25 6 29
92 29 16 28 8 15 19 26 5 20 18 21 18 28 18 23 2 25 5 28 15 29 8 16 8 26 14 25 14 23 13 15 10 28 6 17 7 12 3 5 4 21 4 22 6 10 9 30 9 21 9 24 9 27 10 11 7 29 1 11
83 29 15 22 6 13 23 30 1 25 4 24 7 12 3 24 9 26 16 25 12 22 15 20 15 17 12 25 2 19 11 26 11 22 10 15 9 29 3 27 3 30 6 25 5 6 6 27 20 28 19 27 7 21 8 17 8 18 14 24
84 29 7 30 17 24 11 19 6 18 7 10 14 17 16 23 15 30 15 22 15 19 7 28 1 18 4 19 14 21 1 5 13 21 8 27 3 5 3 7 10 16 3 20 16 26 1 2 5 24 19 29 7 25 9 27 7 27 8 12
85 29 14 17 12 21 7 8 11 24 2 18 16 30 10 22 19 27 4 15 2 25 18 27 17 30 4 8 13 30 16 23 20 25 1 19 15 27 10 27 11 19 11 16 6 18 12 27 22 28 3 6 9 21 10 26 5 30 18 29
89 29 21 25 14 23 5 26 8 17 1 10 1 14 2 24 2 25 3 10 3 22 3 27 4 16 4 24 5 9 5 24 2 3 8 29 8 30 15 28 17 20 21 30 25 28 4 6 4 12 17 18 7 11 7 9 16 19 13 16
87 29 12 21 7 8 3 10 16 25 16 24 14 27 13 16 11 23 2 8 2 10 7 28 11 15 3 16 3 17 3 18 3 26 6 18 4 15 5 10 21 30 1 9 26 27 19 23 6 11 24 29 9 12 20 30 7 22 21 29
84 29 17 30 5 22 7 16 9 22 12 25 26 27 8 9 3 18 13 26 6 19 3 10 1 21 17 21 17 19 7 17 2 10 13 15 22 28 13 16 13 18 3 4 20 24 12 18 14 24 5 13 20 30 19 23 4 29 11 26
80 29 1 28 2 11 4 7 18 30 11 21 6 29 2 6 5 8 15 22 14 28 1 10 14 21 12 24 16 25 9 11 13 23 17 19 17 20 13 22 13 20 9 26 8 18 2 27 7 24 5 25 11 25 10 12 5 13 2 3
79 29 17 26 1 15 21 24 23 30 9 20 2 13 4 21 20 22 4 14 16 26 16 22 8 26 9 15 14 28 9 27 16 24 10 13 10 14 13 23 12 17 3 9 11 30 11 19 6 21 7 13 6 29 6 25 5 15 18 24
81 29 10 12 23 28 17 18 16 20 2 29 6 12 14 25 21 27 2 30 1 2 7 10 13 26 5 17 12 30 8 20 5 28 19 24 21 30 7 8 19 21 17 27 15 26 11 18 10 26 4 10 9 21 17 25 2 22 2 3
84 29 3 24 3 12 5 17 14 25 18 22 6 25 7 11 19 29 2 22 19 30 8 27 7 22 14 22 8 15 13 29 1 17 21 25 28 30 15 20 17 29 15 28 17 25 4 29 5 16 5 24 23 26 10 15 9 12 12 26
79 29 17 29 18 19 9 15 12 28 13 21 2 29 2 18 4 17 19 20 19 24 2 23 20 22 16 20 21 26 21 29 1 19 5 17 11 15 5 25 5 30 15 21 14 28 14 23 7 23 8 18 10 22 3 13 3 6 25 27
86 29 17 29 24 25 24 26 1 7 10 20 23 25 22 26 1 28 13 18 6 25 2 14 2 15 2 20 20 26 5 15 16 22 19 27 3 10 5 7 18 29 4 30 18 22 16 30 6 11 2 9 9 19 8 16 12 14 8 21
87 29 17 19 9 24 23 26 12 30 24 27 15 17 2 5 3 14 8 16 15 26 12 28 2 19 12 29 14 25 3 18 9 17 1 20 13 20 18 23 4 18 20 21 9 12 11 18 10 15 10 16 9 22 7 27 7 20 6 18
79 29 15 21 1 22 7 21 4 9 4 17 10 14 15 30 15 18 10 15 12 28 8 20 9 23 7 22 6 18 6 8 5 28 5 27 4 30 2 23 9 12 9 19 7 25 14 26 16 21 26 29 24 25 6 13 11 23 3 11
87 29 17 21 10 30 16 19 2 13 7 30 18 20 18 19 9 28 17 27 17 18 5 14 2 6 2 7 1 3 15 17 3 4 14 27 4 24 3 23 3 26 3 30 4 18 12 24 8 10 19 28 25 26 11 20 7 22 29 30
90 29 12 18 5 18 1 21 6 13 15 30 15 23 14 18 1 8 1 17 8 25 15 22 11 29 11 26 11 16 1 29 2 21 9 29 24 28 19 30 19 29 1 6 19 24 18 30 27 29 1 3 8 10 7 18 20 23 2 4
85 29 20 26 7 29 4 19 4 25 21 24 1 13 1 19 18 26 16 20 15 30 15 27 3 29 15 21 14 30 2 3 5 12 13 23 6 17 7 10 12 21 7 16 11 26 8 28 9 20 10 14 8 14 4 17 18 23 12 22
83 29 18 26 8 29 17 20 13 21 7 19 15 19 8 12 6 17 26 30 8 16 15 30 1 6 1 8 18 28 16 26 21 23 20 23 7 9 2 17 2 14 23 24 4 16 3 13 5 30 10 29 3 22 11 19 10 27 9 25
85 29 19 24 13 22 8 23 7 26 10 11 9 19 5 22 9 11 15 27 22 25 8 30 21 29 15 24 14 17 6 8 3 15 6 11 15 20 2 17 14 25 19 29 4 15 1 2 4 18 2 8 11 16 6 7 12 21 10 28
87 29 7 17 4 10 22 25 1 22 1 30 2 9 2 21 3 21 24 30 5 7 5 9 5 19 5 23 8 9 8 10 7 14 8 24 11 20 11 21 12 29 15 22 15 27 17 26 18 26 29 30 28 30 12 13 6 12 8 16
79 29 12 26 22 26 2 13 2 26 15 20 24 30 8 26 9 16 1 2 9 26 4 29 4 10 1 15 20 27 11 29 19 29 2 17 12 30 2 28 3 4 3 17 16 23 6 9 15 21 14 29 14 18 4 5 7 26 15 25
85 29 9 28 9 27 4 9 8 19 3 14 3 11 13 23 17 21 6 26 12 22 21 22 8 23 1 24 20 30 11 27 8 26 20 23 3 17 6 12 13 29 5 28 5 25 15 16 2 8 6 7 22 24 10 14 14 15 5 18
81 29 12 30 9 28 13 18 18 24 11 23 15 30 2 10 7 15 15 23 9 29 13 25 21 27 21 26 8 28 2 16 7 25 3 5 8 30 6 27 3 15 6 14 5 26 5 19 4 26 12 16 1 15 16 20 15 17 6 22
85 29 10 11 7 15 2 8 16 22 11 18 4 20 22 24 1 21 21 27 1 26 10 20 12 29 6 28 2 16 6 18 10 30 10 29 10 26 6 9 3 14 18 19 3 26 5 12 5 7 10 23 10 25 22 26 13 21 17 20
88 29 3 17 7 23 2 29 4 28 5 26 13 21 14 22 4 6 9 27 16 26 2 22 28 29 6 8 3 20 1 7 6 15 6 17 22 30 4 25 11 19 1 6 14 21 7 18 8 9 15 19 7 12 5 27 10 29 10 24
84 29 3 14 12 26 1 30 8 26 23 29 14 27 7 26 14 20 17 25 6 21 14 23 1 10 21 25 6 19 17 30 1 18 4 6 8 10 8 9 20 26 2 24 16 25 4 28 5 27 13 16 11 17 24 28 14 15 6 22
85 29 7 14 18 27 19 25 2 24 8 16 12 28 11 29 16 26 1 7 13 26 1 16 2 26 9 24 1 20 8 15 10 16 2 23 4 20 14 21 4 11 6 12 28 29 3 4 5 8 6 22 24 25 10 30 11 27 7 17
79 29 11 15 18 26 1 23 13 22 20 21 12 29 10 28 8 11 7 8 5 12 29 30 7 19 18 25 17 30 16 17 15 29 2 16 13 18 6 23 2 25 6 25 12 27 11 28 24 27 5 21 5 9 2 3 14 15 4 7
88 29 3 22 3 20 10 12 22 28 7 16 7 30 19 20 7 22 1 20 6 29 14 19 6 23 6 22 6 21 6 13 2 17 2 20 6 10 14 25 4 6 15 22 18 30 11 16 8 23 27 28 5 8 14 24 9 14 18 26
90 29 3 5 19 23 10 24 8 18 9 29 9 30 1 15 3 18 5 7 5 13 6 17 7 23 7 25 8 10 8 16 9 22 1 3 13 22 20 24 21 23 25 28 1 2 10 17 8 11 4 18 6 26 21 27 14 18 1 12
89 29 26 30 24 29 15 25 6 12 9 15 8 23 8 19 8 18 1 2 7 15 7 13 9 27 3 14 2 25 2 16 2 6 1 20 1 14 9 23 8 11 11 26 13 17 13 22 23 29 6 10 5 30 4 24 2 21 3 28
89 29 22 29 9 29 14 26 21 27 23 29 1 4 1 6 11 23 1 11 8 14 1 13 8 9 24 25 2 13 15 23 12 16 14 24 5 24 12 27 4 27 16 30 19 23 10 29 1 18 20 21 20 28 13 17 7 20 3 4
