Cantidad de fabricas;Cantidad de clientes;Cantidad de rutas;Tiempo de ejecucion;Tamaño de la solucion
14;16;244;0.000124038;16
14;16;221;0.000100012;16
14;16;225;9.9733e-05;16
14;16;218;9.3797e-05;16
14;16;209;9.1981e-05;16
14;16;198;8.5276e-05;16
14;16;222;9.5822e-05;16
14;16;215;9.8826e-05;16
14;16;204;8.9467e-05;16
14;16;220;9.4425e-05;16
14;16;233;9.7778e-05;16
14;16;226;9.9873e-05;16
14;16;226;9.4984e-05;16
14;16;231;9.9943e-05;16
14;16;227;0.000124526;16
14;16;228;6.6349e-05;16
14;16;229;6.2438e-05;16
14;16;238;6.6628e-05;16
14;16;222;6.7118e-05;16
14;16;215;6.2787e-05;16
14;16;219;6.2089e-05;16
14;16;239;6.7466e-05;16
14;16;226;6.118e-05;16
14;16;223;6.2298e-05;16
14;16;223;6.188e-05;16
14;16;234;6.579e-05;16
14;16;221;6.2369e-05;16
14;16;242;6.9841e-05;16
14;16;239;6.5721e-05;16
14;16;221;6.132e-05;16
14;16;232;6.5162e-05;16
14;16;229;6.4394e-05;16
14;16;218;5.9016e-05;16
14;16;224;6.2648e-05;16
14;16;231;6.4254e-05;16
14;16;223;6.5301e-05;16
14;16;231;6.4393e-05;16
14;16;235;6.5441e-05;16
14;16;250;6.9981e-05;16
14;16;221;6.2508e-05;16
14;16;222;6.1111e-05;16
14;16;204;5.5733e-05;16
14;16;232;6.3415e-05;16
14;16;199;6.7048e-05;16
14;16;221;6.1041e-05;16
14;16;228;6.5651e-05;16
14;16;231;6.4952e-05;16
14;16;233;6.5791e-05;16
14;16;236;6.5371e-05;16
14;16;225;6.3206e-05;16
13;17;234;7.04e-05;17
13;17;232;6.6768e-05;17
13;17;244;6.8794e-05;17
13;17;214;6.8864e-05;17
13;17;201;5.8457e-05;17
13;17;219;6.2438e-05;17
13;17;226;6.3625e-05;17
13;17;221;6.6209e-05;17
13;17;225;5.0565e-05;17
13;17;232;5.1193e-05;17
13;17;220;5.1752e-05;17
13;17;231;5.3219e-05;17
13;17;228;5.315e-05;17
13;17;236;5.5105e-05;17
13;17;234;5.3149e-05;17
13;17;217;5.1333e-05;17
13;17;226;5.287e-05;17
13;17;232;5.3708e-05;17
13;17;223;5.1124e-05;17
13;17;223;5.0215e-05;17
13;17;228;5.1403e-05;17
13;17;215;4.8819e-05;17
13;17;208;4.7841e-05;17
13;17;213;4.8679e-05;17
13;17;232;5.4756e-05;17
13;17;226;6.0203e-05;17
13;17;218;5.0006e-05;17
13;17;233;5.2101e-05;17
13;17;240;6.4952e-05;17
13;17;220;4.833e-05;17
13;17;231;5.0495e-05;17
13;17;241;5.259e-05;17
13;17;224;5.0146e-05;17
13;17;226;5.0845e-05;17
13;17;225;5.0076e-05;17
13;17;218;5.0216e-05;17
13;17;212;4.7911e-05;17
13;17;215;4.6863e-05;17
13;17;222;4.8609e-05;17
13;17;224;4.8749e-05;17
13;17;230;5.0774e-05;17
13;17;248;5.7409e-05;17
13;17;240;5.2171e-05;17
13;17;238;5.3359e-05;17
13;17;212;4.7981e-05;17
13;17;232;5.0356e-05;17
13;17;245;5.3777e-05;17
13;17;233;4.9867e-05;17
13;17;240;5.3219e-05;17
13;17;236;5.0495e-05;17
12;18;240;5.2102e-05;18
12;18;233;5.1123e-05;18
12;18;237;5.301e-05;18
12;18;236;5.2311e-05;18
12;18;222;4.9308e-05;18
12;18;205;4.5327e-05;18
12;18;228;5.0426e-05;18
12;18;235;5.5524e-05;18
12;18;207;4.5537e-05;18
12;18;237;5.266e-05;18
12;18;215;4.7981e-05;18
12;18;221;4.9587e-05;18
12;18;224;5.0007e-05;18
12;18;228;5.2032e-05;18
12;18;228;5.1124e-05;18
12;18;228;5.1123e-05;18
12;18;235;5.1962e-05;18
12;18;224;5.1123e-05;18
12;18;223;4.9797e-05;18
12;18;240;5.3218e-05;18
12;18;232;5.28e-05;18
12;18;203;4.4838e-05;18
12;18;236;5.2101e-05;18
12;18;226;5.0635e-05;18
12;18;202;4.5118e-05;18
12;18;228;5.0285e-05;18
12;18;229;5.1193e-05;18
12;18;210;4.7283e-05;18
12;18;222;5.1334e-05;18
12;18;226;5.1404e-05;18
12;18;223;5.2521e-05;18
12;18;226;5.0914e-05;18
12;18;231;5.4476e-05;18
12;18;228;5.3638e-05;18
12;18;230;5.0286e-05;18
12;18;207;4.7073e-05;18
12;18;222;5.1892e-05;18
12;18;214;5.0845e-05;18
12;18;225;5.1333e-05;18
12;18;208;4.7841e-05;18
12;18;218;4.9936e-05;18
12;18;203;4.7003e-05;18
12;18;234;5.5174e-05;18
12;18;219;5.2521e-05;18
12;18;233;5.3569e-05;18
12;18;227;5.1194e-05;18
12;18;235;5.294e-05;18
12;18;227;5.2939e-05;18
12;18;224;5.0006e-05;18
12;18;228;5.1124e-05;18
11;19;223;5.3429e-05;19
11;19;225;5.1193e-05;19
11;19;226;5.1752e-05;19
11;19;235;6.7607e-05;19
11;19;227;6.3137e-05;19
11;19;230;5.3987e-05;19
11;19;225;5.3569e-05;19
11;19;223;5.1194e-05;19
11;19;225;4.9937e-05;19
11;19;219;5.1543e-05;19
11;19;234;5.301e-05;19
11;19;233;5.4267e-05;19
11;19;210;5.0285e-05;19
11;19;240;5.5942e-05;19
11;19;222;5.0216e-05;19
11;19;240;5.5244e-05;19
11;19;218;5.0076e-05;19
11;19;220;5.0006e-05;19
11;19;212;4.9029e-05;19
11;19;231;5.6711e-05;19
11;19;230;5.1473e-05;19
11;19;213;5.0495e-05;19
11;19;239;5.2102e-05;19
11;19;218;4.9936e-05;19
11;19;221;4.847e-05;19
11;19;208;4.84e-05;19
11;19;224;5.0844e-05;19
11;19;231;5.1054e-05;19
11;19;221;4.9378e-05;19
11;19;235;5.1823e-05;19
11;19;233;5.3149e-05;19
11;19;227;5.1612e-05;19
11;19;256;5.5733e-05;19
11;19;228;5.4127e-05;19
11;19;220;4.847e-05;19
11;19;227;5.1124e-05;19
11;19;219;5.3638e-05;19
11;19;223;4.9797e-05;19
11;19;234;5.3219e-05;19
11;19;233;5.0984e-05;19
11;19;234;5.3777e-05;19
11;19;223;5.0216e-05;19
11;19;254;5.6082e-05;19
11;19;224;5.0495e-05;19
11;19;229;5.1822e-05;19
11;19;220;4.9727e-05;19
11;19;227;5.1823e-05;19
11;19;238;5.3847e-05;19
11;19;239;5.4686e-05;19
11;19;225;5.1194e-05;19
10;20;230;5.273e-05;20
10;20;226;5.1473e-05;20
10;20;230;5.1403e-05;20
10;20;224;4.847e-05;20
10;20;228;5.0425e-05;20
10;20;225;5.0915e-05;20
10;20;229;5.1194e-05;20
10;20;232;6.2927e-05;20
10;20;232;5.3707e-05;20
10;20;232;5.0914e-05;20
10;20;222;4.9168e-05;20
10;20;219;4.9587e-05;20
10;20;236;5.3987e-05;20
10;20;219;4.8889e-05;20
10;20;224;5.0356e-05;20
10;20;216;4.7631e-05;20
10;20;233;5.3708e-05;20
10;20;223;5.0286e-05;20
10;20;217;4.9448e-05;20
10;20;231;5.2032e-05;20
10;20;206;4.5746e-05;20
10;20;220;4.8889e-05;20
10;20;229;5.1264e-05;20
10;20;214;4.6654e-05;20
10;20;228;5.2381e-05;20
10;20;226;8.1505e-05;20
10;20;228;4.9448e-05;20
10;20;219;6.1251e-05;20
10;20;237;5.3429e-05;20
10;20;244;5.6083e-05;20
10;20;217;0.00010141;20
10;20;229;5.4825e-05;20
10;20;232;0.000113003;20
10;20;227;5.3219e-05;20
10;20;217;5.0705e-05;20
10;20;222;5.252e-05;20
10;20;221;5.1892e-05;20
10;20;224;5.308e-05;20
10;20;245;5.755e-05;20
10;20;204;4.7702e-05;20
10;20;226;0.000100082;20
10;20;228;0.000102736;20
10;20;222;0.000103784;20
10;20;231;0.0001012;20
10;20;234;0.000102526;20
10;20;218;0.00010099;20
10;20;217;0.000107695;20
10;20;253;0.000108323;20
10;20;229;0.000102247;20
10;20;219;0.000101549;20
9;21;234;0.000104063;21
9;21;225;0.000101829;21
9;21;231;0.000101409;21
9;21;224;0.000104831;21
9;21;214;9.5403e-05;21
9;21;239;0.000105879;21
9;21;229;6.5162e-05;21
9;21;239;7.075e-05;21
9;21;210;6.5022e-05;21
9;21;229;6.9981e-05;21
9;21;227;6.4115e-05;21
9;21;233;6.4393e-05;21
9;21;204;5.9365e-05;21
9;21;223;6.4114e-05;21
9;21;239;6.8095e-05;21
9;21;224;6.3556e-05;21
9;21;233;6.6978e-05;21
9;21;235;6.7257e-05;21
9;21;226;6.3346e-05;21
9;21;228;6.6839e-05;21
9;21;224;6.3835e-05;21
9;21;235;7.1448e-05;21
9;21;233;6.586e-05;21
9;21;234;7.5359e-05;21
9;21;230;6.621e-05;21
9;21;224;6.4115e-05;21
9;21;227;6.6908e-05;21
9;21;245;6.9771e-05;21
9;21;216;6.2857e-05;21
9;21;234;6.6978e-05;21
9;21;222;6.6838e-05;21
9;21;219;6.3975e-05;21
9;21;253;7.6546e-05;21
9;21;242;6.9911e-05;21
9;21;218;6.3067e-05;21
9;21;220;6.6419e-05;21
9;21;241;6.8514e-05;21
9;21;238;6.8863e-05;21
9;21;211;5.9575e-05;21
9;21;237;6.9073e-05;21
9;21;222;6.4812e-05;21
9;21;234;6.6628e-05;21
9;21;240;6.8234e-05;21
9;21;222;6.3276e-05;21
9;21;236;6.6978e-05;21
9;21;238;6.7397e-05;21
9;21;211;4.7352e-05;21
9;21;220;4.9658e-05;21
9;21;221;4.9517e-05;21
9;21;221;5.0775e-05;21
8;22;220;5.0635e-05;22
8;22;226;5.1124e-05;22
8;22;230;5.1892e-05;22
8;22;227;5.1683e-05;22
8;22;222;5.0425e-05;22
8;22;231;5.2102e-05;22
8;22;226;5.0704e-05;22
8;22;226;5.0286e-05;22
8;22;240;5.4965e-05;22
8;22;233;5.3429e-05;22
8;22;248;5.6571e-05;22
8;22;225;4.9867e-05;22
8;22;231;5.1962e-05;22
8;22;220;4.9447e-05;22
8;22;234;5.6711e-05;22
8;22;218;4.9797e-05;22
8;22;227;5.273e-05;22
8;22;231;5.1962e-05;22
8;22;240;5.3847e-05;22
8;22;215;5.1264e-05;22
8;22;236;5.3149e-05;22
8;22;233;5.9854e-05;22
8;22;208;4.6653e-05;22
8;22;221;5.0356e-05;22
8;22;231;5.1612e-05;22
8;22;222;5.1334e-05;22
8;22;223;5.1123e-05;22
8;22;244;5.4546e-05;22
8;22;243;5.4965e-05;22
8;22;210;4.6933e-05;22
8;22;217;4.9937e-05;22
8;22;236;5.2311e-05;22
8;22;238;5.5663e-05;22
8;22;234;5.2939e-05;22
8;22;232;5.1892e-05;22
8;22;233;5.1123e-05;22
8;22;217;4.8959e-05;22
8;22;232;5.2311e-05;22
8;22;241;6.6769e-05;22
8;22;223;5.0984e-05;22
8;22;227;6.4953e-05;22
8;22;230;5.273e-05;22
8;22;226;5.1822e-05;22
8;22;235;5.5175e-05;22
8;22;235;5.1822e-05;22
8;22;227;5.0844e-05;22
8;22;229;6.558e-05;22
8;22;228;5.2939e-05;22
8;22;215;5.0285e-05;22
8;22;224;5.3359e-05;22
7;23;228;5.6641e-05;23
7;23;233;5.28e-05;23
7;23;242;5.301e-05;23
7;23;235;5.4616e-05;23
7;23;235;5.3569e-05;23
7;23;232;5.3987e-05;23
7;23;224;5.3429e-05;23
7;23;235;5.4895e-05;23
7;23;212;5.0565e-05;23
7;23;223;5.1892e-05;23
7;23;247;5.7829e-05;23
7;23;231;5.3359e-05;23
7;23;227;5.2031e-05;23
7;23;235;5.28e-05;23
7;23;229;5.273e-05;23
7;23;230;5.1612e-05;23
7;23;234;5.266e-05;23
7;23;224;4.9657e-05;23
7;23;229;5.1473e-05;23
7;23;245;5.4267e-05;23
7;23;235;5.3219e-05;23
7;23;223;5.0355e-05;23
7;23;227;5.1473e-05;23
7;23;244;5.4057e-05;23
7;23;234;5.3009e-05;23
7;23;207;4.7003e-05;23
7;23;248;5.3917e-05;23
7;23;220;5.0286e-05;23
7;23;220;4.9587e-05;23
7;23;225;4.9936e-05;23
7;23;233;5.1682e-05;23
7;23;228;5.0844e-05;23
7;23;213;4.847e-05;23
7;23;224;5.0495e-05;23
7;23;242;5.5244e-05;23
7;23;235;5.3987e-05;23
7;23;231;5.1543e-05;23
7;23;228;5.0774e-05;23
7;23;238;5.4546e-05;23
7;23;234;5.2101e-05;23
7;23;232;5.5104e-05;23
7;23;227;5.2521e-05;23
7;23;247;6.0134e-05;23
7;23;216;5.0076e-05;23
7;23;228;5.3149e-05;23
7;23;219;5.2241e-05;23
7;23;244;5.5663e-05;23
7;23;227;5.2451e-05;23
7;23;227;5.0775e-05;23
7;23;246;5.6711e-05;23
6;24;233;5.4127e-05;24
6;24;225;5.1822e-05;24
6;24;229;5.6432e-05;24
6;24;232;6.2298e-05;24
6;24;241;5.6501e-05;24
6;24;223;5.1543e-05;24
6;24;238;5.3219e-05;24
6;24;232;5.287e-05;24
6;24;225;5.0705e-05;24
6;24;254;5.6921e-05;24
6;24;230;6.5442e-05;24
6;24;236;5.3568e-05;24
6;24;246;5.7549e-05;24
6;24;217;5.0006e-05;24
6;24;249;5.5733e-05;24
6;24;235;5.287e-05;24
6;24;233;6.607e-05;24
6;24;235;5.3569e-05;24
6;24;220;5.0426e-05;24
6;24;217;4.9238e-05;24
6;24;212;5.0774e-05;24
6;24;237;5.4127e-05;24
6;24;230;5.3988e-05;24
6;24;236;5.3638e-05;24
6;24;225;5.3987e-05;24
6;24;224;5.2031e-05;24
6;24;212;5.2591e-05;24
6;24;225;5.4826e-05;24
6;24;216;5.2731e-05;24
6;24;254;5.9924e-05;24
6;24;237;5.5315e-05;24
6;24;225;5.3288e-05;24
6;24;221;5.1054e-05;24
6;24;228;5.3917e-05;24
6;24;231;5.4826e-05;24
6;24;240;5.4686e-05;24
6;24;238;5.6572e-05;24
6;24;212;5.0146e-05;24
6;24;210;4.8889e-05;24
6;24;243;5.6641e-05;24
6;24;248;5.7619e-05;24
6;24;247;5.72e-05;24
6;24;233;5.273e-05;24
6;24;226;5.1753e-05;24
6;24;199;4.6444e-05;24
6;24;219;5.2032e-05;24
6;24;218;5.0845e-05;24
6;24;233;5.4266e-05;24
6;24;231;5.3707e-05;24
6;24;215;5.0076e-05;24
5;25;205;4.6794e-05;25
5;25;223;5.1892e-05;25
5;25;259;6.0832e-05;25
5;25;216;5.0984e-05;25
5;25;233;5.3708e-05;25
5;25;229;5.294e-05;25
5;25;230;5.294e-05;25
5;25;219;5.0007e-05;25
5;25;260;5.7339e-05;25
5;25;215;5.1682e-05;25
5;25;226;5.1334e-05;25
5;25;253;5.8597e-05;25
5;25;230;5.2381e-05;25
5;25;238;8.2412e-05;25
5;25;237;5.4965e-05;25
5;25;222;5.0984e-05;25
5;25;241;5.3499e-05;25
5;25;239;5.28e-05;25
5;25;202;4.8819e-05;25
5;25;218;4.8749e-05;25
5;25;245;6.0762e-05;25
5;25;232;5.266e-05;25
5;25;251;5.5594e-05;25
5;25;229;5.3289e-05;25
5;25;237;5.4825e-05;25
5;25;228;5.3289e-05;25
5;25;239;5.3848e-05;25
5;25;236;5.3988e-05;25
5;25;237;5.4686e-05;25
5;25;224;5.0076e-05;25
5;25;228;5.0635e-05;25
5;25;252;6.9073e-05;25
5;25;224;5.0425e-05;25
5;25;237;5.2869e-05;25
5;25;245;5.4756e-05;25
5;25;219;4.9377e-05;25
5;25;227;5.1194e-05;25
5;25;237;5.4477e-05;25
5;25;218;4.9378e-05;25
5;25;226;5.2101e-05;25
5;25;232;5.273e-05;25
5;25;238;5.28e-05;25
5;25;237;5.3428e-05;25
5;25;230;5.2451e-05;25
5;25;227;5.1962e-05;25
5;25;224;5.0495e-05;25
5;25;234;5.287e-05;25
5;25;239;5.3498e-05;25
5;25;228;5.0635e-05;25
5;25;230;5.1263e-05;25
4;26;233;5.2241e-05;26
4;26;235;5.3708e-05;26
4;26;240;6.4115e-05;26
4;26;228;5.1194e-05;26
4;26;225;5.0635e-05;26
4;26;217;4.875e-05;26
4;26;215;4.833e-05;26
4;26;220;5.301e-05;26
4;26;248;5.6502e-05;26
4;26;234;5.5035e-05;26
4;26;229;6.0413e-05;26
4;26;228;5.1264e-05;26
4;26;230;5.252e-05;26
4;26;234;5.28e-05;26
4;26;228;5.2381e-05;26
4;26;221;5.2591e-05;26
4;26;237;5.294e-05;26
4;26;215;4.9238e-05;26
4;26;249;5.6153e-05;26
4;26;235;5.28e-05;26
4;26;242;5.4756e-05;26
4;26;240;5.3777e-05;26
4;26;246;5.6851e-05;26
4;26;223;4.9098e-05;26
4;26;226;5.2102e-05;26
4;26;237;5.3987e-05;26
4;26;226;4.9657e-05;26
4;26;223;4.9658e-05;26
4;26;222;4.8889e-05;26
4;26;236;5.3847e-05;26
4;26;239;5.5523e-05;26
4;26;223;4.9797e-05;26
4;26;219;5.0076e-05;26
4;26;226;4.9657e-05;26
4;26;229;5.0425e-05;26
4;26;235;5.1892e-05;26
4;26;232;7.913e-05;26
4;26;218;5.0425e-05;26
4;26;241;5.4476e-05;26
4;26;238;5.2172e-05;26
4;26;233;5.1333e-05;26
4;26;211;4.7492e-05;26
4;26;219;4.9937e-05;26
4;26;247;5.5594e-05;26
4;26;226;5.1683e-05;26
4;26;247;5.5314e-05;26
4;26;211;4.7003e-05;26
4;26;248;5.5594e-05;26
4;26;240;5.1053e-05;26
4;26;245;5.266e-05;26
3;27;232;5.2241e-05;27
3;27;243;5.4755e-05;27
3;27;226;5.0495e-05;27
3;27;263;5.5943e-05;27
3;27;240;5.0565e-05;27
3;27;225;6.4464e-05;27
3;27;225;5.0425e-05;27
3;27;235;5.0495e-05;27
3;27;251;5.5245e-05;27
3;27;251;5.6083e-05;27
3;27;242;5.4965e-05;27
3;27;242;5.5524e-05;27
3;27;234;5.3498e-05;27
3;27;241;5.4127e-05;27
3;27;238;6.2787e-05;27
3;27;234;5.0216e-05;27
3;27;211;4.7981e-05;27
3;27;231;5.0774e-05;27
3;27;231;5.273e-05;27
3;27;222;4.8889e-05;27
3;27;236;4.9727e-05;27
3;27;227;5.2451e-05;27
3;27;239;5.2731e-05;27
3;27;224;5.1543e-05;27
3;27;240;5.6012e-05;27
3;27;246;5.5594e-05;27
3;27;241;5.713e-05;27
3;27;239;5.1892e-05;27
3;27;232;5.1193e-05;27
3;27;222;5.0565e-05;27
3;27;244;5.6432e-05;27
3;27;247;5.9923e-05;27
3;27;226;5.3149e-05;27
3;27;231;5.2171e-05;27
3;27;223;5.0356e-05;27
3;27;230;5.4196e-05;27
3;27;239;5.5524e-05;27
3;27;227;5.0844e-05;27
3;27;224;4.8889e-05;27
3;27;232;5.4197e-05;27
3;27;237;5.5454e-05;27
3;27;212;5.1263e-05;27
3;27;236;5.315e-05;27
3;27;216;5.0635e-05;27
3;27;238;5.3359e-05;27
3;27;214;4.5886e-05;27
3;27;233;5.0984e-05;27
3;27;235;5.1543e-05;27
3;27;226;4.7073e-05;27
3;27;231;4.9727e-05;27
2;28;225;4.6794e-05;28
2;28;233;5.3429e-05;28
2;28;232;4.9099e-05;28
2;28;223;4.6864e-05;28
2;28;241;5.0914e-05;28
2;28;220;4.7143e-05;28
2;28;239;4.8959e-05;28
2;28;219;5.0286e-05;28
2;28;228;7.6057e-05;28
2;28;204;4.6235e-05;28
2;28;224;4.7632e-05;28
2;28;238;5.1054e-05;28
2;28;222;4.5327e-05;28
2;28;237;5.0914e-05;28
2;28;235;5.0285e-05;28
2;28;224;4.5746e-05;28
2;28;240;4.9308e-05;28
2;28;236;5.0844e-05;28
2;28;228;4.6794e-05;28
2;28;231;5.0146e-05;28
2;28;245;5.5175e-05;28
2;28;228;4.805e-05;28
2;28;224;4.7492e-05;28
2;28;222;5.0426e-05;28
2;28;207;4.2953e-05;28
2;28;238;5.3498e-05;28
2;28;243;5.0285e-05;28
2;28;230;4.4698e-05;28
2;28;238;4.833e-05;28
2;28;247;4.9657e-05;28
2;28;225;4.5886e-05;28
2;28;227;4.7143e-05;28
2;28;223;4.9867e-05;28
2;28;216;4.5048e-05;28
2;28;220;4.6654e-05;28
2;28;239;5.3289e-05;28
2;28;228;4.7282e-05;28
2;28;226;4.5816e-05;28
2;28;247;5.2171e-05;28
2;28;218;4.7213e-05;28
2;28;245;5.0565e-05;28
2;28;211;4.8959e-05;28
2;28;251;5.5384e-05;28
2;28;218;4.6863e-05;28
2;28;234;5.0495e-05;28
2;28;224;4.819e-05;28
2;28;226;6.1391e-05;28
2;28;229;5.3359e-05;28
2;28;234;5.1053e-05;28
2;28;213;4.9099e-05;28
1;29;251;6.7886e-05;29
1;29;220;4.6584e-05;29
1;29;240;5.1543e-05;29
1;29;242;5.1403e-05;29
1;29;238;5.2101e-05;29
1;29;227;4.6304e-05;29
1;29;234;5.0076e-05;29
1;29;236;4.9098e-05;29
1;29;240;5.3289e-05;29
1;29;234;4.7004e-05;29
1;29;221;4.6235e-05;29
1;29;220;4.7003e-05;29
1;29;237;5.0845e-05;29
1;29;227;4.9238e-05;29
1;29;217;4.7911e-05;29
1;29;227;4.6584e-05;29
1;29;233;4.9448e-05;29
1;29;250;5.273e-05;29
1;29;209;4.4279e-05;29
1;29;220;4.6235e-05;29
1;29;230;5.0286e-05;29
1;29;208;4.6235e-05;29
1;29;244;5.0565e-05;29
1;29;226;4.6864e-05;29
1;29;218;4.407e-05;29
1;29;233;4.8609e-05;29
1;29;239;4.7492e-05;29
1;29;254;5.1124e-05;29
1;29;251;5.0355e-05;29
1;29;223;4.5048e-05;29
1;29;247;4.9518e-05;29
1;29;244;4.8889e-05;29
1;29;240;4.882e-05;29
1;29;227;4.7632e-05;29
1;29;242;4.8749e-05;29
1;29;213;4.3232e-05;29
1;29;228;5.7339e-05;29
1;29;215;4.414e-05;29
1;29;226;4.6793e-05;29
1;29;234;4.6654e-05;29
1;29;234;4.7282e-05;29
1;29;235;4.7562e-05;29
1;29;250;7.48e-05;29
1;29;240;4.7143e-05;29
1;29;231;4.7352e-05;29
1;29;237;4.7772e-05;29
1;29;227;4.6235e-05;29
1;29;232;4.6584e-05;29
1;29;238;4.7702e-05;29
1;29;225;4.3511e-05;29
