46 16 27 30 14 24 17 19 8 29 8 22 3 18 1 19 17 26 1 28 9 16 17 20 13 25 29 30 23 27 21 30 15 25
42 16 11 22 3 16 24 27 21 30 14 29 11 25 7 28 6 17 5 23 5 15 2 24 8 20 10 19 10 26 18 19 11 21
45 16 8 27 4 18 15 20 16 18 15 26 17 28 4 17 16 24 4 30 10 22 15 19 2 23 14 25 19 30 6 21 19 29
45 16 2 21 1 18 4 22 7 27 8 20 24 27 8 15 19 29 3 23 5 17 7 26 15 19 15 28 16 20 4 25 5 30
47 16 1 20 8 26 2 21 3 17 5 16 5 19 8 27 9 22 10 18 14 15 16 29 24 28 29 30 22 28 23 29 6 25
43 16 15 23 1 22 21 23 3 19 12 23 9 27 8 26 17 19 21 24 6 30 17 18 16 21 14 29 23 28 5 25 8 20
44 16 26 27 21 24 19 21 7 27 7 30 6 21 5 17 4 18 14 16 11 20 13 23 13 28 14 29 15 21 15 25 22 30
45 16 10 29 14 15 4 17 3 25 1 27 18 21 16 30 13 28 16 21 16 17 12 26 15 20 22 25 21 23 19 24 8 19
47 16 18 29 26 27 19 27 19 24 19 22 18 27 5 25 17 18 16 26 10 20 4 28 10 26 14 15 7 21 2 30 7 23
52 16 4 29 19 24 14 22 2 18 4 15 8 26 13 20 8 16 19 20 20 27 6 25 11 17 10 23 11 28 6 30 21 28
42 16 6 24 2 18 15 21 15 30 1 26 15 19 15 18 3 20 9 25 9 17 8 27 23 27 21 29 16 22 13 28 16 18
45 16 10 29 8 19 5 16 21 25 19 25 14 28 19 20 18 22 13 26 17 24 13 27 3 22 15 28 10 23 24 29 6 30
46 16 5 19 17 20 2 20 3 21 17 23 15 25 15 20 13 27 28 30 10 26 4 29 26 28 1 22 24 30 9 18 9 16
47 16 10 16 8 20 21 27 12 21 17 21 15 17 1 26 6 25 17 19 12 24 24 30 11 18 22 28 6 22 5 23 21 29
43 16 15 28 4 26 25 28 15 26 19 23 2 30 18 26 18 20 3 21 17 27 16 27 6 17 9 19 9 22 9 29 24 27
42 16 9 24 10 25 16 24 8 22 3 17 5 30 9 28 4 27 4 29 15 27 17 19 12 20 18 29 2 21 22 23 11 26
49 16 13 22 17 19 13 23 20 23 9 15 7 25 3 27 19 23 19 21 6 29 16 24 23 28 1 24 11 18 8 30 22 26
46 16 9 22 11 15 11 19 18 25 9 29 9 24 16 30 2 28 20 25 20 22 15 30 3 23 1 17 24 27 10 26 21 25
43 16 4 30 7 20 5 16 2 19 22 25 11 24 14 22 13 28 6 18 16 21 15 16 5 23 1 29 15 26 6 27 12 17
48 16 8 30 16 24 19 28 19 26 23 28 21 25 23 25 1 17 8 21 20 26 16 18 6 18 15 29 6 15 16 22 7 27
46 16 14 24 9 20 3 19 8 23 2 16 18 27 18 24 2 29 17 27 29 30 7 22 7 15 6 28 14 26 10 25 21 30
46 16 10 30 9 17 5 16 15 28 21 22 2 29 19 20 17 25 5 27 16 26 28 29 7 23 12 22 12 20 24 25 7 18
43 16 11 29 2 30 15 28 9 16 21 22 25 27 21 27 19 30 27 28 13 24 15 17 20 23 18 23 17 26 9 28 16 20
45 16 16 26 4 26 11 21 8 30 3 27 1 20 1 25 15 22 15 21 13 17 12 24 18 23 20 28 20 23 19 23 7 29
48 16 15 23 15 28 19 28 25 29 22 30 13 30 1 21 1 20 1 19 12 16 11 18 2 25 17 21 27 30 9 24 19 26
45 16 7 20 6 30 10 15 23 30 16 27 5 27 5 24 2 22 4 28 20 25 10 19 10 21 14 26 27 29 2 17 16 18
51 16 10 21 14 27 14 18 13 28 2 15 2 19 2 25 12 17 2 16 9 26 8 29 6 24 17 20 20 22 20 23 8 30
45 16 6 22 11 19 2 30 23 30 8 24 1 25 15 25 14 29 14 28 13 16 12 18 1 21 4 26 20 27 22 27 17 19
47 16 7 25 10 24 9 27 9 21 6 16 2 17 2 18 2 28 2 29 11 20 20 22 21 30 19 26 12 15 19 28 23 29
45 16 20 23 2 28 11 22 13 16 18 27 18 19 17 28 6 21 8 27 28 29 20 30 25 26 5 15 24 26 27 30 6 26
46 16 8 16 17 25 18 20 7 21 9 27 11 28 9 20 3 24 8 15 16 19 17 21 20 29 19 23 8 26 5 30 18 22
45 16 2 30 15 23 12 24 11 28 2 19 2 20 17 27 7 25 16 29 7 27 16 23 16 21 4 22 3 21 7 26 18 25
46 16 20 25 1 18 12 26 16 23 18 29 18 24 17 20 16 29 19 27 8 20 13 19 14 21 9 28 3 15 22 28 26 30
47 16 15 22 13 21 17 19 7 16 15 26 14 29 12 25 11 23 10 30 10 27 3 22 6 28 6 18 5 20 22 24 5 17
45 16 3 19 9 20 23 24 13 18 3 24 3 21 3 17 15 27 15 29 16 18 12 29 21 22 13 30 4 26 5 28 10 25
47 16 4 27 20 29 17 24 11 16 11 30 10 21 9 28 9 20 8 25 8 24 5 23 15 22 19 29 24 26 22 27 6 18
43 16 18 26 4 22 1 28 8 18 1 23 17 30 8 29 5 25 2 15 29 30 11 16 27 29 19 22 23 24 6 20 21 25
41 16 29 30 16 21 1 24 15 26 13 19 9 16 8 27 11 22 16 18 14 20 13 25 6 30 10 23 9 15 7 28 17 30
45 16 3 15 6 24 5 16 14 26 8 21 15 20 22 28 6 29 15 27 18 27 15 30 4 17 6 22 4 25 14 23 16 19
46 16 28 30 8 19 15 20 4 20 7 27 19 30 19 25 8 24 4 23 17 25 16 30 14 26 19 21 23 29 10 22 10 18
44 16 1 28 7 27 6 17 22 26 16 22 4 29 13 25 15 20 15 29 18 19 11 19 10 21 9 26 7 30 7 24 23 25
45 16 9 28 20 30 10 18 19 22 16 23 7 15 5 24 2 22 2 23 14 30 15 25 19 27 17 22 24 26 14 29 9 21
44 16 25 27 2 29 14 23 1 26 2 18 9 21 22 23 9 17 13 15 14 27 6 30 16 21 20 26 3 19 1 28 20 24
44 16 16 30 23 27 27 30 10 23 11 20 15 22 1 19 1 21 17 21 3 22 19 25 18 23 6 29 2 26 24 25 15 28
49 16 13 19 15 19 23 28 11 20 9 25 13 29 22 25 21 27 7 26 16 23 1 17 10 21 12 28 16 18 6 30 6 24
47 16 9 24 21 30 12 22 15 22 4 21 2 23 2 25 3 27 10 19 17 25 8 29 13 16 17 18 26 29 5 28 20 22
43 16 12 16 12 27 5 24 9 20 13 28 1 25 17 26 17 25 16 22 16 19 15 29 14 23 11 30 11 29 21 24 18 19
44 16 20 25 15 21 5 23 7 29 18 21 2 30 4 24 11 16 19 27 19 20 1 26 9 18 13 25 3 28 17 27 22 27
46 16 12 20 15 18 4 23 17 25 17 24 13 15 16 30 8 29 17 27 15 25 11 19 11 21 3 22 7 30 12 26 18 28
45 16 3 15 13 18 18 23 16 20 7 16 9 27 8 29 8 25 5 30 5 28 5 26 17 29 22 30 10 19 10 21 9 24
48 17 7 21 3 15 2 18 4 26 7 27 15 20 1 30 13 29 2 24 12 28 3 14 11 16 21 23 1 19 8 22 18 25 17 19
53 17 11 28 1 24 14 28 15 26 8 26 1 16 15 27 3 17 9 22 20 23 21 28 5 23 10 25 15 18 10 29 16 19 5 30
49 17 10 24 16 29 9 20 12 26 12 19 12 23 14 15 13 28 4 14 4 21 8 29 6 30 6 22 6 25 16 27 17 24 7 18
47 17 2 30 7 27 25 28 7 20 11 28 18 26 6 23 8 16 21 27 14 18 2 29 19 25 20 26 7 17 24 26 12 15 6 22
47 17 9 23 14 16 15 26 7 20 6 19 8 27 4 29 4 22 3 30 2 25 10 16 12 15 13 18 17 24 19 24 21 22 27 28
53 17 2 27 2 30 11 15 17 22 2 19 14 19 13 25 2 24 3 22 9 26 5 23 23 28 18 19 9 29 10 20 9 21 16 29
49 17 11 28 8 22 16 30 7 23 15 23 9 27 15 16 2 17 4 21 13 24 21 26 3 20 27 29 18 20 9 25 8 14 19 22
46 17 1 15 16 26 23 27 2 14 2 17 3 27 17 24 16 23 10 19 15 18 2 30 13 29 13 25 20 23 7 22 25 28 7 21
51 17 13 26 5 14 15 21 2 30 17 29 4 21 4 28 17 22 5 19 5 25 9 18 12 22 24 25 24 27 7 20 15 16 7 23
49 17 27 28 1 27 14 21 8 15 10 29 2 20 19 25 2 25 19 24 2 30 17 30 16 23 11 21 12 18 1 16 21 22 10 26
49 17 18 24 6 26 10 22 17 27 17 20 16 17 1 27 2 19 16 28 14 21 13 23 12 14 26 29 24 26 15 20 22 30 7 25
52 17 13 19 10 23 11 21 9 28 9 22 14 20 15 18 10 24 7 27 17 25 12 25 24 26 5 16 20 24 10 30 8 29 18 29
43 17 11 24 19 23 11 20 15 22 14 22 18 20 14 25 6 25 3 21 6 28 3 16 16 17 18 30 2 26 18 19 16 27 12 29
51 17 12 27 3 15 14 29 26 28 26 30 1 20 7 24 24 30 11 19 11 17 19 23 14 24 13 25 22 29 5 21 18 30 16 23
48 17 2 14 11 17 9 15 21 29 9 19 16 25 15 25 2 24 12 29 7 18 6 22 7 27 18 28 23 25 17 30 24 26 20 21
42 17 24 28 20 30 8 29 19 20 8 24 6 20 10 17 20 23 2 27 20 25 7 18 19 26 16 25 19 22 6 21 14 23 15 24
48 17 3 27 25 28 22 23 5 20 8 15 7 28 23 27 6 18 6 17 23 26 4 30 21 27 16 22 20 24 9 14 29 30 8 19
48 17 17 22 16 21 12 14 12 19 13 20 17 20 15 17 14 21 9 28 13 18 11 24 11 30 11 29 23 27 12 25 23 29 6 26
49 17 6 27 7 21 3 20 18 30 8 15 1 26 17 30 17 28 17 20 15 24 14 25 13 29 13 25 10 16 19 20 4 22 20 23
51 17 11 29 3 25 23 27 4 15 14 30 13 21 13 16 3 18 13 14 23 24 6 20 6 22 9 26 16 24 12 19 6 17 5 28
45 17 6 21 4 24 8 15 15 23 7 26 7 25 25 29 14 21 1 28 15 22 4 16 27 28 11 19 18 19 7 30 17 29 8 20
46 17 2 19 26 27 9 21 11 17 16 22 3 20 7 30 8 15 8 22 8 24 12 27 18 19 23 24 1 28 25 27 1 29 9 14
51 17 22 27 15 28 19 21 6 26 14 17 14 22 14 23 19 26 7 25 6 29 2 28 3 14 18 19 4 30 16 18 11 24 1 20
52 17 13 24 17 26 3 25 2 21 7 20 14 22 14 23 8 14 13 19 20 26 16 28 27 29 27 28 23 28 15 26 4 30 11 18
52 17 15 24 18 25 3 21 8 16 7 25 20 25 2 29 3 22 19 25 17 18 17 23 4 27 17 28 15 16 14 16 15 26 28 30
46 17 8 19 7 25 7 24 7 23 18 23 29 30 1 21 20 27 11 27 11 26 9 14 8 22 4 15 6 17 6 30 28 29 16 20
49 17 5 28 18 21 18 29 11 21 16 30 16 27 16 22 16 20 15 25 15 16 3 30 8 14 17 22 6 26 23 24 9 24 7 19
47 17 18 23 10 15 9 28 25 28 21 26 1 20 9 26 8 24 12 27 22 28 17 29 12 19 12 14 20 23 17 20 19 30 5 16
50 17 8 22 5 21 19 29 15 26 15 30 16 18 22 24 13 19 18 28 1 15 6 18 6 23 2 17 14 16 25 30 17 27 17 20
46 17 12 24 1 28 1 14 4 16 21 26 13 23 2 27 2 21 15 18 15 28 27 29 12 20 6 30 25 27 19 24 17 23 22 29
52 17 13 27 21 26 15 25 7 30 1 22 7 28 12 23 8 19 2 15 2 17 11 24 6 26 16 28 20 24 6 14 23 29 18 27
47 17 17 25 25 28 19 24 13 27 10 28 1 21 16 20 16 17 15 25 10 22 13 29 13 14 12 19 26 30 24 26 23 30 8 18
49 17 18 29 3 29 6 21 11 30 4 22 13 17 15 28 2 15 10 14 11 24 27 28 11 25 23 28 20 28 7 16 9 19 24 26
48 17 13 29 5 18 14 15 10 22 13 24 12 14 7 16 17 20 8 20 1 19 20 21 17 30 19 27 12 26 22 25 25 28 13 23
43 17 21 27 1 21 10 16 22 26 13 30 14 15 8 26 3 28 15 16 21 23 2 25 19 22 6 29 17 25 5 18 23 24 6 20
47 17 14 23 22 30 13 20 16 17 10 23 9 26 9 22 9 19 8 21 7 17 11 28 3 27 18 30 27 29 24 27 9 15 8 25
48 17 7 27 6 29 18 20 19 21 8 17 3 30 1 28 23 24 18 30 18 25 7 16 14 29 25 26 12 21 5 22 15 27 20 23
51 17 4 24 10 14 4 16 16 27 2 30 12 17 12 15 11 26 14 23 3 29 10 21 4 25 20 24 8 28 18 24 14 19 13 22
47 17 10 29 2 27 20 26 3 23 15 25 5 15 7 17 6 20 4 16 18 22 3 14 2 22 14 30 9 19 11 21 7 24 13 28
47 17 22 27 18 23 3 15 20 26 16 26 11 23 6 25 14 27 15 21 19 30 19 22 17 20 4 22 25 26 23 28 4 29 1 24
48 17 17 21 6 14 24 29 3 22 9 15 7 24 2 16 11 23 3 17 7 26 7 19 6 28 6 20 5 30 2 25 22 27 18 28
49 17 1 21 2 30 10 22 17 20 4 15 5 25 17 25 19 20 7 16 14 23 14 29 3 14 18 20 11 26 24 27 12 28 10 24
47 17 7 26 7 25 12 18 5 15 7 27 7 14 6 28 3 24 11 19 20 29 17 25 15 21 12 29 11 30 11 23 9 16 8 22
48 17 8 18 16 27 4 19 2 20 11 29 15 29 15 21 14 27 14 21 12 30 9 23 22 30 19 26 19 24 25 26 10 28 15 17
50 17 6 27 21 26 20 29 18 23 2 28 1 14 1 16 1 23 1 24 11 30 2 21 8 22 5 29 18 25 19 26 8 15 17 28
49 17 16 18 24 30 20 28 11 27 16 24 1 20 15 28 14 30 13 30 13 25 9 17 5 19 22 24 23 28 20 29 26 27 9 21
49 17 18 24 5 24 2 23 1 19 16 28 16 27 5 14 15 28 15 21 14 15 4 30 4 20 12 25 9 22 16 26 27 29 7 17
46 17 1 29 15 25 9 22 9 17 2 19 16 28 7 16 2 20 1 30 7 23 10 24 22 26 12 27 4 15 6 14 18 23 12 21
49 17 21 28 6 17 14 27 14 24 17 27 17 22 17 19 15 26 14 30 14 23 11 16 13 20 12 29 11 26 28 30 11 18 25 29
44 17 9 18 20 28 27 28 6 14 13 29 14 20 1 23 5 16 4 25 5 21 18 19 2 30 12 26 12 15 11 22 11 17 24 28
54 18 2 30 19 21 14 25 13 28 2 25 12 23 11 21 3 18 11 13 10 15 4 27 5 17 7 29 16 24 17 20 16 19 22 23 21 26
55 18 12 19 9 30 17 23 6 20 12 27 8 23 15 21 20 24 13 20 3 14 17 28 22 25 23 29 18 22 5 18 5 26 5 15 16 18
49 18 17 27 19 28 13 19 12 25 12 22 29 30 14 26 14 16 13 25 2 27 11 16 10 21 9 24 7 30 7 18 6 20 15 24 16 23
52 18 21 25 2 24 3 14 7 17 14 15 8 23 21 29 21 24 2 13 2 27 16 21 19 22 4 19 18 25 12 30 20 21 13 26 14 28
54 18 8 29 2 30 1 13 5 17 18 25 8 18 15 29 13 21 23 27 14 26 2 19 6 22 20 22 17 23 24 26 24 28 9 26 16 28
49 18 4 16 8 19 27 30 22 28 21 28 18 22 14 16 1 25 1 27 1 28 1 29 15 30 16 26 18 23 20 23 18 24 16 17 13 19
53 18 14 22 3 28 19 29 20 22 20 29 18 25 2 23 2 22 2 21 2 15 23 25 29 30 5 16 5 26 17 28 7 24 13 17 24 27
53 18 18 30 9 25 12 28 2 27 18 28 13 23 14 23 2 26 16 26 2 29 18 24 21 29 10 20 10 17 13 19 10 22 11 13 6 15
50 18 20 24 13 22 2 22 10 27 18 27 23 27 15 22 9 26 9 14 21 23 17 24 20 26 19 29 26 29 20 25 16 29 16 30 15 28
55 18 10 20 15 24 17 30 10 27 17 18 11 14 15 26 3 26 15 19 14 23 13 20 12 30 22 29 25 29 14 16 9 25 11 21 28 30
50 18 25 26 2 28 4 17 8 13 7 30 10 25 8 29 8 22 8 15 14 26 2 23 16 18 16 22 17 19 21 22 22 27 24 28 12 20
48 18 1 19 3 20 23 30 3 17 26 27 2 27 19 24 6 21 1 28 18 19 18 23 14 21 19 25 4 15 16 17 24 29 12 13 6 22
54 18 2 29 6 26 19 27 14 25 18 27 8 21 18 20 1 18 17 25 1 22 17 23 17 18 1 28 15 25 13 30 13 18 24 28 16 28
53 18 14 19 5 25 20 26 15 17 7 24 5 18 19 30 13 24 13 28 11 16 14 15 10 15 18 20 13 21 10 23 25 27 22 23 14 29
49 18 11 15 4 16 13 25 19 22 24 25 10 21 2 29 12 20 6 25 13 14 8 17 13 26 6 30 3 27 9 23 5 28 22 30 16 18
55 18 5 28 4 13 22 26 1 26 21 30 9 24 8 21 18 29 18 19 12 20 17 21 15 28 23 25 25 30 3 19 14 15 6 27 16 21
49 18 1 13 15 24 3 17 27 29 8 27 1 20 9 19 8 30 20 28 2 18 2 24 7 22 14 23 14 29 6 21 16 26 12 16 23 25
48 18 12 13 7 16 6 15 1 19 18 21 18 28 22 24 24 30 17 18 26 29 1 29 15 22 23 28 2 14 14 17 3 25 19 20 7 27
51 18 8 13 16 24 23 29 17 23 4 25 1 21 8 24 9 23 14 15 15 26 9 15 15 22 4 18 26 27 10 28 11 20 22 30 10 19
51 18 2 26 19 30 13 29 24 25 22 26 17 23 1 29 14 23 19 20 1 21 22 30 1 16 9 17 18 19 6 28 4 24 15 27 15 29
51 18 10 18 10 20 6 15 25 29 15 30 8 13 17 23 15 29 14 30 4 16 14 19 13 27 13 24 9 22 26 27 23 25 20 28 21 29
53 18 10 17 16 20 8 15 1 21 1 24 1 25 22 24 8 23 2 27 8 28 18 25 3 13 16 27 5 29 14 16 19 30 11 30 10 26
51 18 20 21 11 28 19 27 14 20 1 26 7 17 13 17 13 23 2 20 6 27 14 16 6 15 14 30 5 18 18 24 3 25 4 22 24 29
49 18 14 27 12 26 19 30 9 15 22 28 13 24 1 23 18 23 17 23 4 16 1 25 14 18 3 19 14 24 19 21 11 20 22 27 7 29
49 18 3 22 9 13 8 19 23 28 8 17 21 27 3 28 18 20 4 16 17 30 19 20 4 21 11 25 11 24 10 29 24 26 10 14 5 15
51 18 7 28 3 18 11 25 11 22 10 16 5 17 7 23 5 20 14 24 5 13 3 21 2 27 14 28 12 29 7 19 1 26 6 30 15 29
55 18 10 13 6 26 10 19 12 15 9 28 13 22 1 23 1 20 8 18 1 17 3 29 11 16 22 24 21 26 26 30 11 14 5 25 5 27
50 18 8 20 3 17 17 25 9 15 14 29 14 28 18 23 17 30 17 29 8 27 16 29 13 25 12 22 11 19 11 18 21 22 19 24 19 26
49 18 16 23 4 17 14 25 12 16 9 25 14 28 1 20 13 18 12 27 11 26 11 13 3 15 4 24 6 30 6 22 19 24 20 29 18 21
52 18 6 18 6 15 5 20 9 19 17 19 16 28 14 20 13 19 12 24 3 30 10 21 28 30 8 23 2 29 25 27 25 29 26 28 22 28
51 18 13 29 24 25 5 20 12 27 22 30 19 20 17 25 17 18 1 25 16 28 3 14 6 22 2 29 15 19 13 21 17 28 5 26 9 23
53 18 24 27 1 20 2 15 14 25 13 28 14 23 12 28 21 30 1 24 21 26 3 17 16 29 12 19 4 29 6 23 18 19 15 21 10 22
51 18 11 22 1 28 3 29 14 20 1 17 1 20 1 26 4 24 18 23 21 29 6 13 4 16 22 27 6 30 3 18 7 25 15 24 17 19
53 18 6 13 1 25 21 29 22 25 22 27 6 26 9 14 19 21 18 28 17 27 2 29 3 16 13 15 3 28 23 28 23 24 23 30 18 20
47 18 11 15 5 30 15 24 1 16 19 28 10 29 5 19 5 13 15 17 14 24 3 23 6 18 5 22 4 21 8 26 11 27 20 26 21 25
50 18 1 25 1 29 9 28 23 26 13 27 3 20 24 26 22 30 14 25 22 23 15 24 7 30 16 19 19 29 7 13 17 29 10 21 17 18
54 18 7 21 10 20 25 28 10 27 10 29 11 22 2 14 13 14 14 18 15 25 17 20 18 26 19 30 5 19 15 17 8 16 5 23 22 24
52 18 14 24 16 26 15 29 13 28 16 17 3 26 3 21 21 30 8 20 5 19 2 18 15 17 21 22 7 14 20 23 13 16 12 27 16 25
56 18 2 25 9 27 1 24 2 28 3 21 3 30 7 19 7 23 8 17 9 13 4 14 11 26 16 25 17 18 1 15 12 20 22 30 27 29
52 18 3 28 7 20 13 19 26 30 9 23 16 25 1 27 16 19 16 17 4 25 4 18 6 29 6 30 15 26 12 14 4 22 6 24 6 21
48 18 25 30 14 30 10 17 2 20 9 18 17 24 1 30 15 29 12 16 11 19 16 21 10 26 10 22 9 23 8 29 7 28 25 27 7 13
50 18 27 28 7 21 4 26 12 23 5 22 4 14 3 30 3 29 4 25 2 28 6 15 1 24 8 13 12 19 16 21 20 28 7 17 6 18
54 18 19 27 18 25 12 30 22 23 19 26 16 20 15 25 5 28 5 29 6 21 6 22 18 19 7 24 12 16 8 27 9 17 14 23 13 14
51 18 8 17 10 18 2 20 22 27 12 24 18 21 17 22 16 30 1 30 15 29 14 15 12 29 12 25 3 13 3 26 19 25 21 28 10 23
54 18 18 22 10 21 2 23 1 13 7 30 1 19 9 14 19 25 19 26 2 15 20 26 5 24 10 29 11 18 18 27 16 27 15 28 6 17
53 18 7 17 11 22 17 28 10 16 14 15 14 22 19 30 14 30 15 23 18 25 16 20 21 29 26 28 3 29 13 17 6 27 25 28 24 26
50 18 17 26 2 22 20 28 8 29 7 14 2 25 1 19 17 24 17 20 16 27 6 24 5 27 13 15 9 13 18 25 26 30 3 21 23 27
52 18 7 27 14 27 15 27 7 13 6 30 6 25 6 20 8 21 5 28 4 29 2 22 7 24 9 18 12 17 16 25 20 23 22 26 19 27
52 18 2 28 20 23 11 30 15 24 21 29 1 22 7 13 4 15 21 24 2 16 2 18 2 20 16 17 2 26 8 19 10 27 14 25 25 29
57 18 6 18 6 28 10 19 1 23 15 27 1 29 12 21 11 17 11 14 10 16 8 27 4 25 17 24 23 26 8 13 22 29 6 30 20 24
55 19 13 30 8 29 19 21 3 17 15 16 14 25 14 19 12 26 2 20 11 27 11 24 11 15 10 30 9 12 8 19 6 22 16 28 23 28 9 18
55 19 6 23 10 13 23 30 5 27 15 26 15 25 4 21 14 23 17 22 2 16 14 20 18 24 11 26 22 30 12 17 25 29 13 18 11 28 7 19
54 19 8 28 5 27 4 26 9 19 12 21 1 16 1 13 15 28 15 20 14 28 13 30 12 29 12 27 12 18 3 22 8 24 7 23 25 26 17 24
57 19 17 26 10 26 18 20 1 30 15 23 15 22 15 21 2 20 13 28 13 27 13 25 12 24 14 21 8 28 8 19 7 15 18 29 23 24 16 30
54 19 17 22 15 29 10 20 8 30 23 30 9 25 1 15 18 28 16 19 9 14 11 24 13 14 3 16 13 27 19 28 12 18 10 22 2 21 10 26
52 19 7 13 8 17 14 21 6 18 14 18 23 25 18 28 3 24 3 23 19 20 19 30 8 15 3 12 4 29 13 20 14 22 10 27 14 26 14 16
55 19 10 21 11 22 9 17 3 30 18 25 17 26 8 13 4 14 2 16 12 25 11 24 9 29 9 20 22 27 5 25 20 28 19 25 12 15 23 27
53 19 12 25 15 30 7 13 6 23 5 18 1 12 21 27 18 29 21 26 14 26 1 22 6 15 10 14 20 23 10 28 13 19 2 24 16 19 5 17
52 19 15 27 16 24 18 22 11 18 14 18 7 20 27 30 19 25 19 27 16 18 19 22 14 23 2 21 9 12 13 19 18 29 25 28 16 17 7 26
56 19 21 25 18 24 2 26 1 14 10 13 13 22 13 23 13 25 2 20 15 16 15 19 16 20 16 29 17 28 12 28 11 17 24 25 24 30 6 27
59 19 6 12 3 15 17 19 1 18 1 30 16 21 14 20 12 13 14 28 4 20 7 22 7 21 5 24 5 27 21 25 19 28 10 26 23 24 26 29
51 19 11 15 4 16 7 30 20 25 12 20 11 22 18 27 29 30 18 20 14 28 13 29 13 25 2 28 9 17 4 26 23 27 5 24 19 26 20 21
56 19 14 15 4 22 17 22 20 21 13 30 23 24 9 18 3 24 2 12 7 13 3 16 17 19 27 29 12 21 26 29 5 25 5 28 19 29 12 15
56 19 9 25 19 26 6 18 15 29 13 15 7 13 9 26 1 14 16 17 21 26 14 23 20 28 20 27 10 28 3 16 24 26 15 30 9 22 12 16
52 19 6 16 3 25 1 26 17 20 7 19 8 23 8 27 14 24 8 30 9 28 21 30 9 18 13 23 1 22 15 22 15 24 17 25 24 29 12 25
57 19 17 30 10 24 16 25 16 19 4 21 1 18 4 20 13 29 1 13 13 22 13 19 3 28 2 26 10 30 7 23 7 15 4 27 8 14 12 29
55 19 25 28 8 28 22 28 10 23 4 20 17 21 17 18 2 15 1 19 4 14 14 26 13 23 24 28 11 12 5 16 8 21 19 30 10 27 22 29
50 19 1 13 13 27 14 27 15 29 1 29 18 19 22 24 23 29 16 21 25 26 15 24 11 12 14 20 2 25 6 28 17 23 19 25 1 16 18 30
55 19 17 30 22 25 24 28 12 16 20 24 8 30 8 28 8 26 13 25 8 14 21 26 15 22 23 27 3 22 9 19 24 29 3 27 6 16 6 18
52 19 13 15 13 22 14 29 8 19 8 27 10 14 3 13 3 20 2 23 17 20 16 29 16 25 14 28 7 21 13 18 11 12 7 26 21 30 21 24
52 19 21 22 16 28 1 13 20 27 17 20 13 24 11 14 14 26 9 22 14 28 8 20 3 15 7 29 15 23 2 18 11 30 12 14 17 19 7 25
52 19 4 22 9 19 14 25 17 26 17 20 15 17 9 23 9 21 9 15 8 29 8 25 7 13 12 24 3 28 10 24 12 16 18 21 19 30 5 27
58 19 12 15 13 27 4 16 9 19 7 28 11 21 1 27 12 17 12 25 1 18 6 25 1 14 3 26 24 25 22 26 3 29 11 20 23 28 19 30
58 19 14 27 19 25 3 27 1 21 15 21 13 17 2 17 12 27 12 24 3 26 27 29 7 23 7 20 7 16 19 24 24 30 9 22 24 28 18 29
53 19 4 15 9 16 17 27 10 20 10 24 16 21 18 28 1 14 4 25 17 23 5 12 16 23 13 27 19 28 4 18 22 28 26 30 27 29 10 26
53 19 11 20 18 27 2 17 9 24 14 21 6 27 17 23 16 30 16 23 6 26 15 19 14 29 14 24 16 25 10 15 13 21 12 21 28 29 19 22
51 19 8 14 6 18 10 22 3 17 13 19 13 15 10 28 18 24 12 24 1 20 7 15 4 27 26 28 25 30 16 21 5 16 24 25 23 27 8 29
57 19 8 22 12 23 1 19 8 15 1 27 7 21 2 16 12 16 6 30 7 20 2 25 18 21 3 28 14 17 5 13 14 30 10 26 9 24 10 29
56 19 1 15 11 29 10 12 17 24 16 28 1 19 1 20 1 24 16 26 15 30 14 25 1 22 2 25 11 28 23 29 21 30 8 13 18 27 10 27
54 19 12 28 9 22 16 18 12 17 2 13 6 26 7 23 21 22 20 30 11 20 2 27 6 25 19 27 15 24 5 29 18 29 10 15 6 17 11 14
49 19 10 29 10 26 26 28 4 12 4 15 7 14 8 23 8 27 14 22 9 20 14 21 1 30 4 25 14 24 8 18 8 13 17 21 7 16 7 19
57 19 13 26 7 24 16 19 17 20 4 16 18 22 7 25 19 27 20 21 20 22 2 12 21 26 8 14 8 21 8 28 9 30 10 29 11 23 15 21
55 19 17 22 16 17 19 30 9 17 2 19 6 23 2 15 18 30 15 20 3 29 19 26 3 13 20 21 14 19 12 24 5 27 17 24 17 25 12 28
56 19 15 22 6 26 10 22 8 14 2 24 19 22 16 30 1 27 6 30 1 28 20 21 6 20 14 25 19 29 6 17 13 21 12 15 12 23 9 18
54 19 12 17 3 26 9 20 16 19 12 18 22 24 1 28 13 28 14 15 15 22 29 30 6 27 3 17 16 30 17 21 3 30 18 24 4 23 24 25
54 19 2 16 24 25 1 12 19 24 4 30 17 25 4 24 4 13 20 21 3 28 21 29 22 28 18 23 6 20 8 14 8 18 1 26 15 25 27 28
54 19 7 19 6 21 16 21 4 20 14 20 4 15 9 23 18 19 13 26 16 22 1 25 1 26 13 30 14 24 11 17 20 29 12 19 12 27 9 28
56 19 2 21 5 25 10 23 15 19 15 17 8 14 8 15 8 22 13 24 10 26 6 27 12 28 9 12 12 16 4 20 20 24 18 24 5 29 21 30
57 19 2 28 2 27 3 21 2 20 8 15 12 13 8 18 8 30 18 19 17 29 16 29 16 28 9 23 21 22 13 23 7 26 25 27 22 24 14 20
51 19 1 29 19 27 20 21 1 12 14 18 3 23 1 25 13 19 12 22 17 30 17 18 16 24 16 19 14 25 13 26 10 20 9 26 9 15 26 28
58 19 10 15 5 24 5 17 15 19 4 28 4 27 16 23 14 16 17 20 2 30 2 14 2 13 7 25 13 18 12 28 11 26 15 21 27 29 6 22
54 19 6 18 5 28 25 29 2 30 15 19 19 20 19 22 19 25 14 16 2 24 8 21 2 16 18 25 5 23 4 26 5 12 13 22 27 28 13 17
57 19 22 29 11 30 9 23 20 26 25 27 4 27 10 26 2 12 3 29 12 14 12 13 15 16 2 21 9 16 9 18 24 29 6 19 8 17 7 28
49 19 1 17 18 25 13 28 9 29 4 23 19 27 4 25 15 22 17 30 1 19 16 23 16 22 10 12 11 20 10 14 11 28 19 26 21 30 24 27
53 19 7 28 3 27 2 15 22 30 8 26 17 18 16 25 9 17 14 20 17 29 10 12 4 30 13 17 10 19 3 24 4 16 2 21 21 23 14 19
56 19 7 29 20 25 3 28 8 12 2 17 14 21 19 21 3 18 7 23 15 21 15 24 18 20 15 25 17 22 5 30 8 27 9 16 8 26 13 28
52 19 19 27 12 14 3 13 11 16 5 26 11 29 12 20 2 25 3 17 15 20 15 21 1 27 15 29 1 22 13 23 7 18 15 30 22 24 7 28
53 19 20 29 11 24 1 18 12 25 2 28 18 20 9 16 2 14 13 23 3 21 7 23 6 12 15 21 4 17 4 19 23 26 24 27 10 30 12 22
57 19 13 16 14 30 1 25 1 23 1 22 8 20 7 12 17 22 12 15 20 26 5 29 19 25 10 14 4 21 4 18 16 19 9 28 6 27 6 24
55 19 10 15 20 26 6 23 5 18 14 23 6 20 8 25 5 12 7 30 7 21 6 22 4 29 9 24 13 18 17 25 24 27 12 28 12 16 9 19
56 20 16 30 11 21 18 22 2 18 18 24 27 29 6 21 1 26 15 27 1 28 21 30 2 13 2 14 9 20 7 15 12 18 3 17 17 25 14 23 11 19
64 20 22 25 1 23 13 24 1 20 13 15 12 30 3 17 8 19 2 15 9 12 5 22 18 20 2 21 10 16 5 11 14 15 15 26 15 27 6 28 25 29
54 20 16 27 13 18 16 20 17 29 14 18 13 29 15 27 2 26 21 28 1 19 12 25 14 26 9 24 12 14 17 30 27 28 23 27 23 24 8 11 21 22
60 20 10 21 3 25 15 16 23 30 9 20 20 23 20 22 1 29 5 13 19 23 13 18 9 28 10 26 27 28 14 17 22 24 7 12 9 15 8 11 8 14
56 20 13 14 3 19 7 12 20 23 12 23 13 30 10 13 9 26 8 28 8 18 15 19 21 23 14 29 16 18 25 26 24 26 17 21 5 27 5 22 11 27
59 20 1 16 15 23 8 18 8 15 16 25 1 12 16 24 8 21 12 28 15 17 14 27 14 16 13 19 13 24 13 20 25 26 18 29 7 22 11 18 9 30
51 20 14 29 13 23 23 25 21 26 10 24 2 27 6 16 6 20 6 12 5 29 3 22 7 13 7 18 4 11 4 15 8 19 1 26 17 18 25 30 5 28
62 20 10 28 20 29 4 23 14 24 14 20 8 18 1 21 11 14 17 18 17 22 17 29 18 25 7 27 5 30 3 13 12 29 8 19 8 15 18 26 16 27
56 20 16 25 6 22 15 29 13 24 17 19 11 12 16 30 8 20 14 20 13 29 4 27 4 21 2 24 2 26 12 28 2 30 9 18 12 23 3 19 11 21
53 20 6 29 21 23 9 22 13 17 14 20 14 19 2 20 12 15 13 14 13 23 2 25 15 29 16 22 11 28 7 28 7 26 6 30 24 30 24 27 18 25
54 20 11 23 18 25 4 11 21 30 7 17 4 29 14 21 11 30 8 18 12 23 13 23 14 19 10 26 6 15 5 22 5 27 27 28 20 23 20 24 13 16
60 20 18 24 9 20 24 27 14 24 15 25 15 24 1 24 16 17 2 17 2 19 11 12 9 26 10 22 26 29 13 16 20 30 5 28 8 12 6 23 8 21
55 20 3 27 16 18 9 22 2 23 11 21 10 20 13 25 10 15 10 24 12 28 1 19 14 17 14 19 14 26 1 29 14 28 10 11 18 26 29 30 22 25
57 20 5 11 8 15 14 19 2 27 19 24 8 22 2 28 22 25 21 28 3 14 27 29 13 23 11 13 19 20 12 30 12 16 14 17 7 16 5 26 13 18
59 20 14 23 6 27 18 27 8 30 13 20 8 13 14 24 18 25 5 11 6 16 5 24 5 19 17 21 4 28 4 12 10 15 14 17 12 29 15 26 16 22
54 20 1 25 9 15 15 21 15 19 11 29 20 21 18 28 1 24 11 24 7 13 12 21 12 26 6 18 18 22 6 30 14 17 14 26 5 16 23 30 14 27
54 20 11 25 17 28 6 26 4 11 14 17 7 24 6 14 23 26 7 16 7 18 18 21 20 27 28 30 7 20 9 19 13 26 12 17 15 16 8 29 3 22
57 20 19 29 6 28 11 22 6 22 23 27 12 21 1 17 16 21 12 26 1 24 15 24 4 20 13 18 20 27 24 29 13 26 5 13 14 22 11 25 14 30
57 20 1 28 4 16 14 30 15 26 1 27 15 22 22 27 22 24 21 28 11 15 13 29 3 13 6 20 3 30 19 28 18 26 18 25 18 23 17 21 12 28
53 20 19 23 6 27 19 22 6 20 4 22 7 25 2 24 3 18 7 15 20 28 7 29 14 26 11 28 6 16 18 21 5 17 12 14 12 19 13 19 26 30
53 20 8 30 2 15 14 29 10 18 9 17 14 18 13 16 5 16 2 26 9 24 2 20 23 29 17 22 15 28 24 25 8 11 21 22 20 27 19 28 12 18
55 20 13 23 12 14 6 17 7 20 18 19 6 26 1 24 8 27 13 26 14 17 15 19 5 30 16 17 10 11 21 30 21 28 22 26 16 19 12 25 14 29
47 20 11 30 1 16 19 20 7 14 14 29 14 27 9 24 2 20 2 23 10 26 10 28 14 17 9 11 4 13 20 25 7 18 15 23 21 30 12 20 10 22
57 20 13 16 14 23 6 16 8 14 1 22 1 25 7 15 1 29 15 19 6 27 15 30 22 24 16 20 12 26 3 28 4 17 13 21 1 12 11 24 9 18
57 20 19 20 2 14 4 20 10 24 10 12 21 29 13 23 6 13 5 25 16 17 11 19 5 16 15 18 14 18 14 30 18 29 16 28 27 28 12 26 8 22
57 20 12 13 6 27 20 29 6 13 20 25 17 27 21 26 10 23 1 26 3 22 16 23 5 18 14 15 5 29 6 15 6 28 23 24 29 30 11 14 11 19
60 20 12 28 15 27 23 27 10 27 17 28 1 16 21 26 21 24 20 30 12 20 2 30 18 20 11 19 8 21 12 29 11 14 9 25 11 13 5 22 11 23
60 20 1 22 17 28 11 23 5 19 20 30 1 20 20 26 19 28 2 16 16 27 3 24 4 12 4 18 11 19 11 25 21 22 10 14 10 15 16 29 10 13
59 20 14 25 6 17 11 12 12 22 15 21 13 18 15 27 10 28 8 21 18 26 4 22 2 30 19 28 11 16 6 20 25 30 4 26 21 23 10 24 9 29
57 20 11 15 10 17 22 30 5 23 19 24 1 13 12 17 1 25 12 30 21 27 14 16 2 29 7 16 18 24 6 15 15 21 24 27 24 28 26 30 15 20
46 20 24 25 15 19 9 30 10 20 8 28 2 14 2 11 12 29 15 21 6 18 19 24 5 17 12 13 28 29 2 26 8 23 6 22 16 24 27 29 6 21
59 20 5 24 21 27 23 25 22 30 1 30 13 26 2 16 2 17 21 28 2 21 14 15 20 25 2 12 3 13 14 23 14 27 18 26 10 29 11 21 11 19
58 20 7 17 3 24 17 20 5 29 22 29 15 19 11 15 12 15 14 21 2 11 16 21 16 25 8 13 5 18 28 30 23 26 23 29 25 26 23 28 27 30
63 20 20 23 12 20 5 22 7 24 14 24 23 29 11 14 5 26 21 23 9 19 10 27 10 25 18 21 3 29 27 30 13 27 16 17 16 20 4 28 15 19
56 20 19 26 21 30 17 27 6 22 3 14 15 30 13 26 13 25 13 16 2 17 2 20 11 26 2 25 4 23 4 29 21 28 7 15 6 18 6 12 19 24
55 20 13 17 10 28 11 28 19 25 27 28 12 20 10 17 4 12 23 30 23 27 9 22 8 29 4 18 6 15 19 23 7 16 24 28 12 21 14 24 13 26
59 20 6 27 17 30 15 27 10 11 1 24 2 25 11 20 11 13 14 19 8 21 5 22 6 17 17 29 18 29 15 16 8 19 10 23 20 26 8 12 18 28
56 20 8 19 13 15 3 20 14 26 4 26 11 14 12 14 7 18 4 23 2 17 2 15 13 30 15 28 16 20 16 27 17 24 19 29 22 24 8 25 12 21
62 20 28 30 11 30 2 16 4 12 4 23 4 28 6 21 8 15 10 25 8 20 13 23 14 16 15 17 16 27 17 29 18 20 22 28 15 24 15 26 5 19
55 20 7 23 19 21 15 18 3 24 4 12 12 13 3 26 7 30 7 29 6 28 8 25 3 20 2 16 11 12 10 27 12 14 15 17 20 22 9 17 6 21
55 20 13 14 4 13 7 16 7 25 2 22 9 18 22 24 8 29 8 28 20 25 14 15 2 19 11 25 3 12 17 28 17 27 5 23 4 30 10 26 9 21
57 20 5 21 17 20 5 29 11 13 12 26 7 18 14 20 1 27 21 22 8 23 20 26 8 19 3 16 3 24 18 26 15 20 24 28 21 25 7 11 7 30
57 20 5 23 14 17 2 19 8 21 8 15 17 30 1 20 16 28 15 29 3 30 11 12 14 26 11 24 11 26 10 13 2 28 21 22 1 18 20 27 25 29
54 20 22 24 8 17 2 22 9 19 24 29 3 28 21 25 15 29 13 19 13 26 2 20 12 21 2 14 2 12 16 24 16 27 3 18 11 27 22 23 7 30
61 20 25 28 6 22 8 23 19 25 7 15 16 26 14 19 13 27 8 11 5 16 2 12 11 29 10 28 10 24 3 17 21 29 20 22 8 13 28 30 18 30
59 20 2 12 22 24 22 25 12 26 11 26 1 25 16 29 16 17 2 18 13 30 13 26 29 30 5 20 8 14 20 21 22 28 25 27 23 27 11 19 8 15
61 20 3 16 19 24 15 29 3 29 15 25 1 20 10 13 15 19 11 18 2 14 2 27 11 29 2 30 12 24 12 22 23 24 7 26 6 17 5 21 23 28
61 20 5 27 8 16 8 14 5 22 14 18 22 26 7 15 1 19 1 23 15 25 14 28 19 30 20 22 5 29 18 24 12 14 17 25 10 11 13 22 14 21
53 20 2 12 19 23 13 29 7 11 21 25 9 16 24 30 3 25 14 15 15 27 8 26 1 27 1 30 4 29 4 28 2 17 3 20 12 19 14 18 6 22
54 20 3 12 4 29 28 30 1 15 22 23 1 17 7 11 8 26 4 13 1 18 3 27 7 30 22 25 15 20 3 24 3 23 10 21 4 16 14 18 3 19
58 21 9 11 25 28 11 26 5 15 6 22 14 29 5 24 9 10 8 19 7 13 6 14 10 23 4 25 8 27 12 25 14 17 20 25 21 29 25 30 1 16 17 18
58 21 11 16 18 20 1 24 13 21 9 19 10 11 18 21 14 21 15 24 13 30 3 17 12 14 10 21 9 28 4 23 9 14 6 27 22 23 20 26 24 25 23 29
59 21 3 16 15 25 6 26 2 20 13 20 5 30 3 15 5 24 14 21 1 14 13 18 2 29 10 27 7 10 19 24 19 23 9 28 11 16 16 17 22 30 12 13
65 21 13 23 9 26 18 26 12 30 13 17 1 17 7 27 3 22 7 16 3 15 8 11 11 24 8 30 4 29 2 25 6 21 19 21 11 14 6 20 6 10 5 28
59 21 5 19 6 15 10 21 3 22 12 28 12 26 11 22 11 24 11 29 2 18 12 23 11 12 1 25 14 22 1 21 9 13 6 30 5 17 5 27 6 16 6 20
62 21 3 28 7 21 7 30 11 30 15 26 15 25 7 26 1 23 14 27 1 29 13 21 2 12 10 28 3 20 3 22 16 28 6 17 7 18 6 14 8 19 7 24
61 21 2 26 9 28 16 25 6 30 9 29 9 12 8 21 8 17 8 11 10 20 5 10 4 24 3 14 2 25 2 22 23 28 19 24 18 30 13 30 15 26 14 27
59 21 16 19 8 17 18 30 4 19 23 27 11 15 23 25 5 20 14 30 11 12 20 25 18 23 22 27 4 13 24 28 4 15 26 27 21 28 27 29 17 21 10 13
61 21 14 17 17 24 4 13 12 20 9 14 11 25 17 23 17 19 1 11 16 30 1 18 2 30 14 28 10 16 11 20 11 22 26 30 26 29 4 15 9 27 21 28
56 21 12 17 1 22 26 29 5 20 7 15 18 24 1 14 1 16 15 17 1 26 6 27 13 30 13 22 13 21 3 28 10 12 3 19 15 24 23 25 7 23 7 11
59 21 10 14 4 30 14 30 8 15 16 26 14 23 16 20 3 29 16 17 7 28 12 26 15 16 8 13 19 23 25 29 21 25 18 25 4 11 4 22 9 24 27 29
62 21 7 22 5 28 16 27 9 18 10 24 8 11 17 28 10 23 1 29 2 13 14 24 4 24 17 20 4 21 9 26 19 29 10 27 23 30 7 15 10 12 5 25
61 21 12 22 17 18 18 21 5 28 5 11 4 13 3 27 3 21 3 19 6 15 2 23 21 24 5 29 14 27 12 29 12 16 11 30 11 26 15 20 10 25 25 27
61 21 21 29 2 26 24 26 1 16 16 21 16 19 4 17 10 14 10 23 2 20 11 12 13 25 3 13 12 28 12 21 24 30 7 18 5 14 7 15 7 22 9 27
60 21 15 20 7 29 18 22 3 13 1 28 9 19 4 11 17 27 18 19 17 19 16 23 15 17 14 29 10 27 12 30 12 13 20 24 6 23 10 21 18 26 25 30
65 21 16 24 3 24 14 28 8 19 14 15 14 20 18 29 11 13 18 26 9 26 10 15 2 13 10 21 1 28 7 12 6 17 8 22 7 23 5 27 25 26 26 30
59 21 11 19 2 29 20 24 23 24 4 13 12 30 17 23 5 16 6 30 1 15 14 28 12 22 9 23 14 15 10 17 27 28 10 21 25 28 9 19 18 22 8 26
60 21 19 27 4 10 17 23 12 14 6 12 16 22 1 16 1 17 7 27 19 26 13 26 2 15 21 24 25 28 11 27 24 28 16 20 21 26 14 29 5 18 25 30
60 21 4 13 3 29 13 16 14 29 11 21 19 20 14 24 14 25 1 23 6 26 22 26 11 30 5 20 1 30 12 14 4 10 9 27 24 28 17 20 16 18 12 15
61 21 3 17 9 27 1 30 9 20 23 25 22 24 21 30 15 27 11 28 6 23 2 12 20 22 18 21 2 29 18 28 13 25 16 28 11 19 2 14 10 13 11 26
57 21 1 11 2 26 8 25 7 20 2 27 16 25 16 22 7 24 20 28 5 29 14 23 7 12 3 23 3 10 19 21 18 27 17 22 9 30 10 13 10 15 11 19
63 21 7 30 4 12 8 16 15 23 17 25 16 18 16 17 15 24 1 26 15 21 7 10 13 21 2 22 13 17 11 24 20 21 5 28 9 29 5 27 19 24 14 25
63 21 4 20 21 25 13 23 10 26 22 23 11 28 1 16 14 28 10 16 15 21 13 19 3 15 16 18 18 28 13 15 8 30 17 26 23 29 26 27 5 12 24 28
57 21 1 15 1 13 11 17 4 16 13 18 13 30 15 19 12 17 2 14 5 28 7 12 1 23 14 20 1 24 5 10 4 21 9 22 22 26 11 29 14 27 8 25
57 21 1 16 17 18 16 30 14 29 16 29 2 11 19 29 1 20 1 21 1 26 14 27 15 25 2 15 2 22 15 24 4 12 18 28 18 27 13 23 10 20 23 25
59 21 25 26 9 15 6 28 17 24 7 23 11 19 11 22 10 28 18 23 17 30 4 16 3 25 17 18 21 22 27 30 21 26 21 29 8 20 13 17 14 18 12 18
59 21 10 18 6 16 24 29 6 30 20 28 19 22 19 20 2 22 19 26 18 22 20 23 17 20 4 12 15 28 5 21 6 25 14 22 7 29 11 27 20 27 13 30
60 21 4 10 1 27 1 30 19 26 12 13 24 27 8 20 11 14 22 27 13 23 13 26 13 28 7 14 7 13 14 25 18 22 4 16 11 29 17 27 15 17 5 21
63 21 8 30 12 20 6 20 3 27 4 10 5 18 6 14 3 16 6 22 6 25 8 26 11 15 23 26 22 29 21 29 15 25 13 21 16 17 9 28 11 19 13 24
61 21 1 27 11 23 7 10 13 26 3 17 11 26 12 17 7 23 7 15 19 28 12 21 19 23 13 30 16 23 14 16 4 29 18 29 9 24 10 20 13 22 13 25
63 21 9 18 23 26 20 24 2 13 15 23 9 10 13 28 21 24 13 30 15 17 14 18 4 17 19 20 19 25 3 22 3 25 10 16 5 12 6 29 11 21 8 27
60 21 7 24 15 25 8 22 14 19 17 26 17 19 10 16 10 19 4 20 4 13 11 29 11 16 11 22 13 18 11 27 12 30 12 25 2 28 25 27 23 24 21 29
61 21 13 16 1 13 16 23 3 17 8 21 1 30 13 25 7 27 15 26 19 24 29 30 6 24 16 22 18 28 6 12 4 11 18 22 7 15 14 22 9 20 9 10
59 21 18 23 16 21 15 17 14 24 1 26 28 30 17 30 12 21 2 12 25 26 10 12 9 20 23 27 21 22 4 13 4 15 21 29 1 11 17 24 15 23 7 19
56 21 3 30 13 27 2 14 6 17 3 24 21 22 7 22 11 18 3 29 3 23 11 12 10 13 3 12 11 28 1 25 10 16 27 30 8 20 8 15 19 29 6 26
65 21 3 18 20 26 19 29 11 15 12 21 24 25 23 29 8 13 3 11 3 29 11 21 8 20 4 22 8 27 4 24 21 28 21 30 5 17 14 20 16 30 10 30
62 21 26 28 9 26 7 21 12 22 13 24 12 27 1 10 1 19 1 24 20 29 2 23 14 19 3 18 5 17 16 22 16 28 10 30 11 12 9 29 6 25 15 23
66 21 5 10 1 14 6 28 17 28 16 28 4 26 6 21 22 25 16 19 7 25 8 13 20 25 12 13 20 23 1 27 23 29 7 11 22 30 14 15 24 27 1 18
57 21 3 22 19 20 11 12 15 26 5 24 9 13 22 28 2 23 16 24 4 11 7 20 4 17 22 25 13 18 21 25 2 15 7 27 28 30 27 29 14 16 10 29
60 21 10 28 18 29 13 17 18 25 3 21 5 20 4 18 3 27 22 24 2 28 2 11 16 30 17 27 4 12 24 25 7 26 8 30 23 30 11 15 19 23 14 15
65 21 8 24 9 12 11 24 8 20 15 21 7 25 7 18 7 17 6 27 6 29 11 28 19 23 9 16 20 23 11 13 21 30 8 30 10 14 8 22 5 26 10 26
60 21 15 17 8 17 13 20 10 13 13 22 3 26 8 20 21 27 16 24 1 24 13 21 3 23 7 14 2 25 14 19 18 19 27 30 11 25 27 29 4 28 5 12
59 21 20 24 25 30 24 27 13 21 13 25 11 24 3 15 3 14 12 15 12 17 11 12 14 16 15 19 15 23 16 26 3 21 10 28 10 14 5 18 22 30 17 29
56 21 25 29 2 14 2 17 9 10 14 27 17 29 3 13 19 30 5 21 5 28 5 24 5 23 29 30 5 18 3 12 20 28 8 26 11 17 15 25 13 16 10 22
64 21 29 30 4 11 2 24 7 12 13 27 8 26 22 29 22 26 12 15 12 23 21 30 7 13 20 23 2 17 6 28 10 20 16 20 16 19 14 19 11 18 9 25
60 21 8 24 11 29 8 10 10 20 1 16 2 11 12 27 19 21 9 12 2 13 17 23 8 15 14 17 7 19 7 17 6 28 14 30 15 22 11 25 12 26 9 18
59 21 16 21 6 28 3 20 18 20 5 24 9 15 21 23 3 25 23 29 10 24 10 17 1 19 15 21 22 30 22 25 5 12 1 14 4 13 11 29 27 30 7 26
58 21 15 21 9 18 5 30 16 21 13 15 14 24 7 22 8 26 23 27 21 24 8 15 1 19 21 25 23 24 8 11 10 29 17 25 7 20 18 29 20 28 7 12
56 21 1 22 2 24 13 19 5 29 15 28 3 18 22 23 13 16 19 20 18 21 8 25 3 19 6 12 9 10 13 26 11 18 14 15 14 26 11 17 22 27 11 30
63 21 17 18 8 19 5 24 1 21 2 16 18 25 2 18 3 10 15 21 14 21 6 11 7 29 12 15 11 30 11 27 10 20 10 28 9 13 16 22 18 23 16 26
64 22 12 28 4 28 5 26 5 24 1 22 4 20 1 29 2 16 17 28 3 15 3 21 5 18 5 30 14 15 13 27 8 10 11 28 9 25 10 13 25 29 13 23 11 19
62 22 2 11 16 23 4 26 18 20 11 29 17 24 1 12 20 22 8 14 14 18 1 25 6 13 1 9 5 28 14 27 2 21 23 26 24 26 10 26 9 30 15 26 19 26
61 22 21 24 9 29 4 26 22 23 2 18 16 28 1 12 2 10 1 19 18 23 17 29 1 27 1 28 16 30 2 14 13 25 13 21 3 21 11 29 19 20 9 23 7 15
62 22 22 26 13 30 7 17 13 28 9 20 23 28 12 28 12 24 12 17 12 14 11 20 10 26 24 27 9 13 3 26 7 21 7 15 15 19 18 30 15 16 18 25 5 29
67 22 7 16 19 26 20 23 3 21 17 23 15 18 15 16 2 9 13 18 2 27 12 20 11 13 3 19 5 10 8 29 7 30 6 24 22 24 9 23 22 25 22 28 14 29
66 22 11 23 18 29 9 18 12 29 20 22 5 9 3 14 3 23 14 28 14 27 5 17 7 20 7 26 13 21 8 10 13 14 12 15 29 30 7 19 14 16 9 25 21 24
66 22 4 10 1 13 9 28 22 30 11 30 22 24 2 28 3 15 20 29 4 19 5 16 5 25 17 25 6 29 7 14 9 26 10 24 11 21 23 29 15 18 7 27 12 16
63 22 1 14 13 30 13 25 2 25 2 21 22 23 10 15 23 30 2 15 2 17 15 27 20 27 16 20 19 28 4 18 16 28 10 26 4 11 10 24 11 29 12 23 9 30
64 22 1 29 18 23 11 16 25 28 8 19 23 26 22 29 18 25 8 12 21 25 4 27 1 24 3 21 20 27 3 14 3 13 10 13 11 27 17 23 9 11 15 20 16 30
65 22 8 16 5 15 8 30 9 19 21 28 20 22 14 19 1 24 21 24 2 10 2 23 2 27 16 22 5 19 5 12 25 28 11 30 2 13 11 29 10 26 13 18 6 17
62 22 17 20 27 28 11 27 4 26 1 17 7 9 6 10 8 22 16 22 16 19 8 25 14 25 14 23 14 15 13 15 4 29 11 30 11 25 21 28 19 24 8 18 12 25
59 22 23 28 5 22 28 29 20 23 13 29 19 22 24 29 25 30 4 28 10 30 14 22 10 21 8 12 6 27 2 18 16 21 3 9 15 20 11 18 8 16 17 28 5 26
60 22 2 11 28 29 8 28 3 25 4 22 6 12 12 20 8 18 23 29 21 27 5 17 9 11 7 16 5 24 21 24 14 19 13 27 13 14 10 18 6 30 15 28 15 26
67 22 6 24 1 12 7 18 5 27 17 30 5 29 2 13 14 20 2 11 14 22 22 30 15 18 6 22 6 23 4 16 9 11 17 21 17 26 7 19 6 10 5 25 7 28
62 22 11 19 6 13 4 21 12 30 4 14 18 19 8 20 15 25 15 23 9 10 9 15 15 16 9 17 13 18 2 30 4 10 12 24 27 29 25 27 24 28 7 22 18 26
63 22 7 29 24 30 11 26 2 24 14 23 9 13 3 16 14 24 1 11 15 18 7 28 22 27 19 21 21 25 21 26 9 19 17 25 20 22 17 22 12 13 10 17 15 26
61 22 13 16 5 10 15 24 4 16 12 29 20 28 8 19 17 28 14 20 3 15 3 23 3 25 3 30 1 26 21 27 15 17 4 18 13 22 11 26 23 29 14 27 9 21
66 22 5 20 18 29 3 15 5 25 3 22 7 18 15 16 14 20 13 20 16 17 12 29 8 28 11 23 10 24 11 15 5 21 22 24 26 28 5 19 9 24 29 30 25 27
62 22 5 29 22 30 8 28 10 23 23 28 20 27 8 18 21 24 11 21 1 22 17 25 11 12 12 15 20 24 7 21 3 9 23 26 5 17 3 19 5 14 16 21 13 23
64 22 24 26 11 28 6 18 6 19 22 26 9 27 19 20 16 27 1 13 9 19 19 24 15 18 17 18 6 29 15 23 21 26 20 28 7 14 5 10 8 25 16 30 6 12
61 22 19 24 11 27 16 27 11 18 6 20 23 30 15 28 23 25 13 15 13 17 22 26 15 23 21 30 4 13 15 22 14 18 7 19 14 21 10 11 24 29 12 27 9 30
61 22 17 26 5 23 18 20 14 20 11 12 4 11 2 10 9 10 16 23 14 29 21 29 22 23 14 23 8 25 6 28 19 22 1 13 11 27 26 28 14 24 17 30 15 23
65 22 5 19 7 29 16 22 18 23 17 30 1 20 1 23 1 24 1 27 17 22 16 25 3 9 13 15 3 13 10 21 6 11 5 30 20 28 13 14 26 29 20 21 7 12
62 22 13 27 16 30 14 23 16 17 17 21 1 15 9 10 16 27 16 26 1 27 16 24 16 23 2 11 28 30 9 24 12 27 20 29 25 27 6 29 7 19 22 23 18 23
64 22 27 29 5 10 2 15 10 16 12 21 11 17 5 30 6 11 13 19 13 18 7 24 7 27 6 25 10 20 9 27 21 29 13 15 14 24 3 28 5 23 6 26 22 28
60 22 9 30 1 24 18 25 20 30 19 26 14 29 6 29 14 18 15 21 8 11 9 12 22 25 7 12 23 26 20 28 12 23 17 18 6 16 25 27 13 20 10 17 6 15
66 22 10 24 5 24 11 16 12 27 2 22 5 19 23 26 8 12 10 26 3 14 1 16 9 27 8 18 13 18 20 24 10 29 25 27 6 17 27 28 15 24 16 21 8 30
63 22 5 12 11 26 25 26 14 18 7 28 21 30 13 21 4 21 20 26 9 11 19 24 8 23 14 21 11 12 7 22 3 16 3 19 28 29 5 10 10 17 15 20 11 27
62 22 15 26 4 29 12 21 18 29 19 25 10 24 29 30 2 28 3 19 3 20 4 15 4 22 24 28 9 11 19 27 23 27 13 18 16 25 17 21 19 21 14 18 11 16
62 22 6 27 2 29 12 19 4 16 15 30 4 12 10 11 4 23 21 28 7 13 9 18 21 30 15 20 15 18 18 27 3 10 11 24 12 25 6 14 22 25 17 18 7 26
63 22 8 12 2 29 10 29 2 20 5 24 14 20 16 28 3 19 6 16 6 17 15 16 22 27 21 29 21 27 13 20 11 15 9 29 26 29 15 30 17 18 9 25 23 25
63 22 12 28 28 29 6 29 7 26 13 23 2 20 11 29 5 23 16 21 3 24 17 18 6 27 2 21 12 30 4 9 22 29 10 18 11 19 14 21 5 15 14 25 5 10
64 22 16 29 24 26 14 16 9 25 2 10 9 20 9 10 1 18 1 23 8 19 8 11 7 29 2 13 6 27 3 15 16 21 18 22 25 26 10 12 12 17 28 30 11 30
67 22 11 19 2 16 24 29 1 24 2 11 20 27 14 21 6 18 4 9 2 20 15 16 8 28 15 17 17 26 18 21 10 14 7 22 25 29 12 29 15 23 9 13 13 30
64 22 6 15 3 22 8 11 12 13 2 18 12 22 2 28 14 22 15 23 2 21 1 29 2 17 16 18 1 30 6 10 9 30 3 20 21 26 24 28 19 28 23 27 9 25
64 22 16 28 5 27 4 26 8 14 9 12 16 26 15 28 1 20 2 12 10 30 10 19 10 13 13 20 7 25 7 23 7 22 6 11 21 30 3 24 18 28 9 17 25 29
59 22 6 21 7 11 20 23 3 9 11 29 1 26 3 20 12 29 4 22 23 24 23 25 15 27 1 13 13 17 15 22 18 26 12 19 10 26 15 16 14 23 16 30 2 28
62 22 12 27 14 16 3 19 22 25 10 25 10 14 9 24 7 25 7 21 7 13 5 26 11 15 4 30 4 23 3 17 3 9 28 30 15 30 19 29 18 29 17 27 13 20
63 22 8 24 12 14 13 25 5 22 4 28 8 12 7 23 6 15 6 13 5 27 10 29 4 20 4 11 3 29 3 26 29 30 18 29 17 26 16 18 12 19 14 21 9 15
60 22 16 28 4 25 11 20 23 29 4 18 7 24 25 26 5 12 2 21 17 20 8 11 16 18 8 30 4 23 13 23 3 27 10 19 10 29 6 15 1 14 10 22 9 29
65 22 3 11 19 27 1 12 10 29 15 19 4 25 8 20 8 24 19 26 9 13 9 21 3 22 10 15 10 16 17 28 16 25 13 25 7 14 26 30 24 28 11 18 9 23
66 22 17 25 5 9 27 30 12 14 17 22 1 15 1 17 12 30 2 10 2 18 2 21 2 30 29 30 7 24 4 26 19 21 28 29 19 20 9 11 9 16 10 13 5 23
69 22 4 22 13 22 9 15 6 19 14 23 8 24 11 28 3 25 13 30 19 29 2 28 13 27 23 30 10 13 9 27 11 21 26 28 16 24 16 20 9 12 11 17 11 18
58 22 17 30 5 23 16 25 17 21 20 28 4 17 5 28 7 13 10 12 16 30 1 18 12 27 6 11 15 19 10 22 2 26 7 22 7 19 10 24 18 29 1 14 9 30
66 22 23 30 26 28 10 17 1 23 14 18 8 26 8 15 14 30 2 16 7 21 6 10 15 19 3 25 4 12 5 13 5 11 5 9 26 27 27 29 6 20 11 22 17 24
67 22 7 29 25 29 5 21 7 12 15 16 9 30 9 29 9 24 9 15 8 17 14 19 21 23 28 30 13 14 5 19 27 29 7 10 5 18 5 20 16 22 11 30 20 26
63 22 12 23 13 14 8 9 15 28 5 23 3 17 17 26 1 10 21 28 13 17 8 21 1 22 23 25 1 27 19 30 7 11 12 16 24 26 9 18 11 30 27 29 14 20
62 22 4 26 16 25 3 20 8 16 1 9 13 27 20 22 1 27 1 29 8 28 8 17 18 22 6 19 6 14 13 30 5 21 4 12 15 20 11 13 20 24 10 23 10 22
63 22 7 28 1 20 22 25 2 22 13 22 16 26 16 20 1 23 15 26 1 29 13 27 13 18 12 16 9 21 11 23 10 23 19 30 29 30 21 25 17 30 7 24 6 14
60 22 19 29 13 28 1 23 9 14 7 29 7 12 16 22 24 26 2 17 2 22 3 27 19 25 4 28 18 21 5 30 1 10 15 30 8 20 14 26 9 25 18 26 8 11
65 23 24 28 11 15 1 8 12 22 6 22 2 13 15 26 15 23 15 21 9 12 14 28 9 21 11 18 14 16 9 27 10 12 12 30 12 14 3 19 19 20 3 29 6 25 17 22
68 23 5 10 18 25 24 28 16 19 1 14 14 25 7 22 1 27 15 26 6 21 14 28 16 23 2 26 6 11 16 29 17 18 4 19 24 30 9 20 9 21 13 14 5 12 5 8
62 23 10 12 23 26 4 28 13 16 7 20 9 13 9 25 5 24 1 14 1 17 6 21 10 30 5 26 11 22 10 25 10 17 4 27 12 29 8 9 13 18 8 19 11 18 11 15
64 23 14 27 7 25 23 28 15 22 15 19 13 27 3 8 13 30 14 19 2 11 15 17 16 23 1 23 16 29 18 19 13 24 28 30 11 26 3 12 10 11 9 19 21 24 9 20
65 23 16 23 10 17 4 18 4 17 4 27 5 14 5 29 11 14 2 24 7 20 8 13 9 11 9 23 26 30 23 30 21 30 20 28 19 29 15 28 14 22 12 21 1 25 13 23
64 23 18 19 18 26 2 18 2 23 24 27 20 25 19 27 10 14 18 21 15 27 2 14 8 22 8 21 20 22 8 13 17 20 17 29 18 28 5 30 11 14 12 19 16 22 9 24
67 23 7 18 8 24 15 22 1 22 3 25 1 10 15 16 14 29 13 28 13 22 13 21 7 11 8 9 8 25 11 19 8 30 9 29 9 17 26 28 18 27 23 25 20 21 12 27
64 23 1 11 13 16 9 27 2 16 13 19 23 28 13 28 2 20 13 24 2 29 14 16 15 18 15 30 16 27 12 29 3 17 3 22 10 15 5 8 7 21 20 30 25 26 22 26
63 23 16 19 8 28 11 15 14 15 12 18 2 18 3 8 11 20 11 26 2 26 2 21 10 17 13 15 1 27 13 25 1 24 9 26 3 30 9 16 4 17 6 23 15 22 24 29
69 23 9 17 9 12 12 18 7 29 3 8 3 14 3 17 3 27 15 25 5 22 6 19 6 26 4 25 8 24 8 30 12 28 10 11 10 28 12 13 15 21 23 27 14 16 5 20
71 23 10 30 4 28 17 30 29 30 17 24 27 30 8 11 4 8 1 30 2 15 11 22 23 30 7 9 19 28 5 21 20 23 11 12 18 19 26 30 6 13 7 16 14 29 25 28
66 23 22 23 3 9 3 30 9 10 8 22 2 22 3 21 19 21 4 15 4 17 5 25 6 27 8 16 18 22 8 24 9 12 10 26 13 17 14 15 8 11 19 28 2 29 11 20
67 23 16 28 5 30 2 27 21 25 3 25 1 15 8 16 9 12 12 28 4 8 12 20 6 10 11 25 11 24 9 29 11 22 10 19 11 17 1 18 26 27 23 28 11 13 9 14
71 23 8 13 14 28 13 22 6 20 23 26 11 25 11 26 6 23 1 16 6 21 13 28 17 28 18 21 6 8 18 29 5 24 18 30 4 15 9 21 5 10 4 19 13 27 9 12
65 23 6 21 20 29 13 25 9 27 5 18 13 21 5 11 10 12 15 28 14 18 13 15 13 16 3 12 7 30 13 26 8 29 18 27 22 29 14 19 4 8 5 24 5 23 6 17
65 23 14 28 16 28 24 26 8 15 4 19 4 10 4 9 16 29 16 30 17 20 14 17 13 29 17 24 2 11 13 23 2 17 6 27 22 29 9 12 15 27 9 21 6 25 13 18
64 23 24 28 21 30 9 20 3 10 14 29 15 21 15 25 4 26 15 26 4 23 6 17 16 23 3 20 2 28 2 12 2 11 29 30 14 18 13 26 8 16 8 19 10 22 21 27
64 23 10 19 5 9 5 8 6 12 11 18 15 27 9 11 15 16 14 25 8 20 21 24 14 16 19 21 1 24 7 15 6 22 4 13 4 29 10 23 10 17 22 26 13 30 26 28
66 23 24 29 12 29 7 13 12 14 1 19 12 23 23 27 5 24 5 26 7 15 2 17 2 21 2 30 18 25 15 16 17 20 9 27 8 29 16 18 25 28 9 11 10 19 14 22
59 23 4 15 7 22 9 16 9 10 8 26 13 26 20 21 15 19 8 12 7 29 16 25 16 28 16 29 8 16 17 19 7 27 19 21 8 14 18 19 5 11 11 30 23 25 20 24
66 23 8 10 25 30 11 15 8 22 3 24 1 13 15 19 7 8 14 21 9 18 9 26 10 12 10 17 15 20 10 23 12 14 11 17 11 16 5 26 27 28 2 28 23 30 29 30
68 23 18 30 12 27 23 25 9 18 7 20 17 26 8 13 16 22 15 30 3 23 10 11 12 23 3 9 2 16 11 15 7 8 16 17 27 28 4 29 6 14 6 24 5 21 7 19
63 23 2 30 16 26 8 16 10 21 6 17 9 16 17 20 5 15 16 23 5 12 9 10 15 27 9 13 9 25 13 28 2 24 10 22 11 29 11 22 3 28 18 21 7 19 14 18
69 23 17 18 14 22 18 25 6 9 8 30 24 25 16 27 22 30 13 16 13 19 3 17 1 15 13 26 7 20 14 16 6 23 10 24 10 13 11 22 25 29 6 12 17 21 14 28
61 23 6 23 12 13 5 8 16 29 27 30 8 24 15 25 11 29 21 25 16 26 3 21 20 29 13 17 7 10 20 27 14 20 8 13 15 20 22 24 20 28 9 26 10 18 3 19
69 23 1 8 15 27 4 15 2 29 10 30 17 21 10 21 11 23 8 20 2 19 2 14 9 15 10 11 12 19 4 26 6 24 5 11 6 28 11 18 15 16 7 13 12 22 25 27
63 23 17 23 22 25 1 22 2 24 13 19 11 13 9 12 8 29 6 28 5 9 8 23 2 15 16 18 2 18 8 27 13 15 11 26 11 21 10 24 4 27 23 30 10 20 14 29
63 23 22 24 22 28 15 17 7 29 15 19 16 30 16 20 2 20 18 25 4 8 4 10 4 13 18 22 17 28 16 26 5 28 5 12 13 23 9 25 10 21 11 22 24 27 14 16
66 23 3 15 3 13 17 25 15 22 18 22 11 29 20 24 14 25 9 15 4 29 1 8 18 25 8 19 1 21 15 30 10 23 12 28 4 26 3 20 8 23 2 12 14 16 20 27
58 23 2 27 5 19 13 23 1 17 5 28 14 28 12 26 2 15 20 27 2 30 9 24 9 20 16 22 1 16 4 12 3 21 11 25 2 13 5 8 10 21 25 26 18 23 13 29
61 23 3 9 2 11 12 25 2 27 11 18 11 28 14 27 7 25 2 17 2 26 13 19 5 13 10 15 15 27 20 26 21 29 13 29 14 16 3 23 3 30 24 28 22 28 6 8
65 23 4 13 9 23 3 30 13 20 2 16 7 23 2 21 16 18 19 22 19 26 3 15 5 17 1 28 1 26 5 8 10 23 6 27 14 23 12 20 11 19 22 24 26 29 8 25
63 23 15 29 3 20 3 17 12 23 3 21 13 18 15 18 15 21 21 22 21 26 13 23 15 24 1 27 14 18 15 16 17 30 9 23 11 15 11 19 8 11 15 25 10 27 4 28
60 23 21 29 15 26 10 17 2 20 23 30 20 25 7 21 10 24 8 20 6 30 8 13 7 26 7 19 7 18 12 22 5 24 9 21 11 15 13 27 16 26 17 22 14 26 22 28
64 23 8 27 7 9 20 21 4 24 5 29 3 12 14 27 1 28 13 28 3 21 4 14 1 15 12 19 2 17 2 18 11 15 10 24 25 27 22 25 23 27 15 16 9 26 6 30
68 23 24 30 23 25 12 13 9 29 14 29 7 25 26 27 3 17 8 22 17 18 16 27 8 10 4 21 1 14 7 13 17 22 21 24 9 27 3 11 18 20 4 15 12 28 18 19
61 23 3 19 3 9 10 24 6 12 12 29 5 18 1 14 4 11 5 17 5 25 29 30 6 20 7 22 7 28 9 13 10 27 11 24 12 15 14 21 14 26 15 23 16 18 8 28
70 23 3 10 6 13 19 21 5 18 7 23 1 15 7 11 6 29 6 28 6 12 5 30 19 29 5 20 18 26 16 22 4 24 17 20 3 16 8 26 16 27 9 30 16 25 6 14
66 23 12 14 25 29 8 14 7 14 15 19 4 13 8 19 8 23 1 24 9 18 1 30 3 29 1 11 14 22 10 18 3 21 2 17 3 20 10 28 23 28 4 16 17 26 10 27
67 23 14 19 4 8 9 22 4 12 14 24 7 30 1 19 1 20 13 22 9 17 9 26 2 16 2 23 2 25 11 27 10 12 3 17 21 23 15 22 5 18 23 27 27 29 9 28
62 23 11 23 2 26 19 29 12 20 9 30 5 14 10 15 18 27 20 25 4 17 19 28 19 22 1 19 14 27 19 21 6 13 7 20 2 11 20 30 8 19 13 15 16 30 6 24
63 23 6 26 6 11 25 26 15 17 4 27 1 24 3 10 3 17 1 8 15 20 14 16 13 23 1 22 12 21 13 16 9 14 4 9 7 18 5 30 19 25 26 28 20 29 9 12
66 23 22 28 20 29 11 30 8 16 19 24 1 10 21 30 14 15 4 26 15 19 7 30 7 22 7 19 7 17 18 28 16 26 18 20 17 23 6 13 9 16 12 18 12 25 19 27
72 23 1 25 1 22 8 23 13 27 6 26 7 10 7 27 12 26 5 28 15 22 18 28 9 12 17 23 11 26 8 20 16 24 16 22 4 21 17 18 14 22 5 30 12 19 23 29
66 23 2 11 15 24 8 23 7 28 19 26 8 19 14 18 11 17 1 12 7 26 20 28 12 29 18 22 15 21 12 15 16 18 9 11 12 13 27 30 16 23 20 27 10 13 13 25
64 23 8 10 7 26 17 22 14 19 4 22 13 19 7 29 3 15 20 26 21 25 16 18 20 23 8 9 22 30 15 24 8 12 19 30 16 29 7 9 18 28 6 11 24 25 6 27
68 23 13 16 8 29 3 9 9 23 14 15 13 15 2 13 2 17 2 21 2 25 3 10 3 22 3 28 11 30 9 18 8 30 8 28 4 24 8 20 19 25 17 27 18 26 10 12
68 23 27 28 2 21 15 20 9 15 11 22 8 19 8 10 7 19 7 14 6 26 6 20 5 30 5 23 1 29 10 22 12 16 12 21 13 21 15 25 15 27 17 25 24 29 11 18
74 23 24 29 14 26 7 15 11 23 24 25 1 11 5 21 17 20 13 29 11 19 16 27 17 23 4 14 4 13 9 20 7 18 12 29 14 28 4 22 8 17 7 30 16 18 10 17
65 23 12 25 5 17 17 22 1 8 12 20 13 23 19 25 9 14 7 28 14 19 3 10 9 18 5 21 21 27 9 27 24 29 5 15 11 18 17 23 11 24 16 30 16 23 16 26
66 24 4 14 18 27 4 29 14 25 4 27 18 21 17 20 3 19 16 22 15 27 18 23 2 30 18 24 19 20 25 28 6 13 6 16 12 27 8 26 9 15 11 29 10 30 8 16 7 22
69 24 7 19 25 29 2 15 10 30 19 30 5 8 15 28 1 22 2 11 13 14 3 9 11 14 3 24 10 14 9 23 9 20 9 18 8 21 8 12 16 28 24 25 21 26 17 22 25 27
67 24 6 19 3 22 3 20 10 22 10 21 9 14 23 28 22 26 9 26 7 23 7 30 1 28 17 21 5 8 2 18 10 15 9 11 12 14 6 29 22 24 13 29 7 25 17 27 13 16
64 24 7 10 9 30 13 20 17 26 14 25 7 20 6 17 11 19 2 23 6 29 20 29 21 25 22 28 8 15 8 26 20 28 4 27 19 25 18 27 5 30 4 16 1 11 12 17 13 24
65 24 11 16 7 16 15 25 5 13 2 10 9 19 21 28 13 28 3 29 16 26 3 9 13 26 14 20 15 21 15 23 11 30 11 20 9 17 8 21 7 24 27 29 18 30 22 29 11 12
68 24 15 18 5 26 18 24 11 23 2 20 14 22 4 21 21 23 7 28 13 17 4 13 12 15 10 22 10 17 22 30 2 25 2 27 9 23 8 28 8 30 15 22 12 16 19 24 14 29
68 24 3 10 6 18 23 26 5 17 1 14 18 19 27 30 8 13 1 9 8 19 16 22 8 25 8 27 15 24 15 22 4 12 2 22 10 28 11 16 5 21 6 29 7 19 18 20 7 26
70 24 9 26 4 25 21 26 21 23 18 24 5 15 7 18 20 23 22 26 15 26 23 28 10 26 3 12 15 30 3 18 19 22 5 14 13 26 27 29 4 17 11 21 14 16 23 29 8 29
70 24 3 28 1 23 1 12 11 15 3 18 5 21 13 16 11 28 5 16 2 14 11 24 11 19 2 29 10 27 9 23 3 27 8 30 8 24 4 22 6 17 14 26 17 25 7 20 7 21
69 24 18 25 18 30 6 25 7 10 24 25 1 11 1 19 10 25 7 20 6 28 6 27 4 29 9 13 16 21 6 22 3 21 6 12 17 18 15 24 14 25 9 20 8 30 5 23 6 26
71 24 8 22 17 18 5 16 6 26 8 16 1 11 8 10 7 29 1 25 19 29 7 27 2 12 7 18 6 29 12 13 6 9 17 28 3 24 17 21 5 14 16 23 11 15 16 20 21 30
70 24 5 14 13 25 9 23 15 17 14 24 10 25 6 7 10 22 1 17 1 21 9 24 2 25 2 28 20 26 7 29 19 29 16 20 18 27 16 24 17 30 11 20 12 14 17 27 8 22
70 24 11 30 12 24 12 15 3 9 9 20 14 30 9 16 14 21 18 23 3 13 22 30 2 7 20 29 2 14 2 28 6 17 7 26 18 20 7 10 27 29 12 19 19 21 16 25 8 21
69 24 22 25 17 28 11 19 14 30 14 24 4 24 4 23 17 21 4 22 16 23 15 23 18 27 11 21 11 22 11 27 2 29 12 26 12 17 5 7 9 16 3 13 20 23 2 8 10 20
70 24 17 20 14 27 1 30 12 18 16 25 1 10 16 23 13 27 13 20 12 30 12 29 12 19 6 8 12 14 11 30 11 16 4 7 9 29 17 26 17 24 24 28 22 23 9 15 11 21
73 24 5 9 12 17 9 15 17 19 16 20 15 25 15 18 1 28 13 14 2 12 2 13 2 24 11 26 9 20 1 7 8 28 8 23 6 29 5 22 17 26 17 27 22 30 21 29 10 16
73 24 2 22 3 25 8 9 8 18 17 19 16 17 15 27 9 11 4 16 9 12 9 19 9 21 9 24 13 16 2 7 2 10 3 15 14 22 25 28 26 30 19 23 18 30 5 29 20 21
67 24 4 30 17 19 26 27 18 19 7 15 21 23 1 28 21 22 1 13 12 27 1 19 20 29 13 14 7 25 2 25 6 27 6 24 18 22 4 16 5 10 11 30 24 29 9 20 8 15
73 24 19 29 11 17 7 11 14 30 26 28 12 17 25 30 6 29 24 30 3 13 20 29 12 28 9 25 5 28 2 24 5 23 5 21 14 15 27 30 8 14 3 10 18 28 4 22 7 16
67 24 6 7 12 25 20 26 8 20 19 21 15 16 10 15 13 30 11 23 10 28 10 21 1 30 2 10 9 28 2 14 9 24 8 28 2 25 6 29 5 27 5 22 18 23 18 24 15 17
71 24 1 16 6 27 4 29 9 18 9 20 9 13 3 30 10 20 11 13 11 15 13 23 14 18 2 7 1 24 1 23 4 22 4 25 8 10 5 12 19 29 1 21 28 29 15 26 14 17
74 24 3 26 19 27 7 11 7 14 15 24 14 26 14 24 13 29 3 23 11 29 10 26 10 21 9 15 2 30 17 19 22 27 5 17 25 26 18 22 3 8 7 28 8 16 7 12 20 28
74 24 10 15 27 29 4 23 6 16 15 17 1 21 16 19 13 21 16 30 8 14 8 27 17 30 6 20 12 22 6 11 9 17 23 28 11 18 11 12 8 26 8 20 7 12 24 29 19 25
72 24 15 28 11 16 8 24 9 24 1 22 2 29 3 7 3 11 3 15 5 17 7 13 7 24 8 20 8 25 10 25 11 26 13 27 14 21 15 23 3 21 12 22 9 19 4 18 8 30
69 24 5 21 4 26 19 27 7 22 7 13 10 23 10 16 10 14 9 28 9 22 8 23 8 20 8 12 7 20 11 13 6 27 5 29 5 20 1 30 25 27 21 24 15 30 15 18 16 17
75 24 4 27 18 21 13 28 1 14 3 10 6 24 7 20 8 16 8 30 10 30 11 13 11 14 14 18 14 20 14 23 15 22 15 28 15 29 21 25 9 11 13 26 13 19 12 28 17 25
68 24 5 7 22 24 13 27 18 27 11 16 17 26 3 26 18 21 19 20 5 28 2 27 19 24 14 27 14 23 14 22 8 18 10 27 1 12 11 28 9 14 25 30 25 29 11 30 15 23
67 24 11 29 12 25 17 21 16 21 11 20 4 22 8 29 9 11 16 19 15 26 10 13 4 21 14 20 13 20 11 21 3 18 3 30 4 7 7 24 1 15 25 28 20 23 23 27 21 28
71 24 5 10 25 27 5 12 7 29 8 25 15 27 2 16 15 24 14 15 2 11 13 20 13 18 11 15 3 21 4 30 5 19 5 26 19 22 18 30 17 27 9 30 9 23 7 30 21 28
66 24 2 30 3 7 16 26 26 27 5 13 10 14 9 25 9 12 20 27 5 16 7 19 7 18 1 14 2 28 20 29 14 24 2 23 13 21 11 13 9 14 4 8 17 21 10 15 7 22
63 24 7 21 20 27 2 10 10 11 2 14 6 29 10 12 4 28 4 30 1 22 2 15 2 17 18 22 17 26 17 21 16 22 6 9 8 18 13 15 11 23 23 24 26 27 11 19 21 25
68 24 18 27 11 16 2 11 16 30 10 29 9 21 9 16 16 24 1 7 22 27 17 27 8 24 8 23 18 19 8 14 8 13 20 22 15 20 10 12 5 12 11 17 1 25 9 28 20 26
71 24 5 25 16 22 4 28 14 30 16 23 13 30 1 19 15 23 2 8 13 24 2 20 12 26 10 11 4 15 7 21 7 15 6 24 5 12 5 17 26 27 18 19 10 17 9 26 7 29
69 24 26 28 22 23 19 26 9 25 14 27 21 30 5 11 5 12 10 15 10 20 11 13 11 14 12 22 6 8 15 24 15 26 16 22 18 27 19 25 20 30 5 19 8 17 9 29 7 27
67 24 1 15 14 18 4 29 4 20 11 20 11 18 1 22 13 26 16 26 18 21 15 27 4 8 15 17 2 9 5 12 18 28 11 19 9 26 10 11 7 12 12 24 5 25 5 23 6 30
72 24 3 17 11 18 9 30 3 28 18 30 4 22 17 27 1 12 1 15 1 18 15 26 14 28 9 19 14 24 12 21 13 28 3 16 21 25 23 25 8 18 7 22 7 20 10 30 10 29
67 24 9 30 21 29 1 10 14 26 6 12 15 18 9 10 13 27 19 23 18 28 14 30 8 13 8 15 27 30 9 11 3 17 16 25 21 28 11 20 24 25 23 27 10 25 22 26 7 28
65 24 15 28 15 22 15 21 25 28 1 11 16 21 20 27 1 28 14 16 4 9 9 19 4 8 19 24 19 23 27 28 7 9 2 13 8 29 17 21 12 20 4 26 4 30 10 14 12 18
68 24 7 29 10 16 19 22 17 18 5 14 17 20 4 25 4 13 3 30 1 16 11 13 9 19 4 26 5 18 2 28 7 23 3 22 1 21 20 24 7 10 8 30 15 28 27 29 12 27
75 24 27 30 16 27 14 25 1 19 1 8 1 24 3 9 3 12 3 18 3 22 6 30 11 24 13 21 13 22 14 16 14 17 24 26 27 28 17 23 7 28 16 20 15 23 10 22 13 29
65 24 8 29 16 30 20 30 26 28 18 30 11 17 11 18 22 24 8 14 18 19 4 14 1 13 1 18 4 9 1 21 22 23 6 10 21 22 4 15 2 27 2 28 12 25 25 26 7 19
71 24 25 30 6 18 3 30 2 24 10 12 1 17 1 19 17 20 1 21 16 18 10 16 2 11 15 22 15 16 14 24 2 28 13 30 3 23 21 29 7 26 9 24 8 29 7 14 5 27
70 24 22 28 2 18 5 7 11 12 16 26 15 29 4 22 20 21 22 26 22 23 21 30 10 17 7 8 6 19 1 27 6 12 16 17 12 15 13 21 24 25 14 28 14 25 9 22 12 21
65 24 5 19 8 26 9 27 12 22 25 29 6 18 6 16 4 30 22 23 5 12 6 9 4 17 7 16 4 15 9 20 3 29 7 8 13 25 13 28 14 18 15 24 16 21 10 26 11 25
73 24 3 30 11 25 11 12 7 21 1 9 1 21 14 15 12 28 12 17 2 8 11 15 2 27 10 17 9 28 4 19 4 20 5 16 2 18 20 24 18 29 26 30 7 13 5 22 13 23
67 24 18 20 3 9 6 21 6 25 15 24 5 24 4 8 7 19 3 30 23 28 23 27 1 16 17 18 14 26 14 28 8 22 15 29 20 28 7 21 10 14 13 25 18 22 12 21 7 11
65 24 5 30 12 13 1 12 23 26 13 19 4 16 14 21 12 26 13 14 13 17 2 25 2 9 3 29 15 22 15 24 15 25 11 13 10 21 10 18 8 18 7 28 7 9 21 27 17 20
69 24 11 13 9 19 5 15 7 16 1 23 3 8 8 17 3 30 17 25 1 13 3 29 16 20 16 17 8 24 1 26 14 15 9 11 12 17 3 10 11 21 23 27 7 18 28 30 22 26
64 24 1 24 5 30 3 26 27 29 13 18 9 27 21 28 20 22 13 26 13 29 21 29 14 15 3 23 16 18 2 7 3 12 2 22 19 22 3 11 10 17 10 11 11 25 8 29 14 21
63 24 22 29 4 20 2 25 1 12 4 14 9 26 9 10 11 29 2 22 2 21 13 24 2 9 1 28 13 20 6 23 6 19 6 16 17 21 4 7 8 25 24 30 18 23 15 17 23 27
73 25 5 15 27 29 3 26 15 22 20 26 8 18 14 26 9 29 9 22 22 24 9 10 7 15 2 19 18 23 2 23 2 30 11 27 11 25 17 30 1 13 5 12 16 29 6 28 16 28 21 26
76 25 6 15 16 18 12 14 2 13 15 23 1 17 15 17 14 29 1 24 14 16 1 26 2 21 12 24 6 19 3 9 10 29 10 22 8 25 7 29 7 20 27 29 11 15 9 30 8 30 28 30
69 25 7 21 20 21 2 29 4 30 16 19 2 6 27 30 11 14 18 29 18 22 17 29 11 26 5 15 12 15 6 13 6 19 6 23 6 28 13 14 7 11 10 19 8 13 9 10 24 29 23 25
68 25 13 26 5 12 22 24 15 26 22 28 6 17 13 17 21 25 8 13 15 16 1 7 14 25 1 10 4 13 14 20 2 21 16 22 1 29 11 22 9 28 5 19 7 18 7 23 8 30 16 27
69 25 15 23 18 19 8 25 12 30 15 24 16 27 3 26 3 18 13 28 15 19 16 26 12 20 16 29 16 30 17 18 12 13 4 11 4 25 5 7 6 8 6 10 9 11 21 30 22 26 1 14
73 25 14 15 9 18 1 29 3 22 27 29 8 19 7 26 5 9 13 26 26 28 7 30 13 20 12 28 22 23 21 28 18 19 18 26 11 24 11 15 21 24 2 25 16 21 5 10 6 12 17 28
70 25 18 23 9 11 7 10 2 13 2 24 23 25 9 25 1 10 8 29 1 23 1 29 9 22 13 19 12 28 1 12 9 26 10 30 10 16 3 21 8 17 16 20 5 14 20 27 6 16 14 15
72 25 27 29 10 14 14 28 1 20 11 20 17 26 7 10 17 21 6 28 14 21 6 22 1 24 2 6 5 23 14 27 3 12 4 25 12 19 16 28 13 14 13 18 13 15 7 30 8 29 9 11
70 25 3 11 10 17 5 23 25 28 4 6 2 17 12 13 10 22 10 28 11 16 11 19 10 20 2 7 13 16 13 21 15 29 28 30 3 26 4 9 8 10 16 24 22 29 22 27 14 16 11 18
76 25 7 12 17 27 9 10 4 16 12 28 19 23 9 29 18 21 9 22 10 18 10 27 11 21 11 28 12 26 13 24 13 19 8 21 24 30 7 14 3 15 24 27 5 8 6 11 6 25 12 20
71 25 15 22 7 25 7 8 6 15 5 11 4 7 20 30 5 27 4 23 9 17 3 22 3 21 3 17 22 29 2 24 23 26 11 30 19 22 16 24 13 19 10 29 10 12 10 14 23 28 18 27
73 25 26 29 9 19 5 16 10 30 10 27 3 20 3 8 2 27 2 24 11 14 11 16 11 29 12 27 14 17 8 28 8 18 4 22 7 30 7 25 7 19 6 18 21 26 15 20 9 13 18 23
70 25 6 14 24 30 11 29 11 22 17 30 2 21 9 29 19 22 15 18 5 14 2 8 12 18 11 30 2 22 2 23 10 21 8 28 8 16 8 12 7 14 18 26 21 27 25 29 7 13 15 20
76 25 14 25 8 22 15 28 20 25 23 26 7 16 18 21 12 24 17 23 3 21 11 16 12 13 15 20 1 17 1 19 14 22 14 16 6 16 4 14 4 13 10 14 20 29 9 27 8 30 5 9
75 25 10 22 15 25 3 18 9 27 24 26 20 30 6 7 4 7 6 22 6 25 9 11 17 19 6 27 6 30 2 12 21 26 2 17 16 23 2 26 10 16 4 29 11 14 13 29 17 28 8 20
70 25 14 18 29 30 7 30 21 30 12 30 13 16 8 25 2 8 8 19 7 22 6 11 5 28 5 16 5 14 4 24 3 30 3 27 8 15 9 13 10 21 11 25 19 26 20 22 7 23 17 19
65 25 11 21 2 17 3 9 24 25 6 11 21 24 9 28 10 30 7 29 18 23 11 17 9 30 11 12 9 20 7 26 7 25 5 15 3 23 3 16 10 22 8 22 11 27 19 25 13 17 5 14
73 25 25 30 23 30 19 23 6 28 4 12 9 29 20 29 6 22 9 22 4 6 19 28 1 26 1 27 13 23 8 26 17 21 15 21 8 14 17 23 7 28 11 12 18 19 16 22 10 19 1 24
66 25 27 29 11 23 15 28 23 28 14 29 6 14 13 30 20 28 8 13 1 12 1 13 16 18 15 30 15 26 1 24 14 25 8 10 13 22 6 7 13 16 12 29 8 19 9 26 12 21 9 17
73 25 7 13 1 30 11 14 6 16 6 20 1 7 2 9 19 21 19 20 2 22 2 24 17 25 4 18 4 19 4 28 5 8 4 15 14 16 13 29 13 27 12 20 23 26 13 25 8 10 8 23
73 25 5 15 16 22 21 26 2 16 8 24 19 28 13 15 7 29 19 22 18 28 13 29 7 26 13 30 16 23 1 20 1 24 14 21 2 17 11 22 25 27 6 23 8 12 21 27 10 11 9 23
71 25 5 8 9 17 16 23 23 30 2 10 13 16 17 20 7 28 6 23 3 30 9 16 8 29 8 26 8 24 18 21 18 25 13 15 7 25 18 27 6 22 6 25 14 29 12 19 12 25 11 28
64 25 13 20 12 19 11 22 5 14 25 26 13 26 7 11 3 27 3 21 10 20 12 29 4 8 3 19 3 18 13 22 14 17 14 24 3 6 10 29 10 28 6 15 9 21 7 16 23 27 25 30
68 25 1 14 18 21 14 30 9 17 12 27 10 29 5 23 16 27 7 10 7 14 7 17 14 19 7 24 14 18 21 26 15 26 7 8 16 20 16 30 5 22 28 29 11 30 10 25 5 13 6 9
80 25 3 24 18 22 3 16 10 24 9 10 21 24 18 26 1 6 6 23 2 25 8 24 7 29 3 22 11 22 11 19 17 23 12 19 7 21 13 23 6 27 5 28 15 28 5 20 10 30 9 14
74 25 2 16 1 26 25 28 17 27 6 22 20 27 9 16 6 15 21 23 15 23 10 14 2 24 5 21 17 21 1 19 16 18 1 30 21 28 14 28 6 13 4 7 3 11 3 29 12 27 8 24
65 25 9 10 9 19 21 25 1 24 5 29 25 30 6 17 13 18 17 28 1 19 7 24 7 27 16 26 16 22 15 29 2 11 13 24 13 16 4 14 12 19 11 23 10 21 28 29 8 14 16 20
65 25 16 19 20 25 11 13 6 27 9 23 15 17 17 25 9 28 8 24 11 22 14 24 10 29 11 14 2 24 12 21 10 25 14 27 15 23 1 25 7 20 6 26 19 21 16 28 18 24 24 30
69 25 11 16 3 22 17 25 1 11 19 27 14 29 5 9 25 30 11 26 12 17 12 20 12 23 16 29 9 20 15 16 3 6 8 29 1 7 21 30 18 29 19 21 20 24 10 27 6 28 11 13
71 25 6 28 1 15 1 22 9 26 18 21 6 18 17 24 4 28 8 15 14 28 9 20 9 25 9 30 3 26 2 24 11 30 10 18 11 13 4 12 7 12 22 27 8 19 22 23 18 29 16 26
77 25 20 28 24 26 9 28 15 26 8 17 5 26 8 22 18 28 17 24 16 26 10 12 6 8 4 14 10 15 10 28 2 30 7 14 7 25 23 24 21 30 11 17 10 27 11 19 9 29 8 13
72 25 3 7 15 27 17 23 5 10 1 24 1 13 13 18 1 14 16 25 16 18 7 17 4 6 13 27 11 27 2 22 10 12 2 28 20 30 20 27 6 21 9 13 8 25 7 26 7 19 21 29
72 25 26 27 7 21 8 22 11 25 6 12 14 27 1 29 17 27 15 20 1 19 4 18 1 25 14 19 4 10 10 23 3 20 1 9 23 28 22 25 6 29 7 14 16 24 7 24 18 30 13 29
73 25 17 23 8 10 5 10 13 24 17 27 17 22 16 29 15 27 2 7 14 30 14 20 14 17 13 26 10 29 10 15 4 13 12 24 12 18 11 29 10 21 24 28 9 15 6 13 7 19 16 25
76 25 5 20 6 8 10 13 7 13 9 10 2 22 8 30 15 23 2 13 2 18 22 28 2 24 8 14 8 11 3 11 3 25 16 22 12 18 13 15 14 17 11 19 11 27 10 21 7 29 7 26
74 25 14 16 8 11 6 11 2 20 7 16 20 28 8 18 14 25 1 22 7 26 7 23 15 18 8 9 7 15 2 10 5 21 5 19 4 11 12 14 27 29 11 29 13 18 15 17 13 24 24 30
79 25 23 26 14 22 6 15 7 13 7 17 2 8 13 28 1 20 18 23 7 30 13 21 8 21 3 15 23 27 9 14 16 25 10 20 5 11 14 28 3 26 3 25 5 24 15 19 13 29 12 22
70 25 18 20 5 25 8 11 11 25 22 24 2 13 26 30 2 14 2 19 2 27 1 15 3 9 3 30 4 10 6 18 7 14 7 22 11 16 14 28 16 20 21 26 29 30 11 17 16 23 12 21
73 25 14 18 12 23 6 23 6 14 1 15 6 7 1 21 1 23 1 25 1 28 2 20 4 29 6 8 6 17 9 11 11 21 13 28 16 19 17 19 23 27 28 30 10 22 4 10 4 26 19 24
73 25 6 30 11 22 17 30 3 20 14 22 5 28 5 6 4 19 4 15 13 18 8 27 1 26 2 8 11 28 9 19 10 26 10 18 3 7 9 25 16 30 19 24 18 23 10 12 6 29 9 21
75 25 5 22 12 29 13 21 4 26 9 26 25 29 9 25 25 27 16 20 8 24 17 28 5 19 13 27 7 18 20 29 7 8 2 8 17 30 11 29 3 10 6 24 28 29 10 23 15 28 6 14
71 25 4 16 1 10 10 20 13 25 24 27 14 17 4 21 6 19 3 27 3 15 3 12 2 30 19 28 2 6 1 23 1 22 1 17 5 11 8 10 13 28 9 15 8 18 26 30 7 27 14 29
72 25 6 30 7 18 9 30 8 25 23 29 22 24 13 18 13 24 9 18 18 28 1 23 14 18 1 26 8 20 2 6 15 19 14 19 20 22 14 21 8 10 12 22 16 28 15 17 15 27 11 30
71 25 13 25 18 28 9 18 10 19 3 28 12 30 13 17 13 18 1 10 4 11 14 19 3 27 21 23 20 29 2 15 8 11 7 28 18 29 5 12 16 24 10 22 17 21 4 26 6 9 16 19
71 25 25 26 20 23 13 22 11 13 1 25 2 19 2 23 3 7 18 25 7 22 3 15 3 30 17 21 17 19 16 24 29 30 8 19 8 24 9 22 10 22 12 28 12 17 1 14 26 27 6 21
78 25 16 29 4 7 21 28 20 28 20 23 19 30 17 29 4 18 8 17 1 6 3 21 9 13 2 13 10 18 10 29 10 26 26 30 26 27 24 29 5 11 9 22 5 14 7 15 25 27 12 30
76 25 15 17 7 17 22 27 3 25 1 15 1 27 1 28 13 27 12 18 12 14 11 13 10 19 3 21 9 26 4 8 8 12 5 9 22 23 16 21 25 30 20 30 2 6 21 29 6 10 15 24
71 25 4 19 4 17 15 21 16 30 11 15 6 22 1 20 18 22 19 30 13 23 1 10 3 6 8 21 2 8 2 14 5 13 11 24 12 15 23 29 14 26 18 27 28 29 6 7 9 30 19 25
72 25 26 30 16 21 14 24 3 8 2 7 20 25 3 26 18 28 18 22 18 20 5 11 6 12 17 18 7 27 17 29 7 29 8 23 9 11 15 21 2 6 14 30 10 18 11 13 11 21 19 26
75 25 18 22 2 9 1 13 7 20 3 16 10 26 5 28 2 14 3 6 11 23 2 18 3 11 13 30 13 27 1 12 17 29 3 26 3 15 3 29 4 19 7 10 8 27 11 25 5 24 21 26
76 26 23 26 5 6 2 6 3 15 10 28 16 20 1 7 1 19 14 25 1 22 14 20 13 20 2 10 3 9 3 17 13 17 3 30 4 12 9 18 4 23 8 26 17 21 23 29 22 27 23 24 8 11
77 26 16 17 5 10 4 19 1 21 28 30 18 30 1 25 18 25 17 22 2 17 14 24 3 8 14 21 13 30 13 26 4 20 11 15 10 26 10 23 9 28 7 26 21 27 23 29 6 14 11 12 8 15
77 26 12 13 23 29 13 25 1 25 2 14 7 22 13 23 9 10 16 26 1 16 8 17 5 16 7 20 7 19 2 15 6 26 15 24 15 28 3 22 5 21 26 30 4 10 3 11 12 18 16 17 14 27
74 26 5 11 6 23 7 27 8 26 11 18 5 21 10 15 14 25 4 8 4 17 8 9 5 12 4 5 3 20 7 23 7 25 2 13 1 15 7 26 10 29 12 30 19 24 11 19 10 16 7 22 6 28
76 26 6 13 7 19 6 12 21 23 15 27 15 22 15 17 3 28 14 19 14 15 13 25 1 22 13 24 12 26 3 21 11 29 9 25 9 27 10 13 2 20 26 30 25 29 8 13 5 7 6 18 16 22
78 26 18 29 11 28 8 9 6 23 2 28 7 16 1 8 1 13 1 15 21 25 1 29 6 20 2 14 2 26 7 8 6 8 5 28 5 22 15 27 4 19 15 17 24 27 15 25 11 30 10 21 8 12
77 26 11 15 3 25 1 18 16 23 15 28 15 25 2 9 14 15 13 24 13 23 12 29 12 25 12 13 3 21 3 22 10 13 9 30 9 27 9 20 8 25 5 15 7 16 6 20 18 19 11 17 23 26
73 26 5 29 10 20 26 30 10 18 8 24 15 29 3 28 1 8 1 13 1 18 15 23 14 30 7 23 7 30 14 22 16 21 3 14 3 12 9 28 12 17 11 24 5 16 6 11 15 25 18 19 27 30
74 26 19 27 5 25 5 28 2 28 10 16 17 28 3 15 17 18 16 25 16 21 15 30 1 26 2 8 9 20 10 19 10 22 12 24 2 29 3 20 12 14 24 30 6 8 7 23 20 23 13 25 11 22
76 26 1 7 27 28 4 8 9 18 18 20 22 30 17 28 1 15 1 19 16 27 1 21 14 23 13 16 12 15 2 5 3 14 3 28 6 13 5 30 5 10 24 26 3 18 25 29 18 29 14 24 11 19
71 26 11 25 15 26 1 15 7 12 9 15 2 19 6 7 3 27 3 23 1 30 4 8 1 22 1 21 14 18 14 24 14 28 9 12 1 5 12 18 11 14 9 13 9 16 5 10 20 22 16 17 29 30
74 26 5 9 13 15 14 25 16 18 18 27 20 21 6 27 22 24 22 23 8 28 8 20 2 9 7 14 2 18 7 11 2 22 6 20 4 13 5 17 5 10 4 30 12 24 10 25 17 29 16 26 9 19
74 26 16 17 7 25 14 22 9 14 11 21 11 30 4 6 1 12 1 14 1 17 16 19 12 15 10 24 8 25 8 22 4 29 5 15 7 18 8 11 23 25 24 28 1 13 25 28 20 27 27 28 24 26
70 26 5 17 13 30 19 30 5 26 14 15 9 24 22 24 6 9 8 22 2 5 15 16 15 25 2 10 2 20 11 28 4 23 12 22 3 6 8 21 3 11 10 13 10 29 10 15 7 16 18 23 22 27
75 26 11 17 19 25 23 26 1 5 1 18 24 29 17 21 16 19 15 29 4 14 4 13 14 27 27 30 14 26 4 12 3 15 12 22 9 11 10 30 6 19 11 12 22 25 6 20 7 24 18 28 8 29
71 26 2 30 1 8 22 28 6 9 18 28 13 14 9 15 7 17 11 15 8 22 2 27 2 23 9 27 8 12 12 19 12 20 13 25 1 21 3 5 8 17 11 25 8 10 3 26 3 29 6 24 7 16
76 26 29 30 10 15 10 26 17 20 5 21 1 9 16 28 16 27 16 26 1 14 16 17 1 27 1 29 12 26 2 24 11 13 10 18 3 11 9 23 8 14 7 30 4 21 6 25 6 17 22 24 9 19
75 26 15 29 15 24 6 24 4 25 15 30 6 19 6 14 6 11 16 22 7 16 17 23 4 20 17 26 3 16 20 23 21 27 1 5 8 10 8 28 9 13 9 20 15 16 9 27 10 25 12 19 18 20
80 26 6 26 12 27 9 10 5 25 20 21 9 12 21 27 9 11 1 5 2 26 5 19 15 24 1 10 6 13 18 30 18 22 15 19 14 29 11 29 10 18 12 17 6 28 8 12 6 16 7 8 8 23
76 26 1 22 16 24 23 29 6 23 2 29 1 25 10 19 3 13 16 19 16 26 8 17 7 27 3 30 7 18 10 17 10 23 19 27 21 30 12 27 6 14 9 10 5 13 11 23 9 20 17 28 15 16
71 26 18 24 4 24 18 27 10 18 12 23 18 21 4 11 4 30 17 22 5 18 1 29 8 23 12 25 15 18 16 22 2 16 12 30 4 7 6 30 5 13 18 26 21 28 19 26 19 20 14 21 9 26
83 26 3 27 25 30 18 20 20 30 8 17 3 22 7 18 1 11 19 27 13 29 14 25 1 23 10 26 5 19 22 24 6 24 8 20 8 16 8 15 7 23 9 15 9 29 23 26 6 21 18 28 12 18
75 26 7 24 24 27 14 22 13 28 2 22 11 18 1 11 16 22 1 19 1 21 15 21 2 5 12 30 29 30 9 22 8 26 8 21 4 28 7 14 5 17 6 15 23 28 17 20 19 30 8 25 10 25
81 26 3 19 2 25 11 22 1 5 19 28 18 25 7 18 7 21 10 28 4 14 3 9 19 22 1 30 3 15 3 24 6 11 6 8 2 17 6 13 11 20 9 29 11 26 11 27 8 23 8 16 6 12
71 26 1 18 7 30 19 20 19 24 4 16 1 10 8 22 2 17 16 20 3 6 10 21 18 28 3 13 2 26 16 25 16 22 15 30 14 29 3 29 11 16 19 27 9 11 7 9 5 22 23 29 12 15
72 26 3 8 11 30 9 19 2 13 11 21 10 15 21 25 14 29 18 27 18 21 8 29 1 12 4 30 16 24 10 19 15 23 4 17 11 15 7 11 24 25 7 22 6 12 21 28 21 26 20 22 2 5
76 26 3 9 21 28 22 23 2 19 12 15 15 21 2 26 9 15 8 30 1 25 8 20 13 27 5 10 15 30 8 13 7 30 2 11 3 17 3 22 14 17 10 21 12 29 14 18 6 25 14 24 9 16
71 26 9 16 11 13 10 24 11 14 7 25 1 19 12 15 9 15 15 28 18 27 7 8 3 23 7 17 2 17 7 21 1 29 15 27 11 29 12 22 8 28 26 29 4 30 24 30 6 12 10 20 5 27
72 26 3 7 22 26 3 20 6 7 4 28 17 18 8 15 8 10 1 9 8 20 13 29 1 19 13 24 13 19 3 23 13 17 12 26 11 30 9 14 10 21 2 27 18 22 16 18 4 30 5 11 16 25
74 26 6 23 15 16 3 24 11 13 13 26 5 12 1 7 8 16 1 29 2 13 1 15 20 25 13 22 3 19 9 23 2 21 6 8 7 10 17 18 25 26 12 24 15 18 14 25 14 28 6 27 12 30
76 26 20 24 6 28 2 8 6 23 6 21 17 27 5 6 6 13 14 20 3 15 6 7 11 23 2 11 18 19 2 14 9 15 5 16 18 21 10 27 3 30 24 27 3 29 6 26 10 22 6 25 7 12
76 26 22 29 14 19 8 27 3 16 8 29 12 18 5 9 15 28 19 22 1 8 12 26 8 9 18 19 6 29 4 30 14 24 22 28 4 11 7 8 17 20 10 19 4 20 15 25 4 21 11 13 13 23
82 26 23 27 14 26 18 26 1 5 13 17 7 17 21 22 14 16 6 19 19 30 20 30 6 17 2 14 15 17 5 20 16 22 4 12 8 19 9 26 24 26 24 29 6 11 11 27 10 12 15 25 6 28
81 26 25 28 1 14 12 24 11 27 9 24 3 20 9 15 17 20 12 13 8 28 8 19 1 28 7 30 2 15 1 16 10 25 3 11 3 29 26 28 7 18 28 30 17 21 6 14 5 30 11 23 9 22
73 26 4 18 5 9 11 27 14 18 13 27 25 30 16 20 7 18 15 30 1 9 4 16 7 30 1 24 8 10 4 6 8 16 2 12 3 23 11 20 3 17 24 28 22 26 21 25 18 26 6 29 9 19
79 26 7 11 2 9 10 11 1 11 16 26 1 16 1 18 10 12 5 10 1 27 10 15 14 22 14 18 4 21 10 28 3 29 3 8 12 13 6 17 27 30 17 25 18 19 24 30 6 29 23 27 20 26
82 26 20 27 8 26 15 21 15 28 3 23 16 28 11 28 16 30 18 21 18 23 7 26 10 23 2 20 14 19 9 12 4 13 2 29 7 13 7 12 24 26 12 22 6 15 9 25 10 14 14 17 5 7
68 26 5 8 1 25 17 27 7 15 26 27 15 18 2 17 9 24 23 30 22 26 10 18 7 23 2 14 15 25 19 22 3 13 5 6 5 13 4 21 9 15 3 29 19 28 20 30 11 20 6 16 12 28
77 26 2 10 20 26 8 12 1 18 8 22 19 25 19 22 5 16 7 27 8 15 4 19 15 27 14 28 8 26 14 25 9 25 11 14 6 30 5 27 24 26 23 26 21 29 19 29 10 17 10 13 7 30
75 26 13 17 20 30 8 20 3 22 16 26 11 19 9 11 8 28 20 29 2 23 8 22 2 9 23 24 8 15 17 20 1 18 14 18 3 21 3 27 4 5 6 28 5 10 10 25 7 20 7 16 12 16
77 26 4 20 16 19 1 17 27 29 2 8 17 29 17 24 3 16 3 21 3 22 4 10 16 25 5 12 16 18 5 26 5 28 6 12 15 27 7 10 7 11 14 30 7 30 8 9 8 12 23 29 13 19
75 26 21 26 23 28 13 18 19 29 5 19 6 13 4 27 4 21 3 22 3 18 19 21 3 14 3 8 20 22 20 24 21 23 21 25 6 15 15 30 7 9 7 29 14 16 10 11 11 27 1 12 9 17
78 26 2 5 12 17 13 28 8 12 15 22 7 15 7 21 1 26 7 27 8 10 8 11 15 25 11 23 1 14 11 28 11 24 1 28 9 22 8 9 19 23 6 22 18 29 15 20 4 29 28 30 16 28
75 26 28 29 6 18 16 17 9 18 17 25 1 18 15 16 14 20 13 22 2 20 12 19 12 16 10 22 2 30 9 22 8 21 3 25 3 29 7 26 6 27 6 24 5 10 20 23 11 23 26 27 16 21
76 26 28 29 15 27 16 22 8 12 7 26 2 27 12 22 14 20 5 9 1 11 1 25 4 19 2 13 6 27 2 30 3 7 10 29 4 14 3 22 18 28 18 21 5 11 23 30 20 24 7 21 14 17
77 26 13 14 3 20 8 27 20 27 1 9 19 25 8 29 1 11 17 22 17 21 1 22 9 26 16 29 4 24 16 18 15 20 3 23 3 14 7 12 19 28 6 22 6 12 5 25 27 30 5 6 10 21
75 26 10 20 1 14 3 21 11 13 14 19 18 27 25 29 18 30 7 22 1 16 25 30 2 7 3 29 4 15 5 8 7 13 8 16 22 28 20 23 15 17 15 26 7 12 6 30 9 30 16 23 8 24
77 26 6 30 17 29 9 22 19 30 23 27 15 30 17 24 17 22 16 27 7 28 8 27 1 23 27 30 9 12 15 17 3 13 13 14 19 21 1 7 20 24 5 23 10 23 5 11 9 18 25 29 24 26
74 26 4 30 5 26 7 13 6 17 13 23 3 22 18 25 8 21 1 8 21 24 1 14 6 10 3 23 21 26 19 25 3 16 19 22 6 28 2 29 6 23 9 27 15 30 9 12 11 12 11 30 16 20
75 26 22 28 25 26 1 10 7 27 18 23 16 26 6 11 8 10 19 23 1 11 1 14 19 20 14 18 9 19 15 16 1 24 17 26 2 15 5 6 19 30 12 28 7 8 9 22 14 29 6 13 12 21
81 27 18 29 3 30 5 23 5 28 3 13 3 29 3 15 12 23 2 17 2 4 7 21 17 23 3 16 2 10 18 27 18 26 18 25 7 12 16 22 9 16 9 14 11 14 6 16 11 20 5 24 14 19 8 27
80 27 29 30 4 8 13 24 2 29 7 11 7 16 16 24 4 29 4 28 7 27 1 18 15 16 14 18 13 18 4 19 4 17 12 21 4 9 12 13 10 13 5 19 26 30 25 30 23 27 6 21 20 25 8 22
80 27 25 30 10 17 17 28 10 29 2 17 14 19 4 9 9 10 9 15 16 30 18 20 13 24 17 24 1 18 16 18 15 19 7 14 11 20 27 29 5 25 23 29 3 12 23 26 22 24 21 30 8 11 6 10
77 27 2 27 7 23 19 20 7 18 6 9 10 25 2 11 2 14 8 19 13 18 2 24 15 23 23 30 7 21 3 10 13 25 5 20 14 16 15 19 6 11 10 12 4 25 15 28 15 29 17 23 12 26 22 26
80 27 3 6 3 20 9 13 14 29 10 21 4 16 9 14 20 26 9 12 21 29 12 20 8 28 3 5 21 23 8 22 20 28 19 26 4 10 11 12 10 25 7 19 9 30 7 27 14 24 6 18 15 18 9 17
78 27 1 11 3 12 2 19 15 20 15 24 1 15 5 18 23 30 5 14 13 16 9 18 13 28 2 17 7 15 5 7 15 30 5 13 17 29 3 21 25 26 6 13 8 23 10 20 9 25 4 5 8 27 8 22
79 27 8 27 4 10 1 25 1 11 2 4 9 21 12 24 8 29 1 13 12 18 12 22 21 25 2 16 6 30 10 24 5 27 14 20 5 9 3 14 19 27 4 17 19 30 26 30 5 15 20 23 20 28 7 29
83 27 15 22 11 18 24 26 21 29 17 29 17 18 16 28 14 27 13 26 13 14 12 25 2 21 10 12 4 29 8 30 5 15 5 18 7 29 7 19 7 12 6 26 20 30 6 10 23 25 10 16 9 30 9 29
78 27 5 11 3 6 19 30 8 18 18 22 18 19 8 25 8 21 13 21 8 28 10 26 9 12 17 28 1 19 14 24 10 13 5 24 15 22 16 21 20 25 21 24 7 25 23 29 23 28 12 15 7 27 4 5
78 27 3 24 12 22 9 14 7 26 20 26 2 6 7 15 16 27 1 5 1 8 15 30 1 15 8 12 1 25 14 30 7 19 4 9 2 18 11 30 2 27 3 13 10 22 16 28 25 29 17 23 9 21 8 17
79 27 11 21 3 30 8 10 2 16 14 15 1 5 12 21 22 25 12 22 21 29 12 23 12 24 13 18 7 30 2 20 7 23 13 16 15 17 3 28 5 15 17 26 4 23 9 14 10 22 2 6 11 27 15 19
68 27 10 17 15 30 3 12 18 28 14 20 4 14 10 13 5 16 25 27 8 11 7 29 6 23 1 26 16 22 16 27 1 23 16 24 15 21 14 27 3 4 29 30 3 9 3 15 11 28 11 12 10 22 9 19
74 27 10 26 6 9 3 17 1 15 6 19 12 13 4 10 13 19 15 25 7 28 4 25 15 16 14 19 8 26 11 27 9 28 10 12 2 21 3 11 21 24 5 25 20 29 5 18 24 30 6 29 8 22 20 23
79 27 9 10 18 21 3 19 8 19 10 14 19 29 1 7 14 19 1 4 1 16 21 30 14 25 15 18 21 24 29 30 2 27 19 23 5 28 5 26 5 14 17 30 9 20 11 16 9 12 5 22 6 12 13 15
75 27 10 24 13 16 28 29 4 6 10 11 12 16 23 26 14 15 8 24 8 9 1 29 13 26 1 22 14 20 7 21 7 17 13 15 9 12 12 22 11 25 7 9 12 19 23 30 6 19 17 27 5 21 18 24
76 27 14 16 5 17 17 20 7 15 7 20 15 28 20 25 4 12 9 23 9 15 10 20 2 23 11 23 11 30 13 16 1 27 13 24 3 16 4 8 8 23 7 22 6 27 19 21 19 22 8 29 18 24 14 26
80 27 2 27 12 28 8 23 9 22 2 12 2 26 7 27 18 21 16 25 1 14 13 26 1 25 2 11 13 21 3 29 10 15 10 21 11 20 3 9 6 14 19 22 23 25 4 26 5 25 10 17 9 24 5 30
78 27 11 15 6 21 4 10 12 23 3 29 3 10 17 23 8 11 16 21 15 18 1 13 14 23 3 21 13 28 3 18 3 5 10 14 11 30 11 24 7 24 4 19 20 23 25 26 2 25 18 27 9 30 7 22
79 27 1 7 15 20 11 12 13 23 3 28 14 16 14 19 3 13 16 22 2 21 2 12 16 27 17 19 2 5 1 30 1 27 20 22 29 30 4 10 4 19 11 26 9 15 8 24 8 21 8 18 9 25 4 6
74 27 7 12 24 26 15 22 4 8 7 8 21 26 8 18 19 29 5 19 19 20 3 7 18 21 17 23 15 28 1 22 15 23 14 25 16 25 13 25 13 22 6 25 11 23 10 27 10 12 9 30 2 19 27 30
76 27 21 24 2 16 15 29 2 26 4 16 7 26 12 18 27 30 8 11 5 24 6 25 5 11 4 25 4 15 4 12 4 8 2 14 1 22 7 30 10 22 12 20 13 15 20 28 8 9 15 17 12 19 5 23
77 27 2 7 6 9 20 29 2 16 7 23 5 18 15 23 17 28 17 22 1 17 9 19 1 19 9 20 16 18 15 26 18 21 10 11 10 15 10 27 11 14 3 12 24 30 22 25 7 24 8 27 10 13 4 17
72 27 6 25 10 13 14 24 10 17 10 18 7 28 7 29 4 8 10 28 3 24 14 19 3 12 2 21 2 13 11 23 2 8 1 26 13 27 12 22 9 29 4 20 4 30 5 10 7 23 7 16 6 28 15 30
82 27 12 15 12 20 5 26 27 30 1 30 16 26 16 25 2 17 2 19 12 24 2 23 12 22 3 18 11 26 11 14 4 26 8 27 5 15 6 7 21 26 19 29 5 17 27 28 3 7 9 26 11 13 10 29
80 27 9 19 8 10 6 24 3 25 4 24 24 25 20 25 8 30 1 5 19 20 6 7 16 25 16 22 11 12 14 24 14 15 22 26 6 11 23 25 22 28 4 29 8 20 21 22 17 22 11 13 7 27 18 29
80 27 17 19 14 26 9 26 3 11 4 6 16 28 8 9 8 29 1 19 1 22 13 20 16 24 12 24 12 14 3 8 9 30 10 19 4 14 6 27 20 24 4 15 23 24 5 8 7 28 17 21 11 25 18 23
78 27 9 26 24 26 3 8 24 29 20 24 22 29 15 16 8 19 21 25 20 28 16 18 20 27 20 25 2 24 6 26 4 6 4 11 4 17 5 30 5 26 18 22 10 15 19 23 2 13 12 21 6 7 14 27
75 27 11 21 13 29 5 10 22 30 20 27 3 29 8 13 14 19 10 16 14 27 2 20 22 26 9 14 22 25 21 26 8 23 17 19 4 10 7 20 4 21 20 21 6 27 18 27 6 12 18 28 1 15 24 27
82 27 6 9 5 29 14 21 7 9 17 23 6 19 9 25 6 23 3 24 10 30 6 27 7 21 3 5 13 28 8 19 10 11 2 22 2 20 4 8 5 18 23 24 4 12 7 15 8 11 5 26 8 16 9 28
72 27 1 15 5 20 9 28 1 18 22 27 22 24 6 9 10 14 14 30 1 5 4 14 15 25 15 30 16 28 16 29 1 9 7 29 8 12 8 13 8 29 9 21 11 26 6 11 19 24 5 24 7 23 17 29
78 27 11 27 21 23 12 26 14 26 6 27 9 25 9 24 1 12 19 25 1 27 13 24 9 12 8 20 8 19 18 19 17 27 6 21 14 30 3 28 4 6 4 7 15 23 16 22 4 22 1 5 10 17 11 29
76 27 28 30 5 10 8 12 19 27 11 22 14 20 7 21 7 29 20 21 1 16 12 28 19 25 1 15 1 17 1 18 1 25 13 27 17 23 14 27 5 30 16 26 11 27 12 27 9 27 6 18 10 24 4 27
81 27 6 20 14 20 9 15 21 30 2 7 19 25 19 23 2 21 9 23 3 9 4 16 4 17 4 27 18 25 4 30 9 12 5 21 14 24 13 30 6 25 8 9 12 29 12 26 11 28 10 24 11 29 5 22
83 27 17 18 4 14 3 12 16 22 16 17 15 26 14 16 13 25 12 24 10 21 9 19 9 18 9 15 8 26 2 4 7 24 6 19 5 26 4 29 4 28 19 21 21 30 24 25 6 20 8 11 16 23 21 27
79 27 20 29 10 13 6 25 6 20 23 30 2 4 8 11 1 9 1 14 21 30 14 18 2 12 6 18 5 30 3 22 16 18 16 28 17 25 4 21 11 13 11 14 2 7 24 27 12 24 25 26 15 16 12 19
76 27 7 19 5 10 9 12 3 22 18 30 19 22 9 15 16 25 15 24 1 21 13 25 1 27 1 30 11 24 2 23 2 25 10 29 9 26 12 25 3 28 4 21 6 29 6 24 8 29 20 21 17 24 8 14
76 27 6 10 7 22 10 13 11 24 2 26 14 19 23 30 13 20 16 19 15 26 1 30 2 6 12 21 12 18 3 7 11 28 3 21 4 17 9 27 9 16 5 26 6 17 22 25 17 28 19 21 22 29 8 30
80 27 5 28 4 13 5 27 3 22 14 17 1 6 16 21 16 20 9 16 16 17 15 25 14 25 1 30 14 22 3 5 4 21 2 29 3 10 11 29 11 26 11 18 6 19 22 24 8 15 7 13 10 23 9 12
76 27 2 19 12 28 8 22 13 18 1 18 13 23 5 28 21 29 21 30 5 27 5 22 1 28 15 20 15 27 1 21 14 26 9 10 1 6 16 26 16 27 6 24 10 16 11 30 4 7 3 25 17 24 5 7
77 27 8 29 22 28 5 6 21 23 16 27 23 25 14 26 12 16 1 20 6 8 14 20 12 20 1 29 20 28 12 25 7 27 19 29 18 28 13 17 4 13 28 30 8 9 3 10 4 27 11 20 15 18 24 28
81 27 5 20 20 28 24 27 15 26 1 21 13 30 4 14 20 29 4 11 12 25 12 22 8 22 3 29 14 18 1 22 11 25 10 14 3 24 8 15 6 22 6 9 6 16 9 13 10 17 7 28 23 24 18 19
76 27 20 23 16 21 11 13 18 27 4 15 5 15 23 28 4 7 13 20 7 11 3 27 24 27 8 21 3 20 1 30 16 27 17 18 6 11 4 10 10 25 12 21 2 14 19 23 16 26 17 29 5 22 9 23
77 27 19 28 9 24 17 19 8 19 15 16 15 28 10 19 17 29 13 30 3 20 1 11 7 15 12 18 5 23 3 13 9 28 12 26 2 4 5 30 2 6 2 7 13 18 10 14 27 29 13 21 9 25 21 22
82 27 10 29 4 6 1 21 26 29 5 20 4 23 23 30 11 16 6 24 15 23 1 18 11 15 17 20 5 21 4 25 17 26 4 20 3 9 13 14 10 27 14 15 12 26 8 14 4 19 7 26 12 22 16 28
80 27 3 7 21 22 6 19 11 16 1 28 7 16 7 15 15 23 7 10 7 9 7 8 21 24 16 26 22 25 9 19 11 18 25 26 12 19 14 20 26 29 5 18 14 27 18 20 17 19 4 28 13 27 5 30
71 27 2 29 3 15 9 24 9 20 7 17 18 30 3 4 3 28 1 11 16 25 7 9 5 25 5 13 17 27 17 28 18 20 18 21 4 16 3 26 14 21 12 18 10 14 13 23 8 15 6 22 7 19 6 27
81 27 6 17 17 22 6 16 5 17 2 19 21 22 2 29 3 7 2 9 6 13 1 15 7 24 8 12 11 28 8 20 8 23 11 21 7 14 18 30 9 26 25 30 15 20 4 5 5 27 5 7 12 30 5 10
79 27 9 23 2 10 9 21 13 23 5 23 3 29 7 17 1 15 4 30 7 27 13 30 13 26 4 27 5 18 8 11 8 18 12 20 3 26 3 19 3 16 6 14 6 19 24 29 18 22 25 29 20 26 15 28
80 27 5 6 2 10 13 24 7 16 14 26 14 28 7 18 17 29 19 28 16 30 1 8 1 9 16 19 4 21 16 27 4 14 1 28 13 14 12 19 5 29 9 17 23 30 6 11 7 25 7 15 22 30 20 30
76 27 29 30 9 19 10 25 12 14 4 24 23 27 2 8 2 16 4 13 2 5 4 29 4 5 5 17 5 18 7 12 8 28 1 22 9 10 11 19 11 26 11 30 12 29 14 15 14 23 18 20 19 21 6 30
79 28 9 24 4 16 8 27 6 7 3 28 14 21 19 24 2 5 6 8 2 17 16 19 13 26 7 16 6 10 5 26 7 25 2 22 8 13 18 21 6 14 10 23 25 30 15 26 12 13 11 27 9 28 15 20 9 29
79 28 2 4 18 24 18 21 1 7 14 24 1 23 14 15 9 15 1 16 15 22 15 23 9 13 10 19 1 26 6 29 23 28 5 8 10 15 12 20 24 30 3 15 6 11 25 26 3 8 25 27 7 12 16 17 18 29
93 28 18 25 5 28 15 20 21 22 5 27 1 25 1 26 1 28 6 29 14 22 16 28 20 21 14 17 4 24 8 23 3 20 11 13 18 24 18 19 16 21 15 23 17 30 4 11 11 29 12 19 10 11 9 18 7 29
77 28 8 23 4 8 1 22 12 15 21 26 1 3 7 11 17 28 18 30 16 24 4 26 4 20 8 9 14 22 8 14 4 10 13 16 3 30 3 24 7 13 6 25 5 30 26 28 27 28 19 29 4 6 7 15 28 29
81 28 4 22 3 18 8 13 17 21 14 27 11 30 16 21 1 8 7 29 12 19 15 23 7 14 26 27 7 12 6 29 21 30 2 26 5 26 13 20 20 23 4 12 4 17 14 28 9 20 10 13 18 26 22 24 21 25
76 28 4 26 19 28 19 21 4 6 4 11 16 28 4 14 14 18 12 29 12 15 10 13 11 21 2 24 19 20 18 30 3 9 3 15 17 26 11 25 17 22 10 18 9 17 8 11 7 10 23 30 27 28 5 20 1 7
83 28 3 14 8 19 8 9 11 29 9 13 24 27 15 21 4 16 7 26 18 21 7 29 21 25 1 17 1 18 18 26 6 26 1 28 24 25 22 26 8 11 3 28 16 27 28 30 12 19 6 23 6 10 15 20 5 15
77 28 1 14 10 19 18 21 1 8 8 9 13 16 18 28 16 20 7 11 11 26 10 12 9 13 7 24 7 19 12 29 6 7 5 30 4 22 3 22 2 29 2 25 12 28 1 4 14 17 15 19 21 23 28 30 21 27
81 28 5 30 16 18 9 15 11 18 13 16 10 11 3 29 1 11 15 21 1 26 2 8 13 21 12 17 2 20 1 4 9 12 8 27 8 22 8 19 7 16 6 8 5 15 23 24 23 27 25 28 14 22 24 25 6 29
75 28 3 10 19 30 22 30 19 29 4 22 10 11 8 22 4 5 3 9 13 22 19 21 15 17 9 23 1 21 9 21 9 14 7 8 19 27 15 24 3 26 2 15 6 27 19 20 26 28 7 12 10 25 10 16 6 18
81 28 21 28 16 26 15 29 14 29 13 29 17 28 17 27 4 30 4 29 4 28 7 27 8 9 1 27 23 30 9 27 10 16 11 30 11 18 10 29 3 13 3 19 22 26 25 28 5 29 24 28 20 28 10 12 6 22
82 28 5 22 11 19 6 12 7 26 7 25 7 20 1 25 18 27 12 15 1 29 12 19 17 29 17 21 28 29 16 28 3 6 6 10 3 8 3 13 15 30 3 16 13 27 14 17 4 8 24 26 8 22 23 29 9 12
84 28 6 17 2 23 23 26 1 25 5 24 22 30 9 10 14 19 14 23 7 16 11 30 19 20 6 24 18 25 16 19 4 17 17 28 4 30 10 27 4 14 9 28 12 27 12 29 15 30 2 3 13 20 8 14 21 22
84 28 3 26 5 19 8 18 8 15 8 13 8 12 7 20 7 12 7 9 6 19 5 21 8 25 4 29 4 27 4 24 4 11 3 24 2 28 2 22 2 15 12 26 17 24 16 24 16 19 14 26 12 30 10 24 15 23
81 28 2 7 23 29 15 28 22 28 6 10 13 15 10 20 1 9 1 20 1 24 2 28 5 10 5 18 6 21 6 26 6 30 8 20 1 4 11 24 11 29 13 17 14 17 14 27 16 26 8 25 13 19 12 18 3 13
88 28 4 15 11 21 19 28 1 9 20 22 1 28 4 6 4 18 4 19 16 18 15 29 5 6 9 26 15 20 14 24 6 12 6 14 6 17 9 10 7 19 11 26 8 17 26 30 5 27 13 27 23 30 24 25 3 6
83 28 2 30 4 20 13 17 12 15 9 20 11 20 1 6 1 9 2 8 3 9 3 29 5 29 6 26 7 17 7 23 8 24 10 16 12 29 13 26 13 27 14 17 15 25 16 22 28 29 11 16 11 18 19 21 21 24
83 28 4 26 4 25 14 27 7 11 8 11 18 24 6 22 16 20 1 9 14 17 7 23 10 18 8 25 2 29 8 29 2 22 9 16 9 30 10 19 16 17 24 25 12 14 28 29 6 13 3 21 12 21 5 12 15 18
83 28 14 29 16 29 3 7 6 20 3 22 3 24 1 11 1 9 2 6 12 21 9 25 13 14 15 27 13 27 15 30 4 10 13 22 9 10 12 20 5 9 1 29 5 18 2 19 2 17 18 26 10 28 8 26 23 27
82 28 6 22 13 26 9 26 3 22 13 25 23 25 3 16 18 20 1 3 1 8 5 19 1 15 18 27 17 27 21 28 1 24 7 10 6 20 6 12 14 16 4 29 3 28 3 26 4 16 11 25 12 19 10 24 11 30
78 28 1 28 6 18 18 22 2 8 3 9 21 30 5 12 10 11 8 9 8 29 7 29 7 25 6 8 5 15 25 26 1 30 8 15 9 20 10 21 13 29 17 18 19 26 4 22 6 24 11 16 23 25 10 27 7 14
83 28 17 21 9 17 21 22 4 14 7 9 4 19 2 3 17 27 1 8 1 9 16 24 1 14 9 23 1 25 9 24 4 26 16 30 2 11 13 23 12 16 12 15 6 16 8 18 10 20 10 21 6 28 28 29 2 5
82 28 16 27 1 28 9 12 3 26 15 24 22 24 14 23 1 22 1 27 2 4 8 16 2 10 2 13 8 14 15 20 20 30 7 26 7 23 6 27 19 25 4 29 5 30 17 25 9 30 8 25 12 18 5 21 11 29
84 28 2 16 2 15 11 20 7 16 24 26 8 28 13 23 13 18 1 11 26 29 3 12 22 25 8 9 11 14 9 23 2 29 10 16 9 25 2 21 19 21 5 9 27 30 18 24 4 30 3 7 16 27 6 29 9 17
84 28 5 13 16 28 12 15 21 25 9 26 9 27 21 22 11 22 2 19 11 30 1 3 20 28 2 13 2 12 1 29 1 27 23 29 29 30 8 26 8 17 7 27 4 29 7 20 6 21 1 18 16 24 8 14 7 10
82 28 22 24 5 9 10 22 9 26 10 15 3 9 9 30 12 23 4 8 15 20 1 17 14 24 3 13 8 28 13 17 13 22 2 28 19 26 2 16 7 10 22 25 6 7 15 18 23 24 4 29 16 27 11 27 9 21
78 28 3 5 27 30 3 20 3 26 26 28 15 18 23 27 2 21 3 23 8 11 8 24 1 18 20 29 13 19 9 12 7 11 7 9 20 25 4 6 18 22 6 12 17 22 5 22 5 9 16 30 13 16 10 18 14 18
78 28 4 7 2 28 23 27 23 28 10 18 9 25 2 21 6 28 4 22 5 16 6 7 4 17 10 17 1 19 14 18 9 18 7 29 7 12 15 25 13 21 3 10 9 11 10 24 24 26 11 30 16 19 12 20 8 30
79 28 9 23 15 29 15 16 9 27 17 25 8 17 9 20 4 21 4 12 1 15 3 29 3 24 1 27 8 24 8 30 7 25 2 13 11 23 10 29 9 26 9 28 18 26 21 23 6 25 19 24 4 5 6 22 14 23
85 28 12 22 5 9 13 26 11 15 7 17 12 18 11 28 1 15 1 17 9 22 9 11 23 25 3 10 3 14 3 25 3 26 4 6 4 8 4 9 4 29 19 20 18 30 26 27 6 14 14 16 7 21 15 24 20 30
79 28 1 8 1 20 1 24 6 15 25 29 5 29 14 30 12 28 1 3 1 12 21 24 1 25 1 26 7 8 10 29 2 27 17 27 3 18 17 22 16 27 15 26 4 29 9 11 9 17 23 24 9 13 27 30 19 28
85 28 4 30 7 25 4 12 15 28 7 20 14 28 7 30 14 23 4 17 13 24 2 3 8 23 8 27 12 27 12 22 11 25 10 21 10 24 3 10 18 27 25 26 24 25 5 22 27 29 6 22 10 16 9 26 6 19
85 28 4 28 25 28 24 27 1 19 10 22 14 30 3 4 13 28 13 14 1 17 12 16 11 26 11 25 2 3 2 10 8 14 8 9 7 22 7 20 4 21 4 27 22 29 9 16 23 26 6 26 5 27 15 23 3 18
80 28 23 24 23 27 19 20 1 3 9 10 10 17 21 28 3 6 22 29 5 22 9 22 23 26 6 15 19 25 8 18 6 14 1 25 1 26 3 18 8 12 5 7 11 23 1 9 16 24 4 14 11 13 10 28 28 30
82 28 10 18 13 17 8 27 4 25 20 24 4 23 4 21 4 19 4 17 4 5 18 19 3 16 2 23 2 16 2 6 28 30 15 26 14 24 6 29 7 17 7 20 7 28 8 10 8 11 10 12 9 27 22 30 26 27
83 28 8 14 20 21 7 28 7 21 4 21 6 24 4 22 1 21 3 27 15 29 7 15 13 30 8 10 2 26 3 4 12 25 9 25 16 17 9 27 23 28 5 25 4 17 11 16 25 30 3 6 5 14 19 30 11 18
84 28 15 29 4 6 8 25 5 24 10 16 8 29 11 18 1 4 1 7 22 24 1 14 7 17 6 20 6 18 6 10 3 10 6 8 17 24 11 21 9 19 13 17 12 15 10 19 9 30 4 28 4 26 4 23 8 27
81 28 8 25 4 27 5 6 8 19 6 19 15 16 12 27 22 27 13 14 7 16 7 14 20 27 1 30 14 24 5 27 10 23 15 19 15 23 17 26 3 15 4 18 28 29 23 30 11 30 9 14 2 21 11 17 9 29
81 28 16 24 26 28 25 26 24 29 15 22 2 12 7 27 17 18 16 28 9 18 9 22 2 5 2 8 14 29 10 24 11 18 13 17 3 15 5 23 9 14 6 13 4 28 6 30 7 9 19 30 2 7 6 21 14 20
87 28 8 22 2 15 8 28 1 16 8 15 6 27 16 19 1 6 9 11 9 15 3 29 3 22 13 27 13 26 13 21 13 17 12 13 10 21 4 20 20 30 7 22 19 25 10 23 11 24 7 30 18 20 14 27 2 5
83 28 18 29 16 30 6 30 14 24 16 28 6 9 6 12 1 3 3 27 9 22 18 20 9 18 6 26 1 24 1 25 15 30 3 8 8 20 8 13 7 27 11 12 17 18 22 23 10 27 4 27 5 27 15 19 13 21
75 28 3 4 11 28 11 26 10 15 9 17 7 13 5 11 3 24 1 8 23 26 1 29 6 16 18 21 13 27 6 20 18 23 18 24 9 15 1 27 1 28 25 27 4 10 15 19 14 23 17 22 3 20 12 28 5 30
88 28 5 6 7 15 3 4 13 22 14 22 14 21 6 11 6 25 1 3 5 27 15 21 18 22 13 26 10 23 8 17 3 10 4 18 9 15 17 27 15 24 4 27 4 30 16 28 4 16 15 19 11 29 10 20 12 29
83 28 13 21 9 26 4 6 17 27 4 11 11 19 2 10 14 19 14 26 15 17 1 16 3 17 9 12 3 23 16 19 4 22 1 3 24 28 5 16 19 25 7 16 7 8 19 30 28 29 3 18 6 29 8 21 20 23
80 28 4 21 7 23 6 24 11 27 27 30 6 15 13 26 23 27 7 15 14 24 8 16 14 16 2 28 13 21 12 27 12 20 2 12 9 10 10 18 10 13 5 15 6 26 6 25 22 26 19 29 26 29 6 17 3 23
80 28 17 21 12 15 5 24 3 21 6 24 17 18 17 19 17 22 17 26 5 18 16 28 20 27 2 22 21 25 1 15 13 28 11 28 10 26 13 14 10 20 10 14 13 23 3 4 14 29 14 30 8 11 7 24 7 9
80 28 5 6 4 15 12 16 3 24 9 18 9 19 13 14 4 8 9 16 4 6 8 12 8 11 14 18 1 15 10 12 11 27 11 26 3 17 2 21 2 24 9 25 21 30 20 26 5 7 17 22 9 29 7 28 23 24
79 28 3 5 10 11 6 9 2 14 3 17 13 24 11 23 3 4 7 19 19 27 15 29 1 8 7 11 16 18 1 13 13 25 11 22 16 29 17 25 18 28 12 29 1 27 6 12 22 26 4 6 14 20 8 21 7 30
90 28 13 23 7 25 10 19 20 26 20 23 20 22 7 21 1 11 19 30 18 24 5 15 5 9 15 19 5 8 9 22 3 6 9 12 4 9 9 18 4 29 14 21 4 7 14 17 6 8 14 28 5 11 11 27 16 19
79 28 5 17 17 20 10 23 4 10 6 24 13 28 1 11 1 16 15 30 4 20 15 23 1 27 15 16 14 25 2 9 9 22 13 23 13 19 12 22 2 29 12 21 3 30 22 24 5 8 25 29 7 25 26 29 18 30
88 29 1 6 23 29 1 7 3 9 19 26 8 14 9 16 17 27 14 18 11 26 18 21 19 24 20 23 7 14 14 24 3 8 19 23 2 13 5 8 11 13 4 12 21 22 10 18 9 27 10 12 8 28 8 15 17 25 19 30
83 29 22 24 9 30 19 22 5 13 17 26 5 20 8 16 13 15 1 20 1 24 7 22 19 29 7 17 6 7 2 25 2 26 2 30 7 23 14 28 16 26 3 24 3 28 4 7 4 12 10 28 12 18 21 23 14 27 11 28
86 29 14 15 6 30 22 30 19 21 10 18 10 16 15 29 10 27 13 23 13 22 1 12 1 13 11 24 10 28 2 3 9 24 8 24 2 30 7 30 6 27 6 24 4 19 4 6 20 23 27 29 22 26 7 25 8 17 5 29
89 29 20 27 2 23 8 22 12 26 15 21 5 13 18 29 8 16 2 20 9 23 10 16 17 29 9 13 9 28 1 12 15 19 21 25 2 30 22 28 23 24 23 26 6 18 25 28 25 29 4 7 11 21 7 27 14 27 1 3
84 29 5 29 16 27 15 27 1 13 3 25 5 30 13 25 25 29 8 19 1 20 1 28 14 27 7 11 14 18 3 22 15 26 19 20 4 24 11 19 9 29 20 21 10 11 25 27 6 12 2 6 12 28 5 24 12 17 16 23
86 29 10 30 5 23 5 25 3 20 9 19 15 24 18 27 14 22 14 24 11 22 2 22 20 28 6 29 20 25 14 28 15 16 2 19 6 18 6 17 13 21 4 17 9 29 8 9 26 28 21 25 7 26 1 2 12 28 7 30
88 29 13 22 16 28 8 30 3 13 5 20 4 12 23 27 3 30 6 20 12 28 11 25 1 20 13 18 8 20 8 16 7 30 2 17 15 19 27 28 10 25 25 29 11 26 24 29 5 24 4 17 14 17 15 26 9 20 8 21
81 29 29 30 18 29 16 19 14 25 2 21 9 23 12 22 21 23 1 18 2 26 1 20 2 4 2 13 13 24 3 7 13 20 13 16 3 22 12 25 3 26 3 27 11 22 8 30 5 30 6 14 21 28 4 17 10 17 7 15
84 29 16 22 18 24 14 16 12 26 23 24 8 9 16 28 14 25 14 15 12 16 12 13 11 13 10 27 9 17 2 9 3 23 7 10 6 14 6 8 5 26 4 20 3 7 20 22 21 29 19 25 19 21 6 27 8 30 1 8
84 29 1 8 14 23 1 27 11 19 17 22 26 29 17 19 14 18 1 18 13 27 12 15 2 15 5 20 10 23 10 19 9 22 8 29 3 20 3 21 8 16 7 21 4 14 6 9 6 7 21 24 17 28 2 4 7 25 23 30
79 29 15 23 10 25 16 28 3 24 3 26 6 30 29 30 12 23 13 19 15 26 15 17 13 30 1 25 1 27 13 20 2 9 13 18 4 12 2 26 10 28 5 11 9 14 8 30 8 26 8 25 5 16 22 26 21 29 7 26
79 29 22 23 22 24 8 9 1 12 4 23 7 15 8 10 3 19 4 16 3 5 16 19 1 18 3 30 1 24 15 23 14 23 2 23 11 24 11 27 10 12 13 23 27 28 6 21 5 20 21 24 25 29 7 25 17 29 26 29
90 29 9 29 20 23 19 29 8 13 17 30 17 22 3 28 9 20 1 12 3 15 8 17 14 19 13 27 10 26 11 16 2 8 2 12 11 21 25 30 9 18 4 16 7 10 7 17 2 6 6 29 6 16 6 28 5 20 18 24
85 29 8 12 7 29 8 20 4 21 6 10 3 19 16 21 7 16 16 18 15 24 14 17 8 13 13 25 1 12 5 18 3 15 11 22 3 8 2 25 2 4 6 26 4 17 2 6 18 30 22 29 8 23 8 27 9 14 9 28
85 29 10 16 3 29 3 28 18 23 1 18 1 21 19 24 2 20 2 22 18 27 17 27 3 25 28 30 17 22 4 14 16 25 5 12 5 13 16 24 16 23 15 27 5 23 6 19 6 26 9 29 8 18 7 10 3 11 3 14
87 29 2 19 15 18 14 24 18 25 2 25 7 28 8 11 18 28 1 13 9 29 16 19 14 30 5 28 3 11 2 27 12 29 2 11 12 27 12 20 2 22 19 21 5 13 5 14 6 27 22 23 5 10 4 5 7 26 17 24
85 29 27 30 9 12 7 30 4 16 4 12 15 16 8 24 12 28 16 23 15 30 20 30 13 22 13 24 7 25 1 15 14 24 14 23 14 21 9 18 2 19 26 29 11 27 10 30 6 30 25 29 3 24 6 19 17 30 5 26
81 29 5 16 9 11 1 24 26 27 2 26 8 23 17 18 2 12 2 30 2 25 9 29 10 17 10 20 3 16 12 13 1 14 1 13 1 3 3 28 8 13 7 22 7 17 7 9 5 22 6 21 6 10 1 4 8 15 7 19
84 29 3 17 6 12 24 25 23 27 16 20 3 26 3 30 3 9 6 14 6 9 4 25 1 8 2 28 2 10 1 23 8 30 9 18 12 25 16 29 17 28 17 29 18 22 1 5 21 24 11 13 19 23 11 24 7 16 13 15
82 29 4 16 11 12 24 29 19 23 17 21 15 21 2 17 8 16 13 19 20 29 21 23 13 28 20 21 1 24 2 11 18 25 18 22 14 17 3 5 5 30 16 26 5 13 4 30 4 18 9 13 10 16 5 27 7 28 6 7
86 29 16 23 7 12 1 30 18 26 8 27 16 22 9 11 1 11 14 29 1 18 3 22 1 28 5 29 3 13 10 11 12 25 2 26 12 18 3 5 11 27 11 24 13 25 5 19 4 26 1 15 21 28 20 28 8 17 6 8
86 29 13 14 16 21 14 17 6 22 8 28 19 25 17 22 19 28 9 19 9 15 1 11 22 28 1 15 1 16 1 3 8 10 21 29 2 10 7 25 15 20 15 26 4 28 27 29 5 22 26 30 24 30 6 12 18 24 10 23
86 29 7 27 11 26 2 9 13 17 17 23 16 22 4 14 15 28 15 19 8 18 8 21 13 29 3 21 2 3 12 29 12 26 12 20 12 19 12 18 10 11 10 22 18 24 5 8 6 19 9 14 27 30 9 30 16 25 1 2
86 29 20 30 23 26 19 26 8 23 20 26 17 18 16 17 15 30 1 6 7 17 14 24 7 29 8 11 16 30 1 25 3 5 12 18 8 28 12 13 10 20 9 21 9 30 5 17 4 19 21 24 6 11 22 30 2 3 21 27
84 29 7 8 5 29 28 30 10 15 24 25 22 23 8 14 10 23 7 11 12 15 7 12 20 26 2 29 21 26 7 30 12 24 1 19 2 25 14 19 2 13 4 6 1 6 15 20 11 17 9 22 11 18 6 16 5 27 3 30
79 29 3 25 6 26 20 25 24 28 14 22 4 15 1 25 15 19 17 25 2 16 16 17 2 13 14 25 15 18 15 24 15 27 13 30 12 30 2 23 2 24 10 22 9 27 8 25 6 30 6 29 5 6 5 21 7 28 11 23
83 29 8 27 2 20 4 9 15 21 6 24 2 7 16 18 2 12 1 29 4 15 1 25 14 20 12 22 11 27 1 20 11 26 17 19 4 13 2 3 11 17 11 12 10 29 6 13 6 26 18 23 28 29 18 27 10 30 5 13
82 29 22 27 8 11 11 29 14 23 25 26 14 21 2 23 2 22 13 29 14 15 2 12 14 18 12 17 15 20 1 12 16 23 16 25 12 30 3 9 27 28 10 19 3 22 4 13 8 20 5 7 7 13 6 25 18 24 8 19
78 29 9 22 23 25 16 28 10 19 13 19 1 18 8 11 2 15 5 10 9 19 3 16 5 28 9 12 14 30 1 20 5 23 5 15 13 17 14 23 13 26 8 13 7 22 21 29 21 26 20 27 23 24 6 8 10 27 4 7
82 29 4 18 12 20 16 18 22 28 8 29 8 16 11 22 2 17 8 21 10 23 10 22 10 13 14 22 2 5 2 12 2 14 22 26 28 30 21 22 3 9 7 16 17 19 1 16 3 5 18 27 24 28 7 15 6 13 3 25
84 29 19 25 6 13 6 23 17 20 3 21 4 28 1 30 19 26 1 16 1 25 13 30 2 5 14 15 2 12 3 28 3 30 4 9 14 30 6 17 5 26 21 24 27 29 11 17 10 14 9 29 8 22 22 27 7 16 9 18
90 29 1 2 7 27 20 30 9 16 18 23 8 12 22 28 22 26 18 24 5 20 7 24 1 3 5 22 19 25 2 9 2 10 14 17 14 18 15 24 17 29 10 11 9 26 9 24 4 19 4 12 4 14 6 12 4 21 5 13
86 29 22 28 4 17 14 20 14 29 20 24 9 19 7 9 16 23 11 15 15 22 15 19 14 27 7 8 16 30 7 25 3 27 12 15 11 29 3 16 5 19 5 18 22 26 3 4 10 14 6 16 8 21 13 30 1 3 2 27
85 29 10 12 2 16 22 24 7 10 11 15 6 20 1 15 17 18 18 25 15 18 8 23 8 27 10 14 19 24 10 21 14 22 1 24 5 15 3 15 22 30 4 14 24 28 6 8 2 6 27 28 9 23 9 29 10 13 18 26
85 29 5 9 24 29 19 27 12 22 19 26 19 25 8 20 1 13 19 23 1 18 8 16 12 25 2 21 7 23 13 19 3 7 13 20 6 13 6 11 4 11 5 29 14 23 4 29 10 17 22 30 22 28 21 26 10 14 12 15
86 29 2 22 5 12 1 24 6 12 16 29 16 20 15 27 13 25 13 28 23 27 9 18 1 13 15 24 1 30 2 4 2 12 7 24 20 27 21 27 2 25 8 12 7 17 5 9 18 26 10 29 11 18 3 4 14 26 17 19
87 29 27 28 15 17 23 30 3 19 3 13 23 29 17 24 17 23 15 18 14 30 14 16 13 23 2 16 13 22 28 29 11 23 10 18 9 28 9 21 7 20 5 19 7 19 25 26 21 25 6 11 8 27 1 2 12 29 4 29
85 29 16 19 1 2 1 25 7 18 3 19 3 26 21 23 19 25 8 22 20 25 7 28 12 23 13 25 16 24 5 14 1 8 6 27 18 29 11 28 14 16 5 6 10 25 2 15 10 21 15 28 9 20 4 18 5 17 10 30
83 29 24 26 24 27 11 23 2 4 3 14 15 22 3 15 22 25 8 26 21 30 8 25 21 24 11 30 16 18 14 18 5 28 12 16 1 2 6 10 19 30 13 24 7 17 7 16 9 10 9 30 2 6 25 28 6 20 24 29
86 29 14 18 11 12 3 8 3 24 11 23 11 24 3 13 12 15 12 16 4 16 2 20 14 27 15 27 16 21 1 24 17 29 9 21 6 24 7 12 6 17 7 20 5 26 9 26 9 28 10 12 4 22 12 25 19 27 25 30
86 29 2 18 9 26 1 6 1 18 6 23 21 30 21 29 3 24 6 24 3 17 8 20 3 16 13 21 13 17 1 19 8 14 3 10 7 26 14 15 19 25 2 27 15 29 5 11 11 26 10 26 12 14 4 16 10 22 13 28
81 29 25 26 11 25 17 29 17 23 7 13 6 8 7 21 6 22 14 19 14 16 13 30 1 27 14 27 13 20 13 15 12 21 11 29 1 10 10 29 2 23 10 28 9 20 3 12 3 17 8 15 4 18 24 25 7 18 5 27
84 29 18 20 13 24 3 9 11 13 12 15 18 21 17 23 17 21 15 17 14 25 2 25 12 29 12 27 12 22 13 28 12 14 3 30 4 8 10 23 4 10 4 30 5 10 7 10 6 27 6 16 24 26 22 24 13 19 1 16
89 29 18 26 1 17 25 28 24 30 16 19 24 28 14 28 1 12 1 15 2 14 2 16 2 26 22 26 3 22 4 23 17 25 7 11 19 21 18 29 10 22 18 23 9 18 14 27 5 10 6 16 20 21 11 22 12 13 8 29
85 29 12 27 11 28 2 16 8 10 17 24 17 26 21 28 3 29 19 30 1 2 17 30 3 15 19 22 12 23 13 26 7 25 7 20 13 28 3 13 7 12 18 27 11 12 5 13 10 25 1 12 6 11 4 6 14 23 5 9
84 29 13 26 4 19 9 25 9 29 16 30 1 2 1 22 1 23 1 29 11 26 11 16 10 30 2 20 3 22 8 17 8 14 7 27 7 19 4 15 7 9 4 28 6 21 5 20 18 30 11 15 14 22 22 24 6 8 9 12
83 29 3 5 5 13 12 21 16 23 1 27 15 18 2 14 2 13 14 28 2 10 20 28 13 22 13 30 1 18 1 13 11 25 2 17 3 12 19 21 6 19 16 25 16 26 4 12 5 8 4 25 9 24 9 29 9 30 4 7
84 29 11 21 5 18 20 22 2 27 20 23 16 22 10 30 16 26 7 22 22 24 21 25 10 28 17 23 2 29 14 25 6 18 6 17 10 12 19 25 4 9 4 19 5 8 13 24 8 27 11 17 12 14 15 28 1 7 3 24
91 29 13 14 13 21 11 17 1 14 18 19 20 23 16 17 9 13 7 12 3 16 18 26 14 22 3 20 6 19 4 14 3 13 12 15 8 24 2 8 5 21 3 6 2 4 7 27 7 10 16 29 7 13 6 28 6 25 12 30
85 29 8 25 4 23 15 30 10 20 1 13 7 25 2 9 2 22 22 25 13 17 7 18 7 17 13 29 2 4 18 28 11 18 15 19 3 8 5 19 5 16 3 16 3 20 12 19 26 28 14 24 14 26 10 21 6 28 1 27
