Cantidad de fabricas;Cantidad de clientes;Cantidad de rutas;Tiempo de ejecucion;Tamaño de la solucion
14;16;248;5.6641e-05;16
14;16;227;5.0215e-05;16
14;16;233;5.2311e-05;16
14;16;217;4.7143e-05;16
14;16;228;4.8889e-05;16
14;16;233;5.1263e-05;16
14;16;231;5.0146e-05;16
14;16;249;5.4476e-05;16
14;16;229;5.0565e-05;16
14;16;234;5.0356e-05;16
14;16;231;5.0565e-05;16
14;16;206;4.6026e-05;16
14;16;224;6.7956e-05;16
14;16;236;7.1378e-05;16
14;16;212;6.4813e-05;16
14;16;227;6.9073e-05;16
14;16;227;6.9841e-05;16
14;16;233;7.068e-05;16
14;16;216;6.6698e-05;16
14;16;214;6.4883e-05;16
14;16;223;6.7676e-05;16
14;16;226;7.9479e-05;16
14;16;238;7.1308e-05;16
14;16;241;7.2844e-05;16
14;16;243;7.2774e-05;16
14;16;236;7.2146e-05;16
14;16;217;6.8165e-05;16
14;16;224;6.7327e-05;16
14;16;235;6.8934e-05;16
14;16;218;6.7607e-05;16
14;16;227;6.9562e-05;16
14;16;233;7.1168e-05;16
14;16;218;6.6907e-05;16
14;16;225;6.9143e-05;16
14;16;233;7.1448e-05;16
14;16;226;6.8025e-05;16
14;16;214;6.586e-05;16
14;16;203;6.3486e-05;16
14;16;228;6.8793e-05;16
14;16;241;5.3359e-05;16
14;16;230;5.0775e-05;16
14;16;217;4.7352e-05;16
14;16;241;5.2381e-05;16
14;16;223;4.7911e-05;16
14;16;222;4.7981e-05;16
14;16;230;4.9657e-05;16
14;16;229;4.9797e-05;16
14;16;228;4.9518e-05;16
14;16;239;5.1753e-05;16
14;16;196;4.3092e-05;16
13;17;234;5.1263e-05;17
13;17;210;4.5746e-05;17
13;17;238;5.266e-05;17
13;17;220;4.847e-05;17
13;17;227;5.0775e-05;17
13;17;232;5.1124e-05;17
13;17;242;5.2172e-05;17
13;17;233;5.1263e-05;17
13;17;221;5.0006e-05;17
13;17;226;4.9518e-05;17
13;17;215;4.833e-05;17
13;17;228;5.0495e-05;17
13;17;229;5.2311e-05;17
13;17;213;4.7981e-05;17
13;17;235;5.252e-05;17
13;17;242;5.5175e-05;17
13;17;233;5.28e-05;17
13;17;230;5.0565e-05;17
13;17;221;4.8051e-05;17
13;17;217;4.8331e-05;17
13;17;222;5.2171e-05;17
13;17;211;4.6863e-05;17
13;17;248;5.3987e-05;17
13;17;205;4.6934e-05;17
13;17;218;4.7981e-05;17
13;17;219;4.7283e-05;17
13;17;238;5.259e-05;17
13;17;199;4.5746e-05;17
13;17;229;4.9866e-05;17
13;17;224;4.8819e-05;17
13;17;230;5.1333e-05;17
13;17;231;5.0495e-05;17
13;17;241;6.6838e-05;17
13;17;247;5.5454e-05;17
13;17;220;5.0495e-05;17
13;17;212;4.7981e-05;17
13;17;253;5.6851e-05;17
13;17;245;5.5384e-05;17
13;17;230;5.259e-05;17
13;17;215;5.0355e-05;17
13;17;217;5.0775e-05;17
13;17;217;5.1193e-05;17
13;17;223;5.0285e-05;17
13;17;240;5.6012e-05;17
13;17;221;5.1263e-05;17
13;17;215;5.2102e-05;17
13;17;245;5.5105e-05;17
13;17;207;4.7702e-05;17
13;17;226;5.2032e-05;17
13;17;222;5.0007e-05;17
12;18;239;5.4057e-05;18
12;18;225;4.8539e-05;18
12;18;217;4.6793e-05;18
12;18;209;4.7562e-05;18
12;18;229;4.9867e-05;18
12;18;228;5.1473e-05;18
12;18;237;5.2381e-05;18
12;18;237;5.3219e-05;18
12;18;222;4.8749e-05;18
12;18;247;5.4127e-05;18
12;18;235;5.1403e-05;18
12;18;210;4.6305e-05;18
12;18;221;6.9981e-05;18
12;18;242;5.3569e-05;18
12;18;225;5.0704e-05;18
12;18;234;5.3429e-05;18
12;18;228;5.0286e-05;18
12;18;233;5.0635e-05;18
12;18;226;4.9168e-05;18
12;18;233;5.0914e-05;18
12;18;234;5.266e-05;18
12;18;216;4.7911e-05;18
12;18;244;5.4406e-05;18
12;18;228;5.0006e-05;18
12;18;219;5.1403e-05;18
12;18;214;4.812e-05;18
12;18;224;5.0146e-05;18
12;18;218;4.7981e-05;18
12;18;240;5.308e-05;18
12;18;223;5.2172e-05;18
12;18;218;4.9308e-05;18
12;18;231;7.7035e-05;18
12;18;215;4.847e-05;18
12;18;232;5.1543e-05;18
12;18;216;4.9168e-05;18
12;18;249;5.6642e-05;18
12;18;205;4.5746e-05;18
12;18;221;5.0006e-05;18
12;18;248;5.4686e-05;18
12;18;211;4.6235e-05;18
12;18;237;5.3149e-05;18
12;18;234;5.1823e-05;18
12;18;234;5.1123e-05;18
12;18;230;5.0914e-05;18
12;18;221;4.6863e-05;18
12;18;229;5.0495e-05;18
12;18;214;4.7283e-05;18
12;18;244;5.3778e-05;18
12;18;230;5.0845e-05;18
12;18;232;9.1632e-05;18
11;19;222;4.9867e-05;19
11;19;222;4.9377e-05;19
11;19;231;5.4755e-05;19
11;19;233;5.2241e-05;19
11;19;228;5.0426e-05;19
11;19;228;4.9518e-05;19
11;19;230;5.0705e-05;19
11;19;223;5.1612e-05;19
11;19;232;5.3149e-05;19
11;19;263;5.8527e-05;19
11;19;238;5.6571e-05;19
11;19;229;5.2032e-05;19
11;19;208;4.868e-05;19
11;19;236;5.3219e-05;19
11;19;224;4.8609e-05;19
11;19;224;4.9308e-05;19
11;19;231;5.2172e-05;19
11;19;217;5.0635e-05;19
11;19;224;5.2311e-05;19
11;19;232;6.9003e-05;19
11;19;236;5.252e-05;19
11;19;227;6.3346e-05;19
11;19;218;4.9169e-05;19
11;19;225;5.0565e-05;19
11;19;238;5.4267e-05;19
11;19;227;5.1682e-05;19
11;19;215;5.0426e-05;19
11;19;244;5.713e-05;19
11;19;248;5.9854e-05;19
11;19;226;5.3987e-05;19
11;19;214;5.0286e-05;19
11;19;223;5.287e-05;19
11;19;223;5.3499e-05;19
11;19;228;5.6432e-05;19
11;19;210;5.0565e-05;19
11;19;229;5.3988e-05;19
11;19;217;5.0845e-05;19
11;19;225;5.6641e-05;19
11;19;236;5.5384e-05;19
11;19;226;5.2311e-05;19
11;19;242;5.713e-05;19
11;19;217;5.2521e-05;19
11;19;240;5.7619e-05;19
11;19;209;5.3009e-05;19
11;19;209;6.2578e-05;19
11;19;236;5.4686e-05;19
11;19;226;6.1251e-05;19
11;19;226;5.3219e-05;19
11;19;236;5.4756e-05;19
11;19;237;5.4477e-05;19
10;20;235;5.4616e-05;20
10;20;206;4.8679e-05;20
10;20;223;5.1054e-05;20
10;20;227;5.2032e-05;20
10;20;234;5.4127e-05;20
10;20;220;5.1194e-05;20
10;20;226;5.1124e-05;20
10;20;217;4.9867e-05;20
10;20;232;5.4267e-05;20
10;20;220;5.3219e-05;20
10;20;237;5.5035e-05;20
10;20;231;5.3708e-05;20
10;20;229;5.2521e-05;20
10;20;232;5.0984e-05;20
10;20;231;5.1054e-05;20
10;20;231;5.2451e-05;20
10;20;239;5.287e-05;20
10;20;225;5.0635e-05;20
10;20;249;5.6361e-05;20
10;20;227;5.1053e-05;20
10;20;230;5.0705e-05;20
10;20;230;5.1892e-05;20
10;20;233;5.0914e-05;20
10;20;216;4.8889e-05;20
10;20;218;4.8958e-05;20
10;20;227;5.28e-05;20
10;20;229;5.0425e-05;20
10;20;234;5.2032e-05;20
10;20;227;5.0216e-05;20
10;20;213;4.826e-05;20
10;20;242;5.3079e-05;20
10;20;232;5.1613e-05;20
10;20;238;5.3778e-05;20
10;20;239;6.5092e-05;20
10;20;237;5.3219e-05;20
10;20;240;5.273e-05;20
10;20;219;5.0146e-05;20
10;20;231;6.3485e-05;20
10;20;223;4.7352e-05;20
10;20;203;4.6095e-05;20
10;20;227;5.1962e-05;20
10;20;237;5.28e-05;20
10;20;221;5.1124e-05;20
10;20;236;5.4965e-05;20
10;20;223;5.1194e-05;20
10;20;245;5.8317e-05;20
10;20;215;5.0844e-05;20
10;20;221;5.3428e-05;20
10;20;210;5.0775e-05;20
10;20;227;5.28e-05;20
9;21;217;5.1543e-05;21
9;21;223;5.1962e-05;21
9;21;227;5.4337e-05;21
9;21;206;4.833e-05;21
9;21;236;5.4546e-05;21
9;21;222;5.1613e-05;21
9;21;222;5.1543e-05;21
9;21;242;5.5314e-05;21
9;21;235;5.5035e-05;21
9;21;249;5.8667e-05;21
9;21;222;5.1194e-05;21
9;21;214;5.0076e-05;21
9;21;228;5.0495e-05;21
9;21;229;5.3289e-05;21
9;21;241;5.6292e-05;21
9;21;226;5.1264e-05;21
9;21;230;5.315e-05;21
9;21;239;5.4965e-05;21
9;21;226;5.2242e-05;21
9;21;241;5.28e-05;21
9;21;205;4.7422e-05;21
9;21;197;4.5117e-05;21
9;21;232;5.266e-05;21
9;21;218;4.9727e-05;21
9;21;241;5.4127e-05;21
9;21;229;5.3289e-05;21
9;21;215;4.861e-05;21
9;21;235;5.2451e-05;21
9;21;230;5.0914e-05;21
9;21;228;5.2101e-05;21
9;21;236;5.4616e-05;21
9;21;236;5.4476e-05;21
9;21;220;4.8539e-05;21
9;21;243;5.3149e-05;21
9;21;244;5.3777e-05;21
9;21;219;5.0216e-05;21
9;21;227;5.2381e-05;21
9;21;229;6.2507e-05;21
9;21;236;5.5593e-05;21
9;21;227;5.0286e-05;21
9;21;227;5.301e-05;21
9;21;229;5.2101e-05;21
9;21;227;5.3079e-05;21
9;21;221;5.1543e-05;21
9;21;215;4.8609e-05;21
9;21;225;5.4266e-05;21
9;21;215;4.9238e-05;21
9;21;234;5.3079e-05;21
9;21;214;4.8121e-05;21
9;21;239;5.287e-05;21
8;22;238;5.4127e-05;22
8;22;221;4.9727e-05;22
8;22;224;5.0844e-05;22
8;22;223;4.9657e-05;22
8;22;250;9.5194e-05;22
8;22;233;5.6642e-05;22
8;22;221;5.1054e-05;22
8;22;228;5.2591e-05;22
8;22;220;5.1124e-05;22
8;22;234;5.4127e-05;22
8;22;248;5.713e-05;22
8;22;229;5.3219e-05;22
8;22;243;5.692e-05;22
8;22;222;5.1193e-05;22
8;22;223;5.252e-05;22
8;22;200;4.6095e-05;22
8;22;212;5.0356e-05;22
8;22;219;5.0914e-05;22
8;22;226;5.3009e-05;22
8;22;225;5.2311e-05;22
8;22;232;5.4197e-05;22
8;22;234;5.3218e-05;22
8;22;214;4.7701e-05;22
8;22;229;5.6781e-05;22
8;22;226;5.1682e-05;22
8;22;223;5.0775e-05;22
8;22;218;5.0076e-05;22
8;22;229;5.2451e-05;22
8;22;232;5.5664e-05;22
8;22;234;5.3079e-05;22
8;22;232;5.287e-05;22
8;22;242;5.4616e-05;22
8;22;207;4.84e-05;22
8;22;224;5.0914e-05;22
8;22;220;4.9308e-05;22
8;22;225;5.0844e-05;22
8;22;217;4.9937e-05;22
8;22;210;4.9377e-05;22
8;22;224;5.1683e-05;22
8;22;219;4.8959e-05;22
8;22;225;4.9727e-05;22
8;22;240;5.5873e-05;22
8;22;211;6.0902e-05;22
8;22;216;5.259e-05;22
8;22;225;5.2032e-05;22
8;22;218;5.0286e-05;22
8;22;215;4.9866e-05;22
8;22;227;5.2102e-05;22
8;22;234;5.3149e-05;22
8;22;235;5.3079e-05;22
7;23;236;5.2381e-05;23
7;23;216;4.875e-05;23
7;23;234;5.301e-05;23
7;23;220;4.854e-05;23
7;23;219;4.9518e-05;23
7;23;240;5.2451e-05;23
7;23;244;5.4895e-05;23
7;23;216;4.819e-05;23
7;23;243;5.4267e-05;23
7;23;223;5.0565e-05;23
7;23;232;5.2032e-05;23
7;23;223;5.0565e-05;23
7;23;226;5.0286e-05;23
7;23;232;6.4254e-05;23
7;23;239;5.5035e-05;23
7;23;238;5.3987e-05;23
7;23;220;5.1123e-05;23
7;23;228;5.1962e-05;23
7;23;220;4.9518e-05;23
7;23;212;4.84e-05;23
7;23;232;5.273e-05;23
7;23;231;5.3149e-05;23
7;23;222;5.1194e-05;23
7;23;226;5.0565e-05;23
7;23;237;5.3918e-05;23
7;23;238;5.3708e-05;23
7;23;216;4.8191e-05;23
7;23;243;5.4197e-05;23
7;23;234;5.266e-05;23
7;23;245;5.3079e-05;23
7;23;219;5.1682e-05;23
7;23;232;5.1892e-05;23
7;23;233;5.266e-05;23
7;23;205;4.7143e-05;23
7;23;241;5.3219e-05;23
7;23;205;4.6724e-05;23
7;23;231;5.3708e-05;23
7;23;234;5.1263e-05;23
7;23;236;5.259e-05;23
7;23;213;4.7702e-05;23
7;23;212;4.7492e-05;23
7;23;216;4.826e-05;23
7;23;226;5.1682e-05;23
7;23;212;4.7352e-05;23
7;23;248;5.3568e-05;23
7;23;248;5.6362e-05;23
7;23;229;5.1194e-05;23
7;23;219;4.8819e-05;23
7;23;225;5.1473e-05;23
7;23;239;5.3149e-05;23
6;24;238;5.3359e-05;24
6;24;230;5.273e-05;24
6;24;227;5.1543e-05;24
6;24;215;4.805e-05;24
6;24;247;5.4756e-05;24
6;24;238;5.2451e-05;24
6;24;227;5.1962e-05;24
6;24;223;5.0705e-05;24
6;24;222;5.1124e-05;24
6;24;225;5.0914e-05;24
6;24;230;5.245e-05;24
6;24;252;5.4756e-05;24
6;24;231;5.1124e-05;24
6;24;235;5.2171e-05;24
6;24;229;5.2521e-05;24
6;24;234;5.273e-05;24
6;24;243;6.0273e-05;24
6;24;222;4.9168e-05;24
6;24;244;5.5315e-05;24
6;24;234;5.3149e-05;24
6;24;239;5.2171e-05;24
6;24;241;5.273e-05;24
6;24;221;5.0146e-05;24
6;24;223;5.0076e-05;24
6;24;232;5.1962e-05;24
6;24;221;5.1123e-05;24
6;24;242;5.3149e-05;24
6;24;212;4.9378e-05;24
6;24;222;4.9308e-05;24
6;24;232;5.3219e-05;24
6;24;229;5.1612e-05;24
6;24;236;5.5314e-05;24
6;24;240;5.3289e-05;24
6;24;216;5.0146e-05;24
6;24;225;5.0565e-05;24
6;24;235;5.5384e-05;24
6;24;227;5.0844e-05;24
6;24;227;5.2241e-05;24
6;24;229;4.9727e-05;24
6;24;231;5.1962e-05;24
6;24;227;5.2521e-05;24
6;24;224;5.1333e-05;24
6;24;244;5.5524e-05;24
6;24;227;4.9517e-05;24
6;24;218;4.8609e-05;24
6;24;221;5.0356e-05;24
6;24;227;5.273e-05;24
6;24;237;5.2172e-05;24
6;24;245;5.4615e-05;24
6;24;231;5.1472e-05;24
5;25;217;4.9308e-05;25
5;25;229;5.0844e-05;25
5;25;228;5.0774e-05;25
5;25;222;5.6572e-05;25
5;25;239;5.3987e-05;25
5;25;234;5.259e-05;25
5;25;232;5.4477e-05;25
5;25;221;4.84e-05;25
5;25;229;6.1321e-05;25
5;25;236;5.3708e-05;25
5;25;224;4.9028e-05;25
5;25;236;5.2102e-05;25
5;25;250;5.6431e-05;25
5;25;234;5.6641e-05;25
5;25;209;4.7562e-05;25
5;25;216;4.9377e-05;25
5;25;211;4.833e-05;25
5;25;223;5.1124e-05;25
5;25;236;5.294e-05;25
5;25;242;5.4267e-05;25
5;25;226;5.0775e-05;25
5;25;243;5.5035e-05;25
5;25;215;4.84e-05;25
5;25;238;5.3359e-05;25
5;25;233;5.2381e-05;25
5;25;238;5.7689e-05;25
5;25;227;5.4476e-05;25
5;25;228;5.2521e-05;25
5;25;238;4.9657e-05;25
5;25;228;5.0844e-05;25
5;25;229;5.5594e-05;25
5;25;225;5.3219e-05;25
5;25;230;4.9098e-05;25
5;25;227;5.2451e-05;25
5;25;218;5.1543e-05;25
5;25;228;5.1054e-05;25
5;25;231;5.2939e-05;25
5;25;230;5.0425e-05;25
5;25;230;5.2241e-05;25
5;25;232;5.287e-05;25
5;25;232;5.7549e-05;25
5;25;227;5.2381e-05;25
5;25;215;5.1612e-05;25
5;25;236;5.2241e-05;25
5;25;239;5.734e-05;25
5;25;229;5.0704e-05;25
5;25;214;4.854e-05;25
5;25;238;5.3289e-05;25
5;25;225;5.1264e-05;25
5;25;227;5.1473e-05;25
4;26;234;5.1683e-05;26
4;26;210;4.7143e-05;26
4;26;227;5.0984e-05;26
4;26;240;5.3917e-05;26
4;26;235;5.301e-05;26
4;26;216;4.9168e-05;26
4;26;221;4.9727e-05;26
4;26;209;4.7981e-05;26
4;26;220;4.84e-05;26
4;26;224;4.9587e-05;26
4;26;242;5.4615e-05;26
4;26;230;5.0914e-05;26
4;26;237;5.0914e-05;26
4;26;244;5.4615e-05;26
4;26;225;5.0146e-05;26
4;26;237;5.3568e-05;26
4;26;231;5.1543e-05;26
4;26;247;5.287e-05;26
4;26;235;5.0775e-05;26
4;26;229;5.2311e-05;26
4;26;225;4.9797e-05;26
4;26;242;5.3848e-05;26
4;26;227;5.0774e-05;26
4;26;239;5.0984e-05;26
4;26;219;4.8679e-05;26
4;26;243;5.5105e-05;26
4;26;245;5.4476e-05;26
4;26;230;5.7898e-05;26
4;26;214;5.1403e-05;26
4;26;216;5.1403e-05;26
4;26;235;5.2101e-05;26
4;26;224;5.0146e-05;26
4;26;247;5.2521e-05;26
4;26;215;4.4908e-05;26
4;26;238;5.5035e-05;26
4;26;227;4.7911e-05;26
4;26;243;6.8304e-05;26
4;26;223;6.6628e-05;26
4;26;237;9.1213e-05;26
4;26;227;5.1403e-05;26
4;26;231;5.1752e-05;26
4;26;238;5.3428e-05;26
4;26;234;5.2032e-05;26
4;26;221;5.1124e-05;26
4;26;228;5.0495e-05;26
4;26;248;5.713e-05;26
4;26;223;5.1752e-05;26
4;26;232;5.4685e-05;26
4;26;231;5.4546e-05;26
4;26;231;5.3568e-05;26
3;27;250;5.6502e-05;27
3;27;226;4.9098e-05;27
3;27;233;5.2311e-05;27
3;27;244;5.3987e-05;27
3;27;250;5.3847e-05;27
3;27;213;4.7353e-05;27
3;27;225;5.4337e-05;27
3;27;235;5.3847e-05;27
3;27;224;5.2101e-05;27
3;27;207;4.7422e-05;27
3;27;221;6.1879e-05;27
3;27;234;5.4127e-05;27
3;27;255;5.6432e-05;27
3;27;230;5.3289e-05;27
3;27;223;4.847e-05;27
3;27;230;5.3289e-05;27
3;27;231;5.0844e-05;27
3;27;223;5.0076e-05;27
3;27;234;5.0565e-05;27
3;27;235;5.3987e-05;27
3;27;245;5.3359e-05;27
3;27;241;5.2311e-05;27
3;27;251;5.3569e-05;27
3;27;222;4.7562e-05;27
3;27;223;5.0635e-05;27
3;27;210;4.6305e-05;27
3;27;237;4.9867e-05;27
3;27;232;5.2241e-05;27
3;27;238;5.2381e-05;27
3;27;222;5.1264e-05;27
3;27;222;4.6864e-05;27
3;27;227;4.854e-05;27
3;27;223;4.9028e-05;27
3;27;245;5.5733e-05;27
3;27;236;5.2032e-05;27
3;27;239;4.9936e-05;27
3;27;233;5.1962e-05;27
3;27;244;5.5384e-05;27
3;27;224;4.9657e-05;27
3;27;223;4.9936e-05;27
3;27;241;5.3987e-05;27
3;27;249;5.3987e-05;27
3;27;210;4.8609e-05;27
3;27;215;4.9727e-05;27
3;27;234;5.259e-05;27
3;27;230;5.0635e-05;27
3;27;232;5.1682e-05;27
3;27;228;5.0076e-05;27
3;27;219;4.7911e-05;27
3;27;224;5.0146e-05;27
2;28;215;4.421e-05;28
2;28;233;4.9168e-05;28
2;28;212;4.5467e-05;28
2;28;228;4.8051e-05;28
2;28;241;5.1613e-05;28
2;28;243;5.1962e-05;28
2;28;230;4.9448e-05;28
2;28;238;5.0914e-05;28
2;28;224;4.6934e-05;28
2;28;234;4.7772e-05;28
2;28;219;4.8331e-05;28
2;28;224;4.7422e-05;28
2;28;234;9.1701e-05;28
2;28;219;4.6654e-05;28
2;28;232;4.9657e-05;28
2;28;222;4.6654e-05;28
2;28;216;4.847e-05;28
2;28;237;5.3777e-05;28
2;28;230;4.9099e-05;28
2;28;224;4.8261e-05;28
2;28;231;4.8889e-05;28
2;28;203;4.4838e-05;28
2;28;246;5.4546e-05;28
2;28;229;4.7422e-05;28
2;28;234;6.4324e-05;28
2;28;240;5.3009e-05;28
2;28;230;5.0915e-05;28
2;28;244;5.5385e-05;28
2;28;232;4.9587e-05;28
2;28;238;5.3638e-05;28
2;28;257;5.7479e-05;28
2;28;219;4.833e-05;28
2;28;210;4.4209e-05;28
2;28;218;5.0355e-05;28
2;28;232;5.273e-05;28
2;28;231;5.1822e-05;28
2;28;224;4.7911e-05;28
2;28;223;5.1752e-05;28
2;28;218;4.9239e-05;28
2;28;226;5.4686e-05;28
2;28;239;5.1962e-05;28
2;28;241;5.245e-05;28
2;28;250;5.8038e-05;28
2;28;231;5.1752e-05;28
2;28;243;5.4825e-05;28
2;28;236;5.1054e-05;28
2;28;235;5.1193e-05;28
2;28;223;5.4686e-05;28
2;28;226;5.1753e-05;28
2;28;232;5.1613e-05;28
1;29;236;5.0077e-05;29
1;29;233;4.6095e-05;29
1;29;235;4.8051e-05;29
1;29;236;5.0635e-05;29
1;29;226;4.5396e-05;29
1;29;243;5.1264e-05;29
1;29;229;4.7702e-05;29
1;29;237;4.9518e-05;29
1;29;243;4.9448e-05;29
1;29;230;4.7422e-05;29
1;29;228;4.6793e-05;29
1;29;242;4.7492e-05;29
1;29;249;5.2521e-05;29
1;29;244;4.7212e-05;29
1;29;235;4.6864e-05;29
1;29;233;4.5048e-05;29
1;29;241;4.6793e-05;29
1;29;214;4.4907e-05;29
1;29;254;4.9587e-05;29
1;29;232;4.847e-05;29
1;29;232;4.5397e-05;29
1;29;226;4.5745e-05;29
1;29;239;4.847e-05;29
1;29;232;4.7282e-05;29
1;29;231;4.7072e-05;29
1;29;233;8.6533e-05;29
1;29;220;4.5048e-05;29
1;29;224;4.6095e-05;29
1;29;236;4.7492e-05;29
1;29;231;4.7282e-05;29
1;29;227;4.4629e-05;29
1;29;232;4.5327e-05;29
1;29;242;4.9727e-05;29
1;29;236;4.7771e-05;29
1;29;236;8.381e-05;29
1;29;233;4.8051e-05;29
1;29;238;4.8959e-05;29
1;29;222;4.5606e-05;29
1;29;236;4.5536e-05;29
1;29;222;4.5048e-05;29
1;29;233;4.7632e-05;29
1;29;242;5.0705e-05;29
1;29;222;4.6095e-05;29
1;29;243;4.9028e-05;29
1;29;232;4.5187e-05;29
1;29;243;4.6654e-05;29
1;29;229;4.6864e-05;29
1;29;259;5.1473e-05;29
1;29;231;5.1962e-05;29
1;29;241;4.8819e-05;29
