Cantidad de fabricas;Cantidad de clientes;Cantidad de rutas;Tiempo de ejecucion;Tamaño de la solucion
14;16;234;0.000109232;16
14;16;223;9.9174e-05;16
14;16;237;9.8057e-05;16
14;16;237;9.7848e-05;16
14;16;229;8.9257e-05;16
14;16;232;9.4704e-05;16
14;16;241;9.8965e-05;16
14;16;229;0.000112514;16
14;16;241;9.8266e-05;16
14;16;233;5.0355e-05;16
14;16;236;0.000106927;16
14;16;228;0.000114121;16
14;16;234;9.673e-05;16
14;16;229;9.7638e-05;16
14;16;231;9.3307e-05;16
14;16;231;9.4286e-05;16
14;16;242;9.8615e-05;16
14;16;239;0.000100501;16
14;16;232;9.2749e-05;16
14;16;230;9.5612e-05;16
14;16;228;9.0514e-05;16
14;16;224;0.000116355;16
14;16;218;4.9028e-05;16
14;16;231;9.8406e-05;16
14;16;220;9.659e-05;16
14;16;239;9.9104e-05;16
14;16;220;9.0584e-05;16
14;16;236;9.8546e-05;16
14;16;222;9.2749e-05;16
14;16;237;9.9873e-05;16
14;16;245;9.8266e-05;16
14;16;232;5.1682e-05;16
14;16;220;4.7422e-05;16
14;16;202;4.3581e-05;16
14;16;221;5.0007e-05;16
14;16;215;7.6965e-05;16
14;16;204;4.4628e-05;16
14;16;248;5.4057e-05;16
14;16;220;4.9308e-05;16
14;16;220;4.9169e-05;16
14;16;226;5.0844e-05;16
14;16;216;4.9378e-05;16
14;16;230;5.3359e-05;16
14;16;225;5.0356e-05;16
14;16;239;5.3848e-05;16
14;16;240;5.2311e-05;16
14;16;230;5.3499e-05;16
14;16;231;5.1752e-05;16
14;16;223;5.0006e-05;16
14;16;224;4.9308e-05;16
13;17;218;4.8889e-05;17
13;17;198;4.5187e-05;17
13;17;225;5.4197e-05;17
13;17;226;5.273e-05;17
13;17;225;5.3498e-05;17
13;17;205;4.5047e-05;17
13;17;230;5.0984e-05;17
13;17;211;4.7562e-05;17
13;17;219;4.833e-05;17
13;17;221;4.84e-05;17
13;17;201;4.4628e-05;17
13;17;210;4.6025e-05;17
13;17;230;5.0914e-05;17
13;17;216;5.1404e-05;17
13;17;237;5.3917e-05;17
13;17;243;6.6419e-05;17
13;17;232;5.3569e-05;17
13;17;238;5.4895e-05;17
13;17;225;5.0495e-05;17
13;17;213;4.9029e-05;17
13;17;236;5.1333e-05;17
13;17;248;5.6083e-05;17
13;17;206;4.6235e-05;17
13;17;239;5.3778e-05;17
13;17;234;5.0844e-05;17
13;17;237;5.28e-05;17
13;17;220;4.8261e-05;17
13;17;222;4.8889e-05;17
13;17;234;5.1054e-05;17
13;17;233;5.259e-05;17
13;17;214;4.854e-05;17
13;17;220;4.9727e-05;17
13;17;228;5.0705e-05;17
13;17;218;4.7492e-05;17
13;17;233;5.1962e-05;17
13;17;226;5.1473e-05;17
13;17;217;5.9226e-05;17
13;17;230;5.0146e-05;17
13;17;221;5.1053e-05;17
13;17;236;5.287e-05;17
13;17;225;5.259e-05;17
13;17;219;4.8051e-05;17
13;17;228;6.593e-05;17
13;17;214;4.7842e-05;17
13;17;217;4.7981e-05;17
13;17;224;5.0146e-05;17
13;17;226;5.2381e-05;17
13;17;230;5.0705e-05;17
13;17;228;5.0146e-05;17
13;17;234;5.2241e-05;17
12;18;218;5.266e-05;18
12;18;202;4.5955e-05;18
12;18;244;5.6222e-05;18
12;18;224;5.1542e-05;18
12;18;229;5.9994e-05;18
12;18;224;5.0845e-05;18
12;18;233;5.2241e-05;18
12;18;199;4.4978e-05;18
12;18;209;4.812e-05;18
12;18;224;4.9937e-05;18
12;18;216;5.0775e-05;18
12;18;224;5.238e-05;18
12;18;233;5.3638e-05;18
12;18;238;5.4406e-05;18
12;18;245;5.3359e-05;18
12;18;222;4.9796e-05;18
12;18;240;5.28e-05;18
12;18;205;4.9028e-05;18
12;18;230;5.0565e-05;18
12;18;231;5.1822e-05;18
12;18;224;5.1752e-05;18
12;18;215;5.0355e-05;18
12;18;215;4.8819e-05;18
12;18;237;5.3778e-05;18
12;18;229;5.3569e-05;18
12;18;234;5.3778e-05;18
12;18;226;5.0705e-05;18
12;18;232;5.4196e-05;18
12;18;238;5.3777e-05;18
12;18;223;5.1263e-05;18
12;18;231;5.3219e-05;18
12;18;224;5.6153e-05;18
12;18;244;5.4685e-05;18
12;18;238;5.4896e-05;18
12;18;221;5.2241e-05;18
12;18;241;5.4127e-05;18
12;18;232;6.4953e-05;18
12;18;231;5.2031e-05;18
12;18;203;4.5188e-05;18
12;18;237;5.6502e-05;18
12;18;238;5.3009e-05;18
12;18;224;5.1054e-05;18
12;18;213;4.847e-05;18
12;18;238;5.4197e-05;18
12;18;235;5.2451e-05;18
12;18;221;5.1194e-05;18
12;18;231;5.0007e-05;18
12;18;232;5.1194e-05;18
12;18;216;4.868e-05;18
12;18;219;4.9238e-05;18
11;19;225;5.0077e-05;19
11;19;223;4.861e-05;19
11;19;237;5.4127e-05;19
11;19;230;5.1612e-05;19
11;19;242;5.3708e-05;19
11;19;217;5.1194e-05;19
11;19;235;5.1473e-05;19
11;19;226;5.266e-05;19
11;19;233;5.5803e-05;19
11;19;224;5.1753e-05;19
11;19;224;5.0146e-05;19
11;19;226;5.1543e-05;19
11;19;222;5.1962e-05;19
11;19;237;5.3918e-05;19
11;19;238;5.3708e-05;19
11;19;239;5.3149e-05;19
11;19;231;5.2101e-05;19
11;19;232;5.0775e-05;19
11;19;233;5.294e-05;19
11;19;211;4.9518e-05;19
11;19;237;5.1962e-05;19
11;19;225;5.1752e-05;19
11;19;217;4.7981e-05;19
11;19;226;5.0006e-05;19
11;19;213;4.826e-05;19
11;19;214;4.7003e-05;19
11;19;222;4.847e-05;19
11;19;226;5.0565e-05;19
11;19;225;5.0146e-05;19
11;19;219;5.1264e-05;19
11;19;235;5.1613e-05;19
11;19;231;5.0775e-05;19
11;19;223;5.0634e-05;19
11;19;233;5.259e-05;19
11;19;220;4.9307e-05;19
11;19;234;5.2172e-05;19
11;19;225;4.9937e-05;19
11;19;214;4.8121e-05;19
11;19;219;4.9797e-05;19
11;19;231;5.1543e-05;19
11;19;226;5.1752e-05;19
11;19;229;5.1962e-05;19
11;19;236;5.5105e-05;19
11;19;242;5.4337e-05;19
11;19;239;5.3847e-05;19
11;19;235;5.5175e-05;19
11;19;228;5.2171e-05;19
11;19;240;5.5733e-05;19
11;19;221;5.0495e-05;19
11;19;238;5.7479e-05;19
10;20;229;5.4615e-05;20
10;20;216;4.812e-05;20
10;20;228;5.1403e-05;20
10;20;216;4.9238e-05;20
10;20;236;5.5175e-05;20
10;20;253;5.5943e-05;20
10;20;211;4.84e-05;20
10;20;215;4.7841e-05;20
10;20;239;5.4406e-05;20
10;20;239;5.4615e-05;20
10;20;243;5.4756e-05;20
10;20;217;4.8819e-05;20
10;20;213;4.9098e-05;20
10;20;237;5.3009e-05;20
10;20;224;5.1473e-05;20
10;20;238;5.3079e-05;20
10;20;222;5.1403e-05;20
10;20;226;5.1124e-05;20
10;20;237;5.3569e-05;20
10;20;234;5.4546e-05;20
10;20;217;5.0496e-05;20
10;20;224;5.1962e-05;20
10;20;238;5.3079e-05;20
10;20;238;5.3219e-05;20
10;20;220;5.1264e-05;20
10;20;212;4.7842e-05;20
10;20;225;5.266e-05;20
10;20;219;5.0356e-05;20
10;20;218;5.0006e-05;20
10;20;212;4.7911e-05;20
10;20;225;5.0356e-05;20
10;20;231;5.1264e-05;20
10;20;222;5.0426e-05;20
10;20;241;5.3498e-05;20
10;20;233;5.1892e-05;20
10;20;236;5.294e-05;20
10;20;216;4.9029e-05;20
10;20;213;4.7213e-05;20
10;20;225;5.1543e-05;20
10;20;233;5.3219e-05;20
10;20;230;5.2032e-05;20
10;20;215;5.0216e-05;20
10;20;236;5.4965e-05;20
10;20;232;5.3079e-05;20
10;20;231;5.1543e-05;20
10;20;235;5.1263e-05;20
10;20;237;5.301e-05;20
10;20;230;5.2032e-05;20
10;20;239;5.4826e-05;20
10;20;239;5.3569e-05;20
9;21;234;5.4895e-05;21
9;21;228;5.1054e-05;21
9;21;226;5.0844e-05;21
9;21;224;4.9937e-05;21
9;21;232;5.4965e-05;21
9;21;242;5.4406e-05;21
9;21;236;5.252e-05;21
9;21;213;4.8051e-05;21
9;21;241;5.5594e-05;21
9;21;244;5.9854e-05;21
9;21;233;5.245e-05;21
9;21;228;5.0356e-05;21
9;21;248;5.5314e-05;21
9;21;238;5.4895e-05;21
9;21;235;5.2241e-05;21
9;21;227;4.9937e-05;21
9;21;225;5.0495e-05;21
9;21;221;5.2451e-05;21
9;21;227;5.0844e-05;21
9;21;221;5.2032e-05;21
9;21;213;5.0006e-05;21
9;21;231;5.1613e-05;21
9;21;221;5.1752e-05;21
9;21;234;5.4965e-05;21
9;21;218;4.9448e-05;21
9;21;243;5.5175e-05;21
9;21;231;5.1683e-05;21
9;21;231;5.0844e-05;21
9;21;232;5.273e-05;21
9;21;228;5.1613e-05;21
9;21;225;5.2172e-05;21
9;21;207;4.9028e-05;21
9;21;228;5.245e-05;21
9;21;210;4.9517e-05;21
9;21;219;5.1264e-05;21
9;21;230;5.4685e-05;21
9;21;228;5.1752e-05;21
9;21;224;5.0635e-05;21
9;21;240;5.5943e-05;21
9;21;220;4.9098e-05;21
9;21;218;4.826e-05;21
9;21;234;5.4825e-05;21
9;21;230;5.0705e-05;21
9;21;214;4.9727e-05;21
9;21;234;5.28e-05;21
9;21;227;5.2521e-05;21
9;21;225;5.0495e-05;21
9;21;242;5.5803e-05;21
9;21;238;5.245e-05;21
9;21;227;5.0845e-05;21
8;22;230;5.2241e-05;22
8;22;206;4.6934e-05;22
8;22;239;5.3778e-05;22
8;22;225;4.9867e-05;22
8;22;228;5.1194e-05;22
8;22;230;5.1612e-05;22
8;22;245;6.2717e-05;22
8;22;224;4.8609e-05;22
8;22;225;5.1892e-05;22
8;22;219;5.0704e-05;22
8;22;244;5.3638e-05;22
8;22;252;5.5454e-05;22
8;22;232;5.3359e-05;22
8;22;237;5.3918e-05;22
8;22;229;5.2101e-05;22
8;22;232;5.4756e-05;22
8;22;226;5.1333e-05;22
8;22;224;5.2171e-05;22
8;22;227;5.1543e-05;22
8;22;227;4.9517e-05;22
8;22;233;5.0077e-05;22
8;22;247;5.5385e-05;22
8;22;241;5.5733e-05;22
8;22;230;5.0356e-05;22
8;22;230;5.28e-05;22
8;22;232;5.1334e-05;22
8;22;233;5.2241e-05;22
8;22;229;5.1193e-05;22
8;22;228;5.2032e-05;22
8;22;240;5.3777e-05;22
8;22;240;5.3499e-05;22
8;22;215;4.9098e-05;22
8;22;255;5.6711e-05;22
8;22;227;5.0635e-05;22
8;22;249;5.5035e-05;22
8;22;225;6.586e-05;22
8;22;227;5.2172e-05;22
8;22;229;5.6292e-05;22
8;22;216;5.1613e-05;22
8;22;231;5.3289e-05;22
8;22;225;5.1193e-05;22
8;22;240;5.4616e-05;22
8;22;221;5.1193e-05;22
8;22;225;5.1263e-05;22
8;22;236;5.3638e-05;22
8;22;218;5.0356e-05;22
8;22;234;5.252e-05;22
8;22;221;5.2031e-05;22
8;22;233;5.3638e-05;22
8;22;227;5.2241e-05;22
7;23;234;5.4616e-05;23
7;23;243;5.7689e-05;23
7;23;228;5.3987e-05;23
7;23;237;5.4406e-05;23
7;23;226;5.2381e-05;23
7;23;216;4.8191e-05;23
7;23;241;5.4685e-05;23
7;23;235;5.5105e-05;23
7;23;257;5.9156e-05;23
7;23;231;5.266e-05;23
7;23;232;5.4965e-05;23
7;23;230;5.2521e-05;23
7;23;222;5.1403e-05;23
7;23;242;5.7619e-05;23
7;23;251;6.1111e-05;23
7;23;246;5.2661e-05;23
7;23;223;4.9517e-05;23
7;23;223;5.2102e-05;23
7;23;232;5.1962e-05;23
7;23;226;5.2032e-05;23
7;23;233;5.1194e-05;23
7;23;229;5.273e-05;23
7;23;232;4.9936e-05;23
7;23;229;5.301e-05;23
7;23;218;4.9727e-05;23
7;23;223;5.0146e-05;23
7;23;243;5.3079e-05;23
7;23;244;5.5524e-05;23
7;23;240;5.4686e-05;23
7;23;223;5.1194e-05;23
7;23;229;5.1403e-05;23
7;23;205;4.8469e-05;23
7;23;217;4.7911e-05;23
7;23;235;5.28e-05;23
7;23;229;5.1683e-05;23
7;23;212;5.1054e-05;23
7;23;240;5.3918e-05;23
7;23;225;5.1892e-05;23
7;23;238;5.3708e-05;23
7;23;212;4.8051e-05;23
7;23;239;5.8318e-05;23
7;23;229;5.2939e-05;23
7;23;218;4.9308e-05;23
7;23;209;4.9168e-05;23
7;23;226;5.3289e-05;23
7;23;230;5.3569e-05;23
7;23;227;5.5733e-05;23
7;23;235;5.3778e-05;23
7;23;237;5.4267e-05;23
7;23;231;5.0425e-05;23
6;24;227;5.0984e-05;24
6;24;245;5.6152e-05;24
6;24;222;5.0356e-05;24
6;24;239;5.4476e-05;24
6;24;232;5.3988e-05;24
6;24;231;5.3568e-05;24
6;24;202;4.7702e-05;24
6;24;224;5.2171e-05;24
6;24;228;5.2451e-05;24
6;24;229;5.0705e-05;24
6;24;221;5.2311e-05;24
6;24;227;5.1193e-05;24
6;24;253;5.713e-05;24
6;24;231;5.1194e-05;24
6;24;213;4.7491e-05;24
6;24;231;5.1682e-05;24
6;24;236;5.1753e-05;24
6;24;225;5.2031e-05;24
6;24;222;4.9168e-05;24
6;24;223;4.9447e-05;24
6;24;222;4.8819e-05;24
6;24;223;4.9168e-05;24
6;24;222;4.9587e-05;24
6;24;224;5.0635e-05;24
6;24;234;5.3079e-05;24
6;24;222;4.9727e-05;24
6;24;234;5.3778e-05;24
6;24;213;4.9028e-05;24
6;24;224;5.0356e-05;24
6;24;216;5.0565e-05;24
6;24;223;4.9797e-05;24
6;24;238;5.4476e-05;24
6;24;224;5.0425e-05;24
6;24;240;5.7968e-05;24
6;24;220;5.2521e-05;24
6;24;246;5.5035e-05;24
6;24;220;4.9169e-05;24
6;24;224;6.4673e-05;24
6;24;210;0.000102177;24
6;24;225;0.000108184;24
6;24;225;0.000101619;24
6;24;247;5.6781e-05;24
6;24;224;5.3848e-05;24
6;24;223;5.294e-05;24
6;24;200;4.8888e-05;24
6;24;235;5.4197e-05;24
6;24;241;0.000107625;24
6;24;241;0.000106298;24
6;24;231;0.000106997;24
6;24;235;0.00010574;24
5;25;244;0.000111118;25
5;25;234;0.000103156;25
5;25;215;9.3797e-05;25
5;25;234;0.000103364;25
5;25;224;0.00010106;25
5;25;240;0.000108952;25
5;25;231;9.9873e-05;25
5;25;228;9.9384e-05;25
5;25;221;9.8476e-05;25
5;25;221;9.3937e-05;25
5;25;204;9.4565e-05;25
5;25;240;0.000107625;25
5;25;245;0.000109022;25
5;25;238;0.000108743;25
5;25;225;0.000103434;25
5;25;229;0.000104412;25
5;25;258;0.00011887;25
5;25;217;9.9453e-05;25
5;25;254;0.000110768;25
5;25;235;0.00010951;25
5;25;227;0.000102736;25
5;25;217;9.5613e-05;25
5;25;220;9.9175e-05;25
5;25;206;8.9816e-05;25
5;25;217;9.7708e-05;25
5;25;225;0.000101131;25
5;25;239;0.000107137;25
5;25;233;0.00011007;25
5;25;232;0.000106368;25
5;25;235;5.1124e-05;25
5;25;238;5.273e-05;25
5;25;249;5.8597e-05;25
5;25;230;5.3848e-05;25
5;25;238;5.301e-05;25
5;25;232;5.1124e-05;25
5;25;231;5.28e-05;25
5;25;233;5.0914e-05;25
5;25;253;5.7549e-05;25
5;25;229;5.0844e-05;25
5;25;239;5.6082e-05;25
5;25;226;5.0286e-05;25
5;25;241;5.4965e-05;25
5;25;232;5.0006e-05;25
5;25;223;5.1054e-05;25
5;25;236;5.287e-05;25
5;25;228;5.0146e-05;25
5;25;249;5.6571e-05;25
5;25;218;4.8609e-05;25
5;25;219;4.9727e-05;25
5;25;236;5.3359e-05;25
4;26;237;5.5384e-05;26
4;26;226;5.2242e-05;26
4;26;222;4.9727e-05;26
4;26;233;5.2939e-05;26
4;26;232;5.1124e-05;26
4;26;223;4.8959e-05;26
4;26;235;5.1892e-05;26
4;26;224;5.273e-05;26
4;26;230;5.1193e-05;26
4;26;216;4.9308e-05;26
4;26;222;4.9238e-05;26
4;26;228;5.1053e-05;26
4;26;232;5.0774e-05;26
4;26;230;5.1752e-05;26
4;26;213;4.7073e-05;26
4;26;225;5.685e-05;26
4;26;235;5.1753e-05;26
4;26;232;5.2869e-05;26
4;26;230;5.0705e-05;26
4;26;211;4.7771e-05;26
4;26;225;5.1822e-05;26
4;26;227;4.9238e-05;26
4;26;231;5.2031e-05;26
4;26;228;5.1403e-05;26
4;26;226;5.0914e-05;26
4;26;229;5.1054e-05;26
4;26;231;5.1054e-05;26
4;26;231;5.3568e-05;26
4;26;224;9.1213e-05;26
4;26;224;5.2451e-05;26
4;26;230;5.252e-05;26
4;26;217;4.9448e-05;26
4;26;222;5.0565e-05;26
4;26;205;4.7841e-05;26
4;26;224;5.0286e-05;26
4;26;217;4.6864e-05;26
4;26;221;4.8261e-05;26
4;26;235;5.28e-05;26
4;26;232;5.0844e-05;26
4;26;241;5.1822e-05;26
4;26;219;4.9448e-05;26
4;26;231;5.3219e-05;26
4;26;216;4.7492e-05;26
4;26;233;5.1403e-05;26
4;26;224;5.1612e-05;26
4;26;219;5.1473e-05;26
4;26;229;5.3918e-05;26
4;26;233;5.1193e-05;26
4;26;239;5.5175e-05;26
4;26;238;5.3638e-05;26
3;27;234;5.1543e-05;27
3;27;226;5.7549e-05;27
3;27;224;5.1682e-05;27
3;27;218;4.9099e-05;27
3;27;214;4.5397e-05;27
3;27;235;5.1822e-05;27
3;27;233;5.2939e-05;27
3;27;205;4.5188e-05;27
3;27;229;4.84e-05;27
3;27;231;5.1543e-05;27
3;27;247;5.5523e-05;27
3;27;240;5.1962e-05;27
3;27;244;5.4965e-05;27
3;27;236;5.2032e-05;27
3;27;240;5.2032e-05;27
3;27;246;5.4197e-05;27
3;27;228;5.1752e-05;27
3;27;221;4.9517e-05;27
3;27;250;5.5943e-05;27
3;27;230;5.2102e-05;27
3;27;224;5.1193e-05;27
3;27;243;5.5244e-05;27
3;27;218;4.7492e-05;27
3;27;231;5.0426e-05;27
3;27;238;5.0565e-05;27
3;27;242;5.1124e-05;27
3;27;217;4.5258e-05;27
3;27;244;5.28e-05;27
3;27;226;5.0984e-05;27
3;27;224;4.7701e-05;27
3;27;233;4.9797e-05;27
3;27;227;4.854e-05;27
3;27;227;5.0984e-05;27
3;27;238;5.1753e-05;27
3;27;225;5.2172e-05;27
3;27;231;5.4336e-05;27
3;27;221;5.0426e-05;27
3;27;231;5.2451e-05;27
3;27;227;4.9867e-05;27
3;27;263;5.6641e-05;27
3;27;221;4.8609e-05;27
3;27;257;5.3638e-05;27
3;27;228;5.4197e-05;27
3;27;251;5.6082e-05;27
3;27;220;4.9098e-05;27
3;27;240;5.2241e-05;27
3;27;224;5.0076e-05;27
3;27;237;5.0286e-05;27
3;27;211;4.5815e-05;27
3;27;224;4.9308e-05;27
2;28;238;5.0495e-05;28
2;28;241;5.1123e-05;28
2;28;221;4.6933e-05;28
2;28;224;4.7283e-05;28
2;28;230;5.0425e-05;28
2;28;228;4.847e-05;28
2;28;213;4.9796e-05;28
2;28;225;5.0705e-05;28
2;28;233;5.3568e-05;28
2;28;249;5.0775e-05;28
2;28;228;4.6025e-05;28
2;28;228;4.6793e-05;28
2;28;222;4.84e-05;28
2;28;235;4.7632e-05;28
2;28;220;4.84e-05;28
2;28;238;4.7003e-05;28
2;28;227;4.9378e-05;28
2;28;230;5.2101e-05;28
2;28;217;4.8261e-05;28
2;28;235;4.9168e-05;28
2;28;234;5.3499e-05;28
2;28;234;5.0216e-05;28
2;28;235;5.0496e-05;28
2;28;220;4.9866e-05;28
2;28;236;5.5524e-05;28
2;28;220;4.9028e-05;28
2;28;240;5.1683e-05;28
2;28;223;4.7282e-05;28
2;28;247;5.0985e-05;28
2;28;223;4.7911e-05;28
2;28;243;5.4128e-05;28
2;28;238;5.0007e-05;28
2;28;227;4.6165e-05;28
2;28;241;4.9517e-05;28
2;28;223;4.6026e-05;28
2;28;227;4.7702e-05;28
2;28;233;4.7073e-05;28
2;28;220;4.5606e-05;28
2;28;239;5.0565e-05;28
2;28;223;5.3778e-05;28
2;28;236;4.868e-05;28
2;28;236;4.9587e-05;28
2;28;220;4.5816e-05;28
2;28;224;5.5384e-05;28
2;28;225;4.6654e-05;28
2;28;238;5.0006e-05;28
2;28;246;5.4825e-05;28
2;28;230;5.0705e-05;28
2;28;216;4.4349e-05;28
2;28;237;5.3149e-05;28
1;29;234;4.847e-05;29
1;29;213;4.365e-05;29
1;29;221;4.4558e-05;29
1;29;230;4.6794e-05;29
1;29;229;4.7283e-05;29
1;29;239;4.9099e-05;29
1;29;252;5.0705e-05;29
1;29;230;4.8191e-05;29
1;29;231;4.6304e-05;29
1;29;234;4.833e-05;29
1;29;233;4.84e-05;29
1;29;244;4.9797e-05;29
1;29;219;4.4628e-05;29
1;29;233;5.0216e-05;29
1;29;227;4.6654e-05;29
1;29;223;4.421e-05;29
1;29;243;4.8819e-05;29
1;29;227;4.7772e-05;29
1;29;240;4.9378e-05;29
1;29;204;4.1695e-05;29
1;29;226;4.6653e-05;29
1;29;238;4.7282e-05;29
1;29;234;4.6654e-05;29
1;29;231;4.5746e-05;29
1;29;227;4.6864e-05;29
1;29;233;4.7352e-05;29
1;29;223;4.5955e-05;29
1;29;234;4.6305e-05;29
1;29;220;4.407e-05;29
1;29;217;4.4139e-05;29
1;29;222;4.5327e-05;29
1;29;235;5.1054e-05;29
1;29;208;4.1905e-05;29
1;29;210;4.421e-05;29
1;29;236;4.7283e-05;29
1;29;246;5.0634e-05;29
1;29;241;4.5326e-05;29
1;29;233;4.7632e-05;29
1;29;234;4.6584e-05;29
1;29;240;4.7352e-05;29
1;29;227;4.6514e-05;29
1;29;229;4.9587e-05;29
1;29;233;4.5187e-05;29
1;29;236;4.7771e-05;29
1;29;226;4.6165e-05;29
1;29;235;4.819e-05;29
1;29;240;4.8959e-05;29
1;29;221;4.5676e-05;29
1;29;221;4.5815e-05;29
1;29;231;4.7213e-05;29
