Cantidad de fabricas;Cantidad de clientes;Cantidad de rutas;Tiempo de ejecucion;Tamaño de la solucion
14;16;250;0.000112304;16
14;16;249;0.000107975;16
14;16;240;0.000111886;16
14;16;232;9.9524e-05;16
14;16;220;9.5683e-05;16
14;16;220;9.666e-05;16
14;16;239;0.000103295;16
14;16;239;0.000103225;16
14;16;224;9.8196e-05;16
14;16;240;0.000102107;16
14;16;230;9.9943e-05;16
14;16;220;9.7847e-05;16
14;16;216;9.5194e-05;16
14;16;240;0.000103644;16
14;16;220;0.000129067;16
14;16;230;6.4813e-05;16
14;16;221;6.1739e-05;16
14;16;209;5.8667e-05;16
14;16;250;6.9841e-05;16
14;16;221;6.153e-05;16
14;16;233;6.6139e-05;16
14;16;227;6.5301e-05;16
14;16;231;6.2508e-05;16
14;16;220;6.3556e-05;16
14;16;210;5.8387e-05;16
14;16;234;6.6978e-05;16
14;16;235;6.593e-05;16
14;16;222;6.1949e-05;16
14;16;222;6.1809e-05;16
14;16;218;6.174e-05;16
14;16;226;6.2996e-05;16
14;16;238;6.7746e-05;16
14;16;211;5.9156e-05;16
14;16;236;6.4953e-05;16
14;16;217;5.9435e-05;16
14;16;225;6.3206e-05;16
14;16;225;6.2369e-05;16
14;16;218;6.2228e-05;16
14;16;220;6.1391e-05;16
14;16;234;6.4603e-05;16
14;16;231;6.6558e-05;16
14;16;237;6.9561e-05;16
14;16;234;6.5232e-05;16
14;16;234;6.4743e-05;16
14;16;236;6.607e-05;16
14;16;214;5.9575e-05;16
14;16;253;7.1658e-05;16
14;16;234;6.4952e-05;16
14;16;216;6.1042e-05;16
14;16;222;6.2857e-05;16
13;17;231;6.621e-05;17
13;17;226;6.5232e-05;17
13;17;219;6.1112e-05;17
13;17;229;6.4603e-05;17
13;17;237;6.5442e-05;17
13;17;222;6.3905e-05;17
13;17;222;6.7327e-05;17
13;17;232;5.2661e-05;17
13;17;214;4.7073e-05;17
13;17;234;5.0495e-05;17
13;17;216;4.7771e-05;17
13;17;247;5.3639e-05;17
13;17;205;4.5886e-05;17
13;17;233;5.1613e-05;17
13;17;223;4.8191e-05;17
13;17;222;4.9448e-05;17
13;17;224;4.8539e-05;17
13;17;223;4.9098e-05;17
13;17;211;4.6025e-05;17
13;17;237;5.2451e-05;17
13;17;241;5.2591e-05;17
13;17;215;4.854e-05;17
13;17;217;4.7283e-05;17
13;17;223;4.9587e-05;17
13;17;236;5.2242e-05;17
13;17;221;4.9517e-05;17
13;17;243;5.3009e-05;17
13;17;226;4.9587e-05;17
13;17;236;5.1193e-05;17
13;17;217;4.7422e-05;17
13;17;223;5.0426e-05;17
13;17;236;5.3988e-05;17
13;17;245;5.4476e-05;17
13;17;240;5.2032e-05;17
13;17;214;4.7212e-05;17
13;17;234;5.0774e-05;17
13;17;214;4.798e-05;17
13;17;230;5.1543e-05;17
13;17;220;4.9796e-05;17
13;17;212;4.6794e-05;17
13;17;214;4.7143e-05;17
13;17;236;5.1682e-05;17
13;17;206;4.5746e-05;17
13;17;242;5.3778e-05;17
13;17;226;5.2241e-05;17
13;17;227;4.9796e-05;17
13;17;230;5.0216e-05;17
13;17;234;5.3987e-05;17
13;17;239;5.1543e-05;17
13;17;234;5.1263e-05;17
12;18;230;5.0076e-05;18
12;18;239;5.3638e-05;18
12;18;217;5.0565e-05;18
12;18;216;4.7771e-05;18
12;18;231;5.1403e-05;18
12;18;232;5.3079e-05;18
12;18;245;5.4755e-05;18
12;18;242;5.3219e-05;18
12;18;221;4.9238e-05;18
12;18;236;5.4126e-05;18
12;18;245;5.4266e-05;18
12;18;231;5.0775e-05;18
12;18;210;4.6514e-05;18
12;18;218;4.8749e-05;18
12;18;224;4.9028e-05;18
12;18;233;5.1403e-05;18
12;18;230;5.0006e-05;18
12;18;226;5.0146e-05;18
12;18;225;4.9797e-05;18
12;18;213;4.8679e-05;18
12;18;235;5.1753e-05;18
12;18;238;5.1822e-05;18
12;18;236;5.1962e-05;18
12;18;228;4.9238e-05;18
12;18;219;4.833e-05;18
12;18;236;5.1892e-05;18
12;18;241;5.3428e-05;18
12;18;220;5.0495e-05;18
12;18;239;7.8501e-05;18
12;18;215;4.7981e-05;18
12;18;236;7.5429e-05;18
12;18;220;5.0007e-05;18
12;18;233;5.1124e-05;18
12;18;237;5.2661e-05;18
12;18;214;4.7841e-05;18
12;18;249;5.7689e-05;18
12;18;220;4.9658e-05;18
12;18;213;4.7772e-05;18
12;18;236;5.3009e-05;18
12;18;216;4.847e-05;18
12;18;223;5.0984e-05;18
12;18;206;4.6514e-05;18
12;18;217;6.6419e-05;18
12;18;237;5.252e-05;18
12;18;237;5.1753e-05;18
12;18;232;5.1962e-05;18
12;18;227;5.0286e-05;18
12;18;222;5.0007e-05;18
12;18;240;5.259e-05;18
12;18;254;5.6362e-05;18
11;19;232;5.1893e-05;19
11;19;232;5.2032e-05;19
11;19;229;5.0775e-05;19
11;19;232;5.1333e-05;19
11;19;235;5.4616e-05;19
11;19;238;5.4476e-05;19
11;19;203;4.4769e-05;19
11;19;235;5.2451e-05;19
11;19;219;5.0565e-05;19
11;19;238;5.4476e-05;19
11;19;230;5.2381e-05;19
11;19;217;4.9378e-05;19
11;19;211;4.6863e-05;19
11;19;229;5.2032e-05;19
11;19;231;5.2451e-05;19
11;19;220;4.9308e-05;19
11;19;226;4.9448e-05;19
11;19;231;5.308e-05;19
11;19;232;5.294e-05;19
11;19;207;4.6584e-05;19
11;19;222;5.1682e-05;19
11;19;240;5.4895e-05;19
11;19;226;5.0634e-05;19
11;19;220;5.1054e-05;19
11;19;218;5.0076e-05;19
11;19;214;4.8819e-05;19
11;19;221;4.9447e-05;19
11;19;254;5.5733e-05;19
11;19;231;5.1962e-05;19
11;19;234;5.1403e-05;19
11;19;240;5.2311e-05;19
11;19;227;5.0356e-05;19
11;19;232;5.2241e-05;19
11;19;243;5.3358e-05;19
11;19;225;4.9727e-05;19
11;19;242;5.3848e-05;19
11;19;222;4.9448e-05;19
11;19;222;4.9797e-05;19
11;19;214;4.7981e-05;19
11;19;226;5.0426e-05;19
11;19;241;5.3359e-05;19
11;19;206;4.5466e-05;19
11;19;239;5.3289e-05;19
11;19;233;5.1752e-05;19
11;19;219;4.8749e-05;19
11;19;233;5.0775e-05;19
11;19;234;5.3149e-05;19
11;19;222;4.9448e-05;19
11;19;233;5.1683e-05;19
11;19;231;5.1193e-05;19
10;20;237;5.2591e-05;20
10;20;233;5.3079e-05;20
10;20;234;5.259e-05;20
10;20;245;6.6908e-05;20
10;20;230;5.2939e-05;20
10;20;242;5.5035e-05;20
10;20;231;5.1962e-05;20
10;20;227;5.0215e-05;20
10;20;232;5.3568e-05;20
10;20;233;5.8038e-05;20
10;20;222;5.2311e-05;20
10;20;220;4.8959e-05;20
10;20;224;5.0356e-05;20
10;20;231;5.0844e-05;20
10;20;233;5.3987e-05;20
10;20;225;5.0774e-05;20
10;20;216;7.4311e-05;20
10;20;223;5.1124e-05;20
10;20;223;6.6279e-05;20
10;20;215;4.9308e-05;20
10;20;220;4.9518e-05;20
10;20;216;4.9238e-05;20
10;20;226;5.4477e-05;20
10;20;207;4.9378e-05;20
10;20;221;5.2381e-05;20
10;20;230;5.3777e-05;20
10;20;228;5.238e-05;20
10;20;231;5.3289e-05;20
10;20;215;5.0006e-05;20
10;20;228;5.1264e-05;20
10;20;226;5.259e-05;20
10;20;241;5.678e-05;20
10;20;225;5.1543e-05;20
10;20;226;5.4406e-05;20
10;20;220;5.0984e-05;20
10;20;223;5.2242e-05;20
10;20;241;5.692e-05;20
10;20;226;5.0984e-05;20
10;20;237;5.3777e-05;20
10;20;222;5.0565e-05;20
10;20;227;5.1683e-05;20
10;20;219;4.9099e-05;20
10;20;239;5.322e-05;20
10;20;223;5.1264e-05;20
10;20;242;5.4127e-05;20
10;20;223;5.0774e-05;20
10;20;211;4.854e-05;20
10;20;220;5.0355e-05;20
10;20;231;5.3289e-05;20
10;20;211;4.7912e-05;20
9;21;239;5.4127e-05;21
9;21;224;5.2451e-05;21
9;21;234;5.2381e-05;21
9;21;228;5.3359e-05;21
9;21;224;5.28e-05;21
9;21;217;4.9797e-05;21
9;21;230;5.1403e-05;21
9;21;217;4.8959e-05;21
9;21;234;5.245e-05;21
9;21;223;5.0635e-05;21
9;21;231;5.1613e-05;21
9;21;222;4.9727e-05;21
9;21;230;5.266e-05;21
9;21;222;5.0844e-05;21
9;21;225;5.0845e-05;21
9;21;226;4.9727e-05;21
9;21;236;5.3358e-05;21
9;21;239;5.706e-05;21
9;21;222;5.0845e-05;21
9;21;237;5.3009e-05;21
9;21;230;5.1193e-05;21
9;21;205;4.6375e-05;21
9;21;240;5.4197e-05;21
9;21;227;5.0844e-05;21
9;21;225;5.2311e-05;21
9;21;227;5.0285e-05;21
9;21;212;4.9448e-05;21
9;21;239;6.6559e-05;21
9;21;212;4.7981e-05;21
9;21;223;5.2591e-05;21
9;21;223;5.0914e-05;21
9;21;238;5.4127e-05;21
9;21;221;4.9867e-05;21
9;21;225;5.2171e-05;21
9;21;224;5.1054e-05;21
9;21;239;5.1682e-05;21
9;21;215;4.854e-05;21
9;21;238;5.4127e-05;21
9;21;232;5.3079e-05;21
9;21;250;5.5873e-05;21
9;21;232;8.0877e-05;21
9;21;227;5.0076e-05;21
9;21;217;5.0705e-05;21
9;21;238;5.3429e-05;21
9;21;231;5.1753e-05;21
9;21;225;4.9587e-05;21
9;21;219;4.9657e-05;21
9;21;221;9.7708e-05;21
9;21;257;5.7619e-05;21
9;21;241;5.3917e-05;21
8;22;215;5.734e-05;22
8;22;230;6.7258e-05;22
8;22;240;5.692e-05;22
8;22;222;6.5721e-05;22
8;22;231;5.6571e-05;22
8;22;233;9.5124e-05;22
8;22;242;5.7899e-05;22
8;22;227;5.2939e-05;22
8;22;231;5.4127e-05;22
8;22;226;5.2312e-05;22
8;22;215;4.9098e-05;22
8;22;215;5.0565e-05;22
8;22;220;0.000107905;22
8;22;244;0.000110629;22
8;22;228;0.000105181;22
8;22;218;9.9314e-05;22
8;22;214;9.6869e-05;22
8;22;239;5.6432e-05;22
8;22;221;5.4406e-05;22
8;22;232;5.4267e-05;22
8;22;232;5.5105e-05;22
8;22;241;5.8946e-05;22
8;22;221;5.4337e-05;22
8;22;255;6.1111e-05;22
8;22;248;5.7689e-05;22
8;22;213;5.1543e-05;22
8;22;215;5.2241e-05;22
8;22;241;5.699e-05;22
8;22;234;5.6432e-05;22
8;22;222;5.3987e-05;22
8;22;233;5.4965e-05;22
8;22;242;5.5734e-05;22
8;22;237;5.5873e-05;22
8;22;223;5.0495e-05;22
8;22;225;5.28e-05;22
8;22;233;5.287e-05;22
8;22;223;5.2939e-05;22
8;22;249;5.713e-05;22
8;22;225;5.4616e-05;22
8;22;233;5.6501e-05;22
8;22;225;4.9797e-05;22
8;22;232;5.4406e-05;22
8;22;232;5.4965e-05;22
8;22;217;5.2172e-05;22
8;22;231;5.2311e-05;22
8;22;219;5.3289e-05;22
8;22;237;5.4266e-05;22
8;22;214;4.9796e-05;22
8;22;242;5.6502e-05;22
8;22;221;5.273e-05;22
7;23;218;5.0006e-05;23
7;23;207;4.8679e-05;23
7;23;228;5.3568e-05;23
7;23;231;5.3777e-05;23
7;23;224;5.0426e-05;23
7;23;228;5.2381e-05;23
7;23;231;5.3499e-05;23
7;23;233;5.6013e-05;23
7;23;226;5.287e-05;23
7;23;219;5.1193e-05;23
7;23;229;5.2521e-05;23
7;23;223;5.2102e-05;23
7;23;244;5.734e-05;23
7;23;220;5.3638e-05;23
7;23;245;5.9854e-05;23
7;23;220;5.2101e-05;23
7;23;226;5.1403e-05;23
7;23;210;4.7282e-05;23
7;23;236;5.4267e-05;23
7;23;234;5.4197e-05;23
7;23;232;5.252e-05;23
7;23;226;5.0356e-05;23
7;23;226;4.9797e-05;23
7;23;229;5.1264e-05;23
7;23;234;5.273e-05;23
7;23;232;5.3708e-05;23
7;23;220;5.1543e-05;23
7;23;221;4.9937e-05;23
7;23;221;5.1054e-05;23
7;23;219;5.0425e-05;23
7;23;240;5.2939e-05;23
7;23;229;5.2521e-05;23
7;23;232;5.273e-05;23
7;23;212;4.6863e-05;23
7;23;231;5.3568e-05;23
7;23;236;5.28e-05;23
7;23;238;5.3568e-05;23
7;23;237;5.4127e-05;23
7;23;233;5.3219e-05;23
7;23;225;5.0286e-05;23
7;23;220;5.0774e-05;23
7;23;213;4.7771e-05;23
7;23;228;5.1682e-05;23
7;23;221;4.9797e-05;23
7;23;241;5.3778e-05;23
7;23;215;4.7562e-05;23
7;23;224;4.9657e-05;23
7;23;246;5.4756e-05;23
7;23;212;4.847e-05;23
7;23;233;5.1892e-05;23
6;24;227;5.0076e-05;24
6;24;227;5.0216e-05;24
6;24;233;5.1264e-05;24
6;24;207;4.7492e-05;24
6;24;232;5.2171e-05;24
6;24;238;5.2172e-05;24
6;24;227;5.0914e-05;24
6;24;239;5.3778e-05;24
6;24;203;4.8609e-05;24
6;24;239;5.3359e-05;24
6;24;227;5.0216e-05;24
6;24;234;5.4057e-05;24
6;24;219;4.9238e-05;24
6;24;228;5.0984e-05;24
6;24;228;5.0076e-05;24
6;24;227;5.1892e-05;24
6;24;234;5.0356e-05;24
6;24;240;5.3848e-05;24
6;24;209;4.7492e-05;24
6;24;232;5.1892e-05;24
6;24;222;5.1543e-05;24
6;24;238;5.3429e-05;24
6;24;215;7.5917e-05;24
6;24;229;5.1683e-05;24
6;24;224;5.0216e-05;24
6;24;237;5.4197e-05;24
6;24;221;5.1333e-05;24
6;24;240;5.6501e-05;24
6;24;217;5.28e-05;24
6;24;243;5.8248e-05;24
6;24;220;5.1613e-05;24
6;24;234;5.8038e-05;24
6;24;233;5.4127e-05;24
6;24;216;5.4476e-05;24
6;24;231;5.6432e-05;24
6;24;228;5.3568e-05;24
6;24;236;5.6501e-05;24
6;24;225;5.1962e-05;24
6;24;225;5.3569e-05;24
6;24;238;5.4965e-05;24
6;24;240;5.3708e-05;24
6;24;235;5.3568e-05;24
6;24;214;5.0774e-05;24
6;24;236;5.5594e-05;24
6;24;217;5.3639e-05;24
6;24;241;5.4965e-05;24
6;24;233;5.7619e-05;24
6;24;241;5.6712e-05;24
6;24;238;6.614e-05;24
6;24;239;5.2591e-05;24
5;25;238;5.301e-05;25
5;25;224;5.1543e-05;25
5;25;237;5.4057e-05;25
5;25;243;5.4546e-05;25
5;25;255;5.727e-05;25
5;25;236;5.3918e-05;25
5;25;232;5.1194e-05;25
5;25;236;5.2451e-05;25
5;25;217;4.9727e-05;25
5;25;233;5.294e-05;25
5;25;250;6.174e-05;25
5;25;224;4.9588e-05;25
5;25;237;5.3568e-05;25
5;25;231;5.1473e-05;25
5;25;249;5.8318e-05;25
5;25;221;4.9168e-05;25
5;25;225;5.1403e-05;25
5;25;230;5.0426e-05;25
5;25;230;5.0845e-05;25
5;25;218;4.7003e-05;25
5;25;231;5.3219e-05;25
5;25;219;4.9867e-05;25
5;25;252;5.6502e-05;25
5;25;224;4.9588e-05;25
5;25;222;4.9866e-05;25
5;25;219;5.0076e-05;25
5;25;228;5.0286e-05;25
5;25;232;5.0844e-05;25
5;25;217;4.854e-05;25
5;25;250;5.734e-05;25
5;25;241;6.5231e-05;25
5;25;232;5.2241e-05;25
5;25;226;5.1334e-05;25
5;25;233;5.4686e-05;25
5;25;235;5.1612e-05;25
5;25;232;5.252e-05;25
5;25;223;6.3905e-05;25
5;25;211;4.8819e-05;25
5;25;248;5.7269e-05;25
5;25;234;5.3219e-05;25
5;25;226;5.1892e-05;25
5;25;229;5.1822e-05;25
5;25;208;4.8609e-05;25
5;25;246;5.9225e-05;25
5;25;209;4.9517e-05;25
5;25;229;5.259e-05;25
5;25;230;5.287e-05;25
5;25;245;5.7829e-05;25
5;25;228;5.2101e-05;25
5;25;235;5.3917e-05;25
4;26;241;5.6012e-05;26
4;26;229;5.1473e-05;26
4;26;222;5.1822e-05;26
4;26;237;5.294e-05;26
4;26;231;5.1542e-05;26
4;26;222;5.0844e-05;26
4;26;230;5.4406e-05;26
4;26;233;5.4965e-05;26
4;26;218;4.9867e-05;26
4;26;221;5.1822e-05;26
4;26;218;4.9866e-05;26
4;26;227;5.1124e-05;26
4;26;226;5.0844e-05;26
4;26;234;5.3359e-05;26
4;26;234;5.2242e-05;26
4;26;234;5.0705e-05;26
4;26;242;5.2381e-05;26
4;26;225;4.833e-05;26
4;26;230;5.0984e-05;26
4;26;229;5.1753e-05;26
4;26;252;5.4057e-05;26
4;26;213;4.833e-05;26
4;26;228;5.2102e-05;26
4;26;233;5.1962e-05;26
4;26;243;5.3289e-05;26
4;26;241;5.5035e-05;26
4;26;223;5.0565e-05;26
4;26;232;5.322e-05;26
4;26;226;5.0495e-05;26
4;26;222;5.1682e-05;26
4;26;235;5.1893e-05;26
4;26;231;5.0774e-05;26
4;26;217;4.9936e-05;26
4;26;223;5.3917e-05;26
4;26;240;5.1264e-05;26
4;26;239;5.1962e-05;26
4;26;229;5.3778e-05;26
4;26;237;5.2172e-05;26
4;26;224;4.9657e-05;26
4;26;248;5.4407e-05;26
4;26;244;5.4057e-05;26
4;26;228;5.3498e-05;26
4;26;222;4.8609e-05;26
4;26;249;5.5873e-05;26
4;26;226;5.0496e-05;26
4;26;227;5.0495e-05;26
4;26;246;5.6152e-05;26
4;26;226;5.0007e-05;26
4;26;223;5.1403e-05;26
4;26;233;5.1124e-05;26
3;27;226;5.0355e-05;27
3;27;240;5.2311e-05;27
3;27;233;5.3219e-05;27
3;27;238;6.8584e-05;27
3;27;244;5.4895e-05;27
3;27;223;4.7981e-05;27
3;27;253;5.4895e-05;27
3;27;213;4.7003e-05;27
3;27;219;4.84e-05;27
3;27;235;5.3289e-05;27
3;27;237;5.0565e-05;27
3;27;238;5.3358e-05;27
3;27;232;5.3079e-05;27
3;27;241;5.4476e-05;27
3;27;239;5.3987e-05;27
3;27;221;4.9307e-05;27
3;27;243;5.4616e-05;27
3;27;227;6.1669e-05;27
3;27;243;5.7269e-05;27
3;27;225;4.8609e-05;27
3;27;233;5.0984e-05;27
3;27;239;5.1403e-05;27
3;27;226;5.0704e-05;27
3;27;228;5.2101e-05;27
3;27;216;4.6375e-05;27
3;27;231;5.1892e-05;27
3;27;240;5.4546e-05;27
3;27;232;5.1403e-05;27
3;27;234;4.9099e-05;27
3;27;237;5.266e-05;27
3;27;223;5.0565e-05;27
3;27;217;4.826e-05;27
3;27;238;5.4965e-05;27
3;27;230;5.2241e-05;27
3;27;230;4.8819e-05;27
3;27;225;4.9308e-05;27
3;27;225;5.9923e-05;27
3;27;218;4.8749e-05;27
3;27;231;5.0984e-05;27
3;27;226;5.1054e-05;27
3;27;224;5.1054e-05;27
3;27;251;5.7409e-05;27
3;27;223;5.0077e-05;27
3;27;234;5.3568e-05;27
3;27;228;5.2521e-05;27
3;27;242;5.5734e-05;27
3;27;229;5.287e-05;27
3;27;217;5.0007e-05;27
3;27;221;5.1193e-05;27
3;27;230;5.3149e-05;27
2;28;237;5.3499e-05;28
2;28;229;5.0146e-05;28
2;28;233;4.9797e-05;28
2;28;221;4.5607e-05;28
2;28;232;5.3568e-05;28
2;28;218;4.7212e-05;28
2;28;238;4.9517e-05;28
2;28;210;4.6864e-05;28
2;28;229;5.2591e-05;28
2;28;240;5.2311e-05;28
2;28;241;5.5174e-05;28
2;28;236;5.3707e-05;28
2;28;234;5.3149e-05;28
2;28;247;5.4057e-05;28
2;28;212;4.8539e-05;28
2;28;222;4.7073e-05;28
2;28;238;5.3987e-05;28
2;28;220;4.9796e-05;28
2;28;228;5.9994e-05;28
2;28;229;4.6235e-05;28
2;28;231;4.84e-05;28
2;28;224;4.9308e-05;28
2;28;234;5.0146e-05;28
2;28;245;5.2102e-05;28
2;28;253;5.2241e-05;28
2;28;241;0.00010113;28
2;28;245;5.2241e-05;28
2;28;227;4.7911e-05;28
2;28;232;4.854e-05;28
2;28;237;4.9867e-05;28
2;28;223;4.7562e-05;28
2;28;218;4.7073e-05;28
2;28;242;5.4616e-05;28
2;28;236;5.2171e-05;28
2;28;221;4.8261e-05;28
2;28;243;5.5175e-05;28
2;28;222;4.6793e-05;28
2;28;225;4.7841e-05;28
2;28;229;4.7772e-05;28
2;28;240;5.1054e-05;28
2;28;226;4.833e-05;28
2;28;217;4.854e-05;28
2;28;252;5.1962e-05;28
2;28;225;4.7422e-05;28
2;28;227;4.7283e-05;28
2;28;231;4.6584e-05;28
2;28;221;5.8038e-05;28
2;28;228;4.9448e-05;28
2;28;231;4.8959e-05;28
2;28;236;5.1264e-05;28
1;29;238;5.0495e-05;29
1;29;237;4.7212e-05;29
1;29;239;4.6934e-05;29
1;29;246;4.847e-05;29
1;29;221;4.428e-05;29
1;29;241;5.0565e-05;29
1;29;222;7.0749e-05;29
1;29;242;4.7283e-05;29
1;29;239;4.819e-05;29
1;29;224;4.6444e-05;29
1;29;227;4.6374e-05;29
1;29;228;4.5676e-05;29
1;29;255;5.2451e-05;29
1;29;233;4.8539e-05;29
1;29;234;4.7282e-05;29
1;29;236;4.8889e-05;29
1;29;234;4.6584e-05;29
1;29;227;4.5956e-05;29
1;29;225;4.5607e-05;29
1;29;231;4.6654e-05;29
1;29;246;4.9029e-05;29
1;29;239;5.0565e-05;29
1;29;241;4.7841e-05;29
1;29;232;4.5328e-05;29
1;29;217;4.393e-05;29
1;29;227;4.6095e-05;29
1;29;236;4.7562e-05;29
1;29;248;5.0426e-05;29
1;29;230;4.7003e-05;29
1;29;247;4.9866e-05;29
1;29;225;4.6305e-05;29
1;29;241;4.9657e-05;29
1;29;244;4.812e-05;29
1;29;224;4.5816e-05;29
1;29;226;4.5816e-05;29
1;29;227;4.5606e-05;29
1;29;237;4.7771e-05;29
1;29;230;4.84e-05;29
1;29;238;4.812e-05;29
1;29;230;4.819e-05;29
1;29;240;4.826e-05;29
1;29;232;4.7562e-05;29
1;29;238;4.7283e-05;29
1;29;226;4.6933e-05;29
1;29;235;5.5593e-05;29
1;29;221;4.5048e-05;29
1;29;226;4.428e-05;29
1;29;235;4.84e-05;29
1;29;229;4.9028e-05;29
1;29;233;4.7003e-05;29
