Cantidad de fabricas;Cantidad de clientes;Cantidad de rutas;Tiempo de ejecucion;Tamaño de la solucion
14;16;221;0.000106368;16
14;16;233;0.000104343;16
14;16;229;0.000103156;16
14;16;244;0.000104622;16
14;16;225;9.7219e-05;16
14;16;221;9.7149e-05;16
14;16;222;0.000105251;16
14;16;210;9.3238e-05;16
14;16;227;9.8197e-05;16
14;16;240;0.000103714;16
14;16;207;9.1632e-05;16
14;16;215;9.3727e-05;16
14;16;219;9.4146e-05;16
14;16;215;9.2539e-05;16
14;16;238;0.000104413;16
14;16;232;9.9035e-05;16
14;16;233;0.00010078;16
14;16;219;9.6241e-05;16
14;16;227;9.9873e-05;16
14;16;246;0.000107206;16
14;16;216;9.9104e-05;16
14;16;219;9.5054e-05;16
14;16;219;9.3797e-05;16
14;16;223;7.8502e-05;16
14;16;226;9.5753e-05;16
14;16;218;9.1771e-05;16
14;16;223;9.8895e-05;16
14;16;219;9.659e-05;16
14;16;214;9.2959e-05;16
14;16;248;0.000108254;16
14;16;236;9.9873e-05;16
14;16;207;8.828e-05;16
14;16;221;9.6311e-05;16
14;16;228;0.000102666;16
14;16;228;9.6311e-05;16
14;16;231;0.000101549;16
14;16;226;9.652e-05;16
14;16;231;0.00010134;16
14;16;216;9.3377e-05;16
14;16;222;0.000102177;16
14;16;218;9.5124e-05;16
14;16;226;0.000100012;16
14;16;221;9.4565e-05;16
14;16;230;0.00010127;16
14;16;250;0.000106228;16
14;16;238;5.1334e-05;16
14;16;213;4.7771e-05;16
14;16;228;5.2241e-05;16
14;16;234;5.0775e-05;16
14;16;233;5.0635e-05;16
13;17;219;4.9727e-05;17
13;17;229;5.1193e-05;17
13;17;225;5.1752e-05;17
13;17;249;5.4895e-05;17
13;17;239;5.2311e-05;17
13;17;216;5.0286e-05;17
13;17;234;5.4616e-05;17
13;17;244;5.3358e-05;17
13;17;241;5.3429e-05;17
13;17;231;5.0216e-05;17
13;17;216;5.5035e-05;17
13;17;228;5.1892e-05;17
13;17;219;7.1238e-05;17
13;17;212;4.5467e-05;17
13;17;211;4.7212e-05;17
13;17;239;5.3429e-05;17
13;17;232;5.0286e-05;17
13;17;225;5.1543e-05;17
13;17;233;5.3569e-05;17
13;17;215;4.9098e-05;17
13;17;228;5.0704e-05;17
13;17;240;5.3009e-05;17
13;17;226;5.273e-05;17
13;17;224;4.9448e-05;17
13;17;225;5.0006e-05;17
13;17;236;5.3219e-05;17
13;17;228;5.0076e-05;17
13;17;226;7.5499e-05;17
13;17;221;5.294e-05;17
13;17;230;5.1892e-05;17
13;17;235;5.3777e-05;17
13;17;242;5.4197e-05;17
13;17;214;5.0774e-05;17
13;17;234;5.308e-05;17
13;17;229;5.2171e-05;17
13;17;233;5.3288e-05;17
13;17;239;5.5244e-05;17
13;17;227;5.1334e-05;17
13;17;224;5.1542e-05;17
13;17;229;5.2311e-05;17
13;17;223;5.1543e-05;17
13;17;216;4.9517e-05;17
13;17;206;4.7632e-05;17
13;17;231;5.3708e-05;17
13;17;235;5.5524e-05;17
13;17;235;5.3708e-05;17
13;17;231;5.2102e-05;17
13;17;212;4.9657e-05;17
13;17;214;4.9168e-05;17
13;17;230;5.2241e-05;17
12;18;220;5.0356e-05;18
12;18;219;5.0146e-05;18
12;18;231;5.0984e-05;18
12;18;237;5.5524e-05;18
12;18;226;4.9867e-05;18
12;18;223;5.0495e-05;18
12;18;235;5.1612e-05;18
12;18;227;5.2521e-05;18
12;18;257;5.6851e-05;18
12;18;244;5.4546e-05;18
12;18;228;5.3289e-05;18
12;18;248;5.6502e-05;18
12;18;211;4.6584e-05;18
12;18;211;4.6723e-05;18
12;18;212;4.7282e-05;18
12;18;223;4.9587e-05;18
12;18;214;4.861e-05;18
12;18;229;5.28e-05;18
12;18;226;5.0495e-05;18
12;18;215;4.7631e-05;18
12;18;234;5.0285e-05;18
12;18;228;5.0565e-05;18
12;18;235;5.3988e-05;18
12;18;209;4.7631e-05;18
12;18;216;4.7842e-05;18
12;18;231;5.2311e-05;18
12;18;235;5.2311e-05;18
12;18;239;5.1962e-05;18
12;18;216;4.7701e-05;18
12;18;218;4.8958e-05;18
12;18;222;5.0565e-05;18
12;18;222;5.0565e-05;18
12;18;223;5.0146e-05;18
12;18;232;5.0216e-05;18
12;18;243;8.0248e-05;18
12;18;230;5.1403e-05;18
12;18;249;5.5244e-05;18
12;18;202;4.7701e-05;18
12;18;211;4.7492e-05;18
12;18;230;5.0565e-05;18
12;18;231;5.1962e-05;18
12;18;215;4.7701e-05;18
12;18;207;4.7423e-05;18
12;18;219;4.7631e-05;18
12;18;216;4.854e-05;18
12;18;219;5.0286e-05;18
12;18;214;4.8121e-05;18
12;18;230;5.0215e-05;18
12;18;213;4.9028e-05;18
12;18;222;5.0006e-05;18
11;19;203;4.6724e-05;19
11;19;226;5.1473e-05;19
11;19;225;5.0844e-05;19
11;19;218;4.9517e-05;19
11;19;208;4.9797e-05;19
11;19;215;4.6933e-05;19
11;19;236;5.2031e-05;19
11;19;226;5.5804e-05;19
11;19;228;5.1473e-05;19
11;19;217;6.0972e-05;19
11;19;216;4.9867e-05;19
11;19;221;5.28e-05;19
11;19;234;5.5035e-05;19
11;19;233;0.000120685;19
11;19;235;0.000106089;19
11;19;216;8.2483e-05;19
11;19;235;0.00010553;19
11;19;244;5.6571e-05;19
11;19;218;5.1753e-05;19
11;19;215;4.9378e-05;19
11;19;208;4.854e-05;19
11;19;227;5.4406e-05;19
11;19;226;5.1822e-05;19
11;19;228;0.000129975;19
11;19;218;9.7219e-05;19
11;19;236;0.000104412;19
11;19;228;7.515e-05;19
11;19;228;5.4406e-05;19
11;19;228;5.2241e-05;19
11;19;232;0.000126762;19
11;19;227;9.4495e-05;19
11;19;232;9.652e-05;19
11;19;213;8.765e-05;19
11;19;223;9.2889e-05;19
11;19;223;9.4635e-05;19
11;19;218;9.1981e-05;19
11;19;224;9.1842e-05;19
11;19;242;9.9105e-05;19
11;19;241;0.00010141;19
11;19;220;0.000103714;19
11;19;246;0.000104762;19
11;19;212;9.0933e-05;19
11;19;237;9.8477e-05;19
11;19;243;0.000100711;19
11;19;228;9.5124e-05;19
11;19;212;9.3098e-05;19
11;19;243;9.7987e-05;19
11;19;243;0.000104762;19
11;19;234;9.5543e-05;19
11;19;211;9.4216e-05;19
10;20;223;9.6101e-05;20
10;20;235;9.7708e-05;20
10;20;220;9.2959e-05;20
10;20;207;8.9606e-05;20
10;20;222;9.4565e-05;20
10;20;228;9.7638e-05;20
10;20;231;0.000104343;20
10;20;237;9.9105e-05;20
10;20;202;7.2984e-05;20
10;20;247;5.7061e-05;20
10;20;226;5.0705e-05;20
10;20;214;5.0355e-05;20
10;20;235;5.2451e-05;20
10;20;236;5.3848e-05;20
10;20;220;5.0356e-05;20
10;20;244;5.5454e-05;20
10;20;216;4.861e-05;20
10;20;225;5.0495e-05;20
10;20;224;4.847e-05;20
10;20;227;4.9867e-05;20
10;20;224;4.9028e-05;20
10;20;228;5.0006e-05;20
10;20;236;5.4336e-05;20
10;20;224;4.9308e-05;20
10;20;237;5.6502e-05;20
10;20;217;4.868e-05;20
10;20;222;4.9238e-05;20
10;20;231;5.3359e-05;20
10;20;242;5.2381e-05;20
10;20;214;4.861e-05;20
10;20;227;5.0845e-05;20
10;20;233;5.0565e-05;20
10;20;238;5.3638e-05;20
10;20;227;5.1613e-05;20
10;20;239;5.3708e-05;20
10;20;240;5.3289e-05;20
10;20;209;4.7632e-05;20
10;20;232;5.3149e-05;20
10;20;229;5.2102e-05;20
10;20;222;4.9727e-05;20
10;20;228;5.1403e-05;20
10;20;225;4.9657e-05;20
10;20;235;5.273e-05;20
10;20;244;5.5384e-05;20
10;20;231;5.7689e-05;20
10;20;237;5.3288e-05;20
10;20;228;5.0984e-05;20
10;20;216;4.9727e-05;20
10;20;221;5.1193e-05;20
10;20;230;7.885e-05;20
9;21;227;5.2521e-05;21
9;21;220;4.9517e-05;21
9;21;225;5.0355e-05;21
9;21;227;5.1682e-05;21
9;21;222;4.9867e-05;21
9;21;210;4.9029e-05;21
9;21;227;5.0984e-05;21
9;21;241;5.3917e-05;21
9;21;227;5.0984e-05;21
9;21;236;5.5663e-05;21
9;21;250;5.5803e-05;21
9;21;231;5.0565e-05;21
9;21;240;5.5454e-05;21
9;21;218;4.7561e-05;21
9;21;233;5.2661e-05;21
9;21;224;5.1124e-05;21
9;21;237;5.4057e-05;21
9;21;236;5.1683e-05;21
9;21;231;5.1822e-05;21
9;21;231;5.294e-05;21
9;21;232;5.1333e-05;21
9;21;235;5.3149e-05;21
9;21;224;4.9098e-05;21
9;21;225;5.1124e-05;21
9;21;236;5.2381e-05;21
9;21;234;5.28e-05;21
9;21;222;4.9727e-05;21
9;21;224;5.3499e-05;21
9;21;246;5.7339e-05;21
9;21;215;5.5105e-05;21
9;21;232;5.3708e-05;21
9;21;228;5.3289e-05;21
9;21;223;5.1263e-05;21
9;21;224;5.3638e-05;21
9;21;232;5.3988e-05;21
9;21;229;5.4127e-05;21
9;21;221;4.9657e-05;21
9;21;226;5.1054e-05;21
9;21;226;5.2031e-05;21
9;21;247;5.72e-05;21
9;21;228;5.28e-05;21
9;21;205;4.7422e-05;21
9;21;221;4.6235e-05;21
9;21;236;5.5385e-05;21
9;21;230;5.1962e-05;21
9;21;215;4.7911e-05;21
9;21;214;4.7701e-05;21
9;21;230;4.9796e-05;21
9;21;215;4.9028e-05;21
9;21;233;6.5441e-05;21
8;22;229;5.0845e-05;22
8;22;226;5.1193e-05;22
8;22;227;5.0774e-05;22
8;22;223;5.2032e-05;22
8;22;219;4.9657e-05;22
8;22;229;5.1054e-05;22
8;22;219;4.8469e-05;22
8;22;215;4.9098e-05;22
8;22;240;5.259e-05;22
8;22;233;5.259e-05;22
8;22;216;4.826e-05;22
8;22;224;5.1193e-05;22
8;22;229;5.301e-05;22
8;22;231;5.1823e-05;22
8;22;233;5.4127e-05;22
8;22;222;5.2241e-05;22
8;22;224;5.0426e-05;22
8;22;225;5.0634e-05;22
8;22;260;6.0412e-05;22
8;22;227;5.1613e-05;22
8;22;239;5.3428e-05;22
8;22;229;4.9866e-05;22
8;22;221;5.0425e-05;22
8;22;239;5.5314e-05;22
8;22;210;4.7631e-05;22
8;22;216;7.7314e-05;22
8;22;233;5.308e-05;22
8;22;205;4.6165e-05;22
8;22;230;5.1892e-05;22
8;22;238;5.3359e-05;22
8;22;230;5.287e-05;22
8;22;214;4.8679e-05;22
8;22;219;4.868e-05;22
8;22;222;4.9378e-05;22
8;22;226;5.1543e-05;22
8;22;232;5.3847e-05;22
8;22;223;5.2242e-05;22
8;22;234;5.252e-05;22
8;22;218;4.9517e-05;22
8;22;232;5.1753e-05;22
8;22;227;5.1054e-05;22
8;22;235;5.301e-05;22
8;22;222;4.9658e-05;22
8;22;226;5.0705e-05;22
8;22;220;4.8958e-05;22
8;22;235;5.294e-05;22
8;22;221;4.9448e-05;22
8;22;227;5.1194e-05;22
8;22;218;4.8191e-05;22
8;22;231;5.1403e-05;22
7;23;254;5.7968e-05;23
7;23;222;5.0775e-05;23
7;23;194;4.9169e-05;23
7;23;224;5.0146e-05;23
7;23;232;5.1752e-05;23
7;23;222;4.9587e-05;23
7;23;220;5.1054e-05;23
7;23;220;4.9098e-05;23
7;23;223;5.0565e-05;23
7;23;223;5.0984e-05;23
7;23;235;5.3079e-05;23
7;23;228;5.2172e-05;23
7;23;223;5.0844e-05;23
7;23;231;5.2381e-05;23
7;23;218;4.854e-05;23
7;23;245;5.4616e-05;23
7;23;228;5.0774e-05;23
7;23;231;5.1613e-05;23
7;23;222;5.0216e-05;23
7;23;217;5.0495e-05;23
7;23;238;5.3848e-05;23
7;23;242;5.273e-05;23
7;23;233;5.2171e-05;23
7;23;228;5.1822e-05;23
7;23;236;5.3568e-05;23
7;23;237;5.4756e-05;23
7;23;227;5.0495e-05;23
7;23;224;4.875e-05;23
7;23;245;5.4127e-05;23
7;23;220;5.0495e-05;23
7;23;242;5.4267e-05;23
7;23;233;5.3149e-05;23
7;23;227;5.1543e-05;23
7;23;229;5.2451e-05;23
7;23;232;5.2172e-05;23
7;23;240;5.3778e-05;23
7;23;211;4.847e-05;23
7;23;233;5.2172e-05;23
7;23;240;5.4197e-05;23
7;23;242;5.5105e-05;23
7;23;247;5.6222e-05;23
7;23;233;5.4616e-05;23
7;23;245;5.4127e-05;23
7;23;243;5.6152e-05;23
7;23;244;5.5803e-05;23
7;23;237;5.273e-05;23
7;23;238;5.5873e-05;23
7;23;234;5.287e-05;23
7;23;216;6.3835e-05;23
7;23;234;5.3568e-05;23
6;24;204;4.6305e-05;24
6;24;210;4.6654e-05;24
6;24;223;4.9308e-05;24
6;24;211;4.6584e-05;24
6;24;228;5.2102e-05;24
6;24;229;5.3917e-05;24
6;24;224;5.1124e-05;24
6;24;222;4.9937e-05;24
6;24;227;5.1613e-05;24
6;24;213;4.7283e-05;24
6;24;235;5.28e-05;24
6;24;237;5.0076e-05;24
6;24;240;5.5315e-05;24
6;24;236;5.3987e-05;24
6;24;240;5.3359e-05;24
6;24;224;5.3079e-05;24
6;24;214;4.8889e-05;24
6;24;235;5.2381e-05;24
6;24;215;4.8331e-05;24
6;24;228;5.4057e-05;24
6;24;243;5.3289e-05;24
6;24;226;5.2451e-05;24
6;24;219;4.9936e-05;24
6;24;238;5.3358e-05;24
6;24;236;5.4197e-05;24
6;24;235;5.0844e-05;24
6;24;228;5.1124e-05;24
6;24;228;5.266e-05;24
6;24;228;5.0845e-05;24
6;24;237;5.3428e-05;24
6;24;234;5.1962e-05;24
6;24;251;5.6012e-05;24
6;24;239;5.287e-05;24
6;24;220;5.0076e-05;24
6;24;233;5.301e-05;24
6;24;221;5.1683e-05;24
6;24;245;5.4196e-05;24
6;24;225;5.1613e-05;24
6;24;236;5.2591e-05;24
6;24;217;4.8051e-05;24
6;24;231;5.28e-05;24
6;24;219;4.9796e-05;24
6;24;208;4.6933e-05;24
6;24;237;5.245e-05;24
6;24;231;5.1543e-05;24
6;24;239;5.3638e-05;24
6;24;241;5.4546e-05;24
6;24;231;5.287e-05;24
6;24;235;5.3638e-05;24
6;24;223;4.8958e-05;24
5;25;220;4.9378e-05;25
5;25;231;5.28e-05;25
5;25;221;4.9378e-05;25
5;25;243;5.4127e-05;25
5;25;206;4.8609e-05;25
5;25;228;5.1962e-05;25
5;25;253;5.741e-05;25
5;25;225;5.1683e-05;25
5;25;222;4.9308e-05;25
5;25;234;5.273e-05;25
5;25;227;5.0146e-05;25
5;25;229;5.1613e-05;25
5;25;223;5.0984e-05;25
5;25;230;5.5663e-05;25
5;25;243;5.5593e-05;25
5;25;247;5.4825e-05;25
5;25;233;5.308e-05;25
5;25;223;5.0565e-05;25
5;25;208;4.5257e-05;25
5;25;247;5.3708e-05;25
5;25;250;5.5035e-05;25
5;25;228;5.1124e-05;25
5;25;233;6.4323e-05;25
5;25;238;5.6362e-05;25
5;25;221;4.8959e-05;25
5;25;219;5.0845e-05;25
5;25;224;5.1124e-05;25
5;25;229;5.1683e-05;25
5;25;234;5.2521e-05;25
5;25;229;5.2311e-05;25
5;25;252;5.6292e-05;25
5;25;231;5.1612e-05;25
5;25;241;5.4127e-05;25
5;25;222;4.7702e-05;25
5;25;227;5.1194e-05;25
5;25;211;4.6794e-05;25
5;25;189;4.2603e-05;25
5;25;234;5.2171e-05;25
5;25;230;5.259e-05;25
5;25;228;5.1124e-05;25
5;25;249;5.6292e-05;25
5;25;237;4.9517e-05;25
5;25;222;5.1123e-05;25
5;25;233;5.4196e-05;25
5;25;222;5.0984e-05;25
5;25;228;5.1823e-05;25
5;25;238;5.1752e-05;25
5;25;218;6.4254e-05;25
5;25;232;5.3079e-05;25
5;25;203;4.5397e-05;25
4;26;231;5.0495e-05;26
4;26;232;4.9517e-05;26
4;26;236;5.3289e-05;26
4;26;231;5.0495e-05;26
4;26;228;5.1613e-05;26
4;26;242;5.6851e-05;26
4;26;246;5.2171e-05;26
4;26;218;4.9796e-05;26
4;26;222;4.8889e-05;26
4;26;234;5.5384e-05;26
4;26;248;5.7829e-05;26
4;26;225;5.1892e-05;26
4;26;234;5.6152e-05;26
4;26;219;5.2032e-05;26
4;26;210;4.9168e-05;26
4;26;229;5.2661e-05;26
4;26;243;5.4895e-05;26
4;26;241;5.4266e-05;26
4;26;228;5.0705e-05;26
4;26;234;5.1683e-05;26
4;26;227;5.2171e-05;26
4;26;220;4.9238e-05;26
4;26;214;5.0495e-05;26
4;26;226;5.0286e-05;26
4;26;232;5.1683e-05;26
4;26;226;5.0495e-05;26
4;26;222;4.7073e-05;26
4;26;239;5.3498e-05;26
4;26;239;5.4547e-05;26
4;26;219;4.9447e-05;26
4;26;243;5.7899e-05;26
4;26;230;5.3498e-05;26
4;26;243;5.5104e-05;26
4;26;205;4.6654e-05;26
4;26;225;4.9797e-05;26
4;26;229;5.1334e-05;26
4;26;230;5.2311e-05;26
4;26;231;5.0496e-05;26
4;26;206;4.8539e-05;26
4;26;216;5.1753e-05;26
4;26;238;5.5733e-05;26
4;26;222;5.1334e-05;26
4;26;233;5.1752e-05;26
4;26;237;5.3778e-05;26
4;26;226;4.9796e-05;26
4;26;240;5.3358e-05;26
4;26;246;5.4546e-05;26
4;26;237;5.3289e-05;26
4;26;250;5.3079e-05;26
4;26;224;5.0426e-05;26
3;27;217;4.8889e-05;27
3;27;239;5.6222e-05;27
3;27;240;5.5035e-05;27
3;27;223;4.9377e-05;27
3;27;234;5.0635e-05;27
3;27;220;4.7632e-05;27
3;27;226;5.1752e-05;27
3;27;246;5.4127e-05;27
3;27;237;5.2171e-05;27
3;27;234;5.3219e-05;27
3;27;226;5.0356e-05;27
3;27;236;5.3917e-05;27
3;27;223;4.9588e-05;27
3;27;234;5.3219e-05;27
3;27;228;5.0844e-05;27
3;27;223;4.9447e-05;27
3;27;225;5.0425e-05;27
3;27;230;4.9238e-05;27
3;27;246;5.3289e-05;27
3;27;252;5.7689e-05;27
3;27;228;5.2939e-05;27
3;27;229;4.847e-05;27
3;27;220;6.5092e-05;27
3;27;236;5.5803e-05;27
3;27;247;5.3569e-05;27
3;27;225;9.3657e-05;27
3;27;231;6.4464e-05;27
3;27;248;6.4953e-05;27
3;27;228;6.0831e-05;27
3;27;225;8.0736e-05;27
3;27;238;0.000106578;27
3;27;223;0.000102806;27
3;27;236;8.0457e-05;27
3;27;234;8.0527e-05;27
3;27;213;5.1473e-05;27
3;27;233;9.6032e-05;27
3;27;232;0.000107346;27
3;27;226;9.5333e-05;27
3;27;231;0.000103784;27
3;27;228;0.000104971;27
3;27;233;0.00010588;27
3;27;240;0.000104832;27
3;27;229;9.9174e-05;27
3;27;231;9.9594e-05;27
3;27;226;0.000100642;27
3;27;239;0.000105461;27
3;27;239;0.000107137;27
3;27;235;0.000100083;27
3;27;232;0.000105111;27
3;27;213;9.1981e-05;27
2;28;234;0.000106718;28
2;28;229;0.000108394;28
2;28;226;9.2609e-05;28
2;28;234;9.0933e-05;28
2;28;236;0.000101968;28
2;28;237;0.000104273;28
2;28;227;5.2661e-05;28
2;28;221;5.252e-05;28
2;28;219;4.9797e-05;28
2;28;216;4.6654e-05;28
2;28;222;4.9448e-05;28
2;28;225;4.7213e-05;28
2;28;219;4.5048e-05;28
2;28;216;4.7981e-05;28
2;28;241;4.9168e-05;28
2;28;231;4.9098e-05;28
2;28;234;5.3149e-05;28
2;28;226;5.1333e-05;28
2;28;244;5.2031e-05;28
2;28;247;5.0007e-05;28
2;28;234;4.8889e-05;28
2;28;224;4.9657e-05;28
2;28;246;5.3847e-05;28
2;28;245;5.6083e-05;28
2;28;233;4.8819e-05;28
2;28;242;7.3752e-05;28
2;28;252;5.3079e-05;28
2;28;217;4.6375e-05;28
2;28;226;4.5886e-05;28
2;28;248;5.4616e-05;28
2;28;232;5.0146e-05;28
2;28;231;4.6305e-05;28
2;28;222;4.9517e-05;28
2;28;235;5.0565e-05;28
2;28;230;5.1054e-05;28
2;28;231;5.1194e-05;28
2;28;237;5.0914e-05;28
2;28;229;4.9308e-05;28
2;28;227;4.6025e-05;28
2;28;232;5.1613e-05;28
2;28;231;4.8331e-05;28
2;28;229;4.6723e-05;28
2;28;235;4.9447e-05;28
2;28;213;4.6515e-05;28
2;28;244;5.1822e-05;28
2;28;241;5.1682e-05;28
2;28;218;4.833e-05;28
2;28;230;5.0565e-05;28
2;28;236;5.1822e-05;28
2;28;223;5.0495e-05;28
1;29;242;4.6514e-05;29
1;29;225;4.5956e-05;29
1;29;241;4.9029e-05;29
1;29;236;4.819e-05;29
1;29;247;4.7702e-05;29
1;29;229;4.5118e-05;29
1;29;227;4.7701e-05;29
1;29;222;4.5816e-05;29
1;29;244;4.8609e-05;29
1;29;239;4.868e-05;29
1;29;230;4.6584e-05;29
1;29;233;4.6793e-05;29
1;29;243;5.0495e-05;29
1;29;237;4.8051e-05;29
1;29;235;4.6375e-05;29
1;29;238;4.6723e-05;29
1;29;238;4.6794e-05;29
1;29;229;9.6451e-05;29
1;29;225;4.5327e-05;29
1;29;231;4.6235e-05;29
1;29;231;4.6724e-05;29
1;29;258;5.3638e-05;29
1;29;241;4.9098e-05;29
1;29;210;4.4139e-05;29
1;29;232;4.5117e-05;29
1;29;225;4.8679e-05;29
1;29;222;4.7142e-05;29
1;29;253;5.0705e-05;29
1;29;235;4.8819e-05;29
1;29;229;4.826e-05;29
1;29;242;5.1054e-05;29
1;29;218;4.5955e-05;29
1;29;231;4.847e-05;29
1;29;244;5.1334e-05;29
1;29;222;4.7771e-05;29
1;29;229;4.7981e-05;29
1;29;240;4.9797e-05;29
1;29;213;4.5466e-05;29
1;29;247;5.1682e-05;29
1;29;234;5.0495e-05;29
1;29;229;4.7004e-05;29
1;29;236;5.1123e-05;29
1;29;228;5.8527e-05;29
1;29;233;5.0007e-05;29
1;29;214;4.4419e-05;29
1;29;231;5.0147e-05;29
1;29;225;4.6933e-05;29
1;29;215;4.6375e-05;29
1;29;222;4.6863e-05;29
1;29;230;4.9517e-05;29
