Cantidad de fabricas;Cantidad de clientes;Cantidad de rutas;Tiempo de ejecucion;Tamaño de la solucion
25;25;605;0.000299269;25
25;25;621;0.000308139;25
25;25;604;0.000293892;25
25;25;629;0.000316032;25
25;25;630;0.000305975;25
25;25;620;0.000300178;25
25;25;613;0.000298922;25
25;25;621;0.000307233;25
25;25;614;0.000295988;25
25;25;614;0.000175721;25
25;25;662;0.000156793;25
25;25;652;0.000160425;25
25;25;651;0.000160844;25
25;25;651;0.000159727;25
25;25;617;0.000152742;25
25;25;611;0.000160006;25
25;25;619;0.000160495;25
25;25;612;0.000146596;25
25;25;639;0.000215879;25
25;25;644;0.000225726;25
25;25;630;0.000160495;25
25;25;616;0.000157143;25
25;25;630;0.000161193;25
25;25;628;0.000160495;25
25;25;621;0.000158888;25
25;25;622;0.00018934;25
25;25;639;0.000161123;25
25;25;637;0.00015812;25
25;25;624;0.000153022;25
25;25;621;0.00015393;25
24;26;649;0.000165943;26
24;26;616;0.000156095;26
24;26;616;0.00016706;26
24;26;618;0.0001584;26
24;26;648;0.000164267;26
24;26;586;0.000150788;26
24;26;637;0.000164127;26
24;26;627;0.000162241;26
24;26;620;0.000157632;26
24;26;644;0.000161683;26
24;26;638;0.000168178;26
24;26;642;0.000158749;26
24;26;636;0.000159448;26
24;26;650;0.000163918;26
24;26;630;0.000155466;26
24;26;610;0.000152743;26
24;26;626;0.00015875;26
24;26;672;0.000166781;26
24;26;618;0.000155815;26
24;26;634;0.000157352;26
24;26;631;0.000159867;26
24;26;638;0.000159028;26
24;26;629;0.000152183;26
24;26;614;0.000147086;26
24;26;620;0.000147365;26
24;26;602;0.000143314;26
24;26;640;0.000153581;26
24;26;608;0.000146596;26
24;26;620;0.000150229;26
24;26;614;0.000145549;26
23;27;604;0.000171879;27
23;27;616;0.000146946;27
23;27;666;0.000160635;27
23;27;636;0.000151835;27
23;27;648;0.000157702;27
23;27;632;0.000152603;27
23;27;640;0.000157771;27
23;27;610;0.000146248;27
23;27;643;0.000156514;27
23;27;627;0.000179212;27
23;27;629;0.000230686;27
23;27;629;0.000158261;27
23;27;623;0.000159797;27
23;27;607;0.000157702;27
23;27;611;0.000155118;27
23;27;659;0.000168876;27
23;27;619;0.000163289;27
23;27;606;0.000154978;27
23;27;647;0.000162172;27
23;27;631;0.000169645;27
23;27;614;0.000157701;27
23;27;636;0.000159238;27
23;27;625;0.000179283;27
23;27;619;0.000157911;27
23;27;638;0.000157213;27
23;27;646;0.000158958;27
23;27;599;0.000149879;27
23;27;636;0.000162032;27
23;27;622;0.000155745;27
23;27;620;0.000168387;27
22;28;621;0.000156864;28
22;28;624;0.000155746;28
22;28;624;0.000159168;28
22;28;636;0.000159797;28
22;28;627;0.000159028;28
22;28;622;0.000182355;28
22;28;631;0.000156375;28
22;28;621;0.000155886;28
22;28;623;0.00016741;28
22;28;649;0.000164337;28
22;28;623;0.000154629;28
22;28;611;0.000154;28
22;28;622;0.000159099;28
22;28;626;0.000157073;28
22;28;648;0.00016308;28
22;28;628;0.000159448;28
22;28;607;0.00015386;28
22;28;626;0.000155536;28
22;28;635;0.00016252;28
22;28;612;0.000154349;28
22;28;617;0.000155606;28
22;28;603;0.000157073;28
22;28;631;0.000158889;28
22;28;626;0.000186686;28
22;28;626;0.000156025;28
22;28;616;0.000155886;28
22;28;655;0.000166571;28
22;28;645;0.000160146;28
22;28;606;0.000156584;28
22;28;630;0.000161054;28
21;29;636;0.000168247;29
21;29;639;0.000164756;29
21;29;637;0.000166642;29
21;29;641;0.000169504;29
21;29;609;0.000158889;29
21;29;613;0.000170134;29
21;29;634;0.000157842;29
21;29;641;0.000163289;29
21;29;627;0.000162381;29
21;29;633;0.000164337;29
21;29;636;0.000183404;29
21;29;625;0.000266375;29
21;29;642;0.000169505;29
21;29;581;0.000149182;29
21;29;636;0.00017125;29
21;29;611;0.000159517;29
21;29;612;0.000157073;29
21;29;634;0.000166222;29
21;29;641;0.000161543;29
21;29;648;0.000156794;29
21;29;628;0.000157212;29
21;29;633;0.000152044;29
21;29;625;0.000165733;29
21;29;630;0.000182285;29
21;29;602;0.000154349;29
21;29;629;0.000159587;29
21;29;627;0.000156165;29
21;29;617;0.000154768;29
21;29;631;0.000158469;29
21;29;650;0.000163568;29
20;30;620;0.000157422;30
20;30;602;0.000151207;30
20;30;595;0.00014953;30
20;30;639;0.00016308;30
20;30;585;0.000141568;30
20;30;628;0.000166712;30
20;30;631;0.000280273;30
20;30;655;0.000186337;30
20;30;609;0.000155467;30
20;30;643;0.000162101;30
20;30;629;0.000161264;30
20;30;644;0.000165035;30
20;30;607;0.000152603;30
20;30;606;0.000147155;30
20;30;642;0.000156095;30
20;30;617;0.000150298;30
20;30;624;0.000151556;30
20;30;614;0.000174323;30
20;30;619;0.00023697;30
20;30;636;0.000173625;30
20;30;621;0.000159448;30
20;30;603;0.000158539;30
20;30;625;0.000161123;30
20;30;611;0.000159657;30
20;30;643;0.00016685;30
20;30;629;0.000176558;30
20;30;625;0.000152044;30
20;30;648;0.000166152;30
20;30;634;0.000166152;30
20;30;607;0.000159098;30
19;31;630;0.0001672;31
19;31;621;0.000162102;31
19;31;613;0.000156025;31
19;31;617;0.000158679;31
19;31;618;0.000174324;31
19;31;604;0.000162032;31
19;31;617;0.000160565;31
19;31;630;0.000160915;31
19;31;635;0.000164057;31
19;31;642;0.000161543;31
19;31;638;0.000162661;31
19;31;625;0.000156095;31
19;31;620;0.000156794;31
19;31;635;0.000160635;31
19;31;603;0.000151206;31
19;31;595;0.000153092;31
19;31;610;0.000156304;31
19;31;637;0.000163707;31
19;31;639;0.000160356;31
19;31;620;0.000157632;31
19;31;600;0.000190666;31
19;31;638;0.000159447;31
19;31;590;0.00015421;31
19;31;634;0.000164756;31
19;31;626;0.00016245;31
19;31;639;0.000173905;31
19;31;647;0.000169016;31
19;31;626;0.000154489;31
19;31;633;0.000156305;31
19;31;632;0.000156654;31
18;32;628;0.000153022;32
18;32;634;0.000155327;32
18;32;635;0.000155117;32
18;32;635;0.000155467;32
18;32;615;0.000151206;32
18;32;616;0.000154279;32
18;32;619;0.000160705;32
18;32;611;0.000148203;32
18;32;651;0.000161962;32
18;32;617;0.00014953;32
18;32;637;0.00015379;32
18;32;627;0.000151556;32
18;32;638;0.000155257;32
18;32;609;0.000153581;32
18;32;578;0.000139543;32
18;32;627;0.000152882;32
18;32;642;0.000156724;32
18;32;647;0.000244654;32
18;32;629;0.000158819;32
18;32;624;0.000162311;32
18;32;615;0.000158051;32
18;32;618;0.000156445;32
18;32;654;0.0001672;32
18;32;622;0.000156025;32
18;32;630;0.000152743;32
18;32;601;0.000145829;32
18;32;607;0.000155397;32
18;32;623;0.000153092;32
18;32;627;0.000155397;32
18;32;636;0.000158051;32
17;33;634;0.0001584;33
17;33;632;0.000160216;33
17;33;621;0.000155816;33
17;33;627;0.000158819;33
17;33;621;0.000152394;33
17;33;650;0.000173206;33
17;33;601;0.000287326;33
17;33;606;0.000158959;33
17;33;661;0.000173625;33
17;33;613;0.000163498;33
17;33;636;0.000170901;33
17;33;624;0.00016294;33
17;33;598;0.00015833;33
17;33;660;0.000167688;33
17;33;619;0.000160145;33
17;33;635;0.000160914;33
17;33;635;0.000165035;33
17;33;631;0.000161753;33
17;33;604;0.000151276;33
17;33;609;0.000168736;33
17;33;661;0.000176209;33
17;33;632;0.00016713;33
17;33;620;0.000165594;33
17;33;611;0.000160635;33
17;33;629;0.000167828;33
17;33;664;0.000174324;33
17;33;601;0.000154489;33
17;33;641;0.000163568;33
17;33;634;0.000160635;33
17;33;637;0.000160286;33
16;34;661;0.000168038;34
16;34;644;0.000190667;34
16;34;608;0.000195416;34
16;34;612;0.000162799;34
16;34;650;0.000174742;34
16;34;626;0.000166781;34
16;34;650;0.000170971;34
16;34;629;0.000166361;34
16;34;627;0.000169645;34
16;34;618;0.000159238;34
16;34;655;0.000166641;34
16;34;655;0.000230336;34
16;34;648;0.000174045;34
16;34;629;0.000166362;34
16;34;633;0.000167479;34
16;34;644;0.00017174;34
16;34;671;0.000175441;34
16;34;631;0.000167759;34
16;34;633;0.000161333;34
16;34;636;0.000163918;34
16;34;625;0.000162172;34
16;34;621;0.000157841;34
16;34;614;0.000162171;34
16;34;631;0.000190317;34
16;34;619;0.000159517;34
16;34;622;0.000176977;34
16;34;617;0.000163638;34
16;34;633;0.000165454;34
16;34;615;0.000162311;34
16;34;628;0.00016741;34
15;35;594;0.000156165;35
15;35;635;0.000163498;35
15;35;657;0.000168806;35
15;35;654;0.00016734;35
15;35;634;0.000160495;35
15;35;627;0.000157631;35
15;35;641;0.000176419;35
15;35;607;0.000157702;35
15;35;626;0.000163987;35
15;35;644;0.000178305;35
15;35;652;0.000172229;35
15;35;633;0.00016699;35
15;35;619;0.000162241;35
15;35;646;0.000164685;35
15;35;643;0.000165803;35
15;35;633;0.000161264;35
15;35;651;0.000166781;35
15;35;635;0.000163987;35
15;35;621;0.00018913;35
15;35;632;0.000161822;35
15;35;626;0.000174742;35
15;35;639;0.000165803;35
15;35;627;0.000161054;35
15;35;618;0.000162032;35
15;35;662;0.000171111;35
15;35;622;0.000161892;35
15;35;598;0.000153581;35
15;35;617;0.000158819;35
15;35;633;0.000167689;35
15;35;637;0.000161683;35
14;36;634;0.000163009;36
14;36;598;0.000152463;36
14;36;650;0.000166921;36
14;36;618;0.000156933;36
14;36;617;0.00015833;36
14;36;611;0.000155327;36
14;36;620;0.000159308;36
14;36;662;0.000169504;36
14;36;648;0.000165733;36
14;36;635;0.000164056;36
14;36;635;0.000163638;36
14;36;661;0.000179562;36
14;36;639;0.000160914;36
14;36;635;0.000201702;36
14;36;637;0.000164476;36
14;36;627;0.000167339;36
14;36;605;0.000157981;36
14;36;592;0.000155746;36
14;36;607;0.000162171;36
14;36;621;0.000164476;36
14;36;614;0.0001628;36
14;36;650;0.000168178;36
14;36;631;0.000172228;36
14;36;641;0.000244514;36
14;36;640;0.000165803;36
14;36;667;0.000172229;36
14;36;641;0.000212318;36
14;36;619;0.00015854;36
14;36;647;0.00016713;36
14;36;619;0.000169016;36
13;37;673;0.000169435;37
13;37;651;0.00016685;37
13;37;612;0.000159448;37
13;37;624;0.000161334;37
13;37;615;0.000157911;37
13;37;646;0.00016685;37
13;37;604;0.000153231;37
13;37;629;0.00016273;37
13;37;644;0.000165383;37
13;37;635;0.000164895;37
13;37;627;0.000160216;37
13;37;640;0.000162171;37
13;37;646;0.000165034;37
13;37;627;0.000160914;37
13;37;622;0.00015833;37
13;37;645;0.00016287;37
13;37;657;0.000168527;37
13;37;623;0.000163777;37
13;37;623;0.000157353;37
13;37;634;0.00016259;37
13;37;646;0.000169574;37
13;37;624;0.000166641;37
13;37;604;0.000159727;37
13;37;639;0.000167969;37
13;37;628;0.000172299;37
13;37;599;0.000160635;37
13;37;656;0.000172718;37
13;37;653;0.000178375;37
13;37;637;0.000163289;37
13;37;640;0.000166711;37
12;38;627;0.000168736;38
12;38;614;0.000152673;38
12;38;618;0.000157841;38
12;38;600;0.000195556;38
12;38;653;0.000167199;38
12;38;635;0.000163918;38
12;38;630;0.000165105;38
12;38;630;0.000160774;38
12;38;613;0.000176349;38
12;38;612;0.000162591;38
12;38;656;0.000166502;38
12;38;633;0.000162032;38
12;38;653;0.000165943;38
12;38;622;0.000170343;38
12;38;631;0.000158539;38
12;38;617;0.000181028;38
12;38;623;0.000211409;38
12;38;649;0.000172019;38
12;38;648;0.000176628;38
12;38;637;0.000164476;38
12;38;628;0.000166153;38
12;38;618;0.000163359;38
12;38;631;0.00018054;38
12;38;657;0.000169505;38
12;38;613;0.000155816;38
12;38;601;0.000159936;38
12;38;625;0.000160984;38
12;38;629;0.000164686;38
12;38;614;0.000185918;38
12;38;628;0.000161473;38
11;39;617;0.000165663;39
11;39;637;0.000179073;39
11;39;624;0.000164615;39
11;39;639;0.000174883;39
11;39;637;0.000168318;39
11;39;629;0.000163498;39
11;39;611;0.00015854;39
11;39;615;0.000187524;39
11;39;630;0.000190318;39
11;39;640;0.000195835;39
11;39;631;0.000166781;39
11;39;664;0.000190318;39
11;39;651;0.000174114;39
11;39;625;0.000164266;39
11;39;620;0.000166781;39
11;39;645;0.000161124;39
11;39;624;0.000159727;39
11;39;640;0.000165314;39
11;39;643;0.000165244;39
11;39;615;0.000161682;39
11;39;636;0.000162241;39
11;39;637;0.000217136;39
11;39;639;0.000174184;39
11;39;655;0.000175162;39
11;39;635;0.0001672;39
11;39;648;0.000174812;39
11;39;633;0.000164825;39
11;39;630;0.000250101;39
11;39;648;0.00016706;39
11;39;628;0.0001628;39
10;40;622;0.000159797;40
10;40;632;0.000169784;40
10;40;640;0.000169156;40
10;40;620;0.000201282;40
10;40;655;0.000183542;40
10;40;639;0.000163498;40
10;40;635;0.000170413;40
10;40;633;0.000163708;40
10;40;634;0.000163569;40
10;40;666;0.000169993;40
10;40;611;0.000152044;40
10;40;620;0.000153371;40
10;40;636;0.000154838;40
10;40;604;0.000151206;40
10;40;644;0.000160775;40
10;40;612;0.000218044;40
10;40;646;0.000164336;40
10;40;631;0.000167409;40
10;40;643;0.00016685;40
10;40;621;0.000164685;40
10;40;652;0.000173695;40
10;40;635;0.000172437;40
10;40;616;0.000155257;40
10;40;667;0.000168457;40
10;40;648;0.000163777;40
10;40;635;0.000164267;40
10;40;630;0.000153581;40
10;40;598;0.000200445;40
10;40;613;0.000188012;40
10;40;647;0.000167689;40
9;41;640;0.000166502;41
9;41;594;0.000154629;41
9;41;629;0.000161613;41
9;41;634;0.000166153;41
9;41;629;0.000162451;41
9;41;630;0.000161962;41
9;41;609;0.000152813;41
9;41;659;0.00020247;41
9;41;625;0.000155118;41
9;41;654;0.000176419;41
9;41;652;0.000216717;41
9;41;629;0.000170831;41
9;41;599;0.000163219;41
9;41;626;0.000174184;41
9;41;623;0.000167479;41
9;41;633;0.000173695;41
9;41;637;0.000173555;41
9;41;653;0.000163708;41
9;41;649;0.000161333;41
9;41;652;0.000165244;41
9;41;640;0.000166362;41
9;41;601;0.00015407;41
9;41;637;0.000166641;41
9;41;645;0.0001628;41
9;41;646;0.0001672;41
9;41;625;0.000161333;41
9;41;627;0.000161612;41
9;41;656;0.000171949;41
9;41;646;0.000165174;41
9;41;633;0.000163429;41
8;42;648;0.000167688;42
8;42;649;0.000166572;42
8;42;653;0.000174324;42
8;42;645;0.000165804;42
8;42;648;0.000169854;42
8;42;631;0.000161264;42
8;42;646;0.000170902;42
8;42;651;0.000172997;42
8;42;647;0.000172298;42
8;42;653;0.000174533;42
8;42;601;0.000161054;42
8;42;654;0.000181727;42
8;42;604;0.00015414;42
8;42;646;0.000170622;42
8;42;671;0.000171181;42
8;42;605;0.00015407;42
8;42;664;0.000169644;42
8;42;653;0.000167549;42
8;42;607;0.000153511;42
8;42;627;0.000165664;42
8;42;613;0.000164825;42
8;42;646;0.000167689;42
8;42;614;0.000157352;42
8;42;639;0.000164267;42
8;42;634;0.000164337;42
8;42;645;0.000164337;42
8;42;669;0.000174254;42
8;42;621;0.000160216;42
8;42;656;0.000169016;42
8;42;659;0.000168248;42
7;43;632;0.000162939;43
7;43;636;0.000165034;43
7;43;621;0.000159378;43
7;43;640;0.000160006;43
7;43;634;0.000161891;43
7;43;641;0.000167968;43
7;43;627;0.000151556;43
7;43;625;0.000157981;43
7;43;645;0.000161053;43
7;43;677;0.000160705;43
7;43;624;0.000154838;43
7;43;615;0.000208197;43
7;43;651;0.000269098;43
7;43;637;0.000169434;43
7;43;629;0.000170552;43
7;43;624;0.000164406;43
7;43;624;0.000168247;43
7;43;663;0.000174464;43
7;43;605;0.000158261;43
7;43;643;0.000163499;43
7;43;620;0.000157981;43
7;43;624;0.000160146;43
7;43;628;0.000165454;43
7;43;641;0.000220419;43
7;43;602;0.000206521;43
7;43;636;0.000172019;43
7;43;661;0.000173486;43
7;43;619;0.000166291;43
7;43;618;0.000164965;43
7;43;634;0.000169784;43
6;44;617;0.000173834;44
6;44;634;0.000164895;44
6;44;634;0.000159797;44
6;44;675;0.000173835;44
6;44;678;0.000170762;44
6;44;641;0.00016301;44
6;44;651;0.000193321;44
6;44;603;0.000159378;44
6;44;660;0.000174673;44
6;44;635;0.000168806;44
6;44;620;0.000161473;44
6;44;660;0.000173485;44
6;44;626;0.00015854;44
6;44;639;0.000158609;44
6;44;657;0.000165803;44
6;44;650;0.000168737;44
6;44;639;0.000192134;44
6;44;611;0.000186546;44
6;44;648;0.000171739;44
6;44;647;0.00016259;44
6;44;648;0.000162939;44
6;44;644;0.000166361;44
6;44;644;0.000172368;44
6;44;609;0.000157422;44
6;44;661;0.00017111;44
6;44;622;0.000160914;44
6;44;616;0.000160216;44
6;44;645;0.000163219;44
6;44;657;0.000167199;44
6;44;629;0.000168806;44
5;45;637;0.000169365;45
5;45;615;0.000156444;45
5;45;628;0.000162869;45
5;45;626;0.000157701;45
5;45;655;0.000170902;45
5;45;644;0.000162521;45
5;45;656;0.000167619;45
5;45;641;0.00016294;45
5;45;631;0.000159308;45
5;45;623;0.000159587;45
5;45;604;0.000152394;45
5;45;622;0.00015861;45
5;45;639;0.000164616;45
5;45;610;0.000149879;45
5;45;646;0.000164825;45
5;45;623;0.000164965;45
5;45;623;0.000159448;45
5;45;620;0.000169924;45
5;45;648;0.00016245;45
5;45;653;0.00016273;45
5;45;634;0.000165035;45
5;45;662;0.000172089;45
5;45;636;0.00016706;45
5;45;650;0.000170133;45
5;45;643;0.000165175;45
5;45;626;0.000159657;45
5;45;621;0.000160076;45
5;45;658;0.000172926;45
5;45;640;0.000170134;45
5;45;669;0.000175511;45
4;46;640;0.000164965;46
4;46;636;0.000157492;46
4;46;643;0.000162172;46
4;46;642;0.000162869;46
4;46;637;0.000158889;46
4;46;647;0.000161054;46
4;46;636;0.000226425;46
4;46;592;0.000151905;46
4;46;626;0.000167968;46
4;46;648;0.000186755;46
4;46;651;0.000172507;46
4;46;617;0.000160774;46
4;46;618;0.000160076;46
4;46;636;0.000159377;46
4;46;620;0.000152394;46
4;46;638;0.000157632;46
4;46;656;0.000161892;46
4;46;631;0.000150927;46
4;46;638;0.000195137;46
4;46;656;0.000164336;46
4;46;627;0.000162869;46
4;46;634;0.000174533;46
4;46;634;0.000162451;46
4;46;593;0.000147086;46
4;46;603;0.000156235;46
4;46;651;0.000160146;46
4;46;608;0.000153022;46
4;46;626;0.000161333;46
4;46;619;0.000160216;46
4;46;605;0.000147645;46
3;47;650;0.000163289;47
3;47;667;0.000237182;47
3;47;647;0.000160845;47
3;47;655;0.000153232;47
3;47;644;0.000164756;47
3;47;656;0.000167618;47
3;47;621;0.000146248;47
3;47;612;0.00015372;47
3;47;615;0.000146807;47
3;47;652;0.000161962;47
3;47;639;0.000150507;47
3;47;621;0.000151486;47
3;47;645;0.000155606;47
3;47;623;0.000288584;47
3;47;646;0.000180749;47
3;47;632;0.000155746;47
3;47;646;0.000176349;47
3;47;646;0.000161403;47
3;47;660;0.000163707;47
3;47;644;0.000173276;47
3;47;631;0.000146946;47
3;47;630;0.000161682;47
3;47;652;0.000156165;47
3;47;607;0.000153651;47
3;47;616;0.000153441;47
3;47;630;0.000156235;47
3;47;637;0.0001716;47
3;47;614;0.000160705;47
3;47;630;0.000171669;47
3;47;632;0.000170203;47
2;48;634;0.000154419;48
2;48;589;0.000160635;48
2;48;619;0.000161124;48
2;48;617;0.000147645;48
2;48;617;0.000148343;48
2;48;651;0.0001628;48
2;48;645;0.00016231;48
2;48;655;0.000164615;48
2;48;664;0.000199815;48
2;48;611;0.000147853;48
2;48;665;0.000159167;48
2;48;635;0.000150298;48
2;48;603;0.00015379;48
2;48;648;0.000199746;48
2;48;639;0.000163917;48
2;48;649;0.000172648;48
2;48;638;0.000147784;48
2;48;619;0.000144431;48
2;48;653;0.000159797;48
2;48;640;0.000150718;48
2;48;613;0.000184102;48
2;48;637;0.000204216;48
2;48;654;0.000160356;48
2;48;651;0.000157353;48
2;48;632;0.000153651;48
2;48;633;0.000155117;48
2;48;631;0.000149111;48
2;48;654;0.000161613;48
2;48;644;0.000148343;48
2;48;654;0.000169644;48
1;49;617;0.0001408;49
1;49;621;0.000145269;49
1;49;659;0.000152812;49
1;49;627;0.000150508;49
1;49;626;0.000158958;49
1;49;651;0.000156723;49
1;49;606;0.000143453;49
1;49;640;0.000151486;49
1;49;632;0.000154139;49
1;49;663;0.000164895;49
1;49;645;0.000218393;49
1;49;629;0.000146038;49
1;49;628;0.000147505;49
1;49;634;0.000146178;49
1;49;664;0.00015826;49
1;49;612;0.000159238;49
1;49;611;0.000169226;49
1;49;619;0.000151346;49
1;49;606;0.000136121;49
1;49;639;0.000152743;49
1;49;657;0.000150159;49
1;49;623;0.000146248;49
1;49;642;0.000147994;49
1;49;621;0.00014122;49
1;49;612;0.000141428;49
1;49;648;0.000163009;49
1;49;622;0.000145619;49
1;49;655;0.000205193;49
1;49;633;0.000138355;49
1;49;607;0.000137796;49
